<?xml version="1.0" encoding="UTF-8"?>
<testsuite name="org.xmlactions.schema.docs.ToHtmlTest" tests="5" skipped="0" failures="0" errors="0" timestamp="2019-01-10T14:07:30" hostname="7SV0SQ2-NB" time="0.168">
  <properties/>
  <testcase name="testLoadSchema" classname="org.xmlactions.schema.docs.ToHtmlTest" time="0.048"/>
  <testcase name="testAxelDbMultipleSchemas" classname="org.xmlactions.schema.docs.ToHtmlTest" time="0.041"/>
  <testcase name="testMappingBeanToXmlSchema" classname="org.xmlactions.schema.docs.ToHtmlTest" time="0.029"/>
  <testcase name="testMappingXmlToBeanSchema" classname="org.xmlactions.schema.docs.ToHtmlTest" time="0.005"/>
  <testcase name="testAxelMultipleSchemas" classname="org.xmlactions.schema.docs.ToHtmlTest" time="0.042"/>
  <system-out><![CDATA[]]></system-out>
  <system-err><![CDATA[]]></system-err>
</testsuite>
