<?xml version="1.0" encoding="UTF-8"?>
<testsuite name="org.xmlactions.schema.docs.SchemaToXmlObjectTest" tests="1" skipped="0" failures="0" errors="0" timestamp="2019-01-10T14:07:30" hostname="7SV0SQ2-NB" time="0.031">
  <properties/>
  <testcase name="testConvertToXmlObject" classname="org.xmlactions.schema.docs.SchemaToXmlObjectTest" time="0.031"/>
  <system-out><![CDATA[]]></system-out>
  <system-err><![CDATA[]]></system-err>
</testsuite>
