<?xml version="1.0" encoding="UTF-8"?>
<testsuite name="org.xmlactions.mapping.validation.TestCompareXml" tests="1" skipped="0" failures="0" errors="0" timestamp="2019-01-10T14:07:24" hostname="7SV0SQ2-NB" time="0.004">
  <properties/>
  <testcase name="testElements" classname="org.xmlactions.mapping.validation.TestCompareXml" time="0.004"/>
  <system-out><![CDATA[]]></system-out>
  <system-err><![CDATA[]]></system-err>
</testsuite>
