<?xml version="1.0" encoding="UTF-8"?>
<testsuite name="org.xmlactions.mapping.validation.TestTraverseXml" tests="2" skipped="0" failures="0" errors="0" timestamp="2019-01-10T14:07:24" hostname="7SV0SQ2-NB" time="0.003">
  <properties/>
  <testcase name="testGetSnippet" classname="org.xmlactions.mapping.validation.TestTraverseXml" time="0.002"/>
  <testcase name="testGetSnippets" classname="org.xmlactions.mapping.validation.TestTraverseXml" time="0.001"/>
  <system-out><![CDATA[]]></system-out>
  <system-err><![CDATA[]]></system-err>
</testsuite>
