<?xml version="1.0" encoding="UTF-8"?>
<testsuite name="org.xmlactions.mapping.xml_to_bean.tutorial.TestTutorial" tests="2" skipped="0" failures="0" errors="0" timestamp="2019-01-10T14:07:24" hostname="7SV0SQ2-NB" time="0.011">
  <properties/>
  <testcase name="testSimpleMapping1" classname="org.xmlactions.mapping.xml_to_bean.tutorial.TestTutorial" time="0.006"/>
  <testcase name="testSimpleMapping2" classname="org.xmlactions.mapping.xml_to_bean.tutorial.TestTutorial" time="0.005"/>
  <system-out><![CDATA[[Test worker] [] Unable to set property [xmlns] on bean [org.xmlactions.mapping.xml_to_bean.XmlToBean] with value of [http://www.xmlactions.org/xml_to_bean] error:Unknown property 'xmlns' on class 'class org.xmlactions.mapping.xml_to_bean.XmlToBean' - (org.xmlactions.action.actions.SetupBeanFromXML:67)
 [Test worker] [] Unable to set property [xmlns:xsi] on bean [org.xmlactions.mapping.xml_to_bean.XmlToBean] with value of [http://www.w3.org/2001/XMLSchema-instance] error:Unknown property 'xmlns:xsi' on class 'class org.xmlactions.mapping.xml_to_bean.XmlToBean' - (org.xmlactions.action.actions.SetupBeanFromXML:67)
 [Test worker] [] Unable to set property [xsi:schemaLocation] on bean [org.xmlactions.mapping.xml_to_bean.XmlToBean] with value of [http://www.xmlactions.org/xml_to_bean http://www.xmlactions.org/schema/xml_to_bean.xsd] error:Unknown property 'xsi:schemaLocation' on class 'class org.xmlactions.mapping.xml_to_bean.XmlToBean' - (org.xmlactions.action.actions.SetupBeanFromXML:67)
 [Test worker] [] xo.getContent():null - (org.xmlactions.mapping.xml_to_bean.PopulateClassFromXml:81)
 [Test worker] [] PropertyDescriptor [name] -  Name:name DisplayName:name ShortDescription:name PropertyType:class java.lang.String ReadMethod:public java.lang.String org.xmlactions.mapping.xml_to_bean.tutorial.First.getName() WriteMethod:public void org.xmlactions.mapping.xml_to_bean.tutorial.First.setName(java.lang.String) Value:null - (org.xmlactions.mapping.xml_to_bean.PopulateClassFromXml:219)
 [Test worker] [] Unable to set property [xmlns] on bean [org.xmlactions.mapping.xml_to_bean.XmlToBean] with value of [http://www.xmlactions.org/xml_to_bean] error:Unknown property 'xmlns' on class 'class org.xmlactions.mapping.xml_to_bean.XmlToBean' - (org.xmlactions.action.actions.SetupBeanFromXML:67)
 [Test worker] [] Unable to set property [xmlns:xsi] on bean [org.xmlactions.mapping.xml_to_bean.XmlToBean] with value of [http://www.w3.org/2001/XMLSchema-instance] error:Unknown property 'xmlns:xsi' on class 'class org.xmlactions.mapping.xml_to_bean.XmlToBean' - (org.xmlactions.action.actions.SetupBeanFromXML:67)
 [Test worker] [] Unable to set property [xsi:schemaLocation] on bean [org.xmlactions.mapping.xml_to_bean.XmlToBean] with value of [http://www.xmlactions.org/xml_to_bean http://www.xmlactions.org/schema/xml_to_bean.xsd] error:Unknown property 'xsi:schemaLocation' on class 'class org.xmlactions.mapping.xml_to_bean.XmlToBean' - (org.xmlactions.action.actions.SetupBeanFromXML:67)
 [Test worker] [] xo.getContent():
    - (org.xmlactions.mapping.xml_to_bean.PopulateClassFromXml:81)
 [Test worker] [] PropertyDescriptor [name] -  Name:name DisplayName:name ShortDescription:name PropertyType:class java.lang.String ReadMethod:public java.lang.String org.xmlactions.mapping.xml_to_bean.tutorial.First.getName() WriteMethod:public void org.xmlactions.mapping.xml_to_bean.tutorial.First.setName(java.lang.String) Value:null - (org.xmlactions.mapping.xml_to_bean.PopulateClassFromXml:219)
 [Test worker] [] PropertyDescriptor [second] -  Name:second DisplayName:second ShortDescription:second PropertyType:class org.xmlactions.mapping.xml_to_bean.tutorial.Second ReadMethod:public org.xmlactions.mapping.xml_to_bean.tutorial.Second org.xmlactions.mapping.xml_to_bean.tutorial.First.getSecond() WriteMethod:public void org.xmlactions.mapping.xml_to_bean.tutorial.First.setSecond(org.xmlactions.mapping.xml_to_bean.tutorial.Second) Value:null - (org.xmlactions.mapping.xml_to_bean.PopulateClassFromXml:219)
 [Test worker] [] PropertyDescriptor [name] -  Name:name DisplayName:name ShortDescription:name PropertyType:class java.lang.String ReadMethod:public java.lang.String org.xmlactions.mapping.xml_to_bean.tutorial.Second.getName() WriteMethod:public void org.xmlactions.mapping.xml_to_bean.tutorial.Second.setName(java.lang.String) Value:null - (org.xmlactions.mapping.xml_to_bean.PopulateClassFromXml:219)
 ]]></system-out>
  <system-err><![CDATA[]]></system-err>
</testsuite>
