<?xml version="1.0" encoding="UTF-8"?>
<testsuite name="org.xmlactions.mapping.bean_to_xml.TestMapFromClass" tests="1" skipped="0" failures="0" errors="0" timestamp="2019-01-10T14:07:24" hostname="7SV0SQ2-NB" time="0.126">
  <properties/>
  <testcase name="testA1" classname="org.xmlactions.mapping.bean_to_xml.TestMapFromClass" time="0.126"/>
  <system-out><![CDATA[[Test worker] [] Unable to set property [xmlns] on bean [org.xmlactions.mapping.bean_to_xml.BeanToXml] with value of [http://www.xmlactions.org/bean_to_xml] error:Unknown property 'xmlns' on class 'class org.xmlactions.mapping.bean_to_xml.BeanToXml' - (org.xmlactions.action.actions.SetupBeanFromXML:67)
 [Test worker] [] Unable to set property [xmlns:xsi] on bean [org.xmlactions.mapping.bean_to_xml.BeanToXml] with value of [http://www.w3.org/2001/XMLSchema-instance] error:Unknown property 'xmlns:xsi' on class 'class org.xmlactions.mapping.bean_to_xml.BeanToXml' - (org.xmlactions.action.actions.SetupBeanFromXML:67)
 [Test worker] [] Unable to set property [xsi:schemaLocation] on bean [org.xmlactions.mapping.bean_to_xml.BeanToXml] with value of [http://www.xmlactions.org/bean_to_xml http://www.xmlactions.org/schema/bean_to_xml.xsd] error:Unknown property 'xsi:schemaLocation' on class 'class org.xmlactions.mapping.bean_to_xml.BeanToXml' - (org.xmlactions.action.actions.SetupBeanFromXML:67)
 [Test worker] [] Unable to set property [name] on bean [org.xmlactions.mapping.bean_to_xml.MapperElement] with value of [aListOfA1s] error:Property 'name' has no getter method in class 'class org.xmlactions.mapping.bean_to_xml.MapperElement' - (org.xmlactions.action.actions.SetupBeanFromXML:67)
 [Test worker] [] Unable to set property [name] on bean [org.xmlactions.mapping.bean_to_xml.MapperElement] with value of [A2] error:Property 'name' has no getter method in class 'class org.xmlactions.mapping.bean_to_xml.MapperElement' - (org.xmlactions.action.actions.SetupBeanFromXML:67)
 [Test worker] [] Unable to set property [name] on bean [org.xmlactions.mapping.bean_to_xml.MapperElement] with value of [User] error:Property 'name' has no getter method in class 'class org.xmlactions.mapping.bean_to_xml.MapperElement' - (org.xmlactions.action.actions.SetupBeanFromXML:67)
 [Test worker] [] Unable to set property [name] on bean [org.xmlactions.mapping.bean_to_xml.MapperElement] with value of [ers] error:Property 'name' has no getter method in class 'class org.xmlactions.mapping.bean_to_xml.MapperElement' - (org.xmlactions.action.actions.SetupBeanFromXML:67)
 [Test worker] [] found bean with class name:org.xmlactions.mapping.testclasses.A1 - (org.xmlactions.mapping.bean_to_xml.BeanToXml:56)
 [Test worker] [] className:org.xmlactions.mapping.testclasses.A1 - (org.xmlactions.mapping.bean_to_xml.BeanToXml:33)
 [Test worker] [] org.xmlactions.mapping.bean_to_xml.PopulatorFromTimestamp - 2019-01-10 14:07:24.168timestamp - (org.xmlactions.mapping.bean_to_xml.MapperAttribute:123)
 [Test worker] [] element property [listOfA1s] name [aListOfA1s] bean_ref [a1] - (org.xmlactions.mapping.bean_to_xml.MapperElement:36)
 [Test worker] [] property object = java.util.ArrayList - (org.xmlactions.mapping.bean_to_xml.MapperElement:41)
 [Test worker] [] org.xmlactions.mapping.bean_to_xml.PopulatorFromList - [org.xmlactions.mapping.testclasses.A1@25909f44, org.xmlactions.mapping.testclasses.A1@119a0275, org.xmlactions.mapping.testclasses.A1@1babceda]listOfA1s - (org.xmlactions.mapping.bean_to_xml.MapperElement:156)
 [Test worker] [] found bean with name:a1 - (org.xmlactions.mapping.bean_to_xml.BeanToXml:66)
 [Test worker] [] NullPointerException:attribute name [null] property [timestamp] - (org.xmlactions.mapping.bean_to_xml.MapperAttribute:52)
 [Test worker] [] org.xmlactions.mapping.bean_to_xml.PopulatorFromTimestamp - nulltimestamp - (org.xmlactions.mapping.bean_to_xml.MapperAttribute:123)
 [Test worker] [] NullPointerException:attribute name [timestamp2] property [timestamp] - (org.xmlactions.mapping.bean_to_xml.MapperAttribute:52)
 [Test worker] [] element property [listOfA1s] name [aListOfA1s] bean_ref [a1] - (org.xmlactions.mapping.bean_to_xml.MapperElement:36)
 [Test worker] [] property object = java.util.ArrayList - (org.xmlactions.mapping.bean_to_xml.MapperElement:41)
 [Test worker] [] org.xmlactions.mapping.bean_to_xml.PopulatorFromList - []listOfA1s - (org.xmlactions.mapping.bean_to_xml.MapperElement:156)
 [Test worker] [] element property [a2] name [A2] bean_ref [a2] - (org.xmlactions.mapping.bean_to_xml.MapperElement:36)
 [Test worker] [] element property [users] name [User] bean_ref [null] - (org.xmlactions.mapping.bean_to_xml.MapperElement:36)
 [Test worker] [] element property [ersList] name [ers] bean_ref [a2] - (org.xmlactions.mapping.bean_to_xml.MapperElement:36)
 [Test worker] [] property object = java.util.ArrayList - (org.xmlactions.mapping.bean_to_xml.MapperElement:41)
 [Test worker] [] org.xmlactions.mapping.bean_to_xml.PopulatorFromList - []ersList - (org.xmlactions.mapping.bean_to_xml.MapperElement:156)
 [Test worker] [] found bean with name:a1 - (org.xmlactions.mapping.bean_to_xml.BeanToXml:66)
 [Test worker] [] NullPointerException:attribute name [null] property [timestamp] - (org.xmlactions.mapping.bean_to_xml.MapperAttribute:52)
 [Test worker] [] org.xmlactions.mapping.bean_to_xml.PopulatorFromTimestamp - nulltimestamp - (org.xmlactions.mapping.bean_to_xml.MapperAttribute:123)
 [Test worker] [] NullPointerException:attribute name [timestamp2] property [timestamp] - (org.xmlactions.mapping.bean_to_xml.MapperAttribute:52)
 [Test worker] [] element property [listOfA1s] name [aListOfA1s] bean_ref [a1] - (org.xmlactions.mapping.bean_to_xml.MapperElement:36)
 [Test worker] [] property object = java.util.ArrayList - (org.xmlactions.mapping.bean_to_xml.MapperElement:41)
 [Test worker] [] org.xmlactions.mapping.bean_to_xml.PopulatorFromList - []listOfA1s - (org.xmlactions.mapping.bean_to_xml.MapperElement:156)
 [Test worker] [] element property [a2] name [A2] bean_ref [a2] - (org.xmlactions.mapping.bean_to_xml.MapperElement:36)
 [Test worker] [] element property [users] name [User] bean_ref [null] - (org.xmlactions.mapping.bean_to_xml.MapperElement:36)
 [Test worker] [] element property [ersList] name [ers] bean_ref [a2] - (org.xmlactions.mapping.bean_to_xml.MapperElement:36)
 [Test worker] [] property object = java.util.ArrayList - (org.xmlactions.mapping.bean_to_xml.MapperElement:41)
 [Test worker] [] org.xmlactions.mapping.bean_to_xml.PopulatorFromList - []ersList - (org.xmlactions.mapping.bean_to_xml.MapperElement:156)
 [Test worker] [] found bean with name:a1 - (org.xmlactions.mapping.bean_to_xml.BeanToXml:66)
 [Test worker] [] NullPointerException:attribute name [null] property [timestamp] - (org.xmlactions.mapping.bean_to_xml.MapperAttribute:52)
 [Test worker] [] org.xmlactions.mapping.bean_to_xml.PopulatorFromTimestamp - nulltimestamp - (org.xmlactions.mapping.bean_to_xml.MapperAttribute:123)
 [Test worker] [] NullPointerException:attribute name [timestamp2] property [timestamp] - (org.xmlactions.mapping.bean_to_xml.MapperAttribute:52)
 [Test worker] [] element property [listOfA1s] name [aListOfA1s] bean_ref [a1] - (org.xmlactions.mapping.bean_to_xml.MapperElement:36)
 [Test worker] [] property object = java.util.ArrayList - (org.xmlactions.mapping.bean_to_xml.MapperElement:41)
 [Test worker] [] org.xmlactions.mapping.bean_to_xml.PopulatorFromList - []listOfA1s - (org.xmlactions.mapping.bean_to_xml.MapperElement:156)
 [Test worker] [] element property [a2] name [A2] bean_ref [a2] - (org.xmlactions.mapping.bean_to_xml.MapperElement:36)
 [Test worker] [] element property [users] name [User] bean_ref [null] - (org.xmlactions.mapping.bean_to_xml.MapperElement:36)
 [Test worker] [] element property [ersList] name [ers] bean_ref [a2] - (org.xmlactions.mapping.bean_to_xml.MapperElement:36)
 [Test worker] [] property object = java.util.ArrayList - (org.xmlactions.mapping.bean_to_xml.MapperElement:41)
 [Test worker] [] org.xmlactions.mapping.bean_to_xml.PopulatorFromList - []ersList - (org.xmlactions.mapping.bean_to_xml.MapperElement:156)
 [Test worker] [] element property [a2] name [A2] bean_ref [a2] - (org.xmlactions.mapping.bean_to_xml.MapperElement:36)
 [Test worker] [] property object = org.xmlactions.mapping.testclasses.A2 - (org.xmlactions.mapping.bean_to_xml.MapperElement:41)
 [Test worker] [] found bean with name:a2 - (org.xmlactions.mapping.bean_to_xml.BeanToXml:66)
 [Test worker] [] element property [users] name [User] bean_ref [null] - (org.xmlactions.mapping.bean_to_xml.MapperElement:36)
 [Test worker] [] property object = [Ljava.lang.String; - (org.xmlactions.mapping.bean_to_xml.MapperElement:41)
 [Test worker] [] org.xmlactions.mapping.bean_to_xml.PopulatorFromArray - [Ljava.lang.String;@5f396d1eusers - (org.xmlactions.mapping.bean_to_xml.MapperElement:156)
 [Test worker] [] element property [ersList] name [ers] bean_ref [a2] - (org.xmlactions.mapping.bean_to_xml.MapperElement:36)
 [Test worker] [] property object = java.util.ArrayList - (org.xmlactions.mapping.bean_to_xml.MapperElement:41)
 [Test worker] [] org.xmlactions.mapping.bean_to_xml.PopulatorFromList - []ersList - (org.xmlactions.mapping.bean_to_xml.MapperElement:156)
 [Test worker] [] page:<?xml version="1.0" encoding="UTF-8"?>
<rio:a1 xmlns:rio="rio_uri" anInt="1" timestamp="2019-01-10 14:07:24.168" timestamp2="2019-01-10 14:07"><rio:a1 anInt="1"/><rio:a1 anInt="1"/><rio:a1 anInt="1"/><A2 name="name of a2" anInt="1" aString="This is an A2 string"/><User>name1</User><User>name2</User><User>name3</User></rio:a1>

 - (org.xmlactions.mapping.bean_to_xml.TestMapFromClass:64)
 ]]></system-out>
  <system-err><![CDATA[SLF4J: Class path contains multiple SLF4J bindings.
SLF4J: Found binding in [jar:file:/C:/Users/mikem/.m2/repository/org/slf4j/slf4j-log4j12/1.7.7/slf4j-log4j12-1.7.7.jar!/org/slf4j/impl/StaticLoggerBinder.class]
SLF4J: Found binding in [jar:file:/C:/Users/mikem/.gradle/caches/modules-2/files-2.1/org.slf4j/slf4j-simple/1.7.7/8095d0b9f7e0a9cd79a663c740e0f8fb31d0e2c8/slf4j-simple-1.7.7.jar!/org/slf4j/impl/StaticLoggerBinder.class]
SLF4J: See http://www.slf4j.org/codes.html#multiple_bindings for an explanation.
SLF4J: Actual binding is of type [org.slf4j.impl.Log4jLoggerFactory]
]]></system-err>
</testsuite>
