<?xml version="1.0" encoding="UTF-8"?>
<testsuite name="org.xmlactions.mapping.xml_to_bean.TestPopulateClassFromXml" tests="9" skipped="0" failures="0" errors="0" timestamp="2019-01-10T14:07:24" hostname="7SV0SQ2-NB" time="0.121">
  <properties/>
  <testcase name="testReflection" classname="org.xmlactions.mapping.xml_to_bean.TestPopulateClassFromXml" time="0.028"/>
  <testcase name="testMappingMultipleLists" classname="org.xmlactions.mapping.xml_to_bean.TestPopulateClassFromXml" time="0.016"/>
  <testcase name="testMappingEmptyBigInt" classname="org.xmlactions.mapping.xml_to_bean.TestPopulateClassFromXml" time="0.012"/>
  <testcase name="testMappingCreateA1" classname="org.xmlactions.mapping.xml_to_bean.TestPopulateClassFromXml" time="0.014"/>
  <testcase name="testMappingPopulateInt" classname="org.xmlactions.mapping.xml_to_bean.TestPopulateClassFromXml" time="0.009"/>
  <testcase name="testMappingRenameElements" classname="org.xmlactions.mapping.xml_to_bean.TestPopulateClassFromXml" time="0.01"/>
  <testcase name="testMappingContent" classname="org.xmlactions.mapping.xml_to_bean.TestPopulateClassFromXml" time="0.013"/>
  <testcase name="testMapping" classname="org.xmlactions.mapping.xml_to_bean.TestPopulateClassFromXml" time="0.013"/>
  <testcase name="testMappingPopulateNested" classname="org.xmlactions.mapping.xml_to_bean.TestPopulateClassFromXml" time="0.006"/>
  <system-out><![CDATA[[Test worker] [] Unable to set property [xmlns] on bean [org.xmlactions.mapping.xml_to_bean.XmlToBean] with value of [http://www.xmlactions.org/xml_to_bean] error:Unknown property 'xmlns' on class 'class org.xmlactions.mapping.xml_to_bean.XmlToBean' - (org.xmlactions.action.actions.SetupBeanFromXML:67)
 [Test worker] [] Unable to set property [xmlns:xsi] on bean [org.xmlactions.mapping.xml_to_bean.XmlToBean] with value of [http://www.w3.org/2001/XMLSchema-instance] error:Unknown property 'xmlns:xsi' on class 'class org.xmlactions.mapping.xml_to_bean.XmlToBean' - (org.xmlactions.action.actions.SetupBeanFromXML:67)
 [Test worker] [] Unable to set property [xsi:schemaLocation] on bean [org.xmlactions.mapping.xml_to_bean.XmlToBean] with value of [http://www.xmlactions.org/xml_to_bean http://www.xmlactions.org/schema/xml_to_bean.xsd] error:Unknown property 'xsi:schemaLocation' on class 'class org.xmlactions.mapping.xml_to_bean.XmlToBean' - (org.xmlactions.action.actions.SetupBeanFromXML:67)
 [Test worker] [] c.getMethods - (org.xmlactions.mapping.xml_to_bean.TestPopulateClassFromXml:166)
 [Test worker] [] public java.lang.String org.xmlactions.mapping.testclasses.A1.toString(java.lang.String) - (org.xmlactions.mapping.xml_to_bean.TestPopulateClassFromXml:168)
 [Test worker] [] public java.lang.String org.xmlactions.mapping.testclasses.A1.getContent() - (org.xmlactions.mapping.xml_to_bean.TestPopulateClassFromXml:168)
 [Test worker] [] public void org.xmlactions.mapping.testclasses.A1.setTimestamp(java.sql.Timestamp) - (org.xmlactions.mapping.xml_to_bean.TestPopulateClassFromXml:168)
 [Test worker] [] public java.util.Date org.xmlactions.mapping.testclasses.A1.getDate() - (org.xmlactions.mapping.xml_to_bean.TestPopulateClassFromXml:168)
 [Test worker] [] public java.sql.Timestamp org.xmlactions.mapping.testclasses.A1.getTimestamp() - (org.xmlactions.mapping.xml_to_bean.TestPopulateClassFromXml:168)
 [Test worker] [] public int org.xmlactions.mapping.testclasses.A1.getAnInt() - (org.xmlactions.mapping.xml_to_bean.TestPopulateClassFromXml:168)
 [Test worker] [] public double org.xmlactions.mapping.testclasses.A1.getaDouble() - (org.xmlactions.mapping.xml_to_bean.TestPopulateClassFromXml:168)
 [Test worker] [] public org.xmlactions.mapping.testclasses.A2 org.xmlactions.mapping.testclasses.A1.getA2() - (org.xmlactions.mapping.xml_to_bean.TestPopulateClassFromXml:168)
 [Test worker] [] public java.util.List org.xmlactions.mapping.testclasses.A1.getListOfA2s() - (org.xmlactions.mapping.xml_to_bean.TestPopulateClassFromXml:168)
 [Test worker] [] public void org.xmlactions.mapping.testclasses.A1.setListOfA2s(java.util.List) - (org.xmlactions.mapping.xml_to_bean.TestPopulateClassFromXml:168)
 [Test worker] [] public void org.xmlactions.mapping.testclasses.A1.setDate(java.util.Date) - (org.xmlactions.mapping.xml_to_bean.TestPopulateClassFromXml:168)
 [Test worker] [] public java.sql.Date org.xmlactions.mapping.testclasses.A1.getSqldate() - (org.xmlactions.mapping.xml_to_bean.TestPopulateClassFromXml:168)
 [Test worker] [] public java.util.List org.xmlactions.mapping.testclasses.A1.getListOfA1s() - (org.xmlactions.mapping.xml_to_bean.TestPopulateClassFromXml:168)
 [Test worker] [] public java.math.BigInteger org.xmlactions.mapping.testclasses.A1.getBigInt() - (org.xmlactions.mapping.xml_to_bean.TestPopulateClassFromXml:168)
 [Test worker] [] public java.lang.String org.xmlactions.mapping.testclasses.A1.getaString() - (org.xmlactions.mapping.xml_to_bean.TestPopulateClassFromXml:168)
 [Test worker] [] public int org.xmlactions.mapping.testclasses.A1._getaLong() - (org.xmlactions.mapping.xml_to_bean.TestPopulateClassFromXml:168)
 [Test worker] [] public void org.xmlactions.mapping.testclasses.A1._setaLong(int) - (org.xmlactions.mapping.xml_to_bean.TestPopulateClassFromXml:168)
 [Test worker] [] public void org.xmlactions.mapping.testclasses.A1.setBigInt(java.math.BigInteger) - (org.xmlactions.mapping.xml_to_bean.TestPopulateClassFromXml:168)
 [Test worker] [] public void org.xmlactions.mapping.testclasses.A1.setaDouble(double) - (org.xmlactions.mapping.xml_to_bean.TestPopulateClassFromXml:168)
 [Test worker] [] public void org.xmlactions.mapping.testclasses.A1.setAnInt(int) - (org.xmlactions.mapping.xml_to_bean.TestPopulateClassFromXml:168)
 [Test worker] [] public void org.xmlactions.mapping.testclasses.A1.setaString(java.lang.String) - (org.xmlactions.mapping.xml_to_bean.TestPopulateClassFromXml:168)
 [Test worker] [] public void org.xmlactions.mapping.testclasses.A1.setUsers(java.lang.String[]) - (org.xmlactions.mapping.xml_to_bean.TestPopulateClassFromXml:168)
 [Test worker] [] public void org.xmlactions.mapping.testclasses.A1.setA2(org.xmlactions.mapping.testclasses.A2) - (org.xmlactions.mapping.xml_to_bean.TestPopulateClassFromXml:168)
 [Test worker] [] public void org.xmlactions.mapping.testclasses.A1.setListOfA1s(java.util.List) - (org.xmlactions.mapping.xml_to_bean.TestPopulateClassFromXml:168)
 [Test worker] [] public java.util.List org.xmlactions.mapping.testclasses.A1.getErsList() - (org.xmlactions.mapping.xml_to_bean.TestPopulateClassFromXml:168)
 [Test worker] [] public void org.xmlactions.mapping.testclasses.A1.setSqldate(java.sql.Date) - (org.xmlactions.mapping.xml_to_bean.TestPopulateClassFromXml:168)
 [Test worker] [] public void org.xmlactions.mapping.testclasses.A1.setErs(java.util.List) - (org.xmlactions.mapping.xml_to_bean.TestPopulateClassFromXml:168)
 [Test worker] [] public void org.xmlactions.mapping.testclasses.A1.setContent(java.lang.String) - (org.xmlactions.mapping.xml_to_bean.TestPopulateClassFromXml:168)
 [Test worker] [] public java.util.List org.xmlactions.mapping.testclasses.A1.getErs() - (org.xmlactions.mapping.xml_to_bean.TestPopulateClassFromXml:168)
 [Test worker] [] public java.lang.String[] org.xmlactions.mapping.testclasses.A1.getUsers() - (org.xmlactions.mapping.xml_to_bean.TestPopulateClassFromXml:168)
 [Test worker] [] public int org.xmlactions.mapping.testclasses.A1a.getAnA1aInt() - (org.xmlactions.mapping.xml_to_bean.TestPopulateClassFromXml:168)
 [Test worker] [] public void org.xmlactions.mapping.testclasses.A1a.setAnA1aInt(int) - (org.xmlactions.mapping.xml_to_bean.TestPopulateClassFromXml:168)
 [Test worker] [] public final void java.lang.Object.wait() throws java.lang.InterruptedException - (org.xmlactions.mapping.xml_to_bean.TestPopulateClassFromXml:168)
 [Test worker] [] public final void java.lang.Object.wait(long,int) throws java.lang.InterruptedException - (org.xmlactions.mapping.xml_to_bean.TestPopulateClassFromXml:168)
 [Test worker] [] public final native void java.lang.Object.wait(long) throws java.lang.InterruptedException - (org.xmlactions.mapping.xml_to_bean.TestPopulateClassFromXml:168)
 [Test worker] [] public boolean java.lang.Object.equals(java.lang.Object) - (org.xmlactions.mapping.xml_to_bean.TestPopulateClassFromXml:168)
 [Test worker] [] public java.lang.String java.lang.Object.toString() - (org.xmlactions.mapping.xml_to_bean.TestPopulateClassFromXml:168)
 [Test worker] [] public native int java.lang.Object.hashCode() - (org.xmlactions.mapping.xml_to_bean.TestPopulateClassFromXml:168)
 [Test worker] [] public final native java.lang.Class java.lang.Object.getClass() - (org.xmlactions.mapping.xml_to_bean.TestPopulateClassFromXml:168)
 [Test worker] [] public final native void java.lang.Object.notify() - (org.xmlactions.mapping.xml_to_bean.TestPopulateClassFromXml:168)
 [Test worker] [] public final native void java.lang.Object.notifyAll() - (org.xmlactions.mapping.xml_to_bean.TestPopulateClassFromXml:168)
 [Test worker] [] c.getDeclaredMethods - (org.xmlactions.mapping.xml_to_bean.TestPopulateClassFromXml:171)
 [Test worker] [] public java.lang.String org.xmlactions.mapping.testclasses.A1.toString(java.lang.String) - (org.xmlactions.mapping.xml_to_bean.TestPopulateClassFromXml:173)
 [Test worker] [] public java.lang.String org.xmlactions.mapping.testclasses.A1.getContent() - (org.xmlactions.mapping.xml_to_bean.TestPopulateClassFromXml:173)
 [Test worker] [] public void org.xmlactions.mapping.testclasses.A1.setTimestamp(java.sql.Timestamp) - (org.xmlactions.mapping.xml_to_bean.TestPopulateClassFromXml:173)
 [Test worker] [] public java.util.Date org.xmlactions.mapping.testclasses.A1.getDate() - (org.xmlactions.mapping.xml_to_bean.TestPopulateClassFromXml:173)
 [Test worker] [] public java.sql.Timestamp org.xmlactions.mapping.testclasses.A1.getTimestamp() - (org.xmlactions.mapping.xml_to_bean.TestPopulateClassFromXml:173)
 [Test worker] [] public int org.xmlactions.mapping.testclasses.A1.getAnInt() - (org.xmlactions.mapping.xml_to_bean.TestPopulateClassFromXml:173)
 [Test worker] [] public double org.xmlactions.mapping.testclasses.A1.getaDouble() - (org.xmlactions.mapping.xml_to_bean.TestPopulateClassFromXml:173)
 [Test worker] [] public org.xmlactions.mapping.testclasses.A2 org.xmlactions.mapping.testclasses.A1.getA2() - (org.xmlactions.mapping.xml_to_bean.TestPopulateClassFromXml:173)
 [Test worker] [] public java.util.List org.xmlactions.mapping.testclasses.A1.getListOfA2s() - (org.xmlactions.mapping.xml_to_bean.TestPopulateClassFromXml:173)
 [Test worker] [] public void org.xmlactions.mapping.testclasses.A1.setListOfA2s(java.util.List) - (org.xmlactions.mapping.xml_to_bean.TestPopulateClassFromXml:173)
 [Test worker] [] public void org.xmlactions.mapping.testclasses.A1.setDate(java.util.Date) - (org.xmlactions.mapping.xml_to_bean.TestPopulateClassFromXml:173)
 [Test worker] [] public java.sql.Date org.xmlactions.mapping.testclasses.A1.getSqldate() - (org.xmlactions.mapping.xml_to_bean.TestPopulateClassFromXml:173)
 [Test worker] [] public java.util.List org.xmlactions.mapping.testclasses.A1.getListOfA1s() - (org.xmlactions.mapping.xml_to_bean.TestPopulateClassFromXml:173)
 [Test worker] [] public java.math.BigInteger org.xmlactions.mapping.testclasses.A1.getBigInt() - (org.xmlactions.mapping.xml_to_bean.TestPopulateClassFromXml:173)
 [Test worker] [] public java.lang.String org.xmlactions.mapping.testclasses.A1.getaString() - (org.xmlactions.mapping.xml_to_bean.TestPopulateClassFromXml:173)
 [Test worker] [] public int org.xmlactions.mapping.testclasses.A1._getaLong() - (org.xmlactions.mapping.xml_to_bean.TestPopulateClassFromXml:173)
 [Test worker] [] public void org.xmlactions.mapping.testclasses.A1._setaLong(int) - (org.xmlactions.mapping.xml_to_bean.TestPopulateClassFromXml:173)
 [Test worker] [] public void org.xmlactions.mapping.testclasses.A1.setBigInt(java.math.BigInteger) - (org.xmlactions.mapping.xml_to_bean.TestPopulateClassFromXml:173)
 [Test worker] [] public void org.xmlactions.mapping.testclasses.A1.setaDouble(double) - (org.xmlactions.mapping.xml_to_bean.TestPopulateClassFromXml:173)
 [Test worker] [] public void org.xmlactions.mapping.testclasses.A1.setAnInt(int) - (org.xmlactions.mapping.xml_to_bean.TestPopulateClassFromXml:173)
 [Test worker] [] public void org.xmlactions.mapping.testclasses.A1.setaString(java.lang.String) - (org.xmlactions.mapping.xml_to_bean.TestPopulateClassFromXml:173)
 [Test worker] [] public void org.xmlactions.mapping.testclasses.A1.setUsers(java.lang.String[]) - (org.xmlactions.mapping.xml_to_bean.TestPopulateClassFromXml:173)
 [Test worker] [] public void org.xmlactions.mapping.testclasses.A1.setA2(org.xmlactions.mapping.testclasses.A2) - (org.xmlactions.mapping.xml_to_bean.TestPopulateClassFromXml:173)
 [Test worker] [] public void org.xmlactions.mapping.testclasses.A1.setListOfA1s(java.util.List) - (org.xmlactions.mapping.xml_to_bean.TestPopulateClassFromXml:173)
 [Test worker] [] public java.util.List org.xmlactions.mapping.testclasses.A1.getErsList() - (org.xmlactions.mapping.xml_to_bean.TestPopulateClassFromXml:173)
 [Test worker] [] public void org.xmlactions.mapping.testclasses.A1.setSqldate(java.sql.Date) - (org.xmlactions.mapping.xml_to_bean.TestPopulateClassFromXml:173)
 [Test worker] [] public void org.xmlactions.mapping.testclasses.A1.setErs(java.util.List) - (org.xmlactions.mapping.xml_to_bean.TestPopulateClassFromXml:173)
 [Test worker] [] public void org.xmlactions.mapping.testclasses.A1.setContent(java.lang.String) - (org.xmlactions.mapping.xml_to_bean.TestPopulateClassFromXml:173)
 [Test worker] [] public java.util.List org.xmlactions.mapping.testclasses.A1.getErs() - (org.xmlactions.mapping.xml_to_bean.TestPopulateClassFromXml:173)
 [Test worker] [] public java.lang.String[] org.xmlactions.mapping.testclasses.A1.getUsers() - (org.xmlactions.mapping.xml_to_bean.TestPopulateClassFromXml:173)
 [Test worker] [] c.getFields - (org.xmlactions.mapping.xml_to_bean.TestPopulateClassFromXml:176)
 [Test worker] [] public int org.xmlactions.mapping.testclasses.A1.aLong - (org.xmlactions.mapping.xml_to_bean.TestPopulateClassFromXml:178)
 [Test worker] [] public java.math.BigInteger org.xmlactions.mapping.testclasses.A1.bigInt - (org.xmlactions.mapping.xml_to_bean.TestPopulateClassFromXml:178)
 [Test worker] [] public int org.xmlactions.mapping.testclasses.A1a.a1aint - (org.xmlactions.mapping.xml_to_bean.TestPopulateClassFromXml:178)
 [Test worker] [] c.getDeclaredFields - (org.xmlactions.mapping.xml_to_bean.TestPopulateClassFromXml:182)
 [Test worker] [] private int org.xmlactions.mapping.testclasses.A1.anInt - (org.xmlactions.mapping.xml_to_bean.TestPopulateClassFromXml:184)
 [Test worker] [] public int org.xmlactions.mapping.testclasses.A1.aLong - (org.xmlactions.mapping.xml_to_bean.TestPopulateClassFromXml:184)
 [Test worker] [] private double org.xmlactions.mapping.testclasses.A1.aDouble - (org.xmlactions.mapping.xml_to_bean.TestPopulateClassFromXml:184)
 [Test worker] [] private java.lang.String org.xmlactions.mapping.testclasses.A1.aString - (org.xmlactions.mapping.xml_to_bean.TestPopulateClassFromXml:184)
 [Test worker] [] public java.math.BigInteger org.xmlactions.mapping.testclasses.A1.bigInt - (org.xmlactions.mapping.xml_to_bean.TestPopulateClassFromXml:184)
 [Test worker] [] private java.sql.Timestamp org.xmlactions.mapping.testclasses.A1.timestamp - (org.xmlactions.mapping.xml_to_bean.TestPopulateClassFromXml:184)
 [Test worker] [] private java.util.Date org.xmlactions.mapping.testclasses.A1.date - (org.xmlactions.mapping.xml_to_bean.TestPopulateClassFromXml:184)
 [Test worker] [] private java.sql.Date org.xmlactions.mapping.testclasses.A1.sqldate - (org.xmlactions.mapping.xml_to_bean.TestPopulateClassFromXml:184)
 [Test worker] [] private java.lang.String[] org.xmlactions.mapping.testclasses.A1.users - (org.xmlactions.mapping.xml_to_bean.TestPopulateClassFromXml:184)
 [Test worker] [] private java.util.List org.xmlactions.mapping.testclasses.A1.listOfA1s - (org.xmlactions.mapping.xml_to_bean.TestPopulateClassFromXml:184)
 [Test worker] [] private org.xmlactions.mapping.testclasses.A2 org.xmlactions.mapping.testclasses.A1.a2 - (org.xmlactions.mapping.xml_to_bean.TestPopulateClassFromXml:184)
 [Test worker] [] private java.util.List org.xmlactions.mapping.testclasses.A1.listOfA2s - (org.xmlactions.mapping.xml_to_bean.TestPopulateClassFromXml:184)
 [Test worker] [] private java.util.List org.xmlactions.mapping.testclasses.A1.ers - (org.xmlactions.mapping.xml_to_bean.TestPopulateClassFromXml:184)
 [Test worker] [] private java.lang.String org.xmlactions.mapping.testclasses.A1.content - (org.xmlactions.mapping.xml_to_bean.TestPopulateClassFromXml:184)
 [Test worker] [] c.getInterfaces - (org.xmlactions.mapping.xml_to_bean.TestPopulateClassFromXml:187)
 [Test worker] [] interface org.xmlactions.mapping.testclasses.A1interface - (org.xmlactions.mapping.xml_to_bean.TestPopulateClassFromXml:189)
 [Test worker] [] c.getClasses - (org.xmlactions.mapping.xml_to_bean.TestPopulateClassFromXml:192)
 [Test worker] [] Unable to set property [xmlns] on bean [org.xmlactions.mapping.xml_to_bean.XmlToBean] with value of [http://www.xmlactions.org/xml_to_bean] error:Unknown property 'xmlns' on class 'class org.xmlactions.mapping.xml_to_bean.XmlToBean' - (org.xmlactions.action.actions.SetupBeanFromXML:67)
 [Test worker] [] Unable to set property [xmlns:xsi] on bean [org.xmlactions.mapping.xml_to_bean.XmlToBean] with value of [http://www.w3.org/2001/XMLSchema-instance] error:Unknown property 'xmlns:xsi' on class 'class org.xmlactions.mapping.xml_to_bean.XmlToBean' - (org.xmlactions.action.actions.SetupBeanFromXML:67)
 [Test worker] [] Unable to set property [xsi:schemaLocation] on bean [org.xmlactions.mapping.xml_to_bean.XmlToBean] with value of [http://www.xmlactions.org/xml_to_bean http://www.xmlactions.org/schema/xml_to_bean.xsd] error:Unknown property 'xsi:schemaLocation' on class 'class org.xmlactions.mapping.xml_to_bean.XmlToBean' - (org.xmlactions.action.actions.SetupBeanFromXML:67)
 [Test worker] [] xml:<A1 anInt = "1" aDouble="1.01" aString="This is a String"> <listOfA1s aString="ListOfA1s"/>  <listOfA2s anInt="222" aString="last nested a2"/> </A1> - (org.xmlactions.mapping.xml_to_bean.TestPopulateClassFromXml:111)
 [Test worker] [] xo.getContent():  - (org.xmlactions.mapping.xml_to_bean.PopulateClassFromXml:81)
 [Test worker] [] PropertyDescriptor [content] -  Name:content DisplayName:content ShortDescription:content PropertyType:class java.lang.String ReadMethod:public java.lang.String org.xmlactions.mapping.testclasses.A1.getContent() WriteMethod:public void org.xmlactions.mapping.testclasses.A1.setContent(java.lang.String) Value:null - (org.xmlactions.mapping.xml_to_bean.PopulateClassFromXml:219)
 [Test worker] [] PropertyDescriptor [anInt] -  Name:anInt DisplayName:anInt ShortDescription:anInt PropertyType:int ReadMethod:public int org.xmlactions.mapping.testclasses.A1.getAnInt() WriteMethod:public void org.xmlactions.mapping.testclasses.A1.setAnInt(int) Value:null - (org.xmlactions.mapping.xml_to_bean.PopulateClassFromXml:219)
 [Test worker] [] PropertyDescriptor [aDouble] -  Name:aDouble DisplayName:aDouble ShortDescription:aDouble PropertyType:double ReadMethod:public double org.xmlactions.mapping.testclasses.A1.getaDouble() WriteMethod:public void org.xmlactions.mapping.testclasses.A1.setaDouble(double) Value:null - (org.xmlactions.mapping.xml_to_bean.PopulateClassFromXml:219)
 [Test worker] [] PropertyDescriptor [aString] -  Name:aString DisplayName:aString ShortDescription:aString PropertyType:class java.lang.String ReadMethod:public java.lang.String org.xmlactions.mapping.testclasses.A1.getaString() WriteMethod:public void org.xmlactions.mapping.testclasses.A1.setaString(java.lang.String) Value:null - (org.xmlactions.mapping.xml_to_bean.PopulateClassFromXml:219)
 [Test worker] [] PropertyDescriptor [listOfA1s] -  Name:listOfA1s DisplayName:listOfA1s ShortDescription:listOfA1s PropertyType:interface java.util.List ReadMethod:public java.util.List org.xmlactions.mapping.testclasses.A1.getListOfA1s() WriteMethod:public void org.xmlactions.mapping.testclasses.A1.setListOfA1s(java.util.List) Value:null - (org.xmlactions.mapping.xml_to_bean.PopulateClassFromXml:219)
 [Test worker] [] obj:interface java.util.List - (org.xmlactions.mapping.xml_to_bean.PopulateClassFromXml:191)
 [Test worker] [] org.xmlactions.mapping.xml_to_bean.PopulatorArrayList - org.xmlactions.mapping.testclasses.A1@4f6fa82flistOfA1s - org.xmlactions.mapping.testclasses.A1@12223a4f - (org.xmlactions.mapping.xml_to_bean.PopulateClassFromXml:235)
 [Test worker] [] PropertyDescriptor [listOfA1s] -  Name:listOfA1s DisplayName:listOfA1s ShortDescription:listOfA1s PropertyType:interface java.util.List ReadMethod:public java.util.List org.xmlactions.mapping.testclasses.A1.getListOfA1s() WriteMethod:public void org.xmlactions.mapping.testclasses.A1.setListOfA1s(java.util.List) Value:null - (org.xmlactions.mapping.xml_to_bean.PopulateClassFromXml:219)
 [Test worker] [] PropertyDescriptor [content] -  Name:content DisplayName:content ShortDescription:content PropertyType:class java.lang.String ReadMethod:public java.lang.String org.xmlactions.mapping.testclasses.A1.getContent() WriteMethod:public void org.xmlactions.mapping.testclasses.A1.setContent(java.lang.String) Value:null - (org.xmlactions.mapping.xml_to_bean.PopulateClassFromXml:219)
 [Test worker] [] PropertyDescriptor [aString] -  Name:aString DisplayName:aString ShortDescription:aString PropertyType:class java.lang.String ReadMethod:public java.lang.String org.xmlactions.mapping.testclasses.A1.getaString() WriteMethod:public void org.xmlactions.mapping.testclasses.A1.setaString(java.lang.String) Value:null - (org.xmlactions.mapping.xml_to_bean.PopulateClassFromXml:219)
 [Test worker] [] org.xmlactions.mapping.xml_to_bean.PopulatorArrayList - org.xmlactions.mapping.testclasses.A1@4f6fa82flistOfA2s - null - (org.xmlactions.mapping.xml_to_bean.PopulateClassFromXml:235)
 [Test worker] [] PropertyDescriptor [listOfA2s] -  Name:listOfA2s DisplayName:listOfA2s ShortDescription:listOfA2s PropertyType:interface java.util.List ReadMethod:public java.util.List org.xmlactions.mapping.testclasses.A1.getListOfA2s() WriteMethod:public void org.xmlactions.mapping.testclasses.A1.setListOfA2s(java.util.List) Value:null - (org.xmlactions.mapping.xml_to_bean.PopulateClassFromXml:219)
 [Test worker] [] PropertyDescriptor [anInt] -  Name:anInt DisplayName:anInt ShortDescription:anInt PropertyType:int ReadMethod:public int org.xmlactions.mapping.testclasses.A2.getAnInt() WriteMethod:public void org.xmlactions.mapping.testclasses.A2.setAnInt(int) Value:null - (org.xmlactions.mapping.xml_to_bean.PopulateClassFromXml:219)
 [Test worker] [] PropertyDescriptor [aString] -  Name:aString DisplayName:aString ShortDescription:aString PropertyType:class java.lang.String ReadMethod:public java.lang.String org.xmlactions.mapping.testclasses.A2.getaString() WriteMethod:public void org.xmlactions.mapping.testclasses.A2.setaString(java.lang.String) Value:null - (org.xmlactions.mapping.xml_to_bean.PopulateClassFromXml:219)
 [Test worker] [] clas:org.xmlactions.mapping.testclasses.A1@4f6fa82f a1.anInt:1 - (org.xmlactions.mapping.xml_to_bean.TestPopulateClassFromXml:117)
 [Test worker] [] anInt:1
aLong:0
aDouble:1.01
aString:This is a String
bigInt:null
timestamp:null
date:null
sqldate:null
content: 
 listOfA1s: anInt:0
 aLong:0
 aDouble:0.0
 aString:ListOfA1s
 bigInt:null
 timestamp:null
 date:null
 sqldate:null
 content:null
 listOfA2s: anInt:222
 aString:last nested a2
 content:null - (org.xmlactions.mapping.xml_to_bean.TestPopulateClassFromXml:119)
 [Test worker] [] Unable to set property [xmlns] on bean [org.xmlactions.mapping.xml_to_bean.XmlToBean] with value of [http://www.xmlactions.org/xml_to_bean] error:Unknown property 'xmlns' on class 'class org.xmlactions.mapping.xml_to_bean.XmlToBean' - (org.xmlactions.action.actions.SetupBeanFromXML:67)
 [Test worker] [] Unable to set property [xmlns:xsi] on bean [org.xmlactions.mapping.xml_to_bean.XmlToBean] with value of [http://www.w3.org/2001/XMLSchema-instance] error:Unknown property 'xmlns:xsi' on class 'class org.xmlactions.mapping.xml_to_bean.XmlToBean' - (org.xmlactions.action.actions.SetupBeanFromXML:67)
 [Test worker] [] Unable to set property [xsi:schemaLocation] on bean [org.xmlactions.mapping.xml_to_bean.XmlToBean] with value of [http://www.xmlactions.org/xml_to_bean http://www.xmlactions.org/schema/xml_to_bean.xsd] error:Unknown property 'xsi:schemaLocation' on class 'class org.xmlactions.mapping.xml_to_bean.XmlToBean' - (org.xmlactions.action.actions.SetupBeanFromXML:67)
 [Test worker] [] xml:<A1 anInt = "1" aDouble="1.01" bString="This is a bString">  <listOfA1s bigInt="6"/>   <listOfA1s bigInt=""/>   <listOfA2s bigInt="6"/>  <a2 name="a2"/></A1> - (org.xmlactions.mapping.xml_to_bean.TestPopulateClassFromXml:150)
 [Test worker] [] xo.getContent():   - (org.xmlactions.mapping.xml_to_bean.PopulateClassFromXml:81)
 [Test worker] [] PropertyDescriptor [content] -  Name:content DisplayName:content ShortDescription:content PropertyType:class java.lang.String ReadMethod:public java.lang.String org.xmlactions.mapping.testclasses.A1.getContent() WriteMethod:public void org.xmlactions.mapping.testclasses.A1.setContent(java.lang.String) Value:null - (org.xmlactions.mapping.xml_to_bean.PopulateClassFromXml:219)
 [Test worker] [] PropertyDescriptor [anInt] -  Name:anInt DisplayName:anInt ShortDescription:anInt PropertyType:int ReadMethod:public int org.xmlactions.mapping.testclasses.A1.getAnInt() WriteMethod:public void org.xmlactions.mapping.testclasses.A1.setAnInt(int) Value:null - (org.xmlactions.mapping.xml_to_bean.PopulateClassFromXml:219)
 [Test worker] [] PropertyDescriptor [aDouble] -  Name:aDouble DisplayName:aDouble ShortDescription:aDouble PropertyType:double ReadMethod:public double org.xmlactions.mapping.testclasses.A1.getaDouble() WriteMethod:public void org.xmlactions.mapping.testclasses.A1.setaDouble(double) Value:null - (org.xmlactions.mapping.xml_to_bean.PopulateClassFromXml:219)
 [Test worker] [] PropertyDescriptor [aString] -  Name:aString DisplayName:aString ShortDescription:aString PropertyType:class java.lang.String ReadMethod:public java.lang.String org.xmlactions.mapping.testclasses.A1.getaString() WriteMethod:public void org.xmlactions.mapping.testclasses.A1.setaString(java.lang.String) Value:null - (org.xmlactions.mapping.xml_to_bean.PopulateClassFromXml:219)
 [Test worker] [] PropertyDescriptor [listOfA1s] -  Name:listOfA1s DisplayName:listOfA1s ShortDescription:listOfA1s PropertyType:interface java.util.List ReadMethod:public java.util.List org.xmlactions.mapping.testclasses.A1.getListOfA1s() WriteMethod:public void org.xmlactions.mapping.testclasses.A1.setListOfA1s(java.util.List) Value:null - (org.xmlactions.mapping.xml_to_bean.PopulateClassFromXml:219)
 [Test worker] [] obj:interface java.util.List - (org.xmlactions.mapping.xml_to_bean.PopulateClassFromXml:191)
 [Test worker] [] org.xmlactions.mapping.xml_to_bean.PopulatorArrayList - org.xmlactions.mapping.testclasses.A1@7851a1e9listOfA1s - org.xmlactions.mapping.testclasses.A1@57abd048 - (org.xmlactions.mapping.xml_to_bean.PopulateClassFromXml:235)
 [Test worker] [] PropertyDescriptor [listOfA1s] -  Name:listOfA1s DisplayName:listOfA1s ShortDescription:listOfA1s PropertyType:interface java.util.List ReadMethod:public java.util.List org.xmlactions.mapping.testclasses.A1.getListOfA1s() WriteMethod:public void org.xmlactions.mapping.testclasses.A1.setListOfA1s(java.util.List) Value:null - (org.xmlactions.mapping.xml_to_bean.PopulateClassFromXml:219)
 [Test worker] [] PropertyDescriptor [content] -  Name:content DisplayName:content ShortDescription:content PropertyType:class java.lang.String ReadMethod:public java.lang.String org.xmlactions.mapping.testclasses.A1.getContent() WriteMethod:public void org.xmlactions.mapping.testclasses.A1.setContent(java.lang.String) Value:null - (org.xmlactions.mapping.xml_to_bean.PopulateClassFromXml:219)
 [Test worker] [] PropertyDescriptor [bigInt] -  Name:bigInt DisplayName:bigInt ShortDescription:bigInt PropertyType:class java.math.BigInteger ReadMethod:public java.math.BigInteger org.xmlactions.mapping.testclasses.A1.getBigInt() WriteMethod:public void org.xmlactions.mapping.testclasses.A1.setBigInt(java.math.BigInteger) Value:null - (org.xmlactions.mapping.xml_to_bean.PopulateClassFromXml:219)
 [Test worker] [] PropertyDescriptor [listOfA1s] -  Name:listOfA1s DisplayName:listOfA1s ShortDescription:listOfA1s PropertyType:interface java.util.List ReadMethod:public java.util.List org.xmlactions.mapping.testclasses.A1.getListOfA1s() WriteMethod:public void org.xmlactions.mapping.testclasses.A1.setListOfA1s(java.util.List) Value:null - (org.xmlactions.mapping.xml_to_bean.PopulateClassFromXml:219)
 [Test worker] [] obj:interface java.util.List - (org.xmlactions.mapping.xml_to_bean.PopulateClassFromXml:191)
 [Test worker] [] org.xmlactions.mapping.xml_to_bean.PopulatorArrayList - org.xmlactions.mapping.testclasses.A1@7851a1e9listOfA1s - org.xmlactions.mapping.testclasses.A1@43bb4bad - (org.xmlactions.mapping.xml_to_bean.PopulateClassFromXml:235)
 [Test worker] [] PropertyDescriptor [listOfA1s] -  Name:listOfA1s DisplayName:listOfA1s ShortDescription:listOfA1s PropertyType:interface java.util.List ReadMethod:public java.util.List org.xmlactions.mapping.testclasses.A1.getListOfA1s() WriteMethod:public void org.xmlactions.mapping.testclasses.A1.setListOfA1s(java.util.List) Value:null - (org.xmlactions.mapping.xml_to_bean.PopulateClassFromXml:219)
 [Test worker] [] PropertyDescriptor [content] -  Name:content DisplayName:content ShortDescription:content PropertyType:class java.lang.String ReadMethod:public java.lang.String org.xmlactions.mapping.testclasses.A1.getContent() WriteMethod:public void org.xmlactions.mapping.testclasses.A1.setContent(java.lang.String) Value:null - (org.xmlactions.mapping.xml_to_bean.PopulateClassFromXml:219)
 [Test worker] [] PropertyDescriptor [bigInt] -  Name:bigInt DisplayName:bigInt ShortDescription:bigInt PropertyType:class java.math.BigInteger ReadMethod:public java.math.BigInteger org.xmlactions.mapping.testclasses.A1.getBigInt() WriteMethod:public void org.xmlactions.mapping.testclasses.A1.setBigInt(java.math.BigInteger) Value:null - (org.xmlactions.mapping.xml_to_bean.PopulateClassFromXml:219)
 [Test worker] [] org.xmlactions.mapping.xml_to_bean.PopulatorArrayList - org.xmlactions.mapping.testclasses.A1@7851a1e9listOfA2s - null - (org.xmlactions.mapping.xml_to_bean.PopulateClassFromXml:235)
 [Test worker] [] PropertyDescriptor [listOfA2s] -  Name:listOfA2s DisplayName:listOfA2s ShortDescription:listOfA2s PropertyType:interface java.util.List ReadMethod:public java.util.List org.xmlactions.mapping.testclasses.A1.getListOfA2s() WriteMethod:public void org.xmlactions.mapping.testclasses.A1.setListOfA2s(java.util.List) Value:null - (org.xmlactions.mapping.xml_to_bean.PopulateClassFromXml:219)
 [Test worker] [] PropertyDescriptor [a2] -  Name:a2 DisplayName:a2 ShortDescription:a2 PropertyType:class org.xmlactions.mapping.testclasses.A2 ReadMethod:public org.xmlactions.mapping.testclasses.A2 org.xmlactions.mapping.testclasses.A1.getA2() WriteMethod:public void org.xmlactions.mapping.testclasses.A1.setA2(org.xmlactions.mapping.testclasses.A2) Value:null - (org.xmlactions.mapping.xml_to_bean.PopulateClassFromXml:219)
 [Test worker] [] PropertyDescriptor [name] -  Name:name DisplayName:name ShortDescription:name PropertyType:class java.lang.String ReadMethod:public java.lang.String org.xmlactions.mapping.testclasses.A2.getName() WriteMethod:public void org.xmlactions.mapping.testclasses.A2.setName(java.lang.String) Value:null - (org.xmlactions.mapping.xml_to_bean.PopulateClassFromXml:219)
 [Test worker] [] clas:org.xmlactions.mapping.testclasses.A1@7851a1e9 a1.anInt:1 - (org.xmlactions.mapping.xml_to_bean.TestPopulateClassFromXml:154)
 [Test worker] [] anInt:1
aLong:0
aDouble:1.01
aString:This is a bString
bigInt:null
timestamp:null
date:null
sqldate:null
content:  
 listOfA1s: anInt:0
 aLong:0
 aDouble:0.0
 aString:null
 bigInt:6
 timestamp:null
 date:null
 sqldate:null
 content:null
 listOfA1s: anInt:0
 aLong:0
 aDouble:0.0
 aString:null
 bigInt:null
 timestamp:null
 date:null
 sqldate:null
 content:null
 a2:a2
 listOfA2s: anInt:0
 aString:null
 content:null - (org.xmlactions.mapping.xml_to_bean.TestPopulateClassFromXml:156)
 [Test worker] [] Unable to set property [xmlns] on bean [org.xmlactions.mapping.xml_to_bean.XmlToBean] with value of [http://www.xmlactions.org/xml_to_bean] error:Unknown property 'xmlns' on class 'class org.xmlactions.mapping.xml_to_bean.XmlToBean' - (org.xmlactions.action.actions.SetupBeanFromXML:67)
 [Test worker] [] Unable to set property [xmlns:xsi] on bean [org.xmlactions.mapping.xml_to_bean.XmlToBean] with value of [http://www.w3.org/2001/XMLSchema-instance] error:Unknown property 'xmlns:xsi' on class 'class org.xmlactions.mapping.xml_to_bean.XmlToBean' - (org.xmlactions.action.actions.SetupBeanFromXML:67)
 [Test worker] [] Unable to set property [xsi:schemaLocation] on bean [org.xmlactions.mapping.xml_to_bean.XmlToBean] with value of [http://www.xmlactions.org/xml_to_bean http://www.xmlactions.org/schema/xml_to_bean.xsd] error:Unknown property 'xsi:schemaLocation' on class 'class org.xmlactions.mapping.xml_to_bean.XmlToBean' - (org.xmlactions.action.actions.SetupBeanFromXML:67)
 [Test worker] [] xo.getContent(): - (org.xmlactions.mapping.xml_to_bean.PopulateClassFromXml:81)
 [Test worker] [] PropertyDescriptor [content] -  Name:content DisplayName:content ShortDescription:content PropertyType:class java.lang.String ReadMethod:public java.lang.String org.xmlactions.mapping.testclasses.A1.getContent() WriteMethod:public void org.xmlactions.mapping.testclasses.A1.setContent(java.lang.String) Value:null - (org.xmlactions.mapping.xml_to_bean.PopulateClassFromXml:219)
 [Test worker] [] PropertyDescriptor [anInt] -  Name:anInt DisplayName:anInt ShortDescription:anInt PropertyType:int ReadMethod:public int org.xmlactions.mapping.testclasses.A1.getAnInt() WriteMethod:public void org.xmlactions.mapping.testclasses.A1.setAnInt(int) Value:null - (org.xmlactions.mapping.xml_to_bean.PopulateClassFromXml:219)
 [Test worker] [] PropertyDescriptor [aDouble] -  Name:aDouble DisplayName:aDouble ShortDescription:aDouble PropertyType:double ReadMethod:public double org.xmlactions.mapping.testclasses.A1.getaDouble() WriteMethod:public void org.xmlactions.mapping.testclasses.A1.setaDouble(double) Value:null - (org.xmlactions.mapping.xml_to_bean.PopulateClassFromXml:219)
 [Test worker] [] PropertyDescriptor [aString] -  Name:aString DisplayName:aString ShortDescription:aString PropertyType:class java.lang.String ReadMethod:public java.lang.String org.xmlactions.mapping.testclasses.A1.getaString() WriteMethod:public void org.xmlactions.mapping.testclasses.A1.setaString(java.lang.String) Value:null - (org.xmlactions.mapping.xml_to_bean.PopulateClassFromXml:219)
 [Test worker] [] PropertyDescriptor [bigInt] -  Name:bigInt DisplayName:bigInt ShortDescription:bigInt PropertyType:class java.math.BigInteger ReadMethod:public java.math.BigInteger org.xmlactions.mapping.testclasses.A1.getBigInt() WriteMethod:public void org.xmlactions.mapping.testclasses.A1.setBigInt(java.math.BigInteger) Value:null - (org.xmlactions.mapping.xml_to_bean.PopulateClassFromXml:219)
 [Test worker] [] org.xmlactions.mapping.xml_to_bean.PopulatorTimestamp - org.xmlactions.mapping.testclasses.A1@2bb8cea0timestamp - 2011-08-15 01:22 - (org.xmlactions.mapping.xml_to_bean.PopulateClassFromXml:235)
 [Test worker] [] org.xmlactions.mapping.xml_to_bean.PopulatorDate - org.xmlactions.mapping.testclasses.A1@2bb8cea0date - 2011-08-16 01:22 - (org.xmlactions.mapping.xml_to_bean.PopulateClassFromXml:235)
 [Test worker] [] org.xmlactions.mapping.xml_to_bean.PopulatorSqlDate - org.xmlactions.mapping.testclasses.A1@2bb8cea0sqldate - 2011-08-17 02:33 - (org.xmlactions.mapping.xml_to_bean.PopulateClassFromXml:235)
 [Test worker] [] PropertyDescriptor [a2] -  Name:a2 DisplayName:a2 ShortDescription:a2 PropertyType:class org.xmlactions.mapping.testclasses.A2 ReadMethod:public org.xmlactions.mapping.testclasses.A2 org.xmlactions.mapping.testclasses.A1.getA2() WriteMethod:public void org.xmlactions.mapping.testclasses.A1.setA2(org.xmlactions.mapping.testclasses.A2) Value:null - (org.xmlactions.mapping.xml_to_bean.PopulateClassFromXml:219)
 [Test worker] [] 
anInt:1
aLong:1002
aDouble:1.01
aString:This is a String
bigInt:999999999
timestamp:2011-08-15 01:22:00.0
date:Tue Aug 16 01:22:00 BST 2011
sqldate:2011-08-17
content:
 a2:null - (org.xmlactions.mapping.xml_to_bean.TestPopulateClassFromXml:69)
 [Test worker] [] Unable to set property [xmlns] on bean [org.xmlactions.mapping.xml_to_bean.XmlToBean] with value of [http://www.xmlactions.org/xml_to_bean] error:Unknown property 'xmlns' on class 'class org.xmlactions.mapping.xml_to_bean.XmlToBean' - (org.xmlactions.action.actions.SetupBeanFromXML:67)
 [Test worker] [] Unable to set property [xmlns:xsi] on bean [org.xmlactions.mapping.xml_to_bean.XmlToBean] with value of [http://www.w3.org/2001/XMLSchema-instance] error:Unknown property 'xmlns:xsi' on class 'class org.xmlactions.mapping.xml_to_bean.XmlToBean' - (org.xmlactions.action.actions.SetupBeanFromXML:67)
 [Test worker] [] Unable to set property [xsi:schemaLocation] on bean [org.xmlactions.mapping.xml_to_bean.XmlToBean] with value of [http://www.xmlactions.org/xml_to_bean http://www.xmlactions.org/schema/xml_to_bean.xsd] error:Unknown property 'xsi:schemaLocation' on class 'class org.xmlactions.mapping.xml_to_bean.XmlToBean' - (org.xmlactions.action.actions.SetupBeanFromXML:67)
 [Test worker] [] xml:<a1 anInt = "1" aDouble="1.01" aString="This is a String" bigInt="999999999999"><listOfA1s anInt="11"/><listOfA1s anInt="12"/><listOfA1s anInt="13" bigInt="999"/><a2>content of a2</a2></a1> - (org.xmlactions.mapping.xml_to_bean.TestPopulateClassFromXml:78)
 [Test worker] [] xo.getContent(): - (org.xmlactions.mapping.xml_to_bean.PopulateClassFromXml:81)
 [Test worker] [] PropertyDescriptor [content] -  Name:content DisplayName:content ShortDescription:content PropertyType:class java.lang.String ReadMethod:public java.lang.String org.xmlactions.mapping.testclasses.A1.getContent() WriteMethod:public void org.xmlactions.mapping.testclasses.A1.setContent(java.lang.String) Value:null - (org.xmlactions.mapping.xml_to_bean.PopulateClassFromXml:219)
 [Test worker] [] PropertyDescriptor [anInt] -  Name:anInt DisplayName:anInt ShortDescription:anInt PropertyType:int ReadMethod:public int org.xmlactions.mapping.testclasses.A1.getAnInt() WriteMethod:public void org.xmlactions.mapping.testclasses.A1.setAnInt(int) Value:null - (org.xmlactions.mapping.xml_to_bean.PopulateClassFromXml:219)
 [Test worker] [] PropertyDescriptor [aDouble] -  Name:aDouble DisplayName:aDouble ShortDescription:aDouble PropertyType:double ReadMethod:public double org.xmlactions.mapping.testclasses.A1.getaDouble() WriteMethod:public void org.xmlactions.mapping.testclasses.A1.setaDouble(double) Value:null - (org.xmlactions.mapping.xml_to_bean.PopulateClassFromXml:219)
 [Test worker] [] PropertyDescriptor [aString] -  Name:aString DisplayName:aString ShortDescription:aString PropertyType:class java.lang.String ReadMethod:public java.lang.String org.xmlactions.mapping.testclasses.A1.getaString() WriteMethod:public void org.xmlactions.mapping.testclasses.A1.setaString(java.lang.String) Value:null - (org.xmlactions.mapping.xml_to_bean.PopulateClassFromXml:219)
 [Test worker] [] PropertyDescriptor [bigInt] -  Name:bigInt DisplayName:bigInt ShortDescription:bigInt PropertyType:class java.math.BigInteger ReadMethod:public java.math.BigInteger org.xmlactions.mapping.testclasses.A1.getBigInt() WriteMethod:public void org.xmlactions.mapping.testclasses.A1.setBigInt(java.math.BigInteger) Value:null - (org.xmlactions.mapping.xml_to_bean.PopulateClassFromXml:219)
 [Test worker] [] PropertyDescriptor [listOfA1s] -  Name:listOfA1s DisplayName:listOfA1s ShortDescription:listOfA1s PropertyType:interface java.util.List ReadMethod:public java.util.List org.xmlactions.mapping.testclasses.A1.getListOfA1s() WriteMethod:public void org.xmlactions.mapping.testclasses.A1.setListOfA1s(java.util.List) Value:null - (org.xmlactions.mapping.xml_to_bean.PopulateClassFromXml:219)
 [Test worker] [] obj:interface java.util.List - (org.xmlactions.mapping.xml_to_bean.PopulateClassFromXml:191)
 [Test worker] [] org.xmlactions.mapping.xml_to_bean.PopulatorArrayList - org.xmlactions.mapping.testclasses.A1@203b6ebblistOfA1s - org.xmlactions.mapping.testclasses.A1@7bb892f4 - (org.xmlactions.mapping.xml_to_bean.PopulateClassFromXml:235)
 [Test worker] [] PropertyDescriptor [listOfA1s] -  Name:listOfA1s DisplayName:listOfA1s ShortDescription:listOfA1s PropertyType:interface java.util.List ReadMethod:public java.util.List org.xmlactions.mapping.testclasses.A1.getListOfA1s() WriteMethod:public void org.xmlactions.mapping.testclasses.A1.setListOfA1s(java.util.List) Value:null - (org.xmlactions.mapping.xml_to_bean.PopulateClassFromXml:219)
 [Test worker] [] PropertyDescriptor [content] -  Name:content DisplayName:content ShortDescription:content PropertyType:class java.lang.String ReadMethod:public java.lang.String org.xmlactions.mapping.testclasses.A1.getContent() WriteMethod:public void org.xmlactions.mapping.testclasses.A1.setContent(java.lang.String) Value:null - (org.xmlactions.mapping.xml_to_bean.PopulateClassFromXml:219)
 [Test worker] [] PropertyDescriptor [anInt] -  Name:anInt DisplayName:anInt ShortDescription:anInt PropertyType:int ReadMethod:public int org.xmlactions.mapping.testclasses.A1.getAnInt() WriteMethod:public void org.xmlactions.mapping.testclasses.A1.setAnInt(int) Value:null - (org.xmlactions.mapping.xml_to_bean.PopulateClassFromXml:219)
 [Test worker] [] PropertyDescriptor [listOfA1s] -  Name:listOfA1s DisplayName:listOfA1s ShortDescription:listOfA1s PropertyType:interface java.util.List ReadMethod:public java.util.List org.xmlactions.mapping.testclasses.A1.getListOfA1s() WriteMethod:public void org.xmlactions.mapping.testclasses.A1.setListOfA1s(java.util.List) Value:null - (org.xmlactions.mapping.xml_to_bean.PopulateClassFromXml:219)
 [Test worker] [] obj:interface java.util.List - (org.xmlactions.mapping.xml_to_bean.PopulateClassFromXml:191)
 [Test worker] [] org.xmlactions.mapping.xml_to_bean.PopulatorArrayList - org.xmlactions.mapping.testclasses.A1@203b6ebblistOfA1s - org.xmlactions.mapping.testclasses.A1@5efc2961 - (org.xmlactions.mapping.xml_to_bean.PopulateClassFromXml:235)
 [Test worker] [] PropertyDescriptor [listOfA1s] -  Name:listOfA1s DisplayName:listOfA1s ShortDescription:listOfA1s PropertyType:interface java.util.List ReadMethod:public java.util.List org.xmlactions.mapping.testclasses.A1.getListOfA1s() WriteMethod:public void org.xmlactions.mapping.testclasses.A1.setListOfA1s(java.util.List) Value:null - (org.xmlactions.mapping.xml_to_bean.PopulateClassFromXml:219)
 [Test worker] [] PropertyDescriptor [content] -  Name:content DisplayName:content ShortDescription:content PropertyType:class java.lang.String ReadMethod:public java.lang.String org.xmlactions.mapping.testclasses.A1.getContent() WriteMethod:public void org.xmlactions.mapping.testclasses.A1.setContent(java.lang.String) Value:null - (org.xmlactions.mapping.xml_to_bean.PopulateClassFromXml:219)
 [Test worker] [] PropertyDescriptor [anInt] -  Name:anInt DisplayName:anInt ShortDescription:anInt PropertyType:int ReadMethod:public int org.xmlactions.mapping.testclasses.A1.getAnInt() WriteMethod:public void org.xmlactions.mapping.testclasses.A1.setAnInt(int) Value:null - (org.xmlactions.mapping.xml_to_bean.PopulateClassFromXml:219)
 [Test worker] [] PropertyDescriptor [listOfA1s] -  Name:listOfA1s DisplayName:listOfA1s ShortDescription:listOfA1s PropertyType:interface java.util.List ReadMethod:public java.util.List org.xmlactions.mapping.testclasses.A1.getListOfA1s() WriteMethod:public void org.xmlactions.mapping.testclasses.A1.setListOfA1s(java.util.List) Value:null - (org.xmlactions.mapping.xml_to_bean.PopulateClassFromXml:219)
 [Test worker] [] obj:interface java.util.List - (org.xmlactions.mapping.xml_to_bean.PopulateClassFromXml:191)
 [Test worker] [] org.xmlactions.mapping.xml_to_bean.PopulatorArrayList - org.xmlactions.mapping.testclasses.A1@203b6ebblistOfA1s - org.xmlactions.mapping.testclasses.A1@ccb89d5 - (org.xmlactions.mapping.xml_to_bean.PopulateClassFromXml:235)
 [Test worker] [] PropertyDescriptor [listOfA1s] -  Name:listOfA1s DisplayName:listOfA1s ShortDescription:listOfA1s PropertyType:interface java.util.List ReadMethod:public java.util.List org.xmlactions.mapping.testclasses.A1.getListOfA1s() WriteMethod:public void org.xmlactions.mapping.testclasses.A1.setListOfA1s(java.util.List) Value:null - (org.xmlactions.mapping.xml_to_bean.PopulateClassFromXml:219)
 [Test worker] [] PropertyDescriptor [content] -  Name:content DisplayName:content ShortDescription:content PropertyType:class java.lang.String ReadMethod:public java.lang.String org.xmlactions.mapping.testclasses.A1.getContent() WriteMethod:public void org.xmlactions.mapping.testclasses.A1.setContent(java.lang.String) Value:null - (org.xmlactions.mapping.xml_to_bean.PopulateClassFromXml:219)
 [Test worker] [] PropertyDescriptor [anInt] -  Name:anInt DisplayName:anInt ShortDescription:anInt PropertyType:int ReadMethod:public int org.xmlactions.mapping.testclasses.A1.getAnInt() WriteMethod:public void org.xmlactions.mapping.testclasses.A1.setAnInt(int) Value:null - (org.xmlactions.mapping.xml_to_bean.PopulateClassFromXml:219)
 [Test worker] [] PropertyDescriptor [bigInt] -  Name:bigInt DisplayName:bigInt ShortDescription:bigInt PropertyType:class java.math.BigInteger ReadMethod:public java.math.BigInteger org.xmlactions.mapping.testclasses.A1.getBigInt() WriteMethod:public void org.xmlactions.mapping.testclasses.A1.setBigInt(java.math.BigInteger) Value:null - (org.xmlactions.mapping.xml_to_bean.PopulateClassFromXml:219)
 [Test worker] [] PropertyDescriptor [a2] -  Name:a2 DisplayName:a2 ShortDescription:a2 PropertyType:class org.xmlactions.mapping.testclasses.A2 ReadMethod:public org.xmlactions.mapping.testclasses.A2 org.xmlactions.mapping.testclasses.A1.getA2() WriteMethod:public void org.xmlactions.mapping.testclasses.A1.setA2(org.xmlactions.mapping.testclasses.A2) Value:null - (org.xmlactions.mapping.xml_to_bean.PopulateClassFromXml:219)
 [Test worker] [] clas:org.xmlactions.mapping.testclasses.A1@203b6ebb a1.anInt:1 - (org.xmlactions.mapping.xml_to_bean.TestPopulateClassFromXml:82)
 [Test worker] [] anInt:1
aLong:0
aDouble:1.01
aString:This is a String
bigInt:999999999999
timestamp:null
date:null
sqldate:null
content:
 listOfA1s: anInt:11
 aLong:0
 aDouble:0.0
 aString:null
 bigInt:null
 timestamp:null
 date:null
 sqldate:null
 content:null
 listOfA1s: anInt:12
 aLong:0
 aDouble:0.0
 aString:null
 bigInt:null
 timestamp:null
 date:null
 sqldate:null
 content:null
 listOfA1s: anInt:13
 aLong:0
 aDouble:0.0
 aString:null
 bigInt:999
 timestamp:null
 date:null
 sqldate:null
 content:null
 a2:null - (org.xmlactions.mapping.xml_to_bean.TestPopulateClassFromXml:84)
 [Test worker] [] Unable to set property [xmlns] on bean [org.xmlactions.mapping.xml_to_bean.XmlToBean] with value of [http://www.xmlactions.org/xml_to_bean] error:Unknown property 'xmlns' on class 'class org.xmlactions.mapping.xml_to_bean.XmlToBean' - (org.xmlactions.action.actions.SetupBeanFromXML:67)
 [Test worker] [] Unable to set property [xmlns:xsi] on bean [org.xmlactions.mapping.xml_to_bean.XmlToBean] with value of [http://www.w3.org/2001/XMLSchema-instance] error:Unknown property 'xmlns:xsi' on class 'class org.xmlactions.mapping.xml_to_bean.XmlToBean' - (org.xmlactions.action.actions.SetupBeanFromXML:67)
 [Test worker] [] Unable to set property [xsi:schemaLocation] on bean [org.xmlactions.mapping.xml_to_bean.XmlToBean] with value of [http://www.xmlactions.org/xml_to_bean http://www.xmlactions.org/schema/xml_to_bean.xsd] error:Unknown property 'xsi:schemaLocation' on class 'class org.xmlactions.mapping.xml_to_bean.XmlToBean' - (org.xmlactions.action.actions.SetupBeanFromXML:67)
 [Test worker] [] xml:<A1 anInt = "1" aDouble="1.01" bString="This is a bString"> <ListOfA1s anInt="11">  <listOfA1s anInt="111" aString="last nested a1"/>  </ListOfA1s> <ListOfA1s aString="ListOfA1s"/>  <ListOfA2s anInt="222" aString="last nested a2"/>  <a2 name="a2"/></A1> - (org.xmlactions.mapping.xml_to_bean.TestPopulateClassFromXml:131)
 [Test worker] [] xo.getContent():  - (org.xmlactions.mapping.xml_to_bean.PopulateClassFromXml:81)
 [Test worker] [] PropertyDescriptor [content] -  Name:content DisplayName:content ShortDescription:content PropertyType:class java.lang.String ReadMethod:public java.lang.String org.xmlactions.mapping.testclasses.A1.getContent() WriteMethod:public void org.xmlactions.mapping.testclasses.A1.setContent(java.lang.String) Value:null - (org.xmlactions.mapping.xml_to_bean.PopulateClassFromXml:219)
 [Test worker] [] PropertyDescriptor [anInt] -  Name:anInt DisplayName:anInt ShortDescription:anInt PropertyType:int ReadMethod:public int org.xmlactions.mapping.testclasses.A1.getAnInt() WriteMethod:public void org.xmlactions.mapping.testclasses.A1.setAnInt(int) Value:null - (org.xmlactions.mapping.xml_to_bean.PopulateClassFromXml:219)
 [Test worker] [] PropertyDescriptor [aDouble] -  Name:aDouble DisplayName:aDouble ShortDescription:aDouble PropertyType:double ReadMethod:public double org.xmlactions.mapping.testclasses.A1.getaDouble() WriteMethod:public void org.xmlactions.mapping.testclasses.A1.setaDouble(double) Value:null - (org.xmlactions.mapping.xml_to_bean.PopulateClassFromXml:219)
 [Test worker] [] PropertyDescriptor [aString] -  Name:aString DisplayName:aString ShortDescription:aString PropertyType:class java.lang.String ReadMethod:public java.lang.String org.xmlactions.mapping.testclasses.A1.getaString() WriteMethod:public void org.xmlactions.mapping.testclasses.A1.setaString(java.lang.String) Value:null - (org.xmlactions.mapping.xml_to_bean.PopulateClassFromXml:219)
 [Test worker] [] PropertyDescriptor [listOfA1s] -  Name:listOfA1s DisplayName:listOfA1s ShortDescription:listOfA1s PropertyType:interface java.util.List ReadMethod:public java.util.List org.xmlactions.mapping.testclasses.A1.getListOfA1s() WriteMethod:public void org.xmlactions.mapping.testclasses.A1.setListOfA1s(java.util.List) Value:null - (org.xmlactions.mapping.xml_to_bean.PopulateClassFromXml:219)
 [Test worker] [] obj:interface java.util.List - (org.xmlactions.mapping.xml_to_bean.PopulateClassFromXml:191)
 [Test worker] [] org.xmlactions.mapping.xml_to_bean.PopulatorArrayList - org.xmlactions.mapping.testclasses.A1@7c97ceelistOfA1s - org.xmlactions.mapping.testclasses.A1@1663bac7 - (org.xmlactions.mapping.xml_to_bean.PopulateClassFromXml:235)
 [Test worker] [] PropertyDescriptor [listOfA1s] -  Name:listOfA1s DisplayName:listOfA1s ShortDescription:listOfA1s PropertyType:interface java.util.List ReadMethod:public java.util.List org.xmlactions.mapping.testclasses.A1.getListOfA1s() WriteMethod:public void org.xmlactions.mapping.testclasses.A1.setListOfA1s(java.util.List) Value:null - (org.xmlactions.mapping.xml_to_bean.PopulateClassFromXml:219)
 [Test worker] [] PropertyDescriptor [content] -  Name:content DisplayName:content ShortDescription:content PropertyType:class java.lang.String ReadMethod:public java.lang.String org.xmlactions.mapping.testclasses.A1.getContent() WriteMethod:public void org.xmlactions.mapping.testclasses.A1.setContent(java.lang.String) Value:null - (org.xmlactions.mapping.xml_to_bean.PopulateClassFromXml:219)
 [Test worker] [] PropertyDescriptor [anInt] -  Name:anInt DisplayName:anInt ShortDescription:anInt PropertyType:int ReadMethod:public int org.xmlactions.mapping.testclasses.A1.getAnInt() WriteMethod:public void org.xmlactions.mapping.testclasses.A1.setAnInt(int) Value:null - (org.xmlactions.mapping.xml_to_bean.PopulateClassFromXml:219)
 [Test worker] [] PropertyDescriptor [listOfA1s] -  Name:listOfA1s DisplayName:listOfA1s ShortDescription:listOfA1s PropertyType:interface java.util.List ReadMethod:public java.util.List org.xmlactions.mapping.testclasses.A1.getListOfA1s() WriteMethod:public void org.xmlactions.mapping.testclasses.A1.setListOfA1s(java.util.List) Value:null - (org.xmlactions.mapping.xml_to_bean.PopulateClassFromXml:219)
 [Test worker] [] obj:interface java.util.List - (org.xmlactions.mapping.xml_to_bean.PopulateClassFromXml:191)
 [Test worker] [] org.xmlactions.mapping.xml_to_bean.PopulatorArrayList - org.xmlactions.mapping.testclasses.A1@1663bac7listOfA1s - org.xmlactions.mapping.testclasses.A1@1df7d337 - (org.xmlactions.mapping.xml_to_bean.PopulateClassFromXml:235)
 [Test worker] [] PropertyDescriptor [listOfA1s] -  Name:listOfA1s DisplayName:listOfA1s ShortDescription:listOfA1s PropertyType:interface java.util.List ReadMethod:public java.util.List org.xmlactions.mapping.testclasses.A1.getListOfA1s() WriteMethod:public void org.xmlactions.mapping.testclasses.A1.setListOfA1s(java.util.List) Value:null - (org.xmlactions.mapping.xml_to_bean.PopulateClassFromXml:219)
 [Test worker] [] PropertyDescriptor [content] -  Name:content DisplayName:content ShortDescription:content PropertyType:class java.lang.String ReadMethod:public java.lang.String org.xmlactions.mapping.testclasses.A1.getContent() WriteMethod:public void org.xmlactions.mapping.testclasses.A1.setContent(java.lang.String) Value:null - (org.xmlactions.mapping.xml_to_bean.PopulateClassFromXml:219)
 [Test worker] [] PropertyDescriptor [anInt] -  Name:anInt DisplayName:anInt ShortDescription:anInt PropertyType:int ReadMethod:public int org.xmlactions.mapping.testclasses.A1.getAnInt() WriteMethod:public void org.xmlactions.mapping.testclasses.A1.setAnInt(int) Value:null - (org.xmlactions.mapping.xml_to_bean.PopulateClassFromXml:219)
 [Test worker] [] PropertyDescriptor [aString] -  Name:aString DisplayName:aString ShortDescription:aString PropertyType:class java.lang.String ReadMethod:public java.lang.String org.xmlactions.mapping.testclasses.A1.getaString() WriteMethod:public void org.xmlactions.mapping.testclasses.A1.setaString(java.lang.String) Value:null - (org.xmlactions.mapping.xml_to_bean.PopulateClassFromXml:219)
 [Test worker] [] PropertyDescriptor [listOfA1s] -  Name:listOfA1s DisplayName:listOfA1s ShortDescription:listOfA1s PropertyType:interface java.util.List ReadMethod:public java.util.List org.xmlactions.mapping.testclasses.A1.getListOfA1s() WriteMethod:public void org.xmlactions.mapping.testclasses.A1.setListOfA1s(java.util.List) Value:null - (org.xmlactions.mapping.xml_to_bean.PopulateClassFromXml:219)
 [Test worker] [] obj:interface java.util.List - (org.xmlactions.mapping.xml_to_bean.PopulateClassFromXml:191)
 [Test worker] [] org.xmlactions.mapping.xml_to_bean.PopulatorArrayList - org.xmlactions.mapping.testclasses.A1@7c97ceelistOfA1s - org.xmlactions.mapping.testclasses.A1@606e2d7e - (org.xmlactions.mapping.xml_to_bean.PopulateClassFromXml:235)
 [Test worker] [] PropertyDescriptor [listOfA1s] -  Name:listOfA1s DisplayName:listOfA1s ShortDescription:listOfA1s PropertyType:interface java.util.List ReadMethod:public java.util.List org.xmlactions.mapping.testclasses.A1.getListOfA1s() WriteMethod:public void org.xmlactions.mapping.testclasses.A1.setListOfA1s(java.util.List) Value:null - (org.xmlactions.mapping.xml_to_bean.PopulateClassFromXml:219)
 [Test worker] [] PropertyDescriptor [content] -  Name:content DisplayName:content ShortDescription:content PropertyType:class java.lang.String ReadMethod:public java.lang.String org.xmlactions.mapping.testclasses.A1.getContent() WriteMethod:public void org.xmlactions.mapping.testclasses.A1.setContent(java.lang.String) Value:null - (org.xmlactions.mapping.xml_to_bean.PopulateClassFromXml:219)
 [Test worker] [] PropertyDescriptor [aString] -  Name:aString DisplayName:aString ShortDescription:aString PropertyType:class java.lang.String ReadMethod:public java.lang.String org.xmlactions.mapping.testclasses.A1.getaString() WriteMethod:public void org.xmlactions.mapping.testclasses.A1.setaString(java.lang.String) Value:null - (org.xmlactions.mapping.xml_to_bean.PopulateClassFromXml:219)
 [Test worker] [] org.xmlactions.mapping.xml_to_bean.PopulatorArrayList - org.xmlactions.mapping.testclasses.A1@7c97ceelistOfA2s - null - (org.xmlactions.mapping.xml_to_bean.PopulateClassFromXml:235)
 [Test worker] [] PropertyDescriptor [listOfA2s] -  Name:listOfA2s DisplayName:listOfA2s ShortDescription:listOfA2s PropertyType:interface java.util.List ReadMethod:public java.util.List org.xmlactions.mapping.testclasses.A1.getListOfA2s() WriteMethod:public void org.xmlactions.mapping.testclasses.A1.setListOfA2s(java.util.List) Value:null - (org.xmlactions.mapping.xml_to_bean.PopulateClassFromXml:219)
 [Test worker] [] PropertyDescriptor [anInt] -  Name:anInt DisplayName:anInt ShortDescription:anInt PropertyType:int ReadMethod:public int org.xmlactions.mapping.testclasses.A2.getAnInt() WriteMethod:public void org.xmlactions.mapping.testclasses.A2.setAnInt(int) Value:null - (org.xmlactions.mapping.xml_to_bean.PopulateClassFromXml:219)
 [Test worker] [] PropertyDescriptor [aString] -  Name:aString DisplayName:aString ShortDescription:aString PropertyType:class java.lang.String ReadMethod:public java.lang.String org.xmlactions.mapping.testclasses.A2.getaString() WriteMethod:public void org.xmlactions.mapping.testclasses.A2.setaString(java.lang.String) Value:null - (org.xmlactions.mapping.xml_to_bean.PopulateClassFromXml:219)
 [Test worker] [] PropertyDescriptor [a2] -  Name:a2 DisplayName:a2 ShortDescription:a2 PropertyType:class org.xmlactions.mapping.testclasses.A2 ReadMethod:public org.xmlactions.mapping.testclasses.A2 org.xmlactions.mapping.testclasses.A1.getA2() WriteMethod:public void org.xmlactions.mapping.testclasses.A1.setA2(org.xmlactions.mapping.testclasses.A2) Value:null - (org.xmlactions.mapping.xml_to_bean.PopulateClassFromXml:219)
 [Test worker] [] PropertyDescriptor [name] -  Name:name DisplayName:name ShortDescription:name PropertyType:class java.lang.String ReadMethod:public java.lang.String org.xmlactions.mapping.testclasses.A2.getName() WriteMethod:public void org.xmlactions.mapping.testclasses.A2.setName(java.lang.String) Value:null - (org.xmlactions.mapping.xml_to_bean.PopulateClassFromXml:219)
 [Test worker] [] clas:org.xmlactions.mapping.testclasses.A1@7c97cee a1.anInt:1 - (org.xmlactions.mapping.xml_to_bean.TestPopulateClassFromXml:135)
 [Test worker] [] anInt:1
aLong:0
aDouble:1.01
aString:This is a bString
bigInt:null
timestamp:null
date:null
sqldate:null
content: 
 listOfA1s: anInt:11
 aLong:0
 aDouble:0.0
 aString:null
 bigInt:null
 timestamp:null
 date:null
 sqldate:null
 content:  
  listOfA1s:  anInt:111
  aLong:0
  aDouble:0.0
  aString:last nested a1
  bigInt:null
  timestamp:null
  date:null
  sqldate:null
  content:null
 listOfA1s: anInt:0
 aLong:0
 aDouble:0.0
 aString:ListOfA1s
 bigInt:null
 timestamp:null
 date:null
 sqldate:null
 content:null
 a2:a2
 listOfA2s: anInt:222
 aString:last nested a2
 content:null - (org.xmlactions.mapping.xml_to_bean.TestPopulateClassFromXml:137)
 [Test worker] [] Unable to set property [xmlns] on bean [org.xmlactions.mapping.xml_to_bean.XmlToBean] with value of [http://www.xmlactions.org/xml_to_bean] error:Unknown property 'xmlns' on class 'class org.xmlactions.mapping.xml_to_bean.XmlToBean' - (org.xmlactions.action.actions.SetupBeanFromXML:67)
 [Test worker] [] Unable to set property [xmlns:xsi] on bean [org.xmlactions.mapping.xml_to_bean.XmlToBean] with value of [http://www.w3.org/2001/XMLSchema-instance] error:Unknown property 'xmlns:xsi' on class 'class org.xmlactions.mapping.xml_to_bean.XmlToBean' - (org.xmlactions.action.actions.SetupBeanFromXML:67)
 [Test worker] [] Unable to set property [xsi:schemaLocation] on bean [org.xmlactions.mapping.xml_to_bean.XmlToBean] with value of [http://www.xmlactions.org/xml_to_bean http://www.xmlactions.org/schema/xml_to_bean.xsd] error:Unknown property 'xsi:schemaLocation' on class 'class org.xmlactions.mapping.xml_to_bean.XmlToBean' - (org.xmlactions.action.actions.SetupBeanFromXML:67)
 [Test worker] [] Unable to set property [xmlns] on bean [org.xmlactions.mapping.xml_to_bean.XmlToBean] with value of [http://www.xmlactions.org/xml_to_bean] error:Unknown property 'xmlns' on class 'class org.xmlactions.mapping.xml_to_bean.XmlToBean' - (org.xmlactions.action.actions.SetupBeanFromXML:67)
 [Test worker] [] Unable to set property [xmlns:xsi] on bean [org.xmlactions.mapping.xml_to_bean.XmlToBean] with value of [http://www.w3.org/2001/XMLSchema-instance] error:Unknown property 'xmlns:xsi' on class 'class org.xmlactions.mapping.xml_to_bean.XmlToBean' - (org.xmlactions.action.actions.SetupBeanFromXML:67)
 [Test worker] [] Unable to set property [xsi:schemaLocation] on bean [org.xmlactions.mapping.xml_to_bean.XmlToBean] with value of [http://www.xmlactions.org/xml_to_bean http://www.xmlactions.org/schema/xml_to_bean.xsd] error:Unknown property 'xsi:schemaLocation' on class 'class org.xmlactions.mapping.xml_to_bean.XmlToBean' - (org.xmlactions.action.actions.SetupBeanFromXML:67)
 [Test worker] [] xo.getContent():Content of A1 - (org.xmlactions.mapping.xml_to_bean.PopulateClassFromXml:81)
 [Test worker] [] PropertyDescriptor [content] -  Name:content DisplayName:content ShortDescription:content PropertyType:class java.lang.String ReadMethod:public java.lang.String org.xmlactions.mapping.testclasses.A1.getContent() WriteMethod:public void org.xmlactions.mapping.testclasses.A1.setContent(java.lang.String) Value:null - (org.xmlactions.mapping.xml_to_bean.PopulateClassFromXml:219)
 [Test worker] [] PropertyDescriptor [a2] -  Name:a2 DisplayName:a2 ShortDescription:a2 PropertyType:class org.xmlactions.mapping.testclasses.A2 ReadMethod:public org.xmlactions.mapping.testclasses.A2 org.xmlactions.mapping.testclasses.A1.getA2() WriteMethod:public void org.xmlactions.mapping.testclasses.A1.setA2(org.xmlactions.mapping.testclasses.A2) Value:null - (org.xmlactions.mapping.xml_to_bean.PopulateClassFromXml:219)
 [Test worker] [] 
anInt:0
aLong:0
aDouble:0.0
aString:null
bigInt:null
timestamp:null
date:null
sqldate:null
content:Content of A1
 a2:null - (org.xmlactions.mapping.xml_to_bean.TestPopulateClassFromXml:51)
 [Test worker] [] Unable to set property [xmlns] on bean [org.xmlactions.mapping.xml_to_bean.XmlToBean] with value of [http://www.xmlactions.org/xml_to_bean] error:Unknown property 'xmlns' on class 'class org.xmlactions.mapping.xml_to_bean.XmlToBean' - (org.xmlactions.action.actions.SetupBeanFromXML:67)
 [Test worker] [] Unable to set property [xmlns:xsi] on bean [org.xmlactions.mapping.xml_to_bean.XmlToBean] with value of [http://www.w3.org/2001/XMLSchema-instance] error:Unknown property 'xmlns:xsi' on class 'class org.xmlactions.mapping.xml_to_bean.XmlToBean' - (org.xmlactions.action.actions.SetupBeanFromXML:67)
 [Test worker] [] Unable to set property [xsi:schemaLocation] on bean [org.xmlactions.mapping.xml_to_bean.XmlToBean] with value of [http://www.xmlactions.org/xml_to_bean http://www.xmlactions.org/schema/xml_to_bean.xsd] error:Unknown property 'xsi:schemaLocation' on class 'class org.xmlactions.mapping.xml_to_bean.XmlToBean' - (org.xmlactions.action.actions.SetupBeanFromXML:67)
 [Test worker] [] Unable to set property [xmlns] on bean [org.xmlactions.mapping.xml_to_bean.XmlToBean] with value of [http://www.xmlactions.org/xml_to_bean] error:Unknown property 'xmlns' on class 'class org.xmlactions.mapping.xml_to_bean.XmlToBean' - (org.xmlactions.action.actions.SetupBeanFromXML:67)
 [Test worker] [] Unable to set property [xmlns:xsi] on bean [org.xmlactions.mapping.xml_to_bean.XmlToBean] with value of [http://www.w3.org/2001/XMLSchema-instance] error:Unknown property 'xmlns:xsi' on class 'class org.xmlactions.mapping.xml_to_bean.XmlToBean' - (org.xmlactions.action.actions.SetupBeanFromXML:67)
 [Test worker] [] Unable to set property [xsi:schemaLocation] on bean [org.xmlactions.mapping.xml_to_bean.XmlToBean] with value of [http://www.xmlactions.org/xml_to_bean http://www.xmlactions.org/schema/xml_to_bean.xsd] error:Unknown property 'xsi:schemaLocation' on class 'class org.xmlactions.mapping.xml_to_bean.XmlToBean' - (org.xmlactions.action.actions.SetupBeanFromXML:67)
 [Test worker] [] xo.getContent():Content of A1 - (org.xmlactions.mapping.xml_to_bean.PopulateClassFromXml:81)
 [Test worker] [] PropertyDescriptor [content] -  Name:content DisplayName:content ShortDescription:content PropertyType:class java.lang.String ReadMethod:public java.lang.String org.xmlactions.mapping.testclasses.A1.getContent() WriteMethod:public void org.xmlactions.mapping.testclasses.A1.setContent(java.lang.String) Value:null - (org.xmlactions.mapping.xml_to_bean.PopulateClassFromXml:219)
 [Test worker] [] PropertyDescriptor [anInt] -  Name:anInt DisplayName:anInt ShortDescription:anInt PropertyType:int ReadMethod:public int org.xmlactions.mapping.testclasses.A1.getAnInt() WriteMethod:public void org.xmlactions.mapping.testclasses.A1.setAnInt(int) Value:null - (org.xmlactions.mapping.xml_to_bean.PopulateClassFromXml:219)
 [Test worker] [] PropertyDescriptor [aDouble] -  Name:aDouble DisplayName:aDouble ShortDescription:aDouble PropertyType:double ReadMethod:public double org.xmlactions.mapping.testclasses.A1.getaDouble() WriteMethod:public void org.xmlactions.mapping.testclasses.A1.setaDouble(double) Value:null - (org.xmlactions.mapping.xml_to_bean.PopulateClassFromXml:219)
 [Test worker] [] PropertyDescriptor [aString] -  Name:aString DisplayName:aString ShortDescription:aString PropertyType:class java.lang.String ReadMethod:public java.lang.String org.xmlactions.mapping.testclasses.A1.getaString() WriteMethod:public void org.xmlactions.mapping.testclasses.A1.setaString(java.lang.String) Value:null - (org.xmlactions.mapping.xml_to_bean.PopulateClassFromXml:219)
 [Test worker] [] PropertyDescriptor [bigInt] -  Name:bigInt DisplayName:bigInt ShortDescription:bigInt PropertyType:class java.math.BigInteger ReadMethod:public java.math.BigInteger org.xmlactions.mapping.testclasses.A1.getBigInt() WriteMethod:public void org.xmlactions.mapping.testclasses.A1.setBigInt(java.math.BigInteger) Value:null - (org.xmlactions.mapping.xml_to_bean.PopulateClassFromXml:219)
 [Test worker] [] org.xmlactions.mapping.xml_to_bean.PopulatorTimestamp - org.xmlactions.mapping.testclasses.A1@1c043f45timestamp - 2011-08-15 01:22 - (org.xmlactions.mapping.xml_to_bean.PopulateClassFromXml:235)
 [Test worker] [] org.xmlactions.mapping.xml_to_bean.PopulatorDate - org.xmlactions.mapping.testclasses.A1@1c043f45date - 2011-08-16 01:22 - (org.xmlactions.mapping.xml_to_bean.PopulateClassFromXml:235)
 [Test worker] [] org.xmlactions.mapping.xml_to_bean.PopulatorSqlDate - org.xmlactions.mapping.testclasses.A1@1c043f45sqldate - 2011-08-17 02:33 - (org.xmlactions.mapping.xml_to_bean.PopulateClassFromXml:235)
 [Test worker] [] PropertyDescriptor [a2] -  Name:a2 DisplayName:a2 ShortDescription:a2 PropertyType:class org.xmlactions.mapping.testclasses.A2 ReadMethod:public org.xmlactions.mapping.testclasses.A2 org.xmlactions.mapping.testclasses.A1.getA2() WriteMethod:public void org.xmlactions.mapping.testclasses.A1.setA2(org.xmlactions.mapping.testclasses.A2) Value:null - (org.xmlactions.mapping.xml_to_bean.PopulateClassFromXml:219)
 [Test worker] [] 
anInt:1
aLong:1002
aDouble:1.01
aString:This is a String
bigInt:999999999
timestamp:2011-08-15 01:22:00.0
date:Tue Aug 16 01:22:00 BST 2011
sqldate:2011-08-17
content:Content of A1
 a2:null - (org.xmlactions.mapping.xml_to_bean.TestPopulateClassFromXml:43)
 [Test worker] [] Unable to set property [xmlns] on bean [org.xmlactions.mapping.xml_to_bean.XmlToBean] with value of [http://www.xmlactions.org/xml_to_bean] error:Unknown property 'xmlns' on class 'class org.xmlactions.mapping.xml_to_bean.XmlToBean' - (org.xmlactions.action.actions.SetupBeanFromXML:67)
 [Test worker] [] Unable to set property [xmlns:xsi] on bean [org.xmlactions.mapping.xml_to_bean.XmlToBean] with value of [http://www.w3.org/2001/XMLSchema-instance] error:Unknown property 'xmlns:xsi' on class 'class org.xmlactions.mapping.xml_to_bean.XmlToBean' - (org.xmlactions.action.actions.SetupBeanFromXML:67)
 [Test worker] [] Unable to set property [xsi:schemaLocation] on bean [org.xmlactions.mapping.xml_to_bean.XmlToBean] with value of [http://www.xmlactions.org/xml_to_bean http://www.xmlactions.org/schema/xml_to_bean.xsd] error:Unknown property 'xsi:schemaLocation' on class 'class org.xmlactions.mapping.xml_to_bean.XmlToBean' - (org.xmlactions.action.actions.SetupBeanFromXML:67)
 [Test worker] [] xml:<a1 anInt = "1" aDouble="1.01" aString="This is a String"><listOfA1s anInt="11"> <listOfA1s anInt="111" aString="last nested a1"/> </listOfA1s></a1> - (org.xmlactions.mapping.xml_to_bean.TestPopulateClassFromXml:97)
 [Test worker] [] xo.getContent(): - (org.xmlactions.mapping.xml_to_bean.PopulateClassFromXml:81)
 [Test worker] [] PropertyDescriptor [content] -  Name:content DisplayName:content ShortDescription:content PropertyType:class java.lang.String ReadMethod:public java.lang.String org.xmlactions.mapping.testclasses.A1.getContent() WriteMethod:public void org.xmlactions.mapping.testclasses.A1.setContent(java.lang.String) Value:null - (org.xmlactions.mapping.xml_to_bean.PopulateClassFromXml:219)
 [Test worker] [] PropertyDescriptor [anInt] -  Name:anInt DisplayName:anInt ShortDescription:anInt PropertyType:int ReadMethod:public int org.xmlactions.mapping.testclasses.A1.getAnInt() WriteMethod:public void org.xmlactions.mapping.testclasses.A1.setAnInt(int) Value:null - (org.xmlactions.mapping.xml_to_bean.PopulateClassFromXml:219)
 [Test worker] [] PropertyDescriptor [aDouble] -  Name:aDouble DisplayName:aDouble ShortDescription:aDouble PropertyType:double ReadMethod:public double org.xmlactions.mapping.testclasses.A1.getaDouble() WriteMethod:public void org.xmlactions.mapping.testclasses.A1.setaDouble(double) Value:null - (org.xmlactions.mapping.xml_to_bean.PopulateClassFromXml:219)
 [Test worker] [] PropertyDescriptor [aString] -  Name:aString DisplayName:aString ShortDescription:aString PropertyType:class java.lang.String ReadMethod:public java.lang.String org.xmlactions.mapping.testclasses.A1.getaString() WriteMethod:public void org.xmlactions.mapping.testclasses.A1.setaString(java.lang.String) Value:null - (org.xmlactions.mapping.xml_to_bean.PopulateClassFromXml:219)
 [Test worker] [] PropertyDescriptor [listOfA1s] -  Name:listOfA1s DisplayName:listOfA1s ShortDescription:listOfA1s PropertyType:interface java.util.List ReadMethod:public java.util.List org.xmlactions.mapping.testclasses.A1.getListOfA1s() WriteMethod:public void org.xmlactions.mapping.testclasses.A1.setListOfA1s(java.util.List) Value:null - (org.xmlactions.mapping.xml_to_bean.PopulateClassFromXml:219)
 [Test worker] [] obj:interface java.util.List - (org.xmlactions.mapping.xml_to_bean.PopulateClassFromXml:191)
 [Test worker] [] org.xmlactions.mapping.xml_to_bean.PopulatorArrayList - org.xmlactions.mapping.testclasses.A1@1a8e4db0listOfA1s - org.xmlactions.mapping.testclasses.A1@6eb45019 - (org.xmlactions.mapping.xml_to_bean.PopulateClassFromXml:235)
 [Test worker] [] PropertyDescriptor [listOfA1s] -  Name:listOfA1s DisplayName:listOfA1s ShortDescription:listOfA1s PropertyType:interface java.util.List ReadMethod:public java.util.List org.xmlactions.mapping.testclasses.A1.getListOfA1s() WriteMethod:public void org.xmlactions.mapping.testclasses.A1.setListOfA1s(java.util.List) Value:null - (org.xmlactions.mapping.xml_to_bean.PopulateClassFromXml:219)
 [Test worker] [] PropertyDescriptor [content] -  Name:content DisplayName:content ShortDescription:content PropertyType:class java.lang.String ReadMethod:public java.lang.String org.xmlactions.mapping.testclasses.A1.getContent() WriteMethod:public void org.xmlactions.mapping.testclasses.A1.setContent(java.lang.String) Value:null - (org.xmlactions.mapping.xml_to_bean.PopulateClassFromXml:219)
 [Test worker] [] PropertyDescriptor [anInt] -  Name:anInt DisplayName:anInt ShortDescription:anInt PropertyType:int ReadMethod:public int org.xmlactions.mapping.testclasses.A1.getAnInt() WriteMethod:public void org.xmlactions.mapping.testclasses.A1.setAnInt(int) Value:null - (org.xmlactions.mapping.xml_to_bean.PopulateClassFromXml:219)
 [Test worker] [] PropertyDescriptor [listOfA1s] -  Name:listOfA1s DisplayName:listOfA1s ShortDescription:listOfA1s PropertyType:interface java.util.List ReadMethod:public java.util.List org.xmlactions.mapping.testclasses.A1.getListOfA1s() WriteMethod:public void org.xmlactions.mapping.testclasses.A1.setListOfA1s(java.util.List) Value:null - (org.xmlactions.mapping.xml_to_bean.PopulateClassFromXml:219)
 [Test worker] [] obj:interface java.util.List - (org.xmlactions.mapping.xml_to_bean.PopulateClassFromXml:191)
 [Test worker] [] org.xmlactions.mapping.xml_to_bean.PopulatorArrayList - org.xmlactions.mapping.testclasses.A1@6eb45019listOfA1s - org.xmlactions.mapping.testclasses.A1@44a607f0 - (org.xmlactions.mapping.xml_to_bean.PopulateClassFromXml:235)
 [Test worker] [] PropertyDescriptor [listOfA1s] -  Name:listOfA1s DisplayName:listOfA1s ShortDescription:listOfA1s PropertyType:interface java.util.List ReadMethod:public java.util.List org.xmlactions.mapping.testclasses.A1.getListOfA1s() WriteMethod:public void org.xmlactions.mapping.testclasses.A1.setListOfA1s(java.util.List) Value:null - (org.xmlactions.mapping.xml_to_bean.PopulateClassFromXml:219)
 [Test worker] [] PropertyDescriptor [content] -  Name:content DisplayName:content ShortDescription:content PropertyType:class java.lang.String ReadMethod:public java.lang.String org.xmlactions.mapping.testclasses.A1.getContent() WriteMethod:public void org.xmlactions.mapping.testclasses.A1.setContent(java.lang.String) Value:null - (org.xmlactions.mapping.xml_to_bean.PopulateClassFromXml:219)
 [Test worker] [] PropertyDescriptor [anInt] -  Name:anInt DisplayName:anInt ShortDescription:anInt PropertyType:int ReadMethod:public int org.xmlactions.mapping.testclasses.A1.getAnInt() WriteMethod:public void org.xmlactions.mapping.testclasses.A1.setAnInt(int) Value:null - (org.xmlactions.mapping.xml_to_bean.PopulateClassFromXml:219)
 [Test worker] [] PropertyDescriptor [aString] -  Name:aString DisplayName:aString ShortDescription:aString PropertyType:class java.lang.String ReadMethod:public java.lang.String org.xmlactions.mapping.testclasses.A1.getaString() WriteMethod:public void org.xmlactions.mapping.testclasses.A1.setaString(java.lang.String) Value:null - (org.xmlactions.mapping.xml_to_bean.PopulateClassFromXml:219)
 [Test worker] [] clas:org.xmlactions.mapping.testclasses.A1@1a8e4db0 a1.anInt:1 - (org.xmlactions.mapping.xml_to_bean.TestPopulateClassFromXml:101)
 [Test worker] [] anInt:1
aLong:0
aDouble:1.01
aString:This is a String
bigInt:null
timestamp:null
date:null
sqldate:null
content:
 listOfA1s: anInt:11
 aLong:0
 aDouble:0.0
 aString:null
 bigInt:null
 timestamp:null
 date:null
 sqldate:null
 content: 
  listOfA1s:  anInt:111
  aLong:0
  aDouble:0.0
  aString:last nested a1
  bigInt:null
  timestamp:null
  date:null
  sqldate:null
  content:null - (org.xmlactions.mapping.xml_to_bean.TestPopulateClassFromXml:103)
 ]]></system-out>
  <system-err><![CDATA[]]></system-err>
</testsuite>
