<?xml version="1.0" encoding="UTF-8"?>
<testsuite name="org.xmlactions.mapping.bean_to_xml.TestPopulateXmlFromClass" tests="3" skipped="0" failures="0" errors="0" timestamp="2019-01-10T14:07:24" hostname="7SV0SQ2-NB" time="0.035">
  <properties/>
  <testcase name="testOne" classname="org.xmlactions.mapping.bean_to_xml.TestPopulateXmlFromClass" time="0.017"/>
  <testcase name="testTwo" classname="org.xmlactions.mapping.bean_to_xml.TestPopulateXmlFromClass" time="0.009"/>
  <testcase name="testThree" classname="org.xmlactions.mapping.bean_to_xml.TestPopulateXmlFromClass" time="0.009"/>
  <system-out><![CDATA[[Test worker] [] Unable to set property [xmlns] on bean [org.xmlactions.mapping.bean_to_xml.BeanToXml] with value of [http://www.xmlactions.org/bean_to_xml] error:Unknown property 'xmlns' on class 'class org.xmlactions.mapping.bean_to_xml.BeanToXml' - (org.xmlactions.action.actions.SetupBeanFromXML:67)
 [Test worker] [] Unable to set property [xmlns:xsi] on bean [org.xmlactions.mapping.bean_to_xml.BeanToXml] with value of [http://www.w3.org/2001/XMLSchema-instance] error:Unknown property 'xmlns:xsi' on class 'class org.xmlactions.mapping.bean_to_xml.BeanToXml' - (org.xmlactions.action.actions.SetupBeanFromXML:67)
 [Test worker] [] Unable to set property [xsi:schemaLocation] on bean [org.xmlactions.mapping.bean_to_xml.BeanToXml] with value of [http://www.xmlactions.org/bean_to_xml http://www.xmlactions.org/schema/bean_to_xml.xsd] error:Unknown property 'xsi:schemaLocation' on class 'class org.xmlactions.mapping.bean_to_xml.BeanToXml' - (org.xmlactions.action.actions.SetupBeanFromXML:67)
 [Test worker] [] Unable to set property [name] on bean [org.xmlactions.mapping.bean_to_xml.MapperElement] with value of [aListOfA1s] error:Property 'name' has no getter method in class 'class org.xmlactions.mapping.bean_to_xml.MapperElement' - (org.xmlactions.action.actions.SetupBeanFromXML:67)
 [Test worker] [] Unable to set property [name] on bean [org.xmlactions.mapping.bean_to_xml.MapperElement] with value of [A2] error:Property 'name' has no getter method in class 'class org.xmlactions.mapping.bean_to_xml.MapperElement' - (org.xmlactions.action.actions.SetupBeanFromXML:67)
 [Test worker] [] Unable to set property [name] on bean [org.xmlactions.mapping.bean_to_xml.MapperElement] with value of [User] error:Property 'name' has no getter method in class 'class org.xmlactions.mapping.bean_to_xml.MapperElement' - (org.xmlactions.action.actions.SetupBeanFromXML:67)
 [Test worker] [] Unable to set property [name] on bean [org.xmlactions.mapping.bean_to_xml.MapperElement] with value of [ers] error:Property 'name' has no getter method in class 'class org.xmlactions.mapping.bean_to_xml.MapperElement' - (org.xmlactions.action.actions.SetupBeanFromXML:67)
 [Test worker] [] found bean with class name:org.xmlactions.mapping.testclasses.A1 - (org.xmlactions.mapping.bean_to_xml.BeanToXml:56)
 [Test worker] [] className:org.xmlactions.mapping.testclasses.A1 - (org.xmlactions.mapping.bean_to_xml.BeanToXml:33)
 [Test worker] [] org.xmlactions.mapping.bean_to_xml.PopulatorFromTimestamp - 2019-01-10 14:07:24.291timestamp - (org.xmlactions.mapping.bean_to_xml.MapperAttribute:123)
 [Test worker] [] element property [listOfA1s] name [aListOfA1s] bean_ref [a1] - (org.xmlactions.mapping.bean_to_xml.MapperElement:36)
 [Test worker] [] property object = java.util.ArrayList - (org.xmlactions.mapping.bean_to_xml.MapperElement:41)
 [Test worker] [] org.xmlactions.mapping.bean_to_xml.PopulatorFromList - [org.xmlactions.mapping.testclasses.A1@14ac34e0, org.xmlactions.mapping.testclasses.A1@6bfbca72, org.xmlactions.mapping.testclasses.A1@7fd63392]listOfA1s - (org.xmlactions.mapping.bean_to_xml.MapperElement:156)
 [Test worker] [] found bean with name:a1 - (org.xmlactions.mapping.bean_to_xml.BeanToXml:66)
 [Test worker] [] NullPointerException:attribute name [null] property [timestamp] - (org.xmlactions.mapping.bean_to_xml.MapperAttribute:52)
 [Test worker] [] org.xmlactions.mapping.bean_to_xml.PopulatorFromTimestamp - nulltimestamp - (org.xmlactions.mapping.bean_to_xml.MapperAttribute:123)
 [Test worker] [] NullPointerException:attribute name [timestamp2] property [timestamp] - (org.xmlactions.mapping.bean_to_xml.MapperAttribute:52)
 [Test worker] [] element property [listOfA1s] name [aListOfA1s] bean_ref [a1] - (org.xmlactions.mapping.bean_to_xml.MapperElement:36)
 [Test worker] [] property object = java.util.ArrayList - (org.xmlactions.mapping.bean_to_xml.MapperElement:41)
 [Test worker] [] org.xmlactions.mapping.bean_to_xml.PopulatorFromList - []listOfA1s - (org.xmlactions.mapping.bean_to_xml.MapperElement:156)
 [Test worker] [] element property [a2] name [A2] bean_ref [a2] - (org.xmlactions.mapping.bean_to_xml.MapperElement:36)
 [Test worker] [] element property [users] name [User] bean_ref [null] - (org.xmlactions.mapping.bean_to_xml.MapperElement:36)
 [Test worker] [] element property [ersList] name [ers] bean_ref [a2] - (org.xmlactions.mapping.bean_to_xml.MapperElement:36)
 [Test worker] [] property object = java.util.ArrayList - (org.xmlactions.mapping.bean_to_xml.MapperElement:41)
 [Test worker] [] org.xmlactions.mapping.bean_to_xml.PopulatorFromList - []ersList - (org.xmlactions.mapping.bean_to_xml.MapperElement:156)
 [Test worker] [] found bean with name:a1 - (org.xmlactions.mapping.bean_to_xml.BeanToXml:66)
 [Test worker] [] NullPointerException:attribute name [null] property [timestamp] - (org.xmlactions.mapping.bean_to_xml.MapperAttribute:52)
 [Test worker] [] org.xmlactions.mapping.bean_to_xml.PopulatorFromTimestamp - nulltimestamp - (org.xmlactions.mapping.bean_to_xml.MapperAttribute:123)
 [Test worker] [] NullPointerException:attribute name [timestamp2] property [timestamp] - (org.xmlactions.mapping.bean_to_xml.MapperAttribute:52)
 [Test worker] [] element property [listOfA1s] name [aListOfA1s] bean_ref [a1] - (org.xmlactions.mapping.bean_to_xml.MapperElement:36)
 [Test worker] [] property object = java.util.ArrayList - (org.xmlactions.mapping.bean_to_xml.MapperElement:41)
 [Test worker] [] org.xmlactions.mapping.bean_to_xml.PopulatorFromList - []listOfA1s - (org.xmlactions.mapping.bean_to_xml.MapperElement:156)
 [Test worker] [] element property [a2] name [A2] bean_ref [a2] - (org.xmlactions.mapping.bean_to_xml.MapperElement:36)
 [Test worker] [] element property [users] name [User] bean_ref [null] - (org.xmlactions.mapping.bean_to_xml.MapperElement:36)
 [Test worker] [] element property [ersList] name [ers] bean_ref [a2] - (org.xmlactions.mapping.bean_to_xml.MapperElement:36)
 [Test worker] [] property object = java.util.ArrayList - (org.xmlactions.mapping.bean_to_xml.MapperElement:41)
 [Test worker] [] org.xmlactions.mapping.bean_to_xml.PopulatorFromList - []ersList - (org.xmlactions.mapping.bean_to_xml.MapperElement:156)
 [Test worker] [] found bean with name:a1 - (org.xmlactions.mapping.bean_to_xml.BeanToXml:66)
 [Test worker] [] NullPointerException:attribute name [null] property [timestamp] - (org.xmlactions.mapping.bean_to_xml.MapperAttribute:52)
 [Test worker] [] org.xmlactions.mapping.bean_to_xml.PopulatorFromTimestamp - nulltimestamp - (org.xmlactions.mapping.bean_to_xml.MapperAttribute:123)
 [Test worker] [] NullPointerException:attribute name [timestamp2] property [timestamp] - (org.xmlactions.mapping.bean_to_xml.MapperAttribute:52)
 [Test worker] [] element property [listOfA1s] name [aListOfA1s] bean_ref [a1] - (org.xmlactions.mapping.bean_to_xml.MapperElement:36)
 [Test worker] [] property object = java.util.ArrayList - (org.xmlactions.mapping.bean_to_xml.MapperElement:41)
 [Test worker] [] org.xmlactions.mapping.bean_to_xml.PopulatorFromList - []listOfA1s - (org.xmlactions.mapping.bean_to_xml.MapperElement:156)
 [Test worker] [] element property [a2] name [A2] bean_ref [a2] - (org.xmlactions.mapping.bean_to_xml.MapperElement:36)
 [Test worker] [] element property [users] name [User] bean_ref [null] - (org.xmlactions.mapping.bean_to_xml.MapperElement:36)
 [Test worker] [] element property [ersList] name [ers] bean_ref [a2] - (org.xmlactions.mapping.bean_to_xml.MapperElement:36)
 [Test worker] [] property object = java.util.ArrayList - (org.xmlactions.mapping.bean_to_xml.MapperElement:41)
 [Test worker] [] org.xmlactions.mapping.bean_to_xml.PopulatorFromList - []ersList - (org.xmlactions.mapping.bean_to_xml.MapperElement:156)
 [Test worker] [] element property [a2] name [A2] bean_ref [a2] - (org.xmlactions.mapping.bean_to_xml.MapperElement:36)
 [Test worker] [] property object = org.xmlactions.mapping.testclasses.A2 - (org.xmlactions.mapping.bean_to_xml.MapperElement:41)
 [Test worker] [] found bean with name:a2 - (org.xmlactions.mapping.bean_to_xml.BeanToXml:66)
 [Test worker] [] element property [users] name [User] bean_ref [null] - (org.xmlactions.mapping.bean_to_xml.MapperElement:36)
 [Test worker] [] property object = [Ljava.lang.String; - (org.xmlactions.mapping.bean_to_xml.MapperElement:41)
 [Test worker] [] org.xmlactions.mapping.bean_to_xml.PopulatorFromArray - [Ljava.lang.String;@3509cc47users - (org.xmlactions.mapping.bean_to_xml.MapperElement:156)
 [Test worker] [] element property [ersList] name [ers] bean_ref [a2] - (org.xmlactions.mapping.bean_to_xml.MapperElement:36)
 [Test worker] [] property object = java.util.ArrayList - (org.xmlactions.mapping.bean_to_xml.MapperElement:41)
 [Test worker] [] org.xmlactions.mapping.bean_to_xml.PopulatorFromList - []ersList - (org.xmlactions.mapping.bean_to_xml.MapperElement:156)
 [Test worker] [] xml:<?xml version="1.0" encoding="UTF-8"?>
<rio:a1 xmlns:rio="rio_uri" anInt="1" timestamp="2019-01-10 14:07:24.291" timestamp2="2019-01-10 14:07"><rio:a1 anInt="1"/><rio:a1 anInt="1"/><rio:a1 anInt="1"/><A2 name="name of a2" anInt="1" aString="This is an A2 string"/><User>name1</User><User>name2</User><User>name3</User></rio:a1>

 - (org.xmlactions.mapping.bean_to_xml.TestPopulateXmlFromClass:28)
 [Test worker] [] Unable to set property [xmlns] on bean [org.xmlactions.mapping.bean_to_xml.BeanToXml] with value of [http://www.xmlactions.org/bean_to_xml] error:Unknown property 'xmlns' on class 'class org.xmlactions.mapping.bean_to_xml.BeanToXml' - (org.xmlactions.action.actions.SetupBeanFromXML:67)
 [Test worker] [] Unable to set property [xmlns:xsi] on bean [org.xmlactions.mapping.bean_to_xml.BeanToXml] with value of [http://www.w3.org/2001/XMLSchema-instance] error:Unknown property 'xmlns:xsi' on class 'class org.xmlactions.mapping.bean_to_xml.BeanToXml' - (org.xmlactions.action.actions.SetupBeanFromXML:67)
 [Test worker] [] Unable to set property [xsi:schemaLocation] on bean [org.xmlactions.mapping.bean_to_xml.BeanToXml] with value of [http://www.xmlactions.org/bean_to_xml http://www.xmlactions.org/schema/bean_to_xml.xsd] error:Unknown property 'xsi:schemaLocation' on class 'class org.xmlactions.mapping.bean_to_xml.BeanToXml' - (org.xmlactions.action.actions.SetupBeanFromXML:67)
 [Test worker] [] Unable to set property [name] on bean [org.xmlactions.mapping.bean_to_xml.MapperElement] with value of [aListOfA1s] error:Property 'name' has no getter method in class 'class org.xmlactions.mapping.bean_to_xml.MapperElement' - (org.xmlactions.action.actions.SetupBeanFromXML:67)
 [Test worker] [] Unable to set property [name] on bean [org.xmlactions.mapping.bean_to_xml.MapperElement] with value of [A2] error:Property 'name' has no getter method in class 'class org.xmlactions.mapping.bean_to_xml.MapperElement' - (org.xmlactions.action.actions.SetupBeanFromXML:67)
 [Test worker] [] Unable to set property [name] on bean [org.xmlactions.mapping.bean_to_xml.MapperElement] with value of [User] error:Property 'name' has no getter method in class 'class org.xmlactions.mapping.bean_to_xml.MapperElement' - (org.xmlactions.action.actions.SetupBeanFromXML:67)
 [Test worker] [] Unable to set property [name] on bean [org.xmlactions.mapping.bean_to_xml.MapperElement] with value of [ers] error:Property 'name' has no getter method in class 'class org.xmlactions.mapping.bean_to_xml.MapperElement' - (org.xmlactions.action.actions.SetupBeanFromXML:67)
 [Test worker] [] found bean with class name:org.xmlactions.mapping.testclasses.A1 - (org.xmlactions.mapping.bean_to_xml.BeanToXml:56)
 [Test worker] [] className:org.xmlactions.mapping.testclasses.A1 - (org.xmlactions.mapping.bean_to_xml.BeanToXml:33)
 [Test worker] [] org.xmlactions.mapping.bean_to_xml.PopulatorFromTimestamp - 2019-01-10 14:07:24.307timestamp - (org.xmlactions.mapping.bean_to_xml.MapperAttribute:123)
 [Test worker] [] element property [listOfA1s] name [aListOfA1s] bean_ref [a1] - (org.xmlactions.mapping.bean_to_xml.MapperElement:36)
 [Test worker] [] element property [a2] name [A2] bean_ref [a2] - (org.xmlactions.mapping.bean_to_xml.MapperElement:36)
 [Test worker] [] property object = org.xmlactions.mapping.testclasses.A2 - (org.xmlactions.mapping.bean_to_xml.MapperElement:41)
 [Test worker] [] found bean with name:a2 - (org.xmlactions.mapping.bean_to_xml.BeanToXml:66)
 [Test worker] [] element property [users] name [User] bean_ref [null] - (org.xmlactions.mapping.bean_to_xml.MapperElement:36)
 [Test worker] [] property object = [Ljava.lang.String; - (org.xmlactions.mapping.bean_to_xml.MapperElement:41)
 [Test worker] [] org.xmlactions.mapping.bean_to_xml.PopulatorFromArray - [Ljava.lang.String;@c5a36fcusers - (org.xmlactions.mapping.bean_to_xml.MapperElement:156)
 [Test worker] [] element property [ersList] name [ers] bean_ref [a2] - (org.xmlactions.mapping.bean_to_xml.MapperElement:36)
 [Test worker] [] property object = java.util.ArrayList - (org.xmlactions.mapping.bean_to_xml.MapperElement:41)
 [Test worker] [] org.xmlactions.mapping.bean_to_xml.PopulatorFromList - []ersList - (org.xmlactions.mapping.bean_to_xml.MapperElement:156)
 [Test worker] [] xml:<?xml version="1.0" encoding="UTF-8"?>
<rio:a1 xmlns:rio="rio_uri" anInt="1" timestamp="2019-01-10 14:07:24.307" timestamp2="2019-01-10 14:07"><A2 name="name of a2" anInt="1" aString="This is an A2 string"/><User>name1</User><User>name2</User><User>name3</User></rio:a1>

 - (org.xmlactions.mapping.bean_to_xml.TestPopulateXmlFromClass:37)
 [Test worker] [] Unable to set property [xmlns] on bean [org.xmlactions.mapping.bean_to_xml.BeanToXml] with value of [http://www.xmlactions.org/bean_to_xml] error:Unknown property 'xmlns' on class 'class org.xmlactions.mapping.bean_to_xml.BeanToXml' - (org.xmlactions.action.actions.SetupBeanFromXML:67)
 [Test worker] [] Unable to set property [xmlns:xsi] on bean [org.xmlactions.mapping.bean_to_xml.BeanToXml] with value of [http://www.w3.org/2001/XMLSchema-instance] error:Unknown property 'xmlns:xsi' on class 'class org.xmlactions.mapping.bean_to_xml.BeanToXml' - (org.xmlactions.action.actions.SetupBeanFromXML:67)
 [Test worker] [] Unable to set property [xsi:schemaLocation] on bean [org.xmlactions.mapping.bean_to_xml.BeanToXml] with value of [http://www.xmlactions.org/bean_to_xml http://www.xmlactions.org/schema/bean_to_xml.xsd] error:Unknown property 'xsi:schemaLocation' on class 'class org.xmlactions.mapping.bean_to_xml.BeanToXml' - (org.xmlactions.action.actions.SetupBeanFromXML:67)
 [Test worker] [] Unable to set property [name] on bean [org.xmlactions.mapping.bean_to_xml.MapperElement] with value of [aListOfA1s] error:Property 'name' has no getter method in class 'class org.xmlactions.mapping.bean_to_xml.MapperElement' - (org.xmlactions.action.actions.SetupBeanFromXML:67)
 [Test worker] [] Unable to set property [name] on bean [org.xmlactions.mapping.bean_to_xml.MapperElement] with value of [A2] error:Property 'name' has no getter method in class 'class org.xmlactions.mapping.bean_to_xml.MapperElement' - (org.xmlactions.action.actions.SetupBeanFromXML:67)
 [Test worker] [] Unable to set property [name] on bean [org.xmlactions.mapping.bean_to_xml.MapperElement] with value of [User] error:Property 'name' has no getter method in class 'class org.xmlactions.mapping.bean_to_xml.MapperElement' - (org.xmlactions.action.actions.SetupBeanFromXML:67)
 [Test worker] [] Unable to set property [name] on bean [org.xmlactions.mapping.bean_to_xml.MapperElement] with value of [ers] error:Property 'name' has no getter method in class 'class org.xmlactions.mapping.bean_to_xml.MapperElement' - (org.xmlactions.action.actions.SetupBeanFromXML:67)
 [Test worker] [] found bean with class name:org.xmlactions.mapping.testclasses.A1 - (org.xmlactions.mapping.bean_to_xml.BeanToXml:56)
 [Test worker] [] className:org.xmlactions.mapping.testclasses.A1 - (org.xmlactions.mapping.bean_to_xml.BeanToXml:33)
 [Test worker] [] NullPointerException:attribute name [null] property [timestamp] - (org.xmlactions.mapping.bean_to_xml.MapperAttribute:52)
 [Test worker] [] org.xmlactions.mapping.bean_to_xml.PopulatorFromTimestamp - nulltimestamp - (org.xmlactions.mapping.bean_to_xml.MapperAttribute:123)
 [Test worker] [] NullPointerException:attribute name [timestamp2] property [timestamp] - (org.xmlactions.mapping.bean_to_xml.MapperAttribute:52)
 [Test worker] [] element property [listOfA1s] name [aListOfA1s] bean_ref [a1] - (org.xmlactions.mapping.bean_to_xml.MapperElement:36)
 [Test worker] [] property object = java.util.ArrayList - (org.xmlactions.mapping.bean_to_xml.MapperElement:41)
 [Test worker] [] org.xmlactions.mapping.bean_to_xml.PopulatorFromList - []listOfA1s - (org.xmlactions.mapping.bean_to_xml.MapperElement:156)
 [Test worker] [] element property [a2] name [A2] bean_ref [a2] - (org.xmlactions.mapping.bean_to_xml.MapperElement:36)
 [Test worker] [] element property [users] name [User] bean_ref [null] - (org.xmlactions.mapping.bean_to_xml.MapperElement:36)
 [Test worker] [] element property [ersList] name [ers] bean_ref [a2] - (org.xmlactions.mapping.bean_to_xml.MapperElement:36)
 [Test worker] [] property object = java.util.ArrayList - (org.xmlactions.mapping.bean_to_xml.MapperElement:41)
 [Test worker] [] org.xmlactions.mapping.bean_to_xml.PopulatorFromList - [null, null, null]ersList - (org.xmlactions.mapping.bean_to_xml.MapperElement:156)
 [Test worker] [] found bean with name:a2 - (org.xmlactions.mapping.bean_to_xml.BeanToXml:66)
 [Test worker] [] NullPointerException:attribute name [null] property [name] - (org.xmlactions.mapping.bean_to_xml.MapperAttribute:52)
 [Test worker] [] NullPointerException:attribute name [null] property [aString] - (org.xmlactions.mapping.bean_to_xml.MapperAttribute:52)
 [Test worker] [] found bean with name:a2 - (org.xmlactions.mapping.bean_to_xml.BeanToXml:66)
 [Test worker] [] NullPointerException:attribute name [null] property [name] - (org.xmlactions.mapping.bean_to_xml.MapperAttribute:52)
 [Test worker] [] NullPointerException:attribute name [null] property [aString] - (org.xmlactions.mapping.bean_to_xml.MapperAttribute:52)
 [Test worker] [] found bean with name:a2 - (org.xmlactions.mapping.bean_to_xml.BeanToXml:66)
 [Test worker] [] NullPointerException:attribute name [null] property [name] - (org.xmlactions.mapping.bean_to_xml.MapperAttribute:52)
 [Test worker] [] NullPointerException:attribute name [null] property [aString] - (org.xmlactions.mapping.bean_to_xml.MapperAttribute:52)
 [Test worker] [] xml:<?xml version="1.0" encoding="UTF-8"?>
<rio:a1 xmlns:rio="rio_uri" anInt="1"><rio:a2 anInt="1"/><rio:a2 anInt="2"/><rio:a2 anInt="3"/></rio:a1>

 - (org.xmlactions.mapping.bean_to_xml.TestPopulateXmlFromClass:64)
 ]]></system-out>
  <system-err><![CDATA[]]></system-err>
</testsuite>
