<?xml version="1.0" encoding="UTF-8"?>
<testsuite name="org.xmlactions.action.ActionTest" tests="5" skipped="0" failures="0" errors="0" timestamp="2019-01-10T14:06:55" hostname="7SV0SQ2-NB" time="0.01">
  <properties/>
  <testcase name="testLoadPage" classname="org.xmlactions.action.ActionTest" time="0.005"/>
  <testcase name="testProcessEcho" classname="org.xmlactions.action.ActionTest" time="0.001"/>
  <testcase name="testProcessXML2" classname="org.xmlactions.action.ActionTest" time="0.001"/>
  <testcase name="testProcessXML" classname="org.xmlactions.action.ActionTest" time="0.003"/>
  <testcase name="testAddNameSpaces" classname="org.xmlactions.action.ActionTest" time="0.0"/>
  <system-out><![CDATA[]]></system-out>
  <system-err><![CDATA[]]></system-err>
</testsuite>
