<?xml version="1.0" encoding="UTF-8"?>
<testsuite name="org.xmlactions.action.actions.ActionUtilsTest" tests="2" skipped="0" failures="0" errors="0" timestamp="2019-01-10T14:06:55" hostname="7SV0SQ2-NB" time="0.088">
  <properties/>
  <testcase name="testConvertExpressionAmps" classname="org.xmlactions.action.actions.ActionUtilsTest" time="0.002"/>
  <testcase name="testIfStrSubstutitor" classname="org.xmlactions.action.actions.ActionUtilsTest" time="0.086"/>
  <system-out><![CDATA[]]></system-out>
  <system-err><![CDATA[]]></system-err>
</testsuite>
