<?xml version="1.0" encoding="UTF-8"?>
<testsuite name="org.xmlactions.action.ActionReplacementTest" tests="2" skipped="0" failures="0" errors="0" timestamp="2019-01-10T14:06:55" hostname="7SV0SQ2-NB" time="0.031">
  <properties/>
  <testcase name="testReplacement" classname="org.xmlactions.action.ActionReplacementTest" time="0.029"/>
  <testcase name="testNestedReplacement" classname="org.xmlactions.action.ActionReplacementTest" time="0.002"/>
  <system-out><![CDATA[]]></system-out>
  <system-err><![CDATA[]]></system-err>
</testsuite>
