<?xml version="1.0" encoding="UTF-8"?>
<testsuite name="org.xmlactions.pager.actions.form.EditTest" tests="3" skipped="3" failures="0" errors="0" timestamp="2019-01-10T14:07:43" hostname="7SV0SQ2-NB" time="0.003">
  <properties/>
  <testcase name="testClass" classname="org.xmlactions.pager.actions.form.EditTest" time="0.001">
    <skipped/>
  </testcase>
  <testcase name="testParse" classname="org.xmlactions.pager.actions.form.EditTest" time="0.001">
    <skipped/>
  </testcase>
  <testcase name="testPresentation_form" classname="org.xmlactions.pager.actions.form.EditTest" time="0.001">
    <skipped/>
  </testcase>
  <system-out><![CDATA[Jan:10:14:07:43,313:[Test worker]:(EnvironmentAccess.runDatabaseTests:17):WARN :EnvironmentAccess:Not running database tests - because 'axel-test-db' is not set as an environmental property. To run the database tests set axel-test-db=true in the environment.
Jan:10:14:07:43,314:[Test worker]:(EnvironmentAccess.runDatabaseTests:17):WARN :EnvironmentAccess:Not running database tests - because 'axel-test-db' is not set as an environmental property. To run the database tests set axel-test-db=true in the environment.
Jan:10:14:07:43,315:[Test worker]:(EnvironmentAccess.runDatabaseTests:17):WARN :EnvironmentAccess:Not running database tests - because 'axel-test-db' is not set as an environmental property. To run the database tests set axel-test-db=true in the environment.
]]></system-out>
  <system-err><![CDATA[]]></system-err>
</testsuite>
