<?xml version="1.0" encoding="UTF-8"?>
<testsuite name="org.xmlactions.pager.jasper.ReportGeneratorTest" tests="2" skipped="0" failures="0" errors="0" timestamp="2019-01-10T14:07:43" hostname="7SV0SQ2-NB" time="0.001">
  <properties/>
  <testcase name="testCompiled" classname="org.xmlactions.pager.jasper.ReportGeneratorTest" time="0.001"/>
  <testcase name="testReportGenerator" classname="org.xmlactions.pager.jasper.ReportGeneratorTest" time="0.0"/>
  <system-out><![CDATA[Start ....
Exceptiionjava.lang.IllegalArgumentException:  URL [/jasper/students.jrxml] not found.Start ....
Exceptiionjava.lang.IllegalArgumentException:  URL [/jasper/students.jasper] not found.]]></system-out>
  <system-err><![CDATA[]]></system-err>
</testsuite>
