<?xml version="1.0" encoding="UTF-8"?>
<testsuite name="org.xmlactions.test.db.StorageContainerTest" tests="4" skipped="0" failures="0" errors="0" timestamp="2019-01-10T14:07:43" hostname="7SV0SQ2-NB" time="0.129">
  <properties/>
  <testcase name="testConstructorWithProperties" classname="org.xmlactions.test.db.StorageContainerTest" time="0.068"/>
  <testcase name="testConstructorWithPropertiesFile" classname="org.xmlactions.test.db.StorageContainerTest" time="0.018"/>
  <testcase name="testConstructorFromFiles" classname="org.xmlactions.test.db.StorageContainerTest" time="0.043"/>
  <testcase name="testConstructor" classname="org.xmlactions.test.db.StorageContainerTest" time="0.0"/>
  <system-out><![CDATA[]]></system-out>
  <system-err><![CDATA[]]></system-err>
</testsuite>
