<?xml version="1.0" encoding="UTF-8"?>
<testsuite name="org.xmlactions.pager.actions.form.StorageBaseFormActionTest" tests="1" skipped="0" failures="0" errors="0" timestamp="2019-01-10T14:07:43" hostname="7SV0SQ2-NB" time="0.011">
  <properties/>
  <testcase name="testFirstFound" classname="org.xmlactions.pager.actions.form.StorageBaseFormActionTest" time="0.011"/>
  <system-out><![CDATA[Jan:10:14:07:43,487:[Test worker]:(BaseAction.getFirstValueFound:268):DEBUG:BaseAction:inCount:1 propertyName:storage_config_ref class:List
Jan:10:14:07:43,491:[Test worker]:(BaseAction.getFirstValueFound:268):DEBUG:BaseAction:inCount:1 propertyName:storage_config_ref class:List
Jan:10:14:07:43,491:[Test worker]:(BaseAction.getFirstValueFound:268):DEBUG:BaseAction:inCount:1 propertyName:storage_config_ref class:List
]]></system-out>
  <system-err><![CDATA[]]></system-err>
</testsuite>
