<?xml version="1.0" encoding="UTF-8"?>
<testsuite name="org.xmlactions.pager.context.ShowExecContextTest" tests="1" skipped="0" failures="0" errors="0" timestamp="2019-01-10T14:07:38" hostname="7SV0SQ2-NB" time="0.008">
  <properties/>
  <testcase name="testShow" classname="org.xmlactions.pager.context.ShowExecContextTest" time="0.008"/>
  <system-out><![CDATA[Jan:10:14:07:38,587:[Test worker]:(AbstractApplicationContext.prepareRefresh:411):INFO :ClassPathXmlApplicationContext:Refreshing org.springframework.context.support.ClassPathXmlApplicationContext@8eafcaa: display name [org.springframework.context.support.ClassPathXmlApplicationContext@8eafcaa]; startup date [Thu Jan 10 14:07:38 GMT 2019]; root of context hierarchy
Jan:10:14:07:38,587:[Test worker]:(XmlBeanDefinitionReader.loadBeanDefinitions:323):INFO :XmlBeanDefinitionReader:Loading XML bean definitions from class path resource [config/spring/spring-pager-startup.xml]
Jan:10:14:07:38,592:[Test worker]:(AbstractApplicationContext.obtainFreshBeanFactory:426):INFO :ClassPathXmlApplicationContext:Bean factory for application context [org.springframework.context.support.ClassPathXmlApplicationContext@8eafcaa]: org.springframework.beans.factory.support.DefaultListableBeanFactory@7b1a2d13
Jan:10:14:07:38,592:[Test worker]:(DefaultListableBeanFactory.preInstantiateSingletons:414):INFO :DefaultListableBeanFactory:Pre-instantiating singletons in org.springframework.beans.factory.support.DefaultListableBeanFactory@7b1a2d13: defining beans [pager.execContext,application.xml]; root of factory hierarchy
Jan:10:14:07:38,592:[Test worker]:(PropertiesLoaderSupport.loadProperties:178):INFO :PropertiesFactoryBean:Loading properties file from class path resource [config/pager/actions.properties]
Jan:10:14:07:38,595:[Test worker]:(ShowExecContextTest.testShow:31):DEBUG:ShowExecContextTest:<br/>
key1 = value for key1<br/>
application.version = 1.2.0<br/>
default_locale_file = config/lang/pager.properties<br/>
application.title = Pager - 1.2.0<br/>
application.date = 1st Jan 2009<br/>
application.name = Pager
]]></system-out>
  <system-err><![CDATA[]]></system-err>
</testsuite>
