<?xml version="1.0" encoding="UTF-8"?>
<testsuite name="org.xmlactions.pager.actions.ElseActionTest" tests="1" skipped="0" failures="0" errors="0" timestamp="2019-01-10T14:07:37" hostname="7SV0SQ2-NB" time="0.133">
  <properties/>
  <testcase name="testElse1" classname="org.xmlactions.pager.actions.ElseActionTest" time="0.133"/>
  <system-out><![CDATA[Jan:10:14:07:37,244:[Test worker]:(AbstractApplicationContext.prepareRefresh:411):INFO :ClassPathXmlApplicationContext:Refreshing org.springframework.context.support.ClassPathXmlApplicationContext@18225609: display name [org.springframework.context.support.ClassPathXmlApplicationContext@18225609]; startup date [Thu Jan 10 14:07:37 GMT 2019]; root of context hierarchy
Jan:10:14:07:37,244:[Test worker]:(XmlBeanDefinitionReader.loadBeanDefinitions:323):INFO :XmlBeanDefinitionReader:Loading XML bean definitions from class path resource [config/spring/spring-pager-startup.xml]
Jan:10:14:07:37,256:[Test worker]:(AbstractApplicationContext.obtainFreshBeanFactory:426):INFO :ClassPathXmlApplicationContext:Bean factory for application context [org.springframework.context.support.ClassPathXmlApplicationContext@18225609]: org.springframework.beans.factory.support.DefaultListableBeanFactory@3ea37936
Jan:10:14:07:37,257:[Test worker]:(DefaultListableBeanFactory.preInstantiateSingletons:414):INFO :DefaultListableBeanFactory:Pre-instantiating singletons in org.springframework.beans.factory.support.DefaultListableBeanFactory@3ea37936: defining beans [pager.execContext,application.xml]; root of factory hierarchy
Jan:10:14:07:37,258:[Test worker]:(PropertiesLoaderSupport.loadProperties:178):INFO :PropertiesFactoryBean:Loading properties file from class path resource [config/pager/actions.properties]
Jan:10:14:07:37,299:[Test worker]:(ActionUtils.evaluateExpression:45):DEBUG:ActionUtils:expression:1==2 script:1==2
Jan:10:14:07:37,303:[Test worker]:(BSFManager.eval:433):DEBUG:BSFManager:BSFManager:eval
Jan:10:14:07:37,303:[Test worker]:(BSFManager.loadScriptingEngine:674):DEBUG:BSFManager:BSFManager:loadScriptingEngine
Jan:10:14:07:37,307:[Test worker]:(BSFManager.getClassPath:556):DEBUG:BSFManager:BSFManager:getClassPath
Jan:10:14:07:37,308:[Test worker]:(BSFManager.getClassLoader:548):DEBUG:BSFManager:BSFManager:getClassLoader
Jan:10:14:07:37,375:[Test worker]:(ActionUtils.evaluateExpression:45):DEBUG:ActionUtils:expression:2==3 script:2==3
Jan:10:14:07:37,375:[Test worker]:(BSFManager.eval:433):DEBUG:BSFManager:BSFManager:eval
Jan:10:14:07:37,375:[Test worker]:(BSFManager.loadScriptingEngine:674):DEBUG:BSFManager:BSFManager:loadScriptingEngine
Jan:10:14:07:37,376:[Test worker]:(ElseActionTest.testElse1:53):DEBUG:ElseActionTest:new page:
<body>
   we're from inside else
  content from else 
</body>
]]></system-out>
  <system-err><![CDATA[]]></system-err>
</testsuite>
