<?xml version="1.0" encoding="UTF-8"?>
<testsuite name="org.xmlactions.pager.StartupTest" tests="1" skipped="0" failures="0" errors="0" timestamp="2019-01-10T14:07:38" hostname="7SV0SQ2-NB" time="0.012">
  <properties/>
  <testcase name="testLoad" classname="org.xmlactions.pager.StartupTest" time="0.012"/>
  <system-out><![CDATA[Jan:10:14:07:38,800:[Test worker]:(XmlBeanDefinitionReader.loadBeanDefinitions:323):INFO :XmlBeanDefinitionReader:Loading XML bean definitions from class path resource [config/spring/spring-pager-startup.xml]
Jan:10:14:07:38,805:[Test worker]:(AbstractApplicationContext.prepareRefresh:411):INFO :GenericApplicationContext:Refreshing org.springframework.context.support.GenericApplicationContext@7b49995a: display name [org.springframework.context.support.GenericApplicationContext@7b49995a]; startup date [Thu Jan 10 14:07:38 GMT 2019]; root of context hierarchy
Jan:10:14:07:38,805:[Test worker]:(AbstractApplicationContext.obtainFreshBeanFactory:426):INFO :GenericApplicationContext:Bean factory for application context [org.springframework.context.support.GenericApplicationContext@7b49995a]: org.springframework.beans.factory.support.DefaultListableBeanFactory@15e1a557
Jan:10:14:07:38,805:[Test worker]:(DefaultListableBeanFactory.preInstantiateSingletons:414):INFO :DefaultListableBeanFactory:Pre-instantiating singletons in org.springframework.beans.factory.support.DefaultListableBeanFactory@15e1a557: defining beans [pager.execContext,application.xml,org.springframework.context.annotation.internalCommonAnnotationProcessor,org.springframework.context.annotation.internalAutowiredAnnotationProcessor,org.springframework.context.annotation.internalRequiredAnnotationProcessor]; root of factory hierarchy
Jan:10:14:07:38,806:[Test worker]:(PropertiesLoaderSupport.loadProperties:178):INFO :PropertiesFactoryBean:Loading properties file from class path resource [config/pager/actions.properties]
Jan:10:14:07:38,812:[Test worker]:(StartupTest.testLoad:23):DEBUG:StartupTest:
]]></system-out>
  <system-err><![CDATA[]]></system-err>
</testsuite>
