<?xml version="1.0" encoding="UTF-8"?>
<testsuite name="org.xmlactions.pager.marker.ReplacementMarkerTest" tests="1" skipped="0" failures="0" errors="0" timestamp="2019-01-10T14:07:38" hostname="7SV0SQ2-NB" time="0.001">
  <properties/>
  <testcase name="testReplacement" classname="org.xmlactions.pager.marker.ReplacementMarkerTest" time="0.001"/>
  <system-out><![CDATA[Jan:10:14:07:38,690:[Test worker]:(ReplacementMarkerTest.testReplacement:18):DEBUG:ReplacementMarkerTest:.
Jan:10:14:07:38,690:[Test worker]:(ReplacementMarkerTest.testReplacement:37):DEBUG:ReplacementMarkerTest:xOffset:4 result(one two[.....]...)
Jan:10:14:07:38,690:[Test worker]:(ReplacementMarkerTest.testReplacement:37):DEBUG:ReplacementMarkerTest:xOffset:8 result(one two[(:::)]...)
Jan:10:14:07:38,690:[Test worker]:(ReplacementMarkerTest.testReplacement:37):DEBUG:ReplacementMarkerTest:xOffset:10 result(one two[(:xxoxx:)]...)
Jan:10:14:07:38,690:[Test worker]:(ReplacementMarkerTest.testReplacement:37):DEBUG:ReplacementMarkerTest:xOffset:12 result(one two[(:xxooxoooxx:)]...)
Jan:10:14:07:38,691:[Test worker]:(ReplacementMarkerTest.testReplacement:37):DEBUG:ReplacementMarkerTest:xOffset:20 result(one two[(:xxooxoooxxB)]...)
]]></system-out>
  <system-err><![CDATA[]]></system-err>
</testsuite>
