<?xml version="1.0" encoding="UTF-8"?>
<testsuite name="org.xmlactions.pager.actions.mapping.TestBeanToXmlAction" tests="2" skipped="0" failures="0" errors="0" timestamp="2019-01-10T14:07:38" hostname="7SV0SQ2-NB" time="0.053">
  <properties/>
  <testcase name="testBeanToXmlPage" classname="org.xmlactions.pager.actions.mapping.TestBeanToXmlAction" time="0.05"/>
  <testcase name="testBeanToXmlAction" classname="org.xmlactions.pager.actions.mapping.TestBeanToXmlAction" time="0.003"/>
  <system-out><![CDATA[Jan:10:14:07:38,113:[Test worker]:(AbstractApplicationContext.prepareRefresh:411):INFO :ClassPathXmlApplicationContext:Refreshing org.springframework.context.support.ClassPathXmlApplicationContext@1b0f2ad6: display name [org.springframework.context.support.ClassPathXmlApplicationContext@1b0f2ad6]; startup date [Thu Jan 10 14:07:38 GMT 2019]; root of context hierarchy
Jan:10:14:07:38,113:[Test worker]:(XmlBeanDefinitionReader.loadBeanDefinitions:323):INFO :XmlBeanDefinitionReader:Loading XML bean definitions from class path resource [config/spring/spring-pager-startup.xml]
Jan:10:14:07:38,119:[Test worker]:(XmlBeanDefinitionReader.loadBeanDefinitions:323):INFO :XmlBeanDefinitionReader:Loading XML bean definitions from class path resource [config/spring/test-spring-pager-web-startup.xml]
Jan:10:14:07:38,124:[Test worker]:(DefaultListableBeanFactory.registerBeanDefinition:467):INFO :DefaultListableBeanFactory:Overriding bean definition for bean 'pager.execContext': replacing [Generic bean: class [org.xmlactions.pager.context.PersistenceExecContext]; scope=singleton; abstract=false; lazyInit=false; autowireMode=0; dependencyCheck=0; autowireCandidate=true; primary=false; factoryBeanName=null; factoryMethodName=null; initMethodName=null; destroyMethodName=null; defined in class path resource [config/spring/spring-pager-startup.xml]] with [Generic bean: class [org.xmlactions.pager.context.PersistenceExecContext]; scope=prototype; abstract=false; lazyInit=false; autowireMode=0; dependencyCheck=0; autowireCandidate=true; primary=false; factoryBeanName=null; factoryMethodName=null; initMethodName=null; destroyMethodName=null; defined in class path resource [config/spring/test-spring-pager-web-startup.xml]]
Jan:10:14:07:38,125:[Test worker]:(DefaultListableBeanFactory.registerBeanDefinition:467):INFO :DefaultListableBeanFactory:Overriding bean definition for bean 'application.xml': replacing [Generic bean: class [org.apache.commons.configuration.XMLConfiguration]; scope=singleton; abstract=false; lazyInit=false; autowireMode=0; dependencyCheck=0; autowireCandidate=true; primary=false; factoryBeanName=null; factoryMethodName=null; initMethodName=null; destroyMethodName=null; defined in class path resource [config/spring/spring-pager-startup.xml]] with [Generic bean: class [org.apache.commons.configuration.XMLConfiguration]; scope=singleton; abstract=false; lazyInit=false; autowireMode=0; dependencyCheck=0; autowireCandidate=true; primary=false; factoryBeanName=null; factoryMethodName=null; initMethodName=null; destroyMethodName=null; defined in class path resource [config/spring/test-spring-pager-web-startup.xml]]
Jan:10:14:07:38,125:[Test worker]:(AbstractApplicationContext.obtainFreshBeanFactory:426):INFO :ClassPathXmlApplicationContext:Bean factory for application context [org.springframework.context.support.ClassPathXmlApplicationContext@1b0f2ad6]: org.springframework.beans.factory.support.DefaultListableBeanFactory@4f7ddd63
Jan:10:14:07:38,125:[Test worker]:(DefaultListableBeanFactory.preInstantiateSingletons:414):INFO :DefaultListableBeanFactory:Pre-instantiating singletons in org.springframework.beans.factory.support.DefaultListableBeanFactory@4f7ddd63: defining beans [pager.execContext,application.xml,riostlTheme,blackTheme,blueTheme,iceTheme,grayTheme,email_client_config]; root of factory hierarchy
Jan:10:14:07:38,127:[Test worker]:(PropertiesLoaderSupport.loadProperties:178):INFO :PropertiesFactoryBean:Loading properties file from class path resource [themes/riostl.properties]
Jan:10:14:07:38,128:[Test worker]:(PropertiesLoaderSupport.loadProperties:178):INFO :PropertiesFactoryBean:Loading properties file from class path resource [themes/black.properties]
Jan:10:14:07:38,128:[Test worker]:(PropertiesLoaderSupport.loadProperties:178):INFO :PropertiesFactoryBean:Loading properties file from class path resource [themes/blue.properties]
Jan:10:14:07:38,129:[Test worker]:(PropertiesLoaderSupport.loadProperties:178):INFO :PropertiesFactoryBean:Loading properties file from class path resource [themes/ice.properties]
Jan:10:14:07:38,130:[Test worker]:(PropertiesLoaderSupport.loadProperties:178):INFO :PropertiesFactoryBean:Loading properties file from class path resource [themes/gray.properties]
Jan:10:14:07:38,131:[Test worker]:(PropertiesLoaderSupport.loadProperties:178):INFO :PropertiesFactoryBean:Loading properties file from class path resource [config/pager/actions.properties]
Jan:10:14:07:38,131:[Test worker]:(PropertiesLoaderSupport.loadProperties:178):INFO :PropertiesFactoryBean:Loading properties file from class path resource [config/project/web.properties]
Jan:10:14:07:38,132:[Test worker]:(PropertiesLoaderSupport.loadProperties:178):INFO :PropertiesFactoryBean:Loading properties file from class path resource [themes/snippets/html_snippets.properties]
Jan:10:14:07:38,132:[Test worker]:(Theme.appendTheme:75):DEBUG:Theme:2
Jan:10:14:07:38,132:[Test worker]:(Theme.appendTheme:75):DEBUG:Theme:3
Jan:10:14:07:38,132:[Test worker]:(Theme.appendTheme:75):DEBUG:Theme:4
Jan:10:14:07:38,133:[Test worker]:(Theme.appendTheme:75):DEBUG:Theme:5
Jan:10:14:07:38,139:[Test worker]:(SetupBeanFromXML.setProperty:67):WARN :SetupBeanFromXML:Unable to set property [xmlns] on bean [org.xmlactions.mapping.bean_to_xml.BeanToXml] with value of [http://www.xmlactions.org/bean_to_xml] error:Unknown property 'xmlns' on class 'class org.xmlactions.mapping.bean_to_xml.BeanToXml'
Jan:10:14:07:38,139:[Test worker]:(SetupBeanFromXML.setProperty:67):WARN :SetupBeanFromXML:Unable to set property [xmlns:xsi] on bean [org.xmlactions.mapping.bean_to_xml.BeanToXml] with value of [http://www.w3.org/2001/XMLSchema-instance] error:Unknown property 'xmlns:xsi' on class 'class org.xmlactions.mapping.bean_to_xml.BeanToXml'
Jan:10:14:07:38,139:[Test worker]:(SetupBeanFromXML.setProperty:67):WARN :SetupBeanFromXML:Unable to set property [xsi:schemaLocation] on bean [org.xmlactions.mapping.bean_to_xml.BeanToXml] with value of [http://www.xmlactions.org/bean_to_xml http://www.xmlactions.org/schema/bean_to_xml.xsd] error:Unknown property 'xsi:schemaLocation' on class 'class org.xmlactions.mapping.bean_to_xml.BeanToXml'
Jan:10:14:07:38,164:[Test worker]:(SetupBeanFromXML.setProperty:67):WARN :SetupBeanFromXML:Unable to set property [xmlns] on bean [org.xmlactions.mapping.bean_to_xml.BeanToXml] with value of [http://www.xmlactions.org/bean_to_xml] error:Unknown property 'xmlns' on class 'class org.xmlactions.mapping.bean_to_xml.BeanToXml'
Jan:10:14:07:38,164:[Test worker]:(SetupBeanFromXML.setProperty:67):WARN :SetupBeanFromXML:Unable to set property [xmlns:xsi] on bean [org.xmlactions.mapping.bean_to_xml.BeanToXml] with value of [http://www.w3.org/2001/XMLSchema-instance] error:Unknown property 'xmlns:xsi' on class 'class org.xmlactions.mapping.bean_to_xml.BeanToXml'
Jan:10:14:07:38,164:[Test worker]:(SetupBeanFromXML.setProperty:67):WARN :SetupBeanFromXML:Unable to set property [xsi:schemaLocation] on bean [org.xmlactions.mapping.bean_to_xml.BeanToXml] with value of [http://www.xmlactions.org/bean_to_xml http://www.xmlactions.org/schema/bean_to_xml.xsd] error:Unknown property 'xsi:schemaLocation' on class 'class org.xmlactions.mapping.bean_to_xml.BeanToXml'
]]></system-out>
  <system-err><![CDATA[]]></system-err>
</testsuite>
