<?xml version="1.0" encoding="UTF-8"?>
<testsuite name="org.xmlactions.web.conceal.TestHtmlRequestMapper" tests="1" skipped="0" failures="0" errors="0" timestamp="2019-01-10T14:07:38" hostname="7SV0SQ2-NB" time="0.001">
  <properties/>
  <testcase name="testQueryPath" classname="org.xmlactions.web.conceal.TestHtmlRequestMapper" time="0.001"/>
  <system-out><![CDATA[Jan:10:14:07:38,830:[Test worker]:(TestHtmlRequestMapper.testQueryPath:17):DEBUG:TestHtmlRequestMapper:output:Hello%20World!!!&p1=2
Jan:10:14:07:38,830:[Test worker]:(TestHtmlRequestMapper.testQueryPath:20):DEBUG:TestHtmlRequestMapper:output:Hello World!!!&p1=2
]]></system-out>
  <system-err><![CDATA[]]></system-err>
</testsuite>
