<?xml version="1.0" encoding="UTF-8"?>
<testsuite name="org.xmlactions.pager.actions.PopupActionTest" tests="6" skipped="0" failures="0" errors="0" timestamp="2019-01-10T14:07:38" hostname="7SV0SQ2-NB" time="0.021">
  <properties/>
  <testcase name="testImportFromFile" classname="org.xmlactions.pager.actions.PopupActionTest" time="0.013"/>
  <testcase name="testPopup" classname="org.xmlactions.pager.actions.PopupActionTest" time="0.004"/>
  <testcase name="testImportFromURL" classname="org.xmlactions.pager.actions.PopupActionTest" time="0.001"/>
  <testcase name="testPutInsert" classname="org.xmlactions.pager.actions.PopupActionTest" time="0.001"/>
  <testcase name="testPagerLoad" classname="org.xmlactions.pager.actions.PopupActionTest" time="0.001"/>
  <testcase name="testPutInsert2" classname="org.xmlactions.pager.actions.PopupActionTest" time="0.001"/>
  <system-out><![CDATA[Jan:10:14:07:38,371:[Test worker]:(AbstractApplicationContext.prepareRefresh:411):INFO :ClassPathXmlApplicationContext:Refreshing org.springframework.context.support.ClassPathXmlApplicationContext@3ef5b0e6: display name [org.springframework.context.support.ClassPathXmlApplicationContext@3ef5b0e6]; startup date [Thu Jan 10 14:07:38 GMT 2019]; root of context hierarchy
Jan:10:14:07:38,372:[Test worker]:(XmlBeanDefinitionReader.loadBeanDefinitions:323):INFO :XmlBeanDefinitionReader:Loading XML bean definitions from class path resource [config/spring/test-spring-pager-web-startup.xml]
Jan:10:14:07:38,377:[Test worker]:(AbstractApplicationContext.obtainFreshBeanFactory:426):INFO :ClassPathXmlApplicationContext:Bean factory for application context [org.springframework.context.support.ClassPathXmlApplicationContext@3ef5b0e6]: org.springframework.beans.factory.support.DefaultListableBeanFactory@79bc9cc5
Jan:10:14:07:38,377:[Test worker]:(DefaultListableBeanFactory.preInstantiateSingletons:414):INFO :DefaultListableBeanFactory:Pre-instantiating singletons in org.springframework.beans.factory.support.DefaultListableBeanFactory@79bc9cc5: defining beans [pager.execContext,riostlTheme,blackTheme,blueTheme,iceTheme,grayTheme,application.xml,email_client_config]; root of factory hierarchy
Jan:10:14:07:38,378:[Test worker]:(PropertiesLoaderSupport.loadProperties:178):INFO :PropertiesFactoryBean:Loading properties file from class path resource [themes/riostl.properties]
Jan:10:14:07:38,378:[Test worker]:(PropertiesLoaderSupport.loadProperties:178):INFO :PropertiesFactoryBean:Loading properties file from class path resource [themes/black.properties]
Jan:10:14:07:38,379:[Test worker]:(PropertiesLoaderSupport.loadProperties:178):INFO :PropertiesFactoryBean:Loading properties file from class path resource [themes/blue.properties]
Jan:10:14:07:38,380:[Test worker]:(PropertiesLoaderSupport.loadProperties:178):INFO :PropertiesFactoryBean:Loading properties file from class path resource [themes/ice.properties]
Jan:10:14:07:38,380:[Test worker]:(PropertiesLoaderSupport.loadProperties:178):INFO :PropertiesFactoryBean:Loading properties file from class path resource [themes/gray.properties]
Jan:10:14:07:38,382:[Test worker]:(PropertiesLoaderSupport.loadProperties:178):INFO :PropertiesFactoryBean:Loading properties file from class path resource [config/pager/actions.properties]
Jan:10:14:07:38,383:[Test worker]:(PropertiesLoaderSupport.loadProperties:178):INFO :PropertiesFactoryBean:Loading properties file from class path resource [config/project/web.properties]
Jan:10:14:07:38,383:[Test worker]:(PropertiesLoaderSupport.loadProperties:178):INFO :PropertiesFactoryBean:Loading properties file from class path resource [themes/snippets/html_snippets.properties]
Jan:10:14:07:38,384:[Test worker]:(Theme.appendTheme:75):DEBUG:Theme:2
Jan:10:14:07:38,384:[Test worker]:(Theme.appendTheme:75):DEBUG:Theme:3
Jan:10:14:07:38,384:[Test worker]:(Theme.appendTheme:75):DEBUG:Theme:4
Jan:10:14:07:38,384:[Test worker]:(Theme.appendTheme:75):DEBUG:Theme:5
Jan:10:14:07:38,388:[Test worker]:(BaseAction.getFirstValueFound:268):DEBUG:BaseAction:inCount:1 propertyName:theme_name class:PopupAction
Jan:10:14:07:38,388:[Test worker]:(PopupActionTest.testPopup:51):DEBUG:PopupActionTest:newPage:<div ><table ><tr ><td ><a onclick="populateIdFromAjaxLoad('popup_id','null','',null,null);return false;" href="javascript:hide('popup_id');" class="none" ><span class="link_menu" >link_name</span></a></td></tr></table><div id="popup_id" class="popup_frame" ></div></div>
Jan:10:14:07:38,391:[Test worker]:(PopupActionTest.testPagerLoad:114):DEBUG:PopupActionTest:page:<html xmlns="http://www.w3.org/1999/xhtml" 
	xmlns:pager="http://www.riostl.com/schema/pager" 
	xmlns:xsi="http://www.w3.org/2001/XMLSchema-instance"
	xsi:schemaLocation="http://www.riostl.com/schema/pager http://www.riostl.com/schema/pager.xsd">

	<head>
	</head>
	<body>
		
		put-content:This is the 1st put content
	</body>
</html>
]]></system-out>
  <system-err><![CDATA[]]></system-err>
</testsuite>
