<?xml version="1.0" encoding="UTF-8"?>
<testsuite name="org.xmlactions.pager.actions.mapping.TestJSONToPresentationAction" tests="3" skipped="0" failures="0" errors="0" timestamp="2019-01-10T14:07:38" hostname="7SV0SQ2-NB" time="0.034">
  <properties/>
  <testcase name="testFromData" classname="org.xmlactions.pager.actions.mapping.TestJSONToPresentationAction" time="0.025"/>
  <testcase name="testFromFile" classname="org.xmlactions.pager.actions.mapping.TestJSONToPresentationAction" time="0.004"/>
  <testcase name="testFromDataToForm" classname="org.xmlactions.pager.actions.mapping.TestJSONToPresentationAction" time="0.005"/>
  <system-out><![CDATA[Jan:10:14:07:38,199:[Test worker]:(AbstractApplicationContext.prepareRefresh:411):INFO :ClassPathXmlApplicationContext:Refreshing org.springframework.context.support.ClassPathXmlApplicationContext@538057d8: display name [org.springframework.context.support.ClassPathXmlApplicationContext@538057d8]; startup date [Thu Jan 10 14:07:38 GMT 2019]; root of context hierarchy
Jan:10:14:07:38,199:[Test worker]:(XmlBeanDefinitionReader.loadBeanDefinitions:323):INFO :XmlBeanDefinitionReader:Loading XML bean definitions from class path resource [config/spring/spring-pager-startup.xml]
Jan:10:14:07:38,205:[Test worker]:(XmlBeanDefinitionReader.loadBeanDefinitions:323):INFO :XmlBeanDefinitionReader:Loading XML bean definitions from class path resource [config/spring/test-spring-pager-web-startup.xml]
Jan:10:14:07:38,210:[Test worker]:(DefaultListableBeanFactory.registerBeanDefinition:467):INFO :DefaultListableBeanFactory:Overriding bean definition for bean 'pager.execContext': replacing [Generic bean: class [org.xmlactions.pager.context.PersistenceExecContext]; scope=singleton; abstract=false; lazyInit=false; autowireMode=0; dependencyCheck=0; autowireCandidate=true; primary=false; factoryBeanName=null; factoryMethodName=null; initMethodName=null; destroyMethodName=null; defined in class path resource [config/spring/spring-pager-startup.xml]] with [Generic bean: class [org.xmlactions.pager.context.PersistenceExecContext]; scope=prototype; abstract=false; lazyInit=false; autowireMode=0; dependencyCheck=0; autowireCandidate=true; primary=false; factoryBeanName=null; factoryMethodName=null; initMethodName=null; destroyMethodName=null; defined in class path resource [config/spring/test-spring-pager-web-startup.xml]]
Jan:10:14:07:38,211:[Test worker]:(DefaultListableBeanFactory.registerBeanDefinition:467):INFO :DefaultListableBeanFactory:Overriding bean definition for bean 'application.xml': replacing [Generic bean: class [org.apache.commons.configuration.XMLConfiguration]; scope=singleton; abstract=false; lazyInit=false; autowireMode=0; dependencyCheck=0; autowireCandidate=true; primary=false; factoryBeanName=null; factoryMethodName=null; initMethodName=null; destroyMethodName=null; defined in class path resource [config/spring/spring-pager-startup.xml]] with [Generic bean: class [org.apache.commons.configuration.XMLConfiguration]; scope=singleton; abstract=false; lazyInit=false; autowireMode=0; dependencyCheck=0; autowireCandidate=true; primary=false; factoryBeanName=null; factoryMethodName=null; initMethodName=null; destroyMethodName=null; defined in class path resource [config/spring/test-spring-pager-web-startup.xml]]
Jan:10:14:07:38,211:[Test worker]:(AbstractApplicationContext.obtainFreshBeanFactory:426):INFO :ClassPathXmlApplicationContext:Bean factory for application context [org.springframework.context.support.ClassPathXmlApplicationContext@538057d8]: org.springframework.beans.factory.support.DefaultListableBeanFactory@44086ab2
Jan:10:14:07:38,211:[Test worker]:(DefaultListableBeanFactory.preInstantiateSingletons:414):INFO :DefaultListableBeanFactory:Pre-instantiating singletons in org.springframework.beans.factory.support.DefaultListableBeanFactory@44086ab2: defining beans [pager.execContext,application.xml,riostlTheme,blackTheme,blueTheme,iceTheme,grayTheme,email_client_config]; root of factory hierarchy
Jan:10:14:07:38,213:[Test worker]:(PropertiesLoaderSupport.loadProperties:178):INFO :PropertiesFactoryBean:Loading properties file from class path resource [themes/riostl.properties]
Jan:10:14:07:38,214:[Test worker]:(PropertiesLoaderSupport.loadProperties:178):INFO :PropertiesFactoryBean:Loading properties file from class path resource [themes/black.properties]
Jan:10:14:07:38,215:[Test worker]:(PropertiesLoaderSupport.loadProperties:178):INFO :PropertiesFactoryBean:Loading properties file from class path resource [themes/blue.properties]
Jan:10:14:07:38,216:[Test worker]:(PropertiesLoaderSupport.loadProperties:178):INFO :PropertiesFactoryBean:Loading properties file from class path resource [themes/ice.properties]
Jan:10:14:07:38,217:[Test worker]:(PropertiesLoaderSupport.loadProperties:178):INFO :PropertiesFactoryBean:Loading properties file from class path resource [themes/gray.properties]
Jan:10:14:07:38,218:[Test worker]:(PropertiesLoaderSupport.loadProperties:178):INFO :PropertiesFactoryBean:Loading properties file from class path resource [config/pager/actions.properties]
Jan:10:14:07:38,218:[Test worker]:(PropertiesLoaderSupport.loadProperties:178):INFO :PropertiesFactoryBean:Loading properties file from class path resource [config/project/web.properties]
Jan:10:14:07:38,219:[Test worker]:(PropertiesLoaderSupport.loadProperties:178):INFO :PropertiesFactoryBean:Loading properties file from class path resource [themes/snippets/html_snippets.properties]
Jan:10:14:07:38,220:[Test worker]:(Theme.appendTheme:75):DEBUG:Theme:2
Jan:10:14:07:38,220:[Test worker]:(Theme.appendTheme:75):DEBUG:Theme:3
Jan:10:14:07:38,220:[Test worker]:(Theme.appendTheme:75):DEBUG:Theme:4
Jan:10:14:07:38,220:[Test worker]:(Theme.appendTheme:75):DEBUG:Theme:5
Jan:10:14:07:38,223:[Test worker]:(TestJSONToPresentationAction.testFromData:56):DEBUG:TestJSONToPresentationAction:This is the test json presentation form
1	image_url=images/gears/surrounding_nets.png
	title_text=Surrounding 
	gear_name=Surrounding 
	tooltipid=surrounding_nets_tooltip
	data_filter=.surrounding_nets
This is the test json presentation form
2	image_url=images/gears/seine_nets.jpg
	title_text=Seine
	gear_name=Seine
	tooltipid=seine_nets_tooltip
	data_filter=.seine_nets
This is the test json presentation form
3	image_url=images/gears/trawl_nets.jpg
	title_text=Bottom Trawls
	gear_name=Bottom Trawls
	tooltipid=trawl_nets_tooltip
	data_filter=.bottom_trawls
This is the test json presentation form
4	image_url=images/gears/trawl_nets.jpg
	title_text=Midwater Trawls
	gear_name=Midwater Trawls
	tooltipid=trawl_nets_tooltip
	data_filter=.midwater_trawls
This is the test json presentation form
5	image_url=images/gears/lift_nets.png
	title_text=Lift
	gear_name=Lift
	tooltipid=lift_nets_tooltip
	data_filter=.lift_nets
This is the test json presentation form
6	image_url=images/gears/falling_gear.png
	title_text=Falling
	gear_name=Falling
	tooltipid=falling_gear_tooltip
	data_filter=.falling_gear
This is the test json presentation form
7	image_url=images/gears/dredge_nets.jpg
	title_text=Dredges
	gear_name=Dredges
	tooltipid=falling_gear_tooltip
	data_filter=.dredges
This is the test json presentation form
8	image_url=images/gears/gill_nets.jpg
	title_text=Gill/Entangling
	gear_name=Gill/Entangling
	tooltipid=falling_gear_tooltip
	data_filter=.gillnets
This is the test json presentation form
9	image_url=images/gears/traps.jpg
	title_text=Traps
	gear_name=Traps
	tooltipid=falling_gear_tooltip
	data_filter=.traps
This is the test json presentation form
10	image_url=images/gears/hooks_lines.jpg
	title_text=Hooks/Lines
	gear_name=Hooks/Lines
	tooltipid=falling_gear_tooltip
	data_filter=.hooks_lines
This is the test json presentation form
11	image_url=images/gears/gear_bg.jpg
	title_text=Grappling
	gear_name=Grappling
	tooltipid=falling_gear_tooltip
	data_filter=.grappling_wounding
This is the test json presentation form
12	image_url=images/gears/harvesting_machine.jpg
	title_text=Harvesting
	gear_name=Harvesting
	tooltipid=falling_gear_tooltip
	data_filter=.harvesting_machines
This is the test json presentation form
13	image_url=images/gears/selectivity_device_4.jpg
	title_text=Selective
	gear_name=Selective
	tooltipid=falling_gear_tooltip
	data_filter=.selectivity_device

Jan:10:14:07:38,227:[Test worker]:(TestJSONToPresentationAction.testFromFile:45):DEBUG:TestJSONToPresentationAction:This is the test json presentation form
1	image_url=images/gears/surrounding_nets.png
	title_text=Surrounding 
	gear_name=Surrounding 
	tooltipid=surrounding_nets_tooltip
	data_filter=.surrounding_nets
This is the test json presentation form
2	image_url=images/gears/seine_nets.jpg
	title_text=Seine
	gear_name=Seine
	tooltipid=seine_nets_tooltip
	data_filter=.seine_nets
This is the test json presentation form
3	image_url=images/gears/trawl_nets.jpg
	title_text=Bottom Trawls
	gear_name=Bottom Trawls
	tooltipid=trawl_nets_tooltip
	data_filter=.bottom_trawls
This is the test json presentation form
4	image_url=images/gears/trawl_nets.jpg
	title_text=Midwater Trawls
	gear_name=Midwater Trawls
	tooltipid=trawl_nets_tooltip
	data_filter=.midwater_trawls
This is the test json presentation form
5	image_url=images/gears/lift_nets.png
	title_text=Lift
	gear_name=Lift
	tooltipid=lift_nets_tooltip
	data_filter=.lift_nets
This is the test json presentation form
6	image_url=images/gears/falling_gear.png
	title_text=Falling
	gear_name=Falling
	tooltipid=falling_gear_tooltip
	data_filter=.falling_gear
This is the test json presentation form
7	image_url=images/gears/dredge_nets.jpg
	title_text=Dredges
	gear_name=Dredges
	tooltipid=falling_gear_tooltip
	data_filter=.dredges
This is the test json presentation form
8	image_url=images/gears/gill_nets.jpg
	title_text=Gill/Entangling
	gear_name=Gill/Entangling
	tooltipid=falling_gear_tooltip
	data_filter=.gillnets
This is the test json presentation form
9	image_url=images/gears/traps.jpg
	title_text=Traps
	gear_name=Traps
	tooltipid=falling_gear_tooltip
	data_filter=.traps
This is the test json presentation form
10	image_url=images/gears/hooks_lines.jpg
	title_text=Hooks/Lines
	gear_name=Hooks/Lines
	tooltipid=falling_gear_tooltip
	data_filter=.hooks_lines
This is the test json presentation form
11	image_url=images/gears/gear_bg.jpg
	title_text=Grappling
	gear_name=Grappling
	tooltipid=falling_gear_tooltip
	data_filter=.grappling_wounding
This is the test json presentation form
12	image_url=images/gears/harvesting_machine.jpg
	title_text=Harvesting
	gear_name=Harvesting
	tooltipid=falling_gear_tooltip
	data_filter=.harvesting_machines
This is the test json presentation form
13	image_url=images/gears/selectivity_device_4.jpg
	title_text=Selective
	gear_name=Selective
	tooltipid=falling_gear_tooltip
	data_filter=.selectivity_device

Jan:10:14:07:38,232:[Test worker]:(TestJSONToPresentationAction.testFromDataToForm:67):DEBUG:TestJSONToPresentationAction:This is the test json presentation form
1	image_url=images/gears/surrounding_nets.png
title_text=Surrounding 
gear_name=Surrounding 
tooltipid=surrounding_nets_tooltip
data_filter=.surrounding_netsThis is the test json presentation form
2	image_url=images/gears/seine_nets.jpg
title_text=Seine
gear_name=Seine
tooltipid=seine_nets_tooltip
data_filter=.seine_netsThis is the test json presentation form
3	image_url=images/gears/trawl_nets.jpg
title_text=Bottom Trawls
gear_name=Bottom Trawls
tooltipid=trawl_nets_tooltip
data_filter=.bottom_trawlsThis is the test json presentation form
4	image_url=images/gears/trawl_nets.jpg
title_text=Midwater Trawls
gear_name=Midwater Trawls
tooltipid=trawl_nets_tooltip
data_filter=.midwater_trawlsThis is the test json presentation form
5	image_url=images/gears/lift_nets.png
title_text=Lift
gear_name=Lift
tooltipid=lift_nets_tooltip
data_filter=.lift_netsThis is the test json presentation form
6	image_url=images/gears/falling_gear.png
title_text=Falling
gear_name=Falling
tooltipid=falling_gear_tooltip
data_filter=.falling_gearThis is the test json presentation form
7	image_url=images/gears/dredge_nets.jpg
title_text=Dredges
gear_name=Dredges
tooltipid=falling_gear_tooltip
data_filter=.dredgesThis is the test json presentation form
8	image_url=images/gears/gill_nets.jpg
title_text=Gill/Entangling
gear_name=Gill/Entangling
tooltipid=falling_gear_tooltip
data_filter=.gillnetsThis is the test json presentation form
9	image_url=images/gears/traps.jpg
title_text=Traps
gear_name=Traps
tooltipid=falling_gear_tooltip
data_filter=.trapsThis is the test json presentation form
10	image_url=images/gears/hooks_lines.jpg
title_text=Hooks/Lines
gear_name=Hooks/Lines
tooltipid=falling_gear_tooltip
data_filter=.hooks_linesThis is the test json presentation form
11	image_url=images/gears/gear_bg.jpg
title_text=Grappling
gear_name=Grappling
tooltipid=falling_gear_tooltip
data_filter=.grappling_woundingThis is the test json presentation form
12	image_url=images/gears/harvesting_machine.jpg
title_text=Harvesting
gear_name=Harvesting
tooltipid=falling_gear_tooltip
data_filter=.harvesting_machinesThis is the test json presentation form
13	image_url=images/gears/selectivity_device_4.jpg
title_text=Selective
gear_name=Selective
tooltipid=falling_gear_tooltip
data_filter=.selectivity_device
]]></system-out>
  <system-err><![CDATA[]]></system-err>
</testsuite>
