<?xml version="1.0" encoding="UTF-8"?>
<testsuite name="org.xmlactions.pager.actions.PutActionTest" tests="7" skipped="0" failures="0" errors="0" timestamp="2019-01-10T14:07:38" hostname="7SV0SQ2-NB" time="0.015">
  <properties/>
  <testcase name="testImportFromFile" classname="org.xmlactions.pager.actions.PutActionTest" time="0.007"/>
  <testcase name="testPut" classname="org.xmlactions.pager.actions.PutActionTest" time="0.0"/>
  <testcase name="testPut2" classname="org.xmlactions.pager.actions.PutActionTest" time="0.001"/>
  <testcase name="testImportFromURL" classname="org.xmlactions.pager.actions.PutActionTest" time="0.0"/>
  <testcase name="testPutInsert" classname="org.xmlactions.pager.actions.PutActionTest" time="0.002"/>
  <testcase name="testPagerLoad" classname="org.xmlactions.pager.actions.PutActionTest" time="0.002"/>
  <testcase name="testPutInsert2" classname="org.xmlactions.pager.actions.PutActionTest" time="0.001"/>
  <system-out><![CDATA[Jan:10:14:07:38,394:[Test worker]:(AbstractApplicationContext.prepareRefresh:411):INFO :ClassPathXmlApplicationContext:Refreshing org.springframework.context.support.ClassPathXmlApplicationContext@7820aa1: display name [org.springframework.context.support.ClassPathXmlApplicationContext@7820aa1]; startup date [Thu Jan 10 14:07:38 GMT 2019]; root of context hierarchy
Jan:10:14:07:38,394:[Test worker]:(XmlBeanDefinitionReader.loadBeanDefinitions:323):INFO :XmlBeanDefinitionReader:Loading XML bean definitions from class path resource [config/spring/spring-pager-startup.xml]
Jan:10:14:07:38,398:[Test worker]:(AbstractApplicationContext.obtainFreshBeanFactory:426):INFO :ClassPathXmlApplicationContext:Bean factory for application context [org.springframework.context.support.ClassPathXmlApplicationContext@7820aa1]: org.springframework.beans.factory.support.DefaultListableBeanFactory@4e24604a
Jan:10:14:07:38,398:[Test worker]:(DefaultListableBeanFactory.preInstantiateSingletons:414):INFO :DefaultListableBeanFactory:Pre-instantiating singletons in org.springframework.beans.factory.support.DefaultListableBeanFactory@4e24604a: defining beans [pager.execContext,application.xml]; root of factory hierarchy
Jan:10:14:07:38,399:[Test worker]:(PropertiesLoaderSupport.loadProperties:178):INFO :PropertiesFactoryBean:Loading properties file from class path resource [config/pager/actions.properties]
Jan:10:14:07:38,401:[Test worker]:(PutActionTest.testPut:53):DEBUG:PutActionTest:newPage:put-content:This is the 1st put content
Jan:10:14:07:38,402:[Test worker]:(PutActionTest.testPut2:69):DEBUG:PutActionTest:newPage:put-content:This is the 1st put content[inner echo content]
Jan:10:14:07:38,403:[Test worker]:(PutActionTest.testPutInsert:80):WARN :PutActionTest:url.path:/C:/Users/mikem/git/Axel-Framework/axel-web/build/resources/test/pages
Jan:10:14:07:38,404:[Test worker]:(PutActionTest.testPutInsert:81):WARN :PutActionTest:url.file:/C:/Users/mikem/git/Axel-Framework/axel-web/build/resources/test/pages
Jan:10:14:07:38,407:[Test worker]:(PutActionTest.testPagerLoad:140):DEBUG:PutActionTest:page:<html xmlns="http://www.w3.org/1999/xhtml" 
	xmlns:pager="http://www.riostl.com/schema/pager" 
	xmlns:xsi="http://www.w3.org/2001/XMLSchema-instance"
	xsi:schemaLocation="http://www.riostl.com/schema/pager http://www.riostl.com/schema/pager.xsd">

	<head>
	</head>
	<body>
		
		put-content:This is the 1st put content
	</body>
</html>
]]></system-out>
  <system-err><![CDATA[]]></system-err>
</testsuite>
