<?xml version="1.0" encoding="UTF-8"?>
<testsuite name="org.xmlactions.pager.actions.form.templates.HtmlInputTest" tests="2" skipped="0" failures="0" errors="0" timestamp="2019-01-10T14:07:37" hostname="7SV0SQ2-NB" time="0.001">
  <properties/>
  <testcase name="testFullInput" classname="org.xmlactions.pager.actions.form.templates.HtmlInputTest" time="0.001"/>
  <testcase name="testNameInput" classname="org.xmlactions.pager.actions.form.templates.HtmlInputTest" time="0.0"/>
  <system-out><![CDATA[]]></system-out>
  <system-err><![CDATA[]]></system-err>
</testsuite>
