<?xml version="1.0" encoding="UTF-8"?>
<testsuite name="org.xmlactions.pager.actions.ElseIfActionTest" tests="1" skipped="0" failures="0" errors="0" timestamp="2019-01-10T14:07:37" hostname="7SV0SQ2-NB" time="0.019">
  <properties/>
  <testcase name="testElseIf1" classname="org.xmlactions.pager.actions.ElseIfActionTest" time="0.019"/>
  <system-out><![CDATA[Jan:10:14:07:37,377:[Test worker]:(AbstractApplicationContext.prepareRefresh:411):INFO :ClassPathXmlApplicationContext:Refreshing org.springframework.context.support.ClassPathXmlApplicationContext@645a94a7: display name [org.springframework.context.support.ClassPathXmlApplicationContext@645a94a7]; startup date [Thu Jan 10 14:07:37 GMT 2019]; root of context hierarchy
Jan:10:14:07:37,378:[Test worker]:(XmlBeanDefinitionReader.loadBeanDefinitions:323):INFO :XmlBeanDefinitionReader:Loading XML bean definitions from class path resource [config/spring/spring-pager-startup.xml]
Jan:10:14:07:37,387:[Test worker]:(AbstractApplicationContext.obtainFreshBeanFactory:426):INFO :ClassPathXmlApplicationContext:Bean factory for application context [org.springframework.context.support.ClassPathXmlApplicationContext@645a94a7]: org.springframework.beans.factory.support.DefaultListableBeanFactory@6ef97b5b
Jan:10:14:07:37,388:[Test worker]:(DefaultListableBeanFactory.preInstantiateSingletons:414):INFO :DefaultListableBeanFactory:Pre-instantiating singletons in org.springframework.beans.factory.support.DefaultListableBeanFactory@6ef97b5b: defining beans [pager.execContext,application.xml]; root of factory hierarchy
Jan:10:14:07:37,389:[Test worker]:(PropertiesLoaderSupport.loadProperties:178):INFO :PropertiesFactoryBean:Loading properties file from class path resource [config/pager/actions.properties]
Jan:10:14:07:37,392:[Test worker]:(ActionUtils.evaluateExpression:45):DEBUG:ActionUtils:expression:1==2 script:1==2
Jan:10:14:07:37,392:[Test worker]:(BSFManager.eval:433):DEBUG:BSFManager:BSFManager:eval
Jan:10:14:07:37,393:[Test worker]:(BSFManager.loadScriptingEngine:674):DEBUG:BSFManager:BSFManager:loadScriptingEngine
Jan:10:14:07:37,394:[Test worker]:(ActionUtils.evaluateExpression:45):DEBUG:ActionUtils:expression:2==2 script:2==2
Jan:10:14:07:37,394:[Test worker]:(BSFManager.eval:433):DEBUG:BSFManager:BSFManager:eval
Jan:10:14:07:37,394:[Test worker]:(BSFManager.loadScriptingEngine:674):DEBUG:BSFManager:BSFManager:loadScriptingEngine
Jan:10:14:07:37,395:[Test worker]:(ActionUtils.evaluateExpression:45):DEBUG:ActionUtils:expression:2==2 script:2==2
Jan:10:14:07:37,395:[Test worker]:(BSFManager.eval:433):DEBUG:BSFManager:BSFManager:eval
Jan:10:14:07:37,395:[Test worker]:(BSFManager.loadScriptingEngine:674):DEBUG:BSFManager:BSFManager:loadScriptingEngine
Jan:10:14:07:37,396:[Test worker]:(ElseIfActionTest.testElseIf1:51):DEBUG:ElseIfActionTest:new page:
<body>
   we're from inside elseif 2==2
  content from echo 
</body>
]]></system-out>
  <system-err><![CDATA[]]></system-err>
</testsuite>
