<?xml version="1.0" encoding="UTF-8"?>
<testsuite name="org.xmlactions.pager.actions.IfActionTest" tests="7" skipped="0" failures="0" errors="0" timestamp="2019-01-10T14:07:37" hostname="7SV0SQ2-NB" time="0.081">
  <properties/>
  <testcase name="testIf1" classname="org.xmlactions.pager.actions.IfActionTest" time="0.01"/>
  <testcase name="testIf2" classname="org.xmlactions.pager.actions.IfActionTest" time="0.002"/>
  <testcase name="testIf3" classname="org.xmlactions.pager.actions.IfActionTest" time="0.002"/>
  <testcase name="testIf4" classname="org.xmlactions.pager.actions.IfActionTest" time="0.003"/>
  <testcase name="testIfStrSubstutitor" classname="org.xmlactions.pager.actions.IfActionTest" time="0.002"/>
  <testcase name="testImportFromURL" classname="org.xmlactions.pager.actions.IfActionTest" time="0.037"/>
  <testcase name="testPagerLoad" classname="org.xmlactions.pager.actions.IfActionTest" time="0.025"/>
  <system-out><![CDATA[Jan:10:14:07:37,811:[Test worker]:(AbstractApplicationContext.prepareRefresh:411):INFO :ClassPathXmlApplicationContext:Refreshing org.springframework.context.support.ClassPathXmlApplicationContext@842128e: display name [org.springframework.context.support.ClassPathXmlApplicationContext@842128e]; startup date [Thu Jan 10 14:07:37 GMT 2019]; root of context hierarchy
Jan:10:14:07:37,811:[Test worker]:(XmlBeanDefinitionReader.loadBeanDefinitions:323):INFO :XmlBeanDefinitionReader:Loading XML bean definitions from class path resource [config/spring/spring-pager-startup.xml]
Jan:10:14:07:37,816:[Test worker]:(AbstractApplicationContext.obtainFreshBeanFactory:426):INFO :ClassPathXmlApplicationContext:Bean factory for application context [org.springframework.context.support.ClassPathXmlApplicationContext@842128e]: org.springframework.beans.factory.support.DefaultListableBeanFactory@5f527597
Jan:10:14:07:37,817:[Test worker]:(DefaultListableBeanFactory.preInstantiateSingletons:414):INFO :DefaultListableBeanFactory:Pre-instantiating singletons in org.springframework.beans.factory.support.DefaultListableBeanFactory@5f527597: defining beans [pager.execContext,application.xml]; root of factory hierarchy
Jan:10:14:07:37,817:[Test worker]:(PropertiesLoaderSupport.loadProperties:178):INFO :PropertiesFactoryBean:Loading properties file from class path resource [config/pager/actions.properties]
Jan:10:14:07:37,820:[Test worker]:(ActionUtils.evaluateExpression:45):DEBUG:ActionUtils:expression:1==1 script:1==1
Jan:10:14:07:37,820:[Test worker]:(BSFManager.eval:433):DEBUG:BSFManager:BSFManager:eval
Jan:10:14:07:37,820:[Test worker]:(BSFManager.loadScriptingEngine:674):DEBUG:BSFManager:BSFManager:loadScriptingEngine
Jan:10:14:07:37,821:[Test worker]:(ActionUtils.evaluateExpression:45):DEBUG:ActionUtils:expression:1==2 script:1==2
Jan:10:14:07:37,821:[Test worker]:(BSFManager.eval:433):DEBUG:BSFManager:BSFManager:eval
Jan:10:14:07:37,821:[Test worker]:(BSFManager.loadScriptingEngine:674):DEBUG:BSFManager:BSFManager:loadScriptingEngine
Jan:10:14:07:37,823:[Test worker]:(ActionUtils.evaluateExpression:45):DEBUG:ActionUtils:expression:1==1 script:1==1
Jan:10:14:07:37,823:[Test worker]:(BSFManager.eval:433):DEBUG:BSFManager:BSFManager:eval
Jan:10:14:07:37,824:[Test worker]:(BSFManager.loadScriptingEngine:674):DEBUG:BSFManager:BSFManager:loadScriptingEngine
Jan:10:14:07:37,824:[Test worker]:(IfActionTest.testIf3:83):DEBUG:IfActionTest:new page:
<body>
 [Echo we're from inside if 1==1]
 </body>
Jan:10:14:07:37,826:[Test worker]:(ActionUtils.evaluateExpression:45):DEBUG:ActionUtils:expression:1==1 script:1==1
Jan:10:14:07:37,826:[Test worker]:(BSFManager.eval:433):DEBUG:BSFManager:BSFManager:eval
Jan:10:14:07:37,826:[Test worker]:(BSFManager.loadScriptingEngine:674):DEBUG:BSFManager:BSFManager:loadScriptingEngine
Jan:10:14:07:37,827:[Test worker]:(ActionUtils.evaluateExpression:45):DEBUG:ActionUtils:expression:2==3 script:2==3
Jan:10:14:07:37,827:[Test worker]:(BSFManager.eval:433):DEBUG:BSFManager:BSFManager:eval
Jan:10:14:07:37,827:[Test worker]:(BSFManager.loadScriptingEngine:674):DEBUG:BSFManager:BSFManager:loadScriptingEngine
Jan:10:14:07:37,828:[Test worker]:(IfActionTest.testIf4:100):DEBUG:IfActionTest:new page:
<body>
 
  Echo we're from inside if 1==1
  
 
</body>
Jan:10:14:07:37,828:[Test worker]:(IfActionTest.testIfStrSubstutitor:113):DEBUG:IfActionTest:named.map:true:true
Jan:10:14:07:37,828:[Test worker]:(ActionUtils.evaluateExpression:45):DEBUG:ActionUtils:expression:true==${named.map:true} script:true==true
Jan:10:14:07:37,828:[Test worker]:(BSFManager.eval:433):DEBUG:BSFManager:BSFManager:eval
Jan:10:14:07:37,829:[Test worker]:(BSFManager.loadScriptingEngine:674):DEBUG:BSFManager:BSFManager:loadScriptingEngine
Jan:10:14:07:37,829:[Test worker]:(IfActionTest.testIfStrSubstutitor:120):DEBUG:IfActionTest:new page:
<body>

 We got true [${named.map:true}
 

</body>
Jan:10:14:07:37,830:[Test worker]:(AbstractApplicationContext.prepareRefresh:411):INFO :ClassPathXmlApplicationContext:Refreshing org.springframework.context.support.ClassPathXmlApplicationContext@3003b449: display name [org.springframework.context.support.ClassPathXmlApplicationContext@3003b449]; startup date [Thu Jan 10 14:07:37 GMT 2019]; root of context hierarchy
Jan:10:14:07:37,830:[Test worker]:(XmlBeanDefinitionReader.loadBeanDefinitions:323):INFO :XmlBeanDefinitionReader:Loading XML bean definitions from class path resource [config/spring/spring-pager-startup.xml]
Jan:10:14:07:37,838:[Test worker]:(AbstractApplicationContext.obtainFreshBeanFactory:426):INFO :ClassPathXmlApplicationContext:Bean factory for application context [org.springframework.context.support.ClassPathXmlApplicationContext@3003b449]: org.springframework.beans.factory.support.DefaultListableBeanFactory@71f386ce
Jan:10:14:07:37,838:[Test worker]:(DefaultListableBeanFactory.preInstantiateSingletons:414):INFO :DefaultListableBeanFactory:Pre-instantiating singletons in org.springframework.beans.factory.support.DefaultListableBeanFactory@71f386ce: defining beans [pager.execContext,application.xml]; root of factory hierarchy
Jan:10:14:07:37,839:[Test worker]:(PropertiesLoaderSupport.loadProperties:178):INFO :PropertiesFactoryBean:Loading properties file from class path resource [config/pager/actions.properties]
Jan:10:14:07:37,856:[Test worker]:(ActionUtils.evaluateExpression:45):DEBUG:ActionUtils:expression:1==1 script:1==1
Jan:10:14:07:37,856:[Test worker]:(BSFManager.eval:433):DEBUG:BSFManager:BSFManager:eval
Jan:10:14:07:37,856:[Test worker]:(BSFManager.loadScriptingEngine:674):DEBUG:BSFManager:BSFManager:loadScriptingEngine
Jan:10:14:07:37,857:[Test worker]:(ActionUtils.evaluateExpression:45):DEBUG:ActionUtils:expression:2==3 script:2==3
Jan:10:14:07:37,858:[Test worker]:(BSFManager.eval:433):DEBUG:BSFManager:BSFManager:eval
Jan:10:14:07:37,858:[Test worker]:(BSFManager.loadScriptingEngine:674):DEBUG:BSFManager:BSFManager:loadScriptingEngine
Jan:10:14:07:37,858:[Test worker]:(ActionUtils.evaluateExpression:45):DEBUG:ActionUtils:expression:'${request:fred}'=='1'; script:'my name is fred'=='1';
Jan:10:14:07:37,858:[Test worker]:(BSFManager.eval:433):DEBUG:BSFManager:BSFManager:eval
Jan:10:14:07:37,859:[Test worker]:(BSFManager.loadScriptingEngine:674):DEBUG:BSFManager:BSFManager:loadScriptingEngine
Jan:10:14:07:37,859:[Test worker]:(ActionUtils.evaluateExpression:45):DEBUG:ActionUtils:expression:${key}==1; script:1==1;
Jan:10:14:07:37,860:[Test worker]:(BSFManager.eval:433):DEBUG:BSFManager:BSFManager:eval
Jan:10:14:07:37,860:[Test worker]:(BSFManager.loadScriptingEngine:674):DEBUG:BSFManager:BSFManager:loadScriptingEngine
Jan:10:14:07:37,860:[Test worker]:(ActionUtils.evaluateExpression:45):DEBUG:ActionUtils:expression:10==10 script:10==10
Jan:10:14:07:37,860:[Test worker]:(BSFManager.eval:433):DEBUG:BSFManager:BSFManager:eval
Jan:10:14:07:37,861:[Test worker]:(BSFManager.loadScriptingEngine:674):DEBUG:BSFManager:BSFManager:loadScriptingEngine
Jan:10:14:07:37,861:[Test worker]:(ActionUtils.evaluateExpression:45):DEBUG:ActionUtils:expression:20==21 script:20==21
Jan:10:14:07:37,861:[Test worker]:(BSFManager.eval:433):DEBUG:BSFManager:BSFManager:eval
Jan:10:14:07:37,861:[Test worker]:(BSFManager.loadScriptingEngine:674):DEBUG:BSFManager:BSFManager:loadScriptingEngine
Jan:10:14:07:37,862:[Test worker]:(ActionUtils.evaluateExpression:45):DEBUG:ActionUtils:expression:21==21 script:21==21
Jan:10:14:07:37,863:[Test worker]:(BSFManager.eval:433):DEBUG:BSFManager:BSFManager:eval
Jan:10:14:07:37,863:[Test worker]:(BSFManager.loadScriptingEngine:674):DEBUG:BSFManager:BSFManager:loadScriptingEngine
Jan:10:14:07:37,863:[Test worker]:(ActionUtils.evaluateExpression:45):DEBUG:ActionUtils:expression:21==21 script:21==21
Jan:10:14:07:37,863:[Test worker]:(BSFManager.eval:433):DEBUG:BSFManager:BSFManager:eval
Jan:10:14:07:37,864:[Test worker]:(BSFManager.loadScriptingEngine:674):DEBUG:BSFManager:BSFManager:loadScriptingEngine
Jan:10:14:07:37,864:[Test worker]:(ActionUtils.evaluateExpression:45):DEBUG:ActionUtils:expression:30==31 script:30==31
Jan:10:14:07:37,864:[Test worker]:(BSFManager.eval:433):DEBUG:BSFManager:BSFManager:eval
Jan:10:14:07:37,864:[Test worker]:(BSFManager.loadScriptingEngine:674):DEBUG:BSFManager:BSFManager:loadScriptingEngine
Jan:10:14:07:37,865:[Test worker]:(ActionUtils.evaluateExpression:45):DEBUG:ActionUtils:expression:31==32 script:31==32
Jan:10:14:07:37,865:[Test worker]:(BSFManager.eval:433):DEBUG:BSFManager:BSFManager:eval
Jan:10:14:07:37,865:[Test worker]:(BSFManager.loadScriptingEngine:674):DEBUG:BSFManager:BSFManager:loadScriptingEngine
Jan:10:14:07:37,866:[Test worker]:(ExecContext.get:308):INFO :ExecContext:No bean named 'pager.NoStrSubst' is defined
Jan:10:14:07:37,866:[Test worker]:(ExecContext.get:308):INFO :ExecContext:No bean named 'stacked_pages' is defined
Jan:10:14:07:37,866:[Test worker]:(IfActionTest.testImportFromURL:144):DEBUG:IfActionTest:page:

<head>
</head>
<body>

    
        Echo we're from inside if 1==1
        
    
    
    $(request:fred}
    
    
    
        key = 1
    
	
	This is the echo content

    
        <td>this is a td in if [10==10]</td>
	
	
    

    <p>
        Now we're onto the elseif clause
    </p>
    
        <td>this is a td in elseif [21==21]
        </td>
    

    <p>
        Now we're onto the else clause
    </p>
    
        <td>this is a td in else after ]30==31[
        </td>
    


</body>

Jan:10:14:07:37,867:[Test worker]:(AbstractApplicationContext.prepareRefresh:411):INFO :ClassPathXmlApplicationContext:Refreshing org.springframework.context.support.ClassPathXmlApplicationContext@6c2f80d7: display name [org.springframework.context.support.ClassPathXmlApplicationContext@6c2f80d7]; startup date [Thu Jan 10 14:07:37 GMT 2019]; root of context hierarchy
Jan:10:14:07:37,867:[Test worker]:(XmlBeanDefinitionReader.loadBeanDefinitions:323):INFO :XmlBeanDefinitionReader:Loading XML bean definitions from class path resource [config/spring/spring-pager-startup.xml]
Jan:10:14:07:37,872:[Test worker]:(AbstractApplicationContext.obtainFreshBeanFactory:426):INFO :ClassPathXmlApplicationContext:Bean factory for application context [org.springframework.context.support.ClassPathXmlApplicationContext@6c2f80d7]: org.springframework.beans.factory.support.DefaultListableBeanFactory@62a6a8b9
Jan:10:14:07:37,873:[Test worker]:(DefaultListableBeanFactory.preInstantiateSingletons:414):INFO :DefaultListableBeanFactory:Pre-instantiating singletons in org.springframework.beans.factory.support.DefaultListableBeanFactory@62a6a8b9: defining beans [pager.execContext,application.xml]; root of factory hierarchy
Jan:10:14:07:37,873:[Test worker]:(PropertiesLoaderSupport.loadProperties:178):INFO :PropertiesFactoryBean:Loading properties file from class path resource [config/pager/actions.properties]
Jan:10:14:07:37,879:[Test worker]:(ActionUtils.evaluateExpression:45):DEBUG:ActionUtils:expression:1==1 script:1==1
Jan:10:14:07:37,879:[Test worker]:(BSFManager.eval:433):DEBUG:BSFManager:BSFManager:eval
Jan:10:14:07:37,879:[Test worker]:(BSFManager.loadScriptingEngine:674):DEBUG:BSFManager:BSFManager:loadScriptingEngine
Jan:10:14:07:37,880:[Test worker]:(ActionUtils.evaluateExpression:45):DEBUG:ActionUtils:expression:2==3 script:2==3
Jan:10:14:07:37,880:[Test worker]:(BSFManager.eval:433):DEBUG:BSFManager:BSFManager:eval
Jan:10:14:07:37,880:[Test worker]:(BSFManager.loadScriptingEngine:674):DEBUG:BSFManager:BSFManager:loadScriptingEngine
Jan:10:14:07:37,881:[Test worker]:(ActionUtils.evaluateExpression:45):DEBUG:ActionUtils:expression:'${request:fred}'=='1'; script:'my name is fred'=='1';
Jan:10:14:07:37,881:[Test worker]:(BSFManager.eval:433):DEBUG:BSFManager:BSFManager:eval
Jan:10:14:07:37,881:[Test worker]:(BSFManager.loadScriptingEngine:674):DEBUG:BSFManager:BSFManager:loadScriptingEngine
Jan:10:14:07:37,882:[Test worker]:(ActionUtils.evaluateExpression:45):DEBUG:ActionUtils:expression:${key}==1; script:1==1;
Jan:10:14:07:37,882:[Test worker]:(BSFManager.eval:433):DEBUG:BSFManager:BSFManager:eval
Jan:10:14:07:37,882:[Test worker]:(BSFManager.loadScriptingEngine:674):DEBUG:BSFManager:BSFManager:loadScriptingEngine
Jan:10:14:07:37,883:[Test worker]:(ActionUtils.evaluateExpression:45):DEBUG:ActionUtils:expression:10==10 script:10==10
Jan:10:14:07:37,883:[Test worker]:(BSFManager.eval:433):DEBUG:BSFManager:BSFManager:eval
Jan:10:14:07:37,883:[Test worker]:(BSFManager.loadScriptingEngine:674):DEBUG:BSFManager:BSFManager:loadScriptingEngine
Jan:10:14:07:37,884:[Test worker]:(ActionUtils.evaluateExpression:45):DEBUG:ActionUtils:expression:20==21 script:20==21
Jan:10:14:07:37,884:[Test worker]:(BSFManager.eval:433):DEBUG:BSFManager:BSFManager:eval
Jan:10:14:07:37,885:[Test worker]:(BSFManager.loadScriptingEngine:674):DEBUG:BSFManager:BSFManager:loadScriptingEngine
Jan:10:14:07:37,886:[Test worker]:(ActionUtils.evaluateExpression:45):DEBUG:ActionUtils:expression:21==21 script:21==21
Jan:10:14:07:37,886:[Test worker]:(BSFManager.eval:433):DEBUG:BSFManager:BSFManager:eval
Jan:10:14:07:37,886:[Test worker]:(BSFManager.loadScriptingEngine:674):DEBUG:BSFManager:BSFManager:loadScriptingEngine
Jan:10:14:07:37,887:[Test worker]:(ActionUtils.evaluateExpression:45):DEBUG:ActionUtils:expression:21==21 script:21==21
Jan:10:14:07:37,887:[Test worker]:(BSFManager.eval:433):DEBUG:BSFManager:BSFManager:eval
Jan:10:14:07:37,887:[Test worker]:(BSFManager.loadScriptingEngine:674):DEBUG:BSFManager:BSFManager:loadScriptingEngine
Jan:10:14:07:37,888:[Test worker]:(ActionUtils.evaluateExpression:45):DEBUG:ActionUtils:expression:30==31 script:30==31
Jan:10:14:07:37,888:[Test worker]:(BSFManager.eval:433):DEBUG:BSFManager:BSFManager:eval
Jan:10:14:07:37,889:[Test worker]:(BSFManager.loadScriptingEngine:674):DEBUG:BSFManager:BSFManager:loadScriptingEngine
Jan:10:14:07:37,890:[Test worker]:(ActionUtils.evaluateExpression:45):DEBUG:ActionUtils:expression:31==32 script:31==32
Jan:10:14:07:37,890:[Test worker]:(BSFManager.eval:433):DEBUG:BSFManager:BSFManager:eval
Jan:10:14:07:37,890:[Test worker]:(BSFManager.loadScriptingEngine:674):DEBUG:BSFManager:BSFManager:loadScriptingEngine
Jan:10:14:07:37,891:[Test worker]:(IfActionTest.testPagerLoad:168):DEBUG:IfActionTest:page:<html xmlns="http://www.w3.org/1999/xhtml"
	xmlns:pager="http://www.riostl.com/schema/pager"
	xmlns:xsi="http://www.w3.org/2001/XMLSchema-instance"
	xsi:schemaLocation="http://www.riostl.com/schema/pager http://www.riostl.com/schema/pager.xsd">

<head>
</head>
<body>

    
        Echo we're from inside if 1==1
        
    
    
    $(request:fred}
    
    
    
        key = 1
    
	
	This is the echo content

    
        <td>this is a td in if [10==10]</td>
	
	
    

    <p>
        Now we're onto the elseif clause
    </p>
    
        <td>this is a td in elseif [21==21]
        </td>
    

    <p>
        Now we're onto the else clause
    </p>
    
        <td>this is a td in else after ]30==31[
        </td>
    


</body>
</html>
]]></system-out>
  <system-err><![CDATA[]]></system-err>
</testsuite>
