<?xml version="1.0" encoding="UTF-8"?>
<testsuite name="org.xmlactions.pager.actions.mapping.TestXmlToJSONAction" tests="3" skipped="0" failures="0" errors="0" timestamp="2019-01-10T14:07:38" hostname="7SV0SQ2-NB" time="0.032">
  <properties/>
  <testcase name="testAmp" classname="org.xmlactions.pager.actions.mapping.TestXmlToJSONAction" time="0.03"/>
  <testcase name="testXPath" classname="org.xmlactions.pager.actions.mapping.TestXmlToJSONAction" time="0.002"/>
  <testcase name="testCreate" classname="org.xmlactions.pager.actions.mapping.TestXmlToJSONAction" time="0.0"/>
  <system-out><![CDATA[Jan:10:14:07:38,279:[Test worker]:(AbstractApplicationContext.prepareRefresh:411):INFO :ClassPathXmlApplicationContext:Refreshing org.springframework.context.support.ClassPathXmlApplicationContext@852f214: display name [org.springframework.context.support.ClassPathXmlApplicationContext@852f214]; startup date [Thu Jan 10 14:07:38 GMT 2019]; root of context hierarchy
Jan:10:14:07:38,280:[Test worker]:(XmlBeanDefinitionReader.loadBeanDefinitions:323):INFO :XmlBeanDefinitionReader:Loading XML bean definitions from class path resource [config/spring/spring-pager-startup.xml]
Jan:10:14:07:38,286:[Test worker]:(XmlBeanDefinitionReader.loadBeanDefinitions:323):INFO :XmlBeanDefinitionReader:Loading XML bean definitions from class path resource [config/spring/test-spring-pager-web-startup.xml]
Jan:10:14:07:38,292:[Test worker]:(DefaultListableBeanFactory.registerBeanDefinition:467):INFO :DefaultListableBeanFactory:Overriding bean definition for bean 'pager.execContext': replacing [Generic bean: class [org.xmlactions.pager.context.PersistenceExecContext]; scope=singleton; abstract=false; lazyInit=false; autowireMode=0; dependencyCheck=0; autowireCandidate=true; primary=false; factoryBeanName=null; factoryMethodName=null; initMethodName=null; destroyMethodName=null; defined in class path resource [config/spring/spring-pager-startup.xml]] with [Generic bean: class [org.xmlactions.pager.context.PersistenceExecContext]; scope=prototype; abstract=false; lazyInit=false; autowireMode=0; dependencyCheck=0; autowireCandidate=true; primary=false; factoryBeanName=null; factoryMethodName=null; initMethodName=null; destroyMethodName=null; defined in class path resource [config/spring/test-spring-pager-web-startup.xml]]
Jan:10:14:07:38,293:[Test worker]:(DefaultListableBeanFactory.registerBeanDefinition:467):INFO :DefaultListableBeanFactory:Overriding bean definition for bean 'application.xml': replacing [Generic bean: class [org.apache.commons.configuration.XMLConfiguration]; scope=singleton; abstract=false; lazyInit=false; autowireMode=0; dependencyCheck=0; autowireCandidate=true; primary=false; factoryBeanName=null; factoryMethodName=null; initMethodName=null; destroyMethodName=null; defined in class path resource [config/spring/spring-pager-startup.xml]] with [Generic bean: class [org.apache.commons.configuration.XMLConfiguration]; scope=singleton; abstract=false; lazyInit=false; autowireMode=0; dependencyCheck=0; autowireCandidate=true; primary=false; factoryBeanName=null; factoryMethodName=null; initMethodName=null; destroyMethodName=null; defined in class path resource [config/spring/test-spring-pager-web-startup.xml]]
Jan:10:14:07:38,293:[Test worker]:(AbstractApplicationContext.obtainFreshBeanFactory:426):INFO :ClassPathXmlApplicationContext:Bean factory for application context [org.springframework.context.support.ClassPathXmlApplicationContext@852f214]: org.springframework.beans.factory.support.DefaultListableBeanFactory@2dddd6fc
Jan:10:14:07:38,294:[Test worker]:(DefaultListableBeanFactory.preInstantiateSingletons:414):INFO :DefaultListableBeanFactory:Pre-instantiating singletons in org.springframework.beans.factory.support.DefaultListableBeanFactory@2dddd6fc: defining beans [pager.execContext,application.xml,riostlTheme,blackTheme,blueTheme,iceTheme,grayTheme,email_client_config]; root of factory hierarchy
Jan:10:14:07:38,296:[Test worker]:(PropertiesLoaderSupport.loadProperties:178):INFO :PropertiesFactoryBean:Loading properties file from class path resource [themes/riostl.properties]
Jan:10:14:07:38,297:[Test worker]:(PropertiesLoaderSupport.loadProperties:178):INFO :PropertiesFactoryBean:Loading properties file from class path resource [themes/black.properties]
Jan:10:14:07:38,299:[Test worker]:(PropertiesLoaderSupport.loadProperties:178):INFO :PropertiesFactoryBean:Loading properties file from class path resource [themes/blue.properties]
Jan:10:14:07:38,300:[Test worker]:(PropertiesLoaderSupport.loadProperties:178):INFO :PropertiesFactoryBean:Loading properties file from class path resource [themes/ice.properties]
Jan:10:14:07:38,301:[Test worker]:(PropertiesLoaderSupport.loadProperties:178):INFO :PropertiesFactoryBean:Loading properties file from class path resource [themes/gray.properties]
Jan:10:14:07:38,302:[Test worker]:(PropertiesLoaderSupport.loadProperties:178):INFO :PropertiesFactoryBean:Loading properties file from class path resource [config/pager/actions.properties]
Jan:10:14:07:38,303:[Test worker]:(PropertiesLoaderSupport.loadProperties:178):INFO :PropertiesFactoryBean:Loading properties file from class path resource [config/project/web.properties]
Jan:10:14:07:38,303:[Test worker]:(PropertiesLoaderSupport.loadProperties:178):INFO :PropertiesFactoryBean:Loading properties file from class path resource [themes/snippets/html_snippets.properties]
Jan:10:14:07:38,305:[Test worker]:(Theme.appendTheme:75):DEBUG:Theme:2
Jan:10:14:07:38,305:[Test worker]:(Theme.appendTheme:75):DEBUG:Theme:3
Jan:10:14:07:38,305:[Test worker]:(Theme.appendTheme:75):DEBUG:Theme:4
Jan:10:14:07:38,305:[Test worker]:(Theme.appendTheme:75):DEBUG:Theme:5
Jan:10:14:07:38,309:[Test worker]:(TestXmlToJSONAction.testAmp:59):DEBUG:TestXmlToJSONAction:{"xml":{"content":"Stuff here & stuff here","child":{"name":"fred"}}}
Jan:10:14:07:38,310:[Test worker]:(TestXmlToJSONAction.testXPath:73):DEBUG:TestXmlToJSONAction:{"xml":{"child":{"name":"fred"}}}
Jan:10:14:07:38,310:[Test worker]:(TestXmlToJSONAction.testCreate:46):DEBUG:TestXmlToJSONAction:{"xml":{"child":{"name":"fred"}}}
]]></system-out>
  <system-err><![CDATA[]]></system-err>
</testsuite>
