<?xml version="1.0" encoding="UTF-8"?>
<testsuite name="org.xmlactions.pager.actions.IfActionTest2" tests="1" skipped="0" failures="0" errors="0" timestamp="2019-01-10T14:07:37" hostname="7SV0SQ2-NB" time="0.011">
  <properties/>
  <testcase name="testPagerLoad" classname="org.xmlactions.pager.actions.IfActionTest2" time="0.011"/>
  <system-out><![CDATA[Jan:10:14:07:37,893:[Test worker]:(AbstractApplicationContext.prepareRefresh:411):INFO :ClassPathXmlApplicationContext:Refreshing org.springframework.context.support.ClassPathXmlApplicationContext@19d0faeb: display name [org.springframework.context.support.ClassPathXmlApplicationContext@19d0faeb]; startup date [Thu Jan 10 14:07:37 GMT 2019]; root of context hierarchy
Jan:10:14:07:37,893:[Test worker]:(XmlBeanDefinitionReader.loadBeanDefinitions:323):INFO :XmlBeanDefinitionReader:Loading XML bean definitions from class path resource [config/spring/spring-pager-startup.xml]
Jan:10:14:07:37,899:[Test worker]:(AbstractApplicationContext.obtainFreshBeanFactory:426):INFO :ClassPathXmlApplicationContext:Bean factory for application context [org.springframework.context.support.ClassPathXmlApplicationContext@19d0faeb]: org.springframework.beans.factory.support.DefaultListableBeanFactory@6203c7bc
Jan:10:14:07:37,899:[Test worker]:(DefaultListableBeanFactory.preInstantiateSingletons:414):INFO :DefaultListableBeanFactory:Pre-instantiating singletons in org.springframework.beans.factory.support.DefaultListableBeanFactory@6203c7bc: defining beans [pager.execContext,application.xml]; root of factory hierarchy
Jan:10:14:07:37,900:[Test worker]:(PropertiesLoaderSupport.loadProperties:178):INFO :PropertiesFactoryBean:Loading properties file from class path resource [config/pager/actions.properties]
Jan:10:14:07:37,902:[Test worker]:(ActionUtils.evaluateExpression:45):DEBUG:ActionUtils:expression:10==10 script:10==10
Jan:10:14:07:37,902:[Test worker]:(BSFManager.eval:433):DEBUG:BSFManager:BSFManager:eval
Jan:10:14:07:37,902:[Test worker]:(BSFManager.loadScriptingEngine:674):DEBUG:BSFManager:BSFManager:loadScriptingEngine
Jan:10:14:07:37,903:[Test worker]:(IfActionTest2.testPagerLoad:47):DEBUG:IfActionTest2:page:<body>
 <pager:if expression="10==10">
  <td>this is a td in if [10==10]</td>
 </pager:if>
</body>
]]></system-out>
  <system-err><![CDATA[]]></system-err>
</testsuite>
