<?xml version="1.0" encoding="UTF-8"?>
<testsuite name="org.xmlactions.pager.actions.IfActionStrSubstutitorTest" tests="2" skipped="0" failures="0" errors="0" timestamp="2019-01-10T14:07:37" hostname="7SV0SQ2-NB" time="0.011">
  <properties/>
  <testcase name="testNullStrSubstutitor" classname="org.xmlactions.pager.actions.IfActionStrSubstutitorTest" time="0.01"/>
  <testcase name="testIfStrSubstutitor" classname="org.xmlactions.pager.actions.IfActionStrSubstutitorTest" time="0.001"/>
  <system-out><![CDATA[Jan:10:14:07:37,798:[Test worker]:(AbstractApplicationContext.prepareRefresh:411):INFO :ClassPathXmlApplicationContext:Refreshing org.springframework.context.support.ClassPathXmlApplicationContext@37100664: display name [org.springframework.context.support.ClassPathXmlApplicationContext@37100664]; startup date [Thu Jan 10 14:07:37 GMT 2019]; root of context hierarchy
Jan:10:14:07:37,799:[Test worker]:(XmlBeanDefinitionReader.loadBeanDefinitions:323):INFO :XmlBeanDefinitionReader:Loading XML bean definitions from class path resource [config/spring/spring-pager-startup.xml]
Jan:10:14:07:37,805:[Test worker]:(AbstractApplicationContext.obtainFreshBeanFactory:426):INFO :ClassPathXmlApplicationContext:Bean factory for application context [org.springframework.context.support.ClassPathXmlApplicationContext@37100664]: org.springframework.beans.factory.support.DefaultListableBeanFactory@6d93f03a
Jan:10:14:07:37,805:[Test worker]:(DefaultListableBeanFactory.preInstantiateSingletons:414):INFO :DefaultListableBeanFactory:Pre-instantiating singletons in org.springframework.beans.factory.support.DefaultListableBeanFactory@6d93f03a: defining beans [pager.execContext,application.xml]; root of factory hierarchy
Jan:10:14:07:37,806:[Test worker]:(PropertiesLoaderSupport.loadProperties:178):INFO :PropertiesFactoryBean:Loading properties file from class path resource [config/pager/actions.properties]
Jan:10:14:07:37,809:[Test worker]:(ActionUtils.evaluateExpression:45):DEBUG:ActionUtils:expression:true==${named.map:true} script:true==true
Jan:10:14:07:37,809:[Test worker]:(BSFManager.eval:433):DEBUG:BSFManager:BSFManager:eval
Jan:10:14:07:37,809:[Test worker]:(BSFManager.loadScriptingEngine:674):DEBUG:BSFManager:BSFManager:loadScriptingEngine
]]></system-out>
  <system-err><![CDATA[]]></system-err>
</testsuite>
