<?xml version="1.0" encoding="UTF-8"?>
<testsuite name="org.xmlactions.pager.actions.InsertIntoActionTest" tests="2" skipped="0" failures="0" errors="0" timestamp="2019-01-10T14:07:38" hostname="7SV0SQ2-NB" time="0.022">
  <properties/>
  <testcase name="testInsertIntoRemoveHtml" classname="org.xmlactions.pager.actions.InsertIntoActionTest" time="0.012"/>
  <testcase name="testInsertIntoAction" classname="org.xmlactions.pager.actions.InsertIntoActionTest" time="0.01"/>
  <system-out><![CDATA[Jan:10:14:07:38,077:[Test worker]:(AbstractApplicationContext.prepareRefresh:411):INFO :ClassPathXmlApplicationContext:Refreshing org.springframework.context.support.ClassPathXmlApplicationContext@24b4295b: display name [org.springframework.context.support.ClassPathXmlApplicationContext@24b4295b]; startup date [Thu Jan 10 14:07:38 GMT 2019]; root of context hierarchy
Jan:10:14:07:38,077:[Test worker]:(XmlBeanDefinitionReader.loadBeanDefinitions:323):INFO :XmlBeanDefinitionReader:Loading XML bean definitions from class path resource [config/spring/spring-pager-startup.xml]
Jan:10:14:07:38,083:[Test worker]:(AbstractApplicationContext.obtainFreshBeanFactory:426):INFO :ClassPathXmlApplicationContext:Bean factory for application context [org.springframework.context.support.ClassPathXmlApplicationContext@24b4295b]: org.springframework.beans.factory.support.DefaultListableBeanFactory@2892fa7
Jan:10:14:07:38,083:[Test worker]:(DefaultListableBeanFactory.preInstantiateSingletons:414):INFO :DefaultListableBeanFactory:Pre-instantiating singletons in org.springframework.beans.factory.support.DefaultListableBeanFactory@2892fa7: defining beans [pager.execContext,application.xml]; root of factory hierarchy
Jan:10:14:07:38,084:[Test worker]:(PropertiesLoaderSupport.loadProperties:178):INFO :PropertiesFactoryBean:Loading properties file from class path resource [config/pager/actions.properties]
Jan:10:14:07:38,088:[Test worker]:(InsertIntoActionTest.testInsertIntoRemoveHtml:61):DEBUG:InsertIntoActionTest:page:<html>
We will insert the content of the page here [
Write stuff here
We are going to insert the content of this page into a wrapper page
and write stuff here
] and see what happens
</html>

Jan:10:14:07:38,089:[Test worker]:(AbstractApplicationContext.prepareRefresh:411):INFO :ClassPathXmlApplicationContext:Refreshing org.springframework.context.support.ClassPathXmlApplicationContext@7854ae4: display name [org.springframework.context.support.ClassPathXmlApplicationContext@7854ae4]; startup date [Thu Jan 10 14:07:38 GMT 2019]; root of context hierarchy
Jan:10:14:07:38,089:[Test worker]:(XmlBeanDefinitionReader.loadBeanDefinitions:323):INFO :XmlBeanDefinitionReader:Loading XML bean definitions from class path resource [config/spring/spring-pager-startup.xml]
Jan:10:14:07:38,095:[Test worker]:(AbstractApplicationContext.obtainFreshBeanFactory:426):INFO :ClassPathXmlApplicationContext:Bean factory for application context [org.springframework.context.support.ClassPathXmlApplicationContext@7854ae4]: org.springframework.beans.factory.support.DefaultListableBeanFactory@748bbdd9
Jan:10:14:07:38,095:[Test worker]:(DefaultListableBeanFactory.preInstantiateSingletons:414):INFO :DefaultListableBeanFactory:Pre-instantiating singletons in org.springframework.beans.factory.support.DefaultListableBeanFactory@748bbdd9: defining beans [pager.execContext,application.xml]; root of factory hierarchy
Jan:10:14:07:38,095:[Test worker]:(PropertiesLoaderSupport.loadProperties:178):INFO :PropertiesFactoryBean:Loading properties file from class path resource [config/pager/actions.properties]
Jan:10:14:07:38,098:[Test worker]:(InsertIntoActionTest.testInsertIntoAction:42):DEBUG:InsertIntoActionTest:page:<html>
We will insert the content of the page here [
Write stuff here
We are going to insert the content of this page into a wrapper page
and write stuff here
] and see what happens
</html>

]]></system-out>
  <system-err><![CDATA[]]></system-err>
</testsuite>
