<?xml version="1.0" encoding="UTF-8"?>
<testsuite name="org.xmlactions.pager.actions.dates.TestDateFormatterAction" tests="2" skipped="0" failures="0" errors="0" timestamp="2019-01-10T14:07:36" hostname="7SV0SQ2-NB" time="0.235">
  <properties/>
  <testcase name="testDateTime" classname="org.xmlactions.pager.actions.dates.TestDateFormatterAction" time="0.234"/>
  <testcase name="testOne" classname="org.xmlactions.pager.actions.dates.TestDateFormatterAction" time="0.001"/>
  <system-out><![CDATA[Jan:10:14:07:36,939:[Test worker]:(AbstractApplicationContext.prepareRefresh:411):INFO :ClassPathXmlApplicationContext:Refreshing org.springframework.context.support.ClassPathXmlApplicationContext@b852241: display name [org.springframework.context.support.ClassPathXmlApplicationContext@b852241]; startup date [Thu Jan 10 14:07:36 GMT 2019]; root of context hierarchy
Jan:10:14:07:36,972:[Test worker]:(XmlBeanDefinitionReader.loadBeanDefinitions:323):INFO :XmlBeanDefinitionReader:Loading XML bean definitions from class path resource [config/spring/spring-pager-startup.xml]
Jan:10:14:07:37,063:[Test worker]:(AbstractApplicationContext.obtainFreshBeanFactory:426):INFO :ClassPathXmlApplicationContext:Bean factory for application context [org.springframework.context.support.ClassPathXmlApplicationContext@b852241]: org.springframework.beans.factory.support.DefaultListableBeanFactory@282521e3
Jan:10:14:07:37,078:[Test worker]:(DefaultListableBeanFactory.preInstantiateSingletons:414):INFO :DefaultListableBeanFactory:Pre-instantiating singletons in org.springframework.beans.factory.support.DefaultListableBeanFactory@282521e3: defining beans [pager.execContext,application.xml]; root of factory hierarchy
Jan:10:14:07:37,096:[Test worker]:(PropertiesLoaderSupport.loadProperties:178):INFO :PropertiesFactoryBean:Loading properties file from class path resource [config/pager/actions.properties]
]]></system-out>
  <system-err><![CDATA[SLF4J: Class path contains multiple SLF4J bindings.
SLF4J: Found binding in [jar:file:/C:/Users/mikem/.m2/repository/org/slf4j/slf4j-log4j12/1.7.7/slf4j-log4j12-1.7.7.jar!/org/slf4j/impl/StaticLoggerBinder.class]
SLF4J: Found binding in [jar:file:/C:/Users/mikem/.gradle/caches/modules-2/files-2.1/org.slf4j/slf4j-simple/1.7.7/8095d0b9f7e0a9cd79a663c740e0f8fb31d0e2c8/slf4j-simple-1.7.7.jar!/org/slf4j/impl/StaticLoggerBinder.class]
SLF4J: See http://www.slf4j.org/codes.html#multiple_bindings for an explanation.
SLF4J: Actual binding is of type [org.slf4j.impl.Log4jLoggerFactory]
]]></system-err>
</testsuite>
