<?xml version="1.0" encoding="UTF-8"?>
<testsuite name="org.xmlactions.pager.actions.form.LinkTest" tests="2" skipped="0" failures="0" errors="0" timestamp="2019-01-10T14:07:37" hostname="7SV0SQ2-NB" time="0.001">
  <properties/>
  <testcase name="testDraw" classname="org.xmlactions.pager.actions.form.LinkTest" time="0.0"/>
  <testcase name="testEscapeHtml" classname="org.xmlactions.pager.actions.form.LinkTest" time="0.0"/>
  <system-out><![CDATA[Jan:10:14:07:37,770:[Test worker]:(LinkTest.testDraw:39):DEBUG:LinkTest:htmlA:<a href="" title="tooltip" class="link_button" ><span class="link_button" >name</span></a>
]]></system-out>
  <system-err><![CDATA[]]></system-err>
</testsuite>
