<?xml version="1.0" encoding="UTF-8"?>
<testsuite name="org.xmlactions.pager.actions.TransformActionTest" tests="1" skipped="0" failures="0" errors="0" timestamp="2019-01-10T14:07:38" hostname="7SV0SQ2-NB" time="0.01">
  <properties/>
  <testcase name="testTransform" classname="org.xmlactions.pager.actions.TransformActionTest" time="0.01"/>
  <system-out><![CDATA[Jan:10:14:07:38,478:[Test worker]:(AbstractApplicationContext.prepareRefresh:411):INFO :ClassPathXmlApplicationContext:Refreshing org.springframework.context.support.ClassPathXmlApplicationContext@3091a380: display name [org.springframework.context.support.ClassPathXmlApplicationContext@3091a380]; startup date [Thu Jan 10 14:07:38 GMT 2019]; root of context hierarchy
Jan:10:14:07:38,478:[Test worker]:(XmlBeanDefinitionReader.loadBeanDefinitions:323):INFO :XmlBeanDefinitionReader:Loading XML bean definitions from class path resource [config/spring/spring-pager-startup.xml]
Jan:10:14:07:38,484:[Test worker]:(AbstractApplicationContext.obtainFreshBeanFactory:426):INFO :ClassPathXmlApplicationContext:Bean factory for application context [org.springframework.context.support.ClassPathXmlApplicationContext@3091a380]: org.springframework.beans.factory.support.DefaultListableBeanFactory@3b6d5f47
Jan:10:14:07:38,484:[Test worker]:(DefaultListableBeanFactory.preInstantiateSingletons:414):INFO :DefaultListableBeanFactory:Pre-instantiating singletons in org.springframework.beans.factory.support.DefaultListableBeanFactory@3b6d5f47: defining beans [pager.execContext,application.xml]; root of factory hierarchy
Jan:10:14:07:38,485:[Test worker]:(PropertiesLoaderSupport.loadProperties:178):INFO :PropertiesFactoryBean:Loading properties file from class path resource [config/pager/actions.properties]
Jan:10:14:07:38,487:[Test worker]:(ExecContext.get:308):INFO :ExecContext:No bean named 'pager.realPath' is defined
]]></system-out>
  <system-err><![CDATA[]]></system-err>
</testsuite>
