<?xml version="1.0" encoding="UTF-8"?>
<testsuite name="org.xmlactions.pager.actions.ParamTest" tests="1" skipped="0" failures="0" errors="0" timestamp="2019-01-10T14:07:38" hostname="7SV0SQ2-NB" time="0.011">
  <properties/>
  <testcase name="testParam" classname="org.xmlactions.pager.actions.ParamTest" time="0.011"/>
  <system-out><![CDATA[Jan:10:14:07:38,359:[Test worker]:(AbstractApplicationContext.prepareRefresh:411):INFO :ClassPathXmlApplicationContext:Refreshing org.springframework.context.support.ClassPathXmlApplicationContext@4d90370: display name [org.springframework.context.support.ClassPathXmlApplicationContext@4d90370]; startup date [Thu Jan 10 14:07:38 GMT 2019]; root of context hierarchy
Jan:10:14:07:38,360:[Test worker]:(XmlBeanDefinitionReader.loadBeanDefinitions:323):INFO :XmlBeanDefinitionReader:Loading XML bean definitions from class path resource [config/spring/spring-pager-startup.xml]
Jan:10:14:07:38,366:[Test worker]:(AbstractApplicationContext.obtainFreshBeanFactory:426):INFO :ClassPathXmlApplicationContext:Bean factory for application context [org.springframework.context.support.ClassPathXmlApplicationContext@4d90370]: org.springframework.beans.factory.support.DefaultListableBeanFactory@661829de
Jan:10:14:07:38,366:[Test worker]:(DefaultListableBeanFactory.preInstantiateSingletons:414):INFO :DefaultListableBeanFactory:Pre-instantiating singletons in org.springframework.beans.factory.support.DefaultListableBeanFactory@661829de: defining beans [pager.execContext,application.xml]; root of factory hierarchy
Jan:10:14:07:38,367:[Test worker]:(PropertiesLoaderSupport.loadProperties:178):INFO :PropertiesFactoryBean:Loading properties file from class path resource [config/pager/actions.properties]
Jan:10:14:07:38,369:[Test worker]:(ParamTest.testParam:34):DEBUG:ParamTest:value:my.house
Jan:10:14:07:38,370:[Test worker]:(ParamTest.testParam:39):DEBUG:ParamTest:value:sys:user.home
Jan:10:14:07:38,370:[Test worker]:(ParamTest.testParam:44):DEBUG:ParamTest:value:code
Jan:10:14:07:38,370:[Test worker]:(ParamTest.testParam:49):DEBUG:ParamTest:value:Pager - 1.2.0
]]></system-out>
  <system-err><![CDATA[]]></system-err>
</testsuite>
