<?xml version="1.0" encoding="UTF-8"?>
<testsuite name="org.xmlactions.pager.actions.mapping.TestXmlToPresentationAction" tests="3" skipped="0" failures="0" errors="0" timestamp="2019-01-10T14:07:38" hostname="7SV0SQ2-NB" time="0.027">
  <properties/>
  <testcase name="testXmlDataFromForm" classname="org.xmlactions.pager.actions.mapping.TestXmlToPresentationAction" time="0.025"/>
  <testcase name="testXmlData" classname="org.xmlactions.pager.actions.mapping.TestXmlToPresentationAction" time="0.001"/>
  <testcase name="testXmlFile" classname="org.xmlactions.pager.actions.mapping.TestXmlToPresentationAction" time="0.001"/>
  <system-out><![CDATA[Jan:10:14:07:38,312:[Test worker]:(AbstractApplicationContext.prepareRefresh:411):INFO :ClassPathXmlApplicationContext:Refreshing org.springframework.context.support.ClassPathXmlApplicationContext@40ea0efb: display name [org.springframework.context.support.ClassPathXmlApplicationContext@40ea0efb]; startup date [Thu Jan 10 14:07:38 GMT 2019]; root of context hierarchy
Jan:10:14:07:38,312:[Test worker]:(XmlBeanDefinitionReader.loadBeanDefinitions:323):INFO :XmlBeanDefinitionReader:Loading XML bean definitions from class path resource [config/spring/spring-pager-startup.xml]
Jan:10:14:07:38,319:[Test worker]:(XmlBeanDefinitionReader.loadBeanDefinitions:323):INFO :XmlBeanDefinitionReader:Loading XML bean definitions from class path resource [config/spring/test-spring-pager-web-startup.xml]
Jan:10:14:07:38,325:[Test worker]:(DefaultListableBeanFactory.registerBeanDefinition:467):INFO :DefaultListableBeanFactory:Overriding bean definition for bean 'pager.execContext': replacing [Generic bean: class [org.xmlactions.pager.context.PersistenceExecContext]; scope=singleton; abstract=false; lazyInit=false; autowireMode=0; dependencyCheck=0; autowireCandidate=true; primary=false; factoryBeanName=null; factoryMethodName=null; initMethodName=null; destroyMethodName=null; defined in class path resource [config/spring/spring-pager-startup.xml]] with [Generic bean: class [org.xmlactions.pager.context.PersistenceExecContext]; scope=prototype; abstract=false; lazyInit=false; autowireMode=0; dependencyCheck=0; autowireCandidate=true; primary=false; factoryBeanName=null; factoryMethodName=null; initMethodName=null; destroyMethodName=null; defined in class path resource [config/spring/test-spring-pager-web-startup.xml]]
Jan:10:14:07:38,326:[Test worker]:(DefaultListableBeanFactory.registerBeanDefinition:467):INFO :DefaultListableBeanFactory:Overriding bean definition for bean 'application.xml': replacing [Generic bean: class [org.apache.commons.configuration.XMLConfiguration]; scope=singleton; abstract=false; lazyInit=false; autowireMode=0; dependencyCheck=0; autowireCandidate=true; primary=false; factoryBeanName=null; factoryMethodName=null; initMethodName=null; destroyMethodName=null; defined in class path resource [config/spring/spring-pager-startup.xml]] with [Generic bean: class [org.apache.commons.configuration.XMLConfiguration]; scope=singleton; abstract=false; lazyInit=false; autowireMode=0; dependencyCheck=0; autowireCandidate=true; primary=false; factoryBeanName=null; factoryMethodName=null; initMethodName=null; destroyMethodName=null; defined in class path resource [config/spring/test-spring-pager-web-startup.xml]]
Jan:10:14:07:38,326:[Test worker]:(AbstractApplicationContext.obtainFreshBeanFactory:426):INFO :ClassPathXmlApplicationContext:Bean factory for application context [org.springframework.context.support.ClassPathXmlApplicationContext@40ea0efb]: org.springframework.beans.factory.support.DefaultListableBeanFactory@24ce77d7
Jan:10:14:07:38,327:[Test worker]:(DefaultListableBeanFactory.preInstantiateSingletons:414):INFO :DefaultListableBeanFactory:Pre-instantiating singletons in org.springframework.beans.factory.support.DefaultListableBeanFactory@24ce77d7: defining beans [pager.execContext,application.xml,riostlTheme,blackTheme,blueTheme,iceTheme,grayTheme,email_client_config]; root of factory hierarchy
Jan:10:14:07:38,328:[Test worker]:(PropertiesLoaderSupport.loadProperties:178):INFO :PropertiesFactoryBean:Loading properties file from class path resource [themes/riostl.properties]
Jan:10:14:07:38,329:[Test worker]:(PropertiesLoaderSupport.loadProperties:178):INFO :PropertiesFactoryBean:Loading properties file from class path resource [themes/black.properties]
Jan:10:14:07:38,330:[Test worker]:(PropertiesLoaderSupport.loadProperties:178):INFO :PropertiesFactoryBean:Loading properties file from class path resource [themes/blue.properties]
Jan:10:14:07:38,331:[Test worker]:(PropertiesLoaderSupport.loadProperties:178):INFO :PropertiesFactoryBean:Loading properties file from class path resource [themes/ice.properties]
Jan:10:14:07:38,332:[Test worker]:(PropertiesLoaderSupport.loadProperties:178):INFO :PropertiesFactoryBean:Loading properties file from class path resource [themes/gray.properties]
Jan:10:14:07:38,332:[Test worker]:(PropertiesLoaderSupport.loadProperties:178):INFO :PropertiesFactoryBean:Loading properties file from class path resource [config/pager/actions.properties]
Jan:10:14:07:38,333:[Test worker]:(PropertiesLoaderSupport.loadProperties:178):INFO :PropertiesFactoryBean:Loading properties file from class path resource [config/project/web.properties]
Jan:10:14:07:38,334:[Test worker]:(PropertiesLoaderSupport.loadProperties:178):INFO :PropertiesFactoryBean:Loading properties file from class path resource [themes/snippets/html_snippets.properties]
Jan:10:14:07:38,334:[Test worker]:(Theme.appendTheme:75):DEBUG:Theme:2
Jan:10:14:07:38,335:[Test worker]:(Theme.appendTheme:75):DEBUG:Theme:3
Jan:10:14:07:38,335:[Test worker]:(Theme.appendTheme:75):DEBUG:Theme:4
Jan:10:14:07:38,335:[Test worker]:(Theme.appendTheme:75):DEBUG:Theme:5
Jan:10:14:07:38,336:[Test worker]:(TestXmlToPresentationAction.testXmlDataFromForm:57):DEBUG:TestXmlToPresentationAction:
Jan:10:14:07:38,337:[Test worker]:(TestXmlToPresentationAction.testXmlData:46):DEBUG:TestXmlToPresentationAction:
Jan:10:14:07:38,338:[Test worker]:(TestXmlToPresentationAction.testXmlFile:37):DEBUG:TestXmlToPresentationAction:This is the test xml presentation form
1	index=1
	name=mike
This is the test xml presentation form
2	index=2
	name=fred
This is the test xml presentation form
3	index=3
	name=jim
This is the test xml presentation form
4	index=4
	name=barney

]]></system-out>
  <system-err><![CDATA[]]></system-err>
</testsuite>
