<?xml version="1.0" encoding="UTF-8"?>
<testsuite name="org.xmlactions.pager.ReplaceMarkerTest" tests="1" skipped="0" failures="0" errors="0" timestamp="2019-01-10T14:07:38" hostname="7SV0SQ2-NB" time="0.007">
  <properties/>
  <testcase name="testCreateWithNS" classname="org.xmlactions.pager.ReplaceMarkerTest" time="0.007"/>
  <system-out><![CDATA[Jan:10:14:07:38,731:[Test worker]:(AbstractApplicationContext.prepareRefresh:411):INFO :ClassPathXmlApplicationContext:Refreshing org.springframework.context.support.ClassPathXmlApplicationContext@52b26aaf: display name [org.springframework.context.support.ClassPathXmlApplicationContext@52b26aaf]; startup date [Thu Jan 10 14:07:38 GMT 2019]; root of context hierarchy
Jan:10:14:07:38,731:[Test worker]:(XmlBeanDefinitionReader.loadBeanDefinitions:323):INFO :XmlBeanDefinitionReader:Loading XML bean definitions from class path resource [config/spring/spring-pager-startup.xml]
Jan:10:14:07:38,736:[Test worker]:(AbstractApplicationContext.obtainFreshBeanFactory:426):INFO :ClassPathXmlApplicationContext:Bean factory for application context [org.springframework.context.support.ClassPathXmlApplicationContext@52b26aaf]: org.springframework.beans.factory.support.DefaultListableBeanFactory@7bfd0a81
Jan:10:14:07:38,736:[Test worker]:(DefaultListableBeanFactory.preInstantiateSingletons:414):INFO :DefaultListableBeanFactory:Pre-instantiating singletons in org.springframework.beans.factory.support.DefaultListableBeanFactory@7bfd0a81: defining beans [pager.execContext,application.xml]; root of factory hierarchy
Jan:10:14:07:38,736:[Test worker]:(PropertiesLoaderSupport.loadProperties:178):INFO :PropertiesFactoryBean:Loading properties file from class path resource [config/pager/actions.properties]
]]></system-out>
  <system-err><![CDATA[]]></system-err>
</testsuite>
