<?xml version="1.0" encoding="UTF-8"?>
<testsuite name="org.xmlactions.pager.config.PropertyContainerTest" tests="6" skipped="0" failures="0" errors="0" timestamp="2019-01-10T14:07:38" hostname="7SV0SQ2-NB" time="0.053">
  <properties/>
  <testcase name="testAddConfigurationFactory" classname="org.xmlactions.pager.config.PropertyContainerTest" time="0.043"/>
  <testcase name="testAddXmlFile" classname="org.xmlactions.pager.config.PropertyContainerTest" time="0.003"/>
  <testcase name="testAddConfiguration" classname="org.xmlactions.pager.config.PropertyContainerTest" time="0.002"/>
  <testcase name="testAddPropertyFile" classname="org.xmlactions.pager.config.PropertyContainerTest" time="0.002"/>
  <testcase name="testCreate" classname="org.xmlactions.pager.config.PropertyContainerTest" time="0.0"/>
  <testcase name="testAddFileList" classname="org.xmlactions.pager.config.PropertyContainerTest" time="0.003"/>
  <system-out><![CDATA[Jan:10:14:07:38,567:[Test worker]:(PropertyContainerTest.testAddConfigurationFactory:97):DEBUG:PropertyContainerTest:key:sun.desktop value:windows
Jan:10:14:07:38,567:[Test worker]:(PropertyContainerTest.testAddConfigurationFactory:97):DEBUG:PropertyContainerTest:key:awt.toolkit value:sun.awt.windows.WToolkit
Jan:10:14:07:38,567:[Test worker]:(PropertyContainerTest.testAddConfigurationFactory:97):DEBUG:PropertyContainerTest:key:file.encoding.pkg value:sun.io
Jan:10:14:07:38,567:[Test worker]:(PropertyContainerTest.testAddConfigurationFactory:97):DEBUG:PropertyContainerTest:key:java.specification.version value:1.8
Jan:10:14:07:38,567:[Test worker]:(PropertyContainerTest.testAddConfigurationFactory:97):DEBUG:PropertyContainerTest:key:sun.cpu.isalist value:amd64
Jan:10:14:07:38,567:[Test worker]:(PropertyContainerTest.testAddConfigurationFactory:97):DEBUG:PropertyContainerTest:key:sun.jnu.encoding value:Cp1252
Jan:10:14:07:38,567:[Test worker]:(PropertyContainerTest.testAddConfigurationFactory:97):DEBUG:PropertyContainerTest:key:org.gradle.test.worker value:8
Jan:10:14:07:38,568:[Test worker]:(PropertyContainerTest.testAddConfigurationFactory:97):DEBUG:PropertyContainerTest:key:java.class.path value:C:\Users\mikem\git\Axel-Framework\axel-web\build\classes\java\test;C:\Users\mikem\git\Axel-Framework\axel-web\build\resources\test;C:\Users\mikem\git\Axel-Framework\axel-web\build\classes\java\main;C:\Users\mikem\git\Axel-Framework\axel-web\build\resources\main;C:\Users\mikem\.m2\repository\commons-configuration\commons-configuration\1.9\commons-configuration-1.9.jar;C:\Users\mikem\.m2\repository\commons-lang\commons-lang\2.6\commons-lang-2.6.jar;C:\Users\mikem\.m2\repository\commons-digester\commons-digester\2.1\commons-digester-2.1.jar;C:\Users\mikem\.m2\repository\commons-beanutils\commons-beanutils\1.8.3\commons-beanutils-1.8.3.jar;C:\Users\mikem\.m2\repository\commons-fileupload\commons-fileupload\1.3\commons-fileupload-1.3.jar;C:\Users\mikem\.m2\repository\commons-io\commons-io\2.2\commons-io-2.2.jar;C:\Users\mikem\.m2\repository\org\slf4j\slf4j-log4j12\1.7.7\slf4j-log4j12-1.7.7.jar;C:\Users\mikem\.gradle\caches\modules-2\files-2.1\org.slf4j\slf4j-simple\1.7.7\8095d0b9f7e0a9cd79a663c740e0f8fb31d0e2c8\slf4j-simple-1.7.7.jar;C:\Users\mikem\.gradle\caches\modules-2\files-2.1\org.slf4j\slf4j-api\1.7.7\2b8019b6249bb05d81d3a3094e468753e2b21311\slf4j-api-1.7.7.jar;C:\Users\mikem\.m2\repository\log4j\log4j\1.2.17\log4j-1.2.17.jar;C:\Users\mikem\.m2\repository\rhino\js\1.7R2\js-1.7R2.jar;C:\Users\mikem\.m2\repository\dom4j\dom4j\1.6.1\dom4j-1.6.1.jar;C:\Users\mikem\.m2\repository\bsf\bsf\2.4.0\bsf-2.4.0.jar;C:\Users\mikem\.m2\repository\org\springframework\spring\2.5.6\spring-2.5.6.jar;C:\Users\mikem\.m2\repository\org\json\json\20180130\json-20180130.jar;C:\Users\mikem\.m2\repository\javax\mail\mail\1.4.7\mail-1.4.7.jar;C:\Users\mikem\.m2\repository\org\apache\tomcat\servlet-api\6.0.36\servlet-api-6.0.36.jar;C:\Users\mikem\.m2\repository\org\springframework\spring-test\2.5.6\spring-test-2.5.6.jar;C:\Users\mikem\.m2\repository\junit\junit\4.11\junit-4.11.jar;C:\Users\mikem\.m2\repository\mysql\mysql-connector-java\5.1.25\mysql-connector-java-5.1.25.jar;C:\Users\mikem\.m2\repository\org\apache\derby\derby\10.10.1.1\derby-10.10.1.1.jar;C:\Users\mikem\.m2\repository\com\h2database\h2\1.4.183\h2-1.4.183.jar;C:\Users\mikem\.m2\repository\commons-logging\commons-logging\1.1.1\commons-logging-1.1.1.jar;C:\Users\mikem\.m2\repository\xml-apis\xml-apis\1.0.b2\xml-apis-1.0.b2.jar;C:\Users\mikem\.m2\repository\javax\activation\activation\1.1\activation-1.1.jar;C:\Users\mikem\.m2\repository\org\hamcrest\hamcrest-core\1.3\hamcrest-core-1.3.jar
Jan:10:14:07:38,568:[Test worker]:(PropertyContainerTest.testAddConfigurationFactory:97):DEBUG:PropertyContainerTest:key:java.vm.vendor value:Oracle Corporation
Jan:10:14:07:38,568:[Test worker]:(PropertyContainerTest.testAddConfigurationFactory:97):DEBUG:PropertyContainerTest:key:sun.arch.data.model value:64
Jan:10:14:07:38,568:[Test worker]:(PropertyContainerTest.testAddConfigurationFactory:97):DEBUG:PropertyContainerTest:key:user.variant value:
Jan:10:14:07:38,568:[Test worker]:(PropertyContainerTest.testAddConfigurationFactory:97):DEBUG:PropertyContainerTest:key:java.vendor.url value:http://java.oracle.com/
Jan:10:14:07:38,568:[Test worker]:(PropertyContainerTest.testAddConfigurationFactory:97):DEBUG:PropertyContainerTest:key:user.timezone value:Europe/London
Jan:10:14:07:38,568:[Test worker]:(PropertyContainerTest.testAddConfigurationFactory:97):DEBUG:PropertyContainerTest:key:os.name value:Windows 10
Jan:10:14:07:38,568:[Test worker]:(PropertyContainerTest.testAddConfigurationFactory:97):DEBUG:PropertyContainerTest:key:java.vm.specification.version value:1.8
Jan:10:14:07:38,569:[Test worker]:(PropertyContainerTest.testAddConfigurationFactory:97):DEBUG:PropertyContainerTest:key:sun.java.launcher value:SUN_STANDARD
Jan:10:14:07:38,569:[Test worker]:(PropertyContainerTest.testAddConfigurationFactory:97):DEBUG:PropertyContainerTest:key:user.country value:GB
Jan:10:14:07:38,569:[Test worker]:(PropertyContainerTest.testAddConfigurationFactory:97):DEBUG:PropertyContainerTest:key:sun.boot.library.path value:C:\Program Files\Java\jdk1.8.0_181\jre\bin
Jan:10:14:07:38,569:[Test worker]:(PropertyContainerTest.testAddConfigurationFactory:97):DEBUG:PropertyContainerTest:key:sun.java.command value:worker.org.gradle.process.internal.worker.GradleWorkerMain 'Gradle Test Executor 8'
Jan:10:14:07:38,569:[Test worker]:(PropertyContainerTest.testAddConfigurationFactory:97):DEBUG:PropertyContainerTest:key:sun.cpu.endian value:little
Jan:10:14:07:38,569:[Test worker]:(PropertyContainerTest.testAddConfigurationFactory:97):DEBUG:PropertyContainerTest:key:user.home value:C:\Users\mikem
Jan:10:14:07:38,569:[Test worker]:(PropertyContainerTest.testAddConfigurationFactory:97):DEBUG:PropertyContainerTest:key:user.language value:en
Jan:10:14:07:38,569:[Test worker]:(PropertyContainerTest.testAddConfigurationFactory:97):DEBUG:PropertyContainerTest:key:java.specification.vendor value:Oracle Corporation
Jan:10:14:07:38,569:[Test worker]:(PropertyContainerTest.testAddConfigurationFactory:97):DEBUG:PropertyContainerTest:key:org.gradle.native value:false
Jan:10:14:07:38,569:[Test worker]:(PropertyContainerTest.testAddConfigurationFactory:97):DEBUG:PropertyContainerTest:key:java.home value:C:\Program Files\Java\jdk1.8.0_181\jre
Jan:10:14:07:38,569:[Test worker]:(PropertyContainerTest.testAddConfigurationFactory:97):DEBUG:PropertyContainerTest:key:file.separator value:\
Jan:10:14:07:38,569:[Test worker]:(PropertyContainerTest.testAddConfigurationFactory:97):DEBUG:PropertyContainerTest:key:line.separator value:
Jan:10:14:07:38,569:[Test worker]:(PropertyContainerTest.testAddConfigurationFactory:97):DEBUG:PropertyContainerTest:key:java.vm.specification.vendor value:Oracle Corporation
Jan:10:14:07:38,570:[Test worker]:(PropertyContainerTest.testAddConfigurationFactory:97):DEBUG:PropertyContainerTest:key:java.specification.name value:Java Platform API Specification
Jan:10:14:07:38,570:[Test worker]:(PropertyContainerTest.testAddConfigurationFactory:97):DEBUG:PropertyContainerTest:key:java.awt.graphicsenv value:sun.awt.Win32GraphicsEnvironment
Jan:10:14:07:38,570:[Test worker]:(PropertyContainerTest.testAddConfigurationFactory:97):DEBUG:PropertyContainerTest:key:sun.boot.class.path value:C:\Program Files\Java\jdk1.8.0_181\jre\lib\resources.jar;C:\Program Files\Java\jdk1.8.0_181\jre\lib\rt.jar;C:\Program Files\Java\jdk1.8.0_181\jre\lib\sunrsasign.jar;C:\Program Files\Java\jdk1.8.0_181\jre\lib\jsse.jar;C:\Program Files\Java\jdk1.8.0_181\jre\lib\jce.jar;C:\Program Files\Java\jdk1.8.0_181\jre\lib\charsets.jar;C:\Program Files\Java\jdk1.8.0_181\jre\lib\jfr.jar;C:\Program Files\Java\jdk1.8.0_181\jre\classes
Jan:10:14:07:38,570:[Test worker]:(PropertyContainerTest.testAddConfigurationFactory:97):DEBUG:PropertyContainerTest:key:user.script value:
Jan:10:14:07:38,570:[Test worker]:(PropertyContainerTest.testAddConfigurationFactory:97):DEBUG:PropertyContainerTest:key:sun.management.compiler value:HotSpot 64-Bit Tiered Compilers
Jan:10:14:07:38,570:[Test worker]:(PropertyContainerTest.testAddConfigurationFactory:97):DEBUG:PropertyContainerTest:key:java.runtime.version value:1.8.0_181-b13
Jan:10:14:07:38,570:[Test worker]:(PropertyContainerTest.testAddConfigurationFactory:97):DEBUG:PropertyContainerTest:key:user.name value:mikem
Jan:10:14:07:38,570:[Test worker]:(PropertyContainerTest.testAddConfigurationFactory:97):DEBUG:PropertyContainerTest:key:path.separator value:;
Jan:10:14:07:38,570:[Test worker]:(PropertyContainerTest.testAddConfigurationFactory:97):DEBUG:PropertyContainerTest:key:os.version value:10.0
Jan:10:14:07:38,570:[Test worker]:(PropertyContainerTest.testAddConfigurationFactory:97):DEBUG:PropertyContainerTest:key:java.endorsed.dirs value:C:\Program Files\Java\jdk1.8.0_181\jre\lib\endorsed
Jan:10:14:07:38,571:[Test worker]:(PropertyContainerTest.testAddConfigurationFactory:97):DEBUG:PropertyContainerTest:key:java.runtime.name value:Java(TM) SE Runtime Environment
Jan:10:14:07:38,571:[Test worker]:(PropertyContainerTest.testAddConfigurationFactory:97):DEBUG:PropertyContainerTest:key:file.encoding value:windows-1252
Jan:10:14:07:38,571:[Test worker]:(PropertyContainerTest.testAddConfigurationFactory:97):DEBUG:PropertyContainerTest:key:java.vm.name value:Java HotSpot(TM) 64-Bit Server VM
Jan:10:14:07:38,571:[Test worker]:(PropertyContainerTest.testAddConfigurationFactory:97):DEBUG:PropertyContainerTest:key:java.vendor.url.bug value:http://bugreport.sun.com/bugreport/
Jan:10:14:07:38,571:[Test worker]:(PropertyContainerTest.testAddConfigurationFactory:97):DEBUG:PropertyContainerTest:key:java.io.tmpdir value:C:\Users\mikem\AppData\Local\Temp\
Jan:10:14:07:38,571:[Test worker]:(PropertyContainerTest.testAddConfigurationFactory:97):DEBUG:PropertyContainerTest:key:java.version value:1.8.0_181
Jan:10:14:07:38,571:[Test worker]:(PropertyContainerTest.testAddConfigurationFactory:97):DEBUG:PropertyContainerTest:key:user.dir value:C:\Users\mikem\git\Axel-Framework\axel-web
Jan:10:14:07:38,571:[Test worker]:(PropertyContainerTest.testAddConfigurationFactory:97):DEBUG:PropertyContainerTest:key:os.arch value:amd64
Jan:10:14:07:38,571:[Test worker]:(PropertyContainerTest.testAddConfigurationFactory:97):DEBUG:PropertyContainerTest:key:java.vm.specification.name value:Java Virtual Machine Specification
Jan:10:14:07:38,571:[Test worker]:(PropertyContainerTest.testAddConfigurationFactory:97):DEBUG:PropertyContainerTest:key:java.awt.printerjob value:sun.awt.windows.WPrinterJob
Jan:10:14:07:38,571:[Test worker]:(PropertyContainerTest.testAddConfigurationFactory:97):DEBUG:PropertyContainerTest:key:sun.os.patch.level value:
Jan:10:14:07:38,571:[Test worker]:(PropertyContainerTest.testAddConfigurationFactory:97):DEBUG:PropertyContainerTest:key:java.library.path value:C:\Program Files\Java\jdk1.8.0_181\bin;C:\Windows\Sun\Java\bin;C:\Windows\system32;C:\Windows;C:\Users\mikem\git\Axel-Framework\axel-jar\node_modules\angular-ide\bin;C:\Users\mikem\git\Axel-Framework\axel-jar\node_modules\.bin;C:\Users\mikem\bin;C:\Program Files\Git\mingw64\bin;C:\Program Files\Git\usr\local\bin;C:\Program Files\Git\usr\bin;C:\Program Files\Git\usr\bin;C:\Program Files\Git\mingw64\bin;C:\Program Files\Git\usr\bin;C:\Users\mikem\bin;C:\Program Files\Java\jre1.8.0_181\bin\server;C:\Program Files\Java\jre1.8.0_181\bin;C:\Program Files\Java\jre1.8.0_181\lib\amd64;C:\Program Files (x86)\Intel\Intel(R) Management Engine Components\iCLS;C:\Program Files\Intel\Intel(R) Management Engine Components\iCLS;C:\Windows\system32;C:\Windows;C:\Windows\System32\Wbem;C:\Windows\System32\WindowsPowerShell\v1.0;C:\Windows\System32\OpenSSH;C:\Program Files (x86)\Intel\Intel(R) Management Engine Components\DAL;C:\Program Files\Intel\Intel(R) Management Engine Components\DAL;C:\Program Files (x86)\Intel\Intel(R) Management Engine Components\IPT;C:\Program Files\Intel\Intel(R) Management Engine Components\IPT;C:\xxxProgramData\chocolatey\bin;C:\Program Files\Git\cmd;C:\Program Files\nodejs;C:\Program Files\Java\jdk1.8.0_181\bin;C:\Program Files\PuTTY;C:\Users\mikem\AppData\Local\Microsoft\WindowsApps;C:\Users\mikem\AppData\Roaming\npm;C:\Users\mikem\AppData\Local\GitHubDesktop\bin;C:\Users\mikem\AppData\Local\Programs\Microsoft VS Code\bin;C:\Users\mikem\apps\gradle-4.10.2-bin\gradle-4.10.2\bin;C:\Windows\system32;C:\Program Files\Git\usr\bin\vendor_perl;C:\Program Files\Git\usr\bin\core_perl;.
Jan:10:14:07:38,572:[Test worker]:(PropertyContainerTest.testAddConfigurationFactory:97):DEBUG:PropertyContainerTest:key:java.vm.info value:mixed mode
Jan:10:14:07:38,572:[Test worker]:(PropertyContainerTest.testAddConfigurationFactory:97):DEBUG:PropertyContainerTest:key:java.vendor value:Oracle Corporation
Jan:10:14:07:38,572:[Test worker]:(PropertyContainerTest.testAddConfigurationFactory:97):DEBUG:PropertyContainerTest:key:java.vm.version value:25.181-b13
Jan:10:14:07:38,572:[Test worker]:(PropertyContainerTest.testAddConfigurationFactory:97):DEBUG:PropertyContainerTest:key:java.ext.dirs value:C:\Program Files\Java\jdk1.8.0_181\jre\lib\ext;C:\Windows\Sun\Java\lib\ext
Jan:10:14:07:38,572:[Test worker]:(PropertyContainerTest.testAddConfigurationFactory:97):DEBUG:PropertyContainerTest:key:sun.io.unicode.encoding value:UnicodeLittle
Jan:10:14:07:38,572:[Test worker]:(PropertyContainerTest.testAddConfigurationFactory:97):DEBUG:PropertyContainerTest:key:java.class.version value:52.0
Jan:10:14:07:38,572:[Test worker]:(PropertyContainerTest.testAddConfigurationFactory:97):DEBUG:PropertyContainerTest:key:fred value:flinstone
Jan:10:14:07:38,572:[Test worker]:(PropertyContainerTest.testAddConfigurationFactory:97):DEBUG:PropertyContainerTest:key:barney value:rubble
Jan:10:14:07:38,572:[Test worker]:(PropertyContainerTest.testAddConfigurationFactory:97):DEBUG:PropertyContainerTest:key:code value:org.xmlactions.pager.actions.CodeAction
Jan:10:14:07:38,572:[Test worker]:(PropertyContainerTest.testAddConfigurationFactory:97):DEBUG:PropertyContainerTest:key:application.name value:Pager
Jan:10:14:07:38,573:[Test worker]:(PropertyContainerTest.testAddConfigurationFactory:97):DEBUG:PropertyContainerTest:key:application.version value:1.2.0
Jan:10:14:07:38,573:[Test worker]:(PropertyContainerTest.testAddConfigurationFactory:97):DEBUG:PropertyContainerTest:key:application.date value:1st Jan 2009
Jan:10:14:07:38,573:[Test worker]:(PropertyContainerTest.testAddConfigurationFactory:97):DEBUG:PropertyContainerTest:key:application.title value:${application.name} - ${application.version}
Jan:10:14:07:38,575:[Test worker]:(PropertyContainer.addXmlFile:73):DEBUG:PropertyContainer:fileName:/config/pager/application.xml
Jan:10:14:07:38,577:[Test worker]:(PropertyContainerTest.testAddXmlFile:59):DEBUG:PropertyContainerTest:key:application.name value:Pager
Jan:10:14:07:38,578:[Test worker]:(PropertyContainerTest.testAddXmlFile:59):DEBUG:PropertyContainerTest:key:application.version value:1.2.0
Jan:10:14:07:38,578:[Test worker]:(PropertyContainerTest.testAddXmlFile:59):DEBUG:PropertyContainerTest:key:application.date value:1st Jan 2009
Jan:10:14:07:38,578:[Test worker]:(PropertyContainerTest.testAddXmlFile:59):DEBUG:PropertyContainerTest:key:application.title value:Pager - 1.2.0
Jan:10:14:07:38,581:[Test worker]:(PropertyContainer.addPropertyFile:56):DEBUG:PropertyContainer:Adding Properties from:/C:/Users/mikem/git/Axel-Framework/axel-web/build/resources/main/config/pager/actions.properties
Jan:10:14:07:38,583:[Test worker]:(PropertyContainer.addPropertyFile:56):DEBUG:PropertyContainer:Adding Properties from:/C:/Users/mikem/git/Axel-Framework/axel-web/build/resources/main/config/pager/actions.properties
Jan:10:14:07:38,585:[Test worker]:(PropertyContainer.addXmlFile:73):DEBUG:PropertyContainer:fileName:/config/pager/application.xml
]]></system-out>
  <system-err><![CDATA[]]></system-err>
</testsuite>
