<?xml version="1.0" encoding="UTF-8"?>
<testsuite name="org.xmlactions.pager.actions.mapping.TestJSONGetAction" tests="2" skipped="0" failures="0" errors="0" timestamp="2019-01-10T14:07:38" hostname="7SV0SQ2-NB" time="0.031">
  <properties/>
  <testcase name="testJSONFormat" classname="org.xmlactions.pager.actions.mapping.TestJSONGetAction" time="0.026"/>
  <testcase name="testFromFile" classname="org.xmlactions.pager.actions.mapping.TestJSONGetAction" time="0.005"/>
  <system-out><![CDATA[Jan:10:14:07:38,167:[Test worker]:(AbstractApplicationContext.prepareRefresh:411):INFO :ClassPathXmlApplicationContext:Refreshing org.springframework.context.support.ClassPathXmlApplicationContext@7d5f4442: display name [org.springframework.context.support.ClassPathXmlApplicationContext@7d5f4442]; startup date [Thu Jan 10 14:07:38 GMT 2019]; root of context hierarchy
Jan:10:14:07:38,167:[Test worker]:(XmlBeanDefinitionReader.loadBeanDefinitions:323):INFO :XmlBeanDefinitionReader:Loading XML bean definitions from class path resource [config/spring/spring-pager-startup.xml]
Jan:10:14:07:38,172:[Test worker]:(XmlBeanDefinitionReader.loadBeanDefinitions:323):INFO :XmlBeanDefinitionReader:Loading XML bean definitions from class path resource [config/spring/test-spring-pager-web-startup.xml]
Jan:10:14:07:38,177:[Test worker]:(DefaultListableBeanFactory.registerBeanDefinition:467):INFO :DefaultListableBeanFactory:Overriding bean definition for bean 'pager.execContext': replacing [Generic bean: class [org.xmlactions.pager.context.PersistenceExecContext]; scope=singleton; abstract=false; lazyInit=false; autowireMode=0; dependencyCheck=0; autowireCandidate=true; primary=false; factoryBeanName=null; factoryMethodName=null; initMethodName=null; destroyMethodName=null; defined in class path resource [config/spring/spring-pager-startup.xml]] with [Generic bean: class [org.xmlactions.pager.context.PersistenceExecContext]; scope=prototype; abstract=false; lazyInit=false; autowireMode=0; dependencyCheck=0; autowireCandidate=true; primary=false; factoryBeanName=null; factoryMethodName=null; initMethodName=null; destroyMethodName=null; defined in class path resource [config/spring/test-spring-pager-web-startup.xml]]
Jan:10:14:07:38,177:[Test worker]:(DefaultListableBeanFactory.registerBeanDefinition:467):INFO :DefaultListableBeanFactory:Overriding bean definition for bean 'application.xml': replacing [Generic bean: class [org.apache.commons.configuration.XMLConfiguration]; scope=singleton; abstract=false; lazyInit=false; autowireMode=0; dependencyCheck=0; autowireCandidate=true; primary=false; factoryBeanName=null; factoryMethodName=null; initMethodName=null; destroyMethodName=null; defined in class path resource [config/spring/spring-pager-startup.xml]] with [Generic bean: class [org.apache.commons.configuration.XMLConfiguration]; scope=singleton; abstract=false; lazyInit=false; autowireMode=0; dependencyCheck=0; autowireCandidate=true; primary=false; factoryBeanName=null; factoryMethodName=null; initMethodName=null; destroyMethodName=null; defined in class path resource [config/spring/test-spring-pager-web-startup.xml]]
Jan:10:14:07:38,177:[Test worker]:(AbstractApplicationContext.obtainFreshBeanFactory:426):INFO :ClassPathXmlApplicationContext:Bean factory for application context [org.springframework.context.support.ClassPathXmlApplicationContext@7d5f4442]: org.springframework.beans.factory.support.DefaultListableBeanFactory@1af4ef69
Jan:10:14:07:38,178:[Test worker]:(DefaultListableBeanFactory.preInstantiateSingletons:414):INFO :DefaultListableBeanFactory:Pre-instantiating singletons in org.springframework.beans.factory.support.DefaultListableBeanFactory@1af4ef69: defining beans [pager.execContext,application.xml,riostlTheme,blackTheme,blueTheme,iceTheme,grayTheme,email_client_config]; root of factory hierarchy
Jan:10:14:07:38,179:[Test worker]:(PropertiesLoaderSupport.loadProperties:178):INFO :PropertiesFactoryBean:Loading properties file from class path resource [themes/riostl.properties]
Jan:10:14:07:38,180:[Test worker]:(PropertiesLoaderSupport.loadProperties:178):INFO :PropertiesFactoryBean:Loading properties file from class path resource [themes/black.properties]
Jan:10:14:07:38,181:[Test worker]:(PropertiesLoaderSupport.loadProperties:178):INFO :PropertiesFactoryBean:Loading properties file from class path resource [themes/blue.properties]
Jan:10:14:07:38,182:[Test worker]:(PropertiesLoaderSupport.loadProperties:178):INFO :PropertiesFactoryBean:Loading properties file from class path resource [themes/ice.properties]
Jan:10:14:07:38,183:[Test worker]:(PropertiesLoaderSupport.loadProperties:178):INFO :PropertiesFactoryBean:Loading properties file from class path resource [themes/gray.properties]
Jan:10:14:07:38,184:[Test worker]:(PropertiesLoaderSupport.loadProperties:178):INFO :PropertiesFactoryBean:Loading properties file from class path resource [config/pager/actions.properties]
Jan:10:14:07:38,185:[Test worker]:(PropertiesLoaderSupport.loadProperties:178):INFO :PropertiesFactoryBean:Loading properties file from class path resource [config/project/web.properties]
Jan:10:14:07:38,185:[Test worker]:(PropertiesLoaderSupport.loadProperties:178):INFO :PropertiesFactoryBean:Loading properties file from class path resource [themes/snippets/html_snippets.properties]
Jan:10:14:07:38,186:[Test worker]:(Theme.appendTheme:75):DEBUG:Theme:2
Jan:10:14:07:38,187:[Test worker]:(Theme.appendTheme:75):DEBUG:Theme:3
Jan:10:14:07:38,187:[Test worker]:(Theme.appendTheme:75):DEBUG:Theme:4
Jan:10:14:07:38,187:[Test worker]:(Theme.appendTheme:75):DEBUG:Theme:5
Jan:10:14:07:38,195:[Test worker]:(TestJSONGetAction.testFromFile:50):DEBUG:TestJSONGetAction:The Root Attribute
Jan:10:14:07:38,196:[Test worker]:(TestJSONGetAction.testFromFile:54):DEBUG:TestJSONGetAction:images/gears/surrounding_nets.png
Jan:10:14:07:38,197:[Test worker]:(TestJSONGetAction.testFromFile:58):DEBUG:TestJSONGetAction:images/gears/seine_nets.jpg
]]></system-out>
  <system-err><![CDATA[]]></system-err>
</testsuite>
