<?xml version="1.0" encoding="UTF-8"?>
<testsuite name="org.xmlactions.pager.actions.EchoActionTest" tests="4" skipped="0" failures="0" errors="0" timestamp="2019-01-10T14:07:37" hostname="7SV0SQ2-NB" time="0.093">
  <properties/>
  <testcase name="testProcessPage" classname="org.xmlactions.pager.actions.EchoActionTest" time="0.059"/>
  <testcase name="testMarkersEcho" classname="org.xmlactions.pager.actions.EchoActionTest" time="0.001"/>
  <testcase name="testReplacement1" classname="org.xmlactions.pager.actions.EchoActionTest" time="0.017"/>
  <testcase name="testReplacement2" classname="org.xmlactions.pager.actions.EchoActionTest" time="0.015"/>
  <system-out><![CDATA[Jan:10:14:07:37,149:[Test worker]:(AbstractApplicationContext.prepareRefresh:411):INFO :ClassPathXmlApplicationContext:Refreshing org.springframework.context.support.ClassPathXmlApplicationContext@7db6cae: display name [org.springframework.context.support.ClassPathXmlApplicationContext@7db6cae]; startup date [Thu Jan 10 14:07:37 GMT 2019]; root of context hierarchy
Jan:10:14:07:37,149:[Test worker]:(XmlBeanDefinitionReader.loadBeanDefinitions:323):INFO :XmlBeanDefinitionReader:Loading XML bean definitions from class path resource [config/spring/spring-pager-startup.xml]
Jan:10:14:07:37,168:[Test worker]:(AbstractApplicationContext.obtainFreshBeanFactory:426):INFO :ClassPathXmlApplicationContext:Bean factory for application context [org.springframework.context.support.ClassPathXmlApplicationContext@7db6cae]: org.springframework.beans.factory.support.DefaultListableBeanFactory@4e1bb4f
Jan:10:14:07:37,169:[Test worker]:(DefaultListableBeanFactory.preInstantiateSingletons:414):INFO :DefaultListableBeanFactory:Pre-instantiating singletons in org.springframework.beans.factory.support.DefaultListableBeanFactory@4e1bb4f: defining beans [pager.execContext,application.xml]; root of factory hierarchy
Jan:10:14:07:37,170:[Test worker]:(PropertiesLoaderSupport.loadProperties:178):INFO :PropertiesFactoryBean:Loading properties file from class path resource [config/pager/actions.properties]
Jan:10:14:07:37,174:[Test worker]:(AbstractApplicationContext.prepareRefresh:411):INFO :ClassPathXmlApplicationContext:Refreshing org.springframework.context.support.ClassPathXmlApplicationContext@21415a51: display name [org.springframework.context.support.ClassPathXmlApplicationContext@21415a51]; startup date [Thu Jan 10 14:07:37 GMT 2019]; root of context hierarchy
Jan:10:14:07:37,174:[Test worker]:(XmlBeanDefinitionReader.loadBeanDefinitions:323):INFO :XmlBeanDefinitionReader:Loading XML bean definitions from class path resource [config/spring/spring-pager-startup.xml]
Jan:10:14:07:37,187:[Test worker]:(AbstractApplicationContext.obtainFreshBeanFactory:426):INFO :ClassPathXmlApplicationContext:Bean factory for application context [org.springframework.context.support.ClassPathXmlApplicationContext@21415a51]: org.springframework.beans.factory.support.DefaultListableBeanFactory@6f938410
Jan:10:14:07:37,187:[Test worker]:(DefaultListableBeanFactory.preInstantiateSingletons:414):INFO :DefaultListableBeanFactory:Pre-instantiating singletons in org.springframework.beans.factory.support.DefaultListableBeanFactory@6f938410: defining beans [pager.execContext,application.xml]; root of factory hierarchy
Jan:10:14:07:37,188:[Test worker]:(PropertiesLoaderSupport.loadProperties:178):INFO :PropertiesFactoryBean:Loading properties file from class path resource [config/pager/actions.properties]
Jan:10:14:07:37,209:[Test worker]:(AbstractApplicationContext.prepareRefresh:411):INFO :ClassPathXmlApplicationContext:Refreshing org.springframework.context.support.ClassPathXmlApplicationContext@74a92019: display name [org.springframework.context.support.ClassPathXmlApplicationContext@74a92019]; startup date [Thu Jan 10 14:07:37 GMT 2019]; root of context hierarchy
Jan:10:14:07:37,209:[Test worker]:(XmlBeanDefinitionReader.loadBeanDefinitions:323):INFO :XmlBeanDefinitionReader:Loading XML bean definitions from class path resource [config/spring/spring-pager-startup.xml]
Jan:10:14:07:37,221:[Test worker]:(AbstractApplicationContext.obtainFreshBeanFactory:426):INFO :ClassPathXmlApplicationContext:Bean factory for application context [org.springframework.context.support.ClassPathXmlApplicationContext@74a92019]: org.springframework.beans.factory.support.DefaultListableBeanFactory@1fe63395
Jan:10:14:07:37,222:[Test worker]:(DefaultListableBeanFactory.preInstantiateSingletons:414):INFO :DefaultListableBeanFactory:Pre-instantiating singletons in org.springframework.beans.factory.support.DefaultListableBeanFactory@1fe63395: defining beans [pager.execContext,application.xml]; root of factory hierarchy
Jan:10:14:07:37,223:[Test worker]:(PropertiesLoaderSupport.loadProperties:178):INFO :PropertiesFactoryBean:Loading properties file from class path resource [config/pager/actions.properties]
Jan:10:14:07:37,225:[Test worker]:(EchoActionTest.testReplacement1:69):DEBUG:EchoActionTest:new page:
content of echo
Jan:10:14:07:37,226:[Test worker]:(AbstractApplicationContext.prepareRefresh:411):INFO :ClassPathXmlApplicationContext:Refreshing org.springframework.context.support.ClassPathXmlApplicationContext@1d16543: display name [org.springframework.context.support.ClassPathXmlApplicationContext@1d16543]; startup date [Thu Jan 10 14:07:37 GMT 2019]; root of context hierarchy
Jan:10:14:07:37,227:[Test worker]:(XmlBeanDefinitionReader.loadBeanDefinitions:323):INFO :XmlBeanDefinitionReader:Loading XML bean definitions from class path resource [config/spring/spring-pager-startup.xml]
Jan:10:14:07:37,237:[Test worker]:(AbstractApplicationContext.obtainFreshBeanFactory:426):INFO :ClassPathXmlApplicationContext:Bean factory for application context [org.springframework.context.support.ClassPathXmlApplicationContext@1d16543]: org.springframework.beans.factory.support.DefaultListableBeanFactory@65530e31
Jan:10:14:07:37,238:[Test worker]:(DefaultListableBeanFactory.preInstantiateSingletons:414):INFO :DefaultListableBeanFactory:Pre-instantiating singletons in org.springframework.beans.factory.support.DefaultListableBeanFactory@65530e31: defining beans [pager.execContext,application.xml]; root of factory hierarchy
Jan:10:14:07:37,239:[Test worker]:(PropertiesLoaderSupport.loadProperties:178):INFO :PropertiesFactoryBean:Loading properties file from class path resource [config/pager/actions.properties]
Jan:10:14:07:37,242:[Test worker]:(EchoActionTest.testReplacement2:89):DEBUG:EchoActionTest:new page:
<b>content</b> of echo
]]></system-out>
  <system-err><![CDATA[]]></system-err>
</testsuite>
