<?xml version="1.0" encoding="UTF-8"?>
<testsuite name="org.xmlactions.pager.actions.NestedTest" tests="1" skipped="0" failures="0" errors="0" timestamp="2019-01-10T14:07:38" hostname="7SV0SQ2-NB" time="0.009">
  <properties/>
  <testcase name="testNestedPageLoad" classname="org.xmlactions.pager.actions.NestedTest" time="0.009"/>
  <system-out><![CDATA[Jan:10:14:07:38,349:[Test worker]:(AbstractApplicationContext.prepareRefresh:411):INFO :ClassPathXmlApplicationContext:Refreshing org.springframework.context.support.ClassPathXmlApplicationContext@71364fd0: display name [org.springframework.context.support.ClassPathXmlApplicationContext@71364fd0]; startup date [Thu Jan 10 14:07:38 GMT 2019]; root of context hierarchy
Jan:10:14:07:38,350:[Test worker]:(XmlBeanDefinitionReader.loadBeanDefinitions:323):INFO :XmlBeanDefinitionReader:Loading XML bean definitions from class path resource [config/spring/spring-pager-startup.xml]
Jan:10:14:07:38,354:[Test worker]:(AbstractApplicationContext.obtainFreshBeanFactory:426):INFO :ClassPathXmlApplicationContext:Bean factory for application context [org.springframework.context.support.ClassPathXmlApplicationContext@71364fd0]: org.springframework.beans.factory.support.DefaultListableBeanFactory@375488ab
Jan:10:14:07:38,354:[Test worker]:(DefaultListableBeanFactory.preInstantiateSingletons:414):INFO :DefaultListableBeanFactory:Pre-instantiating singletons in org.springframework.beans.factory.support.DefaultListableBeanFactory@375488ab: defining beans [pager.execContext,application.xml]; root of factory hierarchy
Jan:10:14:07:38,355:[Test worker]:(PropertiesLoaderSupport.loadProperties:178):INFO :PropertiesFactoryBean:Loading properties file from class path resource [config/pager/actions.properties]
Jan:10:14:07:38,358:[Test worker]:(NestedTest.testNestedPageLoad:39):DEBUG:NestedTest:page:<html xmlns="http://www.w3.org/1999/xhtml" 
	xmlns:pager="http://www.riostl.com/schema/pager" 
	xmlns:xsi="http://www.w3.org/2001/XMLSchema-instance"
	xsi:schemaLocation="http://www.riostl.com/schema/pager http://www.riostl.com/schema/pager.xsd">

	<head>
	</head>
	<body>
		[in]
		[inside]
		Hello World!!!
		<!-- 
		-->
	</body>
</html>
]]></system-out>
  <system-err><![CDATA[]]></system-err>
</testsuite>
