<?xml version="1.0" encoding="UTF-8"?>
<testsuite name="org.xmlactions.pager.PagerTest" tests="8" skipped="0" failures="0" errors="0" timestamp="2019-01-10T14:07:38" hostname="7SV0SQ2-NB" time="0.016">
  <properties/>
  <testcase name="testMarkersComplex" classname="org.xmlactions.pager.PagerTest" time="0.008"/>
  <testcase name="testLoadPage" classname="org.xmlactions.pager.PagerTest" time="0.001"/>
  <testcase name="testProcessPage" classname="org.xmlactions.pager.PagerTest" time="0.002"/>
  <testcase name="testMarkersEcho" classname="org.xmlactions.pager.PagerTest" time="0.0"/>
  <testcase name="testReplacement" classname="org.xmlactions.pager.PagerTest" time="0.001"/>
  <testcase name="testProcessPageWithReplacement" classname="org.xmlactions.pager.PagerTest" time="0.002"/>
  <testcase name="testProcessTextPage" classname="org.xmlactions.pager.PagerTest" time="0.001"/>
  <testcase name="testParams" classname="org.xmlactions.pager.PagerTest" time="0.001"/>
  <system-out><![CDATA[Jan:10:14:07:38,714:[Test worker]:(AbstractApplicationContext.prepareRefresh:411):INFO :ClassPathXmlApplicationContext:Refreshing org.springframework.context.support.ClassPathXmlApplicationContext@261883d0: display name [org.springframework.context.support.ClassPathXmlApplicationContext@261883d0]; startup date [Thu Jan 10 14:07:38 GMT 2019]; root of context hierarchy
Jan:10:14:07:38,714:[Test worker]:(XmlBeanDefinitionReader.loadBeanDefinitions:323):INFO :XmlBeanDefinitionReader:Loading XML bean definitions from class path resource [config/spring/spring-pager-startup.xml]
Jan:10:14:07:38,719:[Test worker]:(AbstractApplicationContext.obtainFreshBeanFactory:426):INFO :ClassPathXmlApplicationContext:Bean factory for application context [org.springframework.context.support.ClassPathXmlApplicationContext@261883d0]: org.springframework.beans.factory.support.DefaultListableBeanFactory@421b8a52
Jan:10:14:07:38,719:[Test worker]:(DefaultListableBeanFactory.preInstantiateSingletons:414):INFO :DefaultListableBeanFactory:Pre-instantiating singletons in org.springframework.beans.factory.support.DefaultListableBeanFactory@421b8a52: defining beans [pager.execContext,application.xml]; root of factory hierarchy
Jan:10:14:07:38,720:[Test worker]:(PropertiesLoaderSupport.loadProperties:178):INFO :PropertiesFactoryBean:Loading properties file from class path resource [config/pager/actions.properties]
Jan:10:14:07:38,722:[Test worker]:(ExecContext.get:308):INFO :ExecContext:No bean named 'the value of param1' is defined
Jan:10:14:07:38,722:[Test worker]:(ExecContext.get:308):INFO :ExecContext:No bean named 'code class = ${code}' is defined
Jan:10:14:07:38,722:[Test worker]:(ExecContext.get:308):INFO :ExecContext:No bean named 'code' is defined
Jan:10:14:07:38,724:[Test worker]:(ExecContext.get:308):INFO :ExecContext:No bean named 'the value of param1' is defined
Jan:10:14:07:38,724:[Test worker]:(ExecContext.get:308):INFO :ExecContext:No bean named 'code class = ${code}' is defined
Jan:10:14:07:38,725:[Test worker]:(ExecContext.get:308):INFO :ExecContext:No bean named 'code' is defined
Jan:10:14:07:38,725:[Test worker]:(ExecContext.get:308):INFO :ExecContext:No bean named 'pager.NoStrSubst' is defined
Jan:10:14:07:38,725:[Test worker]:(ExecContext.get:308):INFO :ExecContext:No bean named 'code' is defined
Jan:10:14:07:38,725:[Test worker]:(ExecContext.get:308):INFO :ExecContext:No bean named 'stacked_pages' is defined
Jan:10:14:07:38,725:[Test worker]:(PagerTest.testProcessPage:118):DEBUG:PagerTest:new page:
<html xmlns="http://www.w3.org/1999/xhtml" 
	xmlns:pager="http://www.riostl.com/schema/pager" 
	xmlns:xsi="http://www.w3.org/2001/XMLSchema-instance"
	xsi:schemaLocation="http://www.riostl.com/schema/pager http://www.riostl.com/schema/pager.xsd">

	<head>
	</head>
	<body>
		arg1(String):the value of param1 arg2(String):code class = ${code}
		<!-- 
		 -->
		toString:org.xmlactions.test.CodeCall

		This is the echo content

	</body>
</html>
Jan:10:14:07:38,726:[Test worker]:(ExecContext.get:308):INFO :ExecContext:No bean named 'the value of param1' is defined
Jan:10:14:07:38,726:[Test worker]:(ExecContext.get:308):INFO :ExecContext:No bean named 'code class = ${code}' is defined
Jan:10:14:07:38,726:[Test worker]:(ExecContext.get:308):INFO :ExecContext:No bean named 'code' is defined
Jan:10:14:07:38,727:[Test worker]:(PagerTest.testReplacement:107):DEBUG:PagerTest:new page:
<html xmlns="http://www.w3.org/1999/xhtml" 
	xmlns:pager="http://www.riostl.com/schema/pager" 
	xmlns:xsi="http://www.w3.org/2001/XMLSchema-instance"
	xsi:schemaLocation="http://www.riostl.com/schema/pager http://www.riostl.com/schema/pager.xsd">

	<head>
	</head>
	<body>
		arg1(String):the value of param1 arg2(String):code class = ${code}
		<!-- 
		 -->
		toString:org.xmlactions.test.CodeCall

		This is the echo content

	</body>
</html>
Jan:10:14:07:38,727:[Test worker]:(ExecContext.get:308):INFO :ExecContext:No bean named 'pager.realPath' is defined
Jan:10:14:07:38,728:[Test worker]:(ExecContext.get:308):INFO :ExecContext:No bean named 'pager.namespace' is defined
Jan:10:14:07:38,728:[Test worker]:(ExecContext.get:308):INFO :ExecContext:No bean named 'pager.NoStrSubst' is defined
Jan:10:14:07:38,728:[Test worker]:(ExecContext.get:308):INFO :ExecContext:No bean named 'stacked_pages' is defined
Jan:10:14:07:38,728:[Test worker]:(ExecContext.get:308):INFO :ExecContext:No bean named 'pager.NoStrSubst' is defined
Jan:10:14:07:38,728:[Test worker]:(ExecContext.get:308):INFO :ExecContext:No bean named 'pager.NoStrSubst' is defined
Jan:10:14:07:38,728:[Test worker]:(ExecContext.get:308):INFO :ExecContext:No bean named 'stacked_pages' is defined
Jan:10:14:07:38,728:[Test worker]:(PagerTest.testProcessPageWithReplacement:128):DEBUG:PagerTest:new page:
TOP OF PAGE
content of insert3.html

This is the value for testkey [value for test key]
        
Jan:10:14:07:38,729:[Test worker]:(PagerTest.testProcessPageWithReplacement:129):DEBUG:PagerTest:testkey:
value for test key
Jan:10:14:07:38,729:[Test worker]:(ExecContext.get:308):INFO :ExecContext:No bean named 'pager.NoStrSubst' is defined
Jan:10:14:07:38,729:[Test worker]:(ExecContext.get:308):INFO :ExecContext:No bean named 'stacked_pages' is defined
Jan:10:14:07:38,729:[Test worker]:(PagerTest.testProcessTextPage:143):DEBUG:PagerTest:new page:
test can pager replace markers
 === value for marker ===
 === a == b ===
 === a == b ===
 === a == b ===
 well did it work
Jan:10:14:07:38,730:[Test worker]:(ExecContext.get:308):INFO :ExecContext:No bean named 'value p1' is defined
Jan:10:14:07:38,730:[Test worker]:(ExecContext.get:308):INFO :ExecContext:No bean named 'value p2' is defined
Jan:10:14:07:38,730:[Test worker]:(PagerTest.testParams:94):DEBUG:PagerTest:result:arg1(String):value p1 arg2(String):value p2
]]></system-out>
  <system-err><![CDATA[]]></system-err>
</testsuite>
