<?xml version="1.0" encoding="UTF-8"?>
<testsuite name="org.xmlactions.pager.actions.form.CallbackPhoneActionTest" tests="1" skipped="0" failures="0" errors="0" timestamp="2019-01-10T14:07:37" hostname="7SV0SQ2-NB" time="0.071">
  <properties/>
  <testcase name="test" classname="org.xmlactions.pager.actions.form.CallbackPhoneActionTest" time="0.071"/>
  <system-out><![CDATA[Jan:10:14:07:37,437:[Test worker]:(AbstractApplicationContext.prepareRefresh:411):INFO :ClassPathXmlApplicationContext:Refreshing org.springframework.context.support.ClassPathXmlApplicationContext@21b6b090: display name [org.springframework.context.support.ClassPathXmlApplicationContext@21b6b090]; startup date [Thu Jan 10 14:07:37 GMT 2019]; root of context hierarchy
Jan:10:14:07:37,437:[Test worker]:(XmlBeanDefinitionReader.loadBeanDefinitions:323):INFO :XmlBeanDefinitionReader:Loading XML bean definitions from class path resource [config/spring/spring-pager-startup.xml]
Jan:10:14:07:37,446:[Test worker]:(XmlBeanDefinitionReader.loadBeanDefinitions:323):INFO :XmlBeanDefinitionReader:Loading XML bean definitions from URL [file:/C:/Users/mikem/git/Axel-Framework/axel-web/build/resources/test/config/spring/test-spring-pager-web-startup.xml]
Jan:10:14:07:37,455:[Test worker]:(DefaultListableBeanFactory.registerBeanDefinition:467):INFO :DefaultListableBeanFactory:Overriding bean definition for bean 'pager.execContext': replacing [Generic bean: class [org.xmlactions.pager.context.PersistenceExecContext]; scope=singleton; abstract=false; lazyInit=false; autowireMode=0; dependencyCheck=0; autowireCandidate=true; primary=false; factoryBeanName=null; factoryMethodName=null; initMethodName=null; destroyMethodName=null; defined in class path resource [config/spring/spring-pager-startup.xml]] with [Generic bean: class [org.xmlactions.pager.context.PersistenceExecContext]; scope=prototype; abstract=false; lazyInit=false; autowireMode=0; dependencyCheck=0; autowireCandidate=true; primary=false; factoryBeanName=null; factoryMethodName=null; initMethodName=null; destroyMethodName=null; defined in URL [file:/C:/Users/mikem/git/Axel-Framework/axel-web/build/resources/test/config/spring/test-spring-pager-web-startup.xml]]
Jan:10:14:07:37,456:[Test worker]:(DefaultListableBeanFactory.registerBeanDefinition:467):INFO :DefaultListableBeanFactory:Overriding bean definition for bean 'application.xml': replacing [Generic bean: class [org.apache.commons.configuration.XMLConfiguration]; scope=singleton; abstract=false; lazyInit=false; autowireMode=0; dependencyCheck=0; autowireCandidate=true; primary=false; factoryBeanName=null; factoryMethodName=null; initMethodName=null; destroyMethodName=null; defined in class path resource [config/spring/spring-pager-startup.xml]] with [Generic bean: class [org.apache.commons.configuration.XMLConfiguration]; scope=singleton; abstract=false; lazyInit=false; autowireMode=0; dependencyCheck=0; autowireCandidate=true; primary=false; factoryBeanName=null; factoryMethodName=null; initMethodName=null; destroyMethodName=null; defined in URL [file:/C:/Users/mikem/git/Axel-Framework/axel-web/build/resources/test/config/spring/test-spring-pager-web-startup.xml]]
Jan:10:14:07:37,457:[Test worker]:(AbstractApplicationContext.obtainFreshBeanFactory:426):INFO :ClassPathXmlApplicationContext:Bean factory for application context [org.springframework.context.support.ClassPathXmlApplicationContext@21b6b090]: org.springframework.beans.factory.support.DefaultListableBeanFactory@13baa0c7
Jan:10:14:07:37,458:[Test worker]:(DefaultListableBeanFactory.preInstantiateSingletons:414):INFO :DefaultListableBeanFactory:Pre-instantiating singletons in org.springframework.beans.factory.support.DefaultListableBeanFactory@13baa0c7: defining beans [pager.execContext,application.xml,riostlTheme,blackTheme,blueTheme,iceTheme,grayTheme,email_client_config]; root of factory hierarchy
Jan:10:14:07:37,461:[Test worker]:(PropertiesLoaderSupport.loadProperties:178):INFO :PropertiesFactoryBean:Loading properties file from class path resource [themes/riostl.properties]
Jan:10:14:07:37,469:[Test worker]:(PropertiesLoaderSupport.loadProperties:178):INFO :PropertiesFactoryBean:Loading properties file from class path resource [themes/black.properties]
Jan:10:14:07:37,471:[Test worker]:(PropertiesLoaderSupport.loadProperties:178):INFO :PropertiesFactoryBean:Loading properties file from class path resource [themes/blue.properties]
Jan:10:14:07:37,472:[Test worker]:(PropertiesLoaderSupport.loadProperties:178):INFO :PropertiesFactoryBean:Loading properties file from class path resource [themes/ice.properties]
Jan:10:14:07:37,474:[Test worker]:(PropertiesLoaderSupport.loadProperties:178):INFO :PropertiesFactoryBean:Loading properties file from class path resource [themes/gray.properties]
Jan:10:14:07:37,477:[Test worker]:(PropertiesLoaderSupport.loadProperties:178):INFO :PropertiesFactoryBean:Loading properties file from class path resource [config/pager/actions.properties]
Jan:10:14:07:37,477:[Test worker]:(PropertiesLoaderSupport.loadProperties:178):INFO :PropertiesFactoryBean:Loading properties file from class path resource [config/project/web.properties]
Jan:10:14:07:37,479:[Test worker]:(PropertiesLoaderSupport.loadProperties:178):INFO :PropertiesFactoryBean:Loading properties file from class path resource [themes/snippets/html_snippets.properties]
Jan:10:14:07:37,482:[Test worker]:(Theme.appendTheme:75):DEBUG:Theme:2
Jan:10:14:07:37,482:[Test worker]:(Theme.appendTheme:75):DEBUG:Theme:3
Jan:10:14:07:37,483:[Test worker]:(Theme.appendTheme:75):DEBUG:Theme:4
Jan:10:14:07:37,483:[Test worker]:(Theme.appendTheme:75):DEBUG:Theme:5
Jan:10:14:07:37,496:[Test worker]:(BaseAction.getFirstValueFound:268):DEBUG:BaseAction:inCount:1 propertyName:theme_name class:CallbackPhoneAction
Jan:10:14:07:37,497:[Test worker]:(ExecContext.get:308):INFO :ExecContext:No bean named 'selected_theme_name' is defined
Jan:10:14:07:37,506:[Test worker]:(ExecContext.get:308):INFO :ExecContext:No bean named 'pager.NoStrSubst' is defined
Jan:10:14:07:37,507:[Test worker]:(ExecContext.get:308):INFO :ExecContext:No bean named 'stacked_pages' is defined
Jan:10:14:07:37,507:[Test worker]:(CallbackPhoneActionTest.test:58):DEBUG:CallbackPhoneActionTest:page:<html xmlns="http://www.w3.org/1999/xhtml"
   xmlns:xsi="http://www.w3.org/2001/XMLSchema-instance"
   xmlns:pager="http://www.xmlactions.org/pager_actions"
   xsi:schemaLocation="http://www.xmlactions.org/pager_actions http://www.xmlactions.org/schema/pager_actions.xsd">
	
   <form action="xxx" ><table id="callback_1" class="border" ><input name="email.config.ref" type="hidden" value="emailConfigRef" /><tr class="border" ><th class="title" >Want a phone callback?</th></tr><tr ><td ><table class="table" ><tr ><th align="right" class="header" >Name</th><td align="left" class="cell" ><input size="40" maxlength="100" name="callback.name" type="text" class="editbox" /></td></tr><tr class="row" ><th align="right" class="header" >Phone No.</th><td align="left" class="cell" ><input size="20" maxlength="40" name="callback.phone" type="text" class="editbox" /></td></tr><tr class="row" ><th align="right" class="header" >E-Mail</th><td align="left" class="cell" ><input size="40" maxlength="100" name="callback.email" type="text" class="editbox" /></td></tr><tr class="row" ><th align="right" class="header" >Message</th><td align="left" class="cell" ><textarea name="callback.message" rows="10" class="editbox" cols="40" ></textarea></td></tr></table></td></tr><tr class="rowodd" ><td align="right" ><table ><tr class="rowodd" ><td class="cell" ><a onclick="return showValidationErrors(processEmailCallback(captureInputsFromElement('callback_1')))" href="xxx" class="link_button" ><span class="link_button" >send</span></a></td></tr></table></td></tr></table></form>
	
</html>
]]></system-out>
  <system-err><![CDATA[]]></system-err>
</testsuite>
