<?xml version="1.0" encoding="UTF-8"?>
<testsuite name="org.xmlactions.pager.PagerReplacementTest" tests="4" skipped="0" failures="0" errors="0" timestamp="2019-01-10T14:07:38" hostname="7SV0SQ2-NB" time="0.011">
  <properties/>
  <testcase name="testLoadPage" classname="org.xmlactions.pager.PagerReplacementTest" time="0.008"/>
  <testcase name="testPageMarkers" classname="org.xmlactions.pager.PagerReplacementTest" time="0.001"/>
  <testcase name="testReplacement" classname="org.xmlactions.pager.PagerReplacementTest" time="0.001"/>
  <testcase name="testNestedReplacement" classname="org.xmlactions.pager.PagerReplacementTest" time="0.001"/>
  <system-out><![CDATA[Jan:10:14:07:38,703:[Test worker]:(AbstractApplicationContext.prepareRefresh:411):INFO :ClassPathXmlApplicationContext:Refreshing org.springframework.context.support.ClassPathXmlApplicationContext@444ada07: display name [org.springframework.context.support.ClassPathXmlApplicationContext@444ada07]; startup date [Thu Jan 10 14:07:38 GMT 2019]; root of context hierarchy
Jan:10:14:07:38,703:[Test worker]:(XmlBeanDefinitionReader.loadBeanDefinitions:323):INFO :XmlBeanDefinitionReader:Loading XML bean definitions from class path resource [config/spring/spring-pager-startup.xml]
Jan:10:14:07:38,708:[Test worker]:(AbstractApplicationContext.obtainFreshBeanFactory:426):INFO :ClassPathXmlApplicationContext:Bean factory for application context [org.springframework.context.support.ClassPathXmlApplicationContext@444ada07]: org.springframework.beans.factory.support.DefaultListableBeanFactory@4b9a971
Jan:10:14:07:38,709:[Test worker]:(DefaultListableBeanFactory.preInstantiateSingletons:414):INFO :DefaultListableBeanFactory:Pre-instantiating singletons in org.springframework.beans.factory.support.DefaultListableBeanFactory@4b9a971: defining beans [pager.execContext,application.xml]; root of factory hierarchy
Jan:10:14:07:38,709:[Test worker]:(PropertiesLoaderSupport.loadProperties:178):INFO :PropertiesFactoryBean:Loading properties file from class path resource [config/pager/actions.properties]
Jan:10:14:07:38,712:[Test worker]:(PagerReplacementTest.testReplacement:79):DEBUG:PagerReplacementTest:new page:
<body>
This is the 1st echo content
This is the 2nd echo This <b>is</b> child of 2nd echo content
</body>
Jan:10:14:07:38,713:[Test worker]:(PagerReplacementTest.testNestedReplacement:105):DEBUG:PagerReplacementTest:sb:<body>
in
[in]
[inside]
Hello World!!!
</body>
]]></system-out>
  <system-err><![CDATA[]]></system-err>
</testsuite>
