<?xml version="1.0" encoding="UTF-8"?>
<testsuite name="org.xmlactions.pager.actions.form.FileViewerActionTest" tests="4" skipped="0" failures="0" errors="0" timestamp="2019-01-10T14:07:37" hostname="7SV0SQ2-NB" time="0.117">
  <properties/>
  <testcase name="testNonEscapedXmlFile" classname="org.xmlactions.pager.actions.form.FileViewerActionTest" time="0.031"/>
  <testcase name="testXmlFormatFile" classname="org.xmlactions.pager.actions.form.FileViewerActionTest" time="0.032"/>
  <testcase name="testTextFile" classname="org.xmlactions.pager.actions.form.FileViewerActionTest" time="0.029"/>
  <testcase name="testEscapedXmlFile" classname="org.xmlactions.pager.actions.form.FileViewerActionTest" time="0.025"/>
  <system-out><![CDATA[Jan:10:14:07:37,553:[Test worker]:(AbstractApplicationContext.prepareRefresh:411):INFO :ClassPathXmlApplicationContext:Refreshing org.springframework.context.support.ClassPathXmlApplicationContext@73468900: display name [org.springframework.context.support.ClassPathXmlApplicationContext@73468900]; startup date [Thu Jan 10 14:07:37 GMT 2019]; root of context hierarchy
Jan:10:14:07:37,554:[Test worker]:(XmlBeanDefinitionReader.loadBeanDefinitions:323):INFO :XmlBeanDefinitionReader:Loading XML bean definitions from class path resource [config/spring/spring-pager-startup.xml]
Jan:10:14:07:37,562:[Test worker]:(XmlBeanDefinitionReader.loadBeanDefinitions:323):INFO :XmlBeanDefinitionReader:Loading XML bean definitions from URL [file:/C:/Users/mikem/git/Axel-Framework/axel-web/build/resources/test/config/spring/test-spring-pager-web-startup.xml]
Jan:10:14:07:37,570:[Test worker]:(DefaultListableBeanFactory.registerBeanDefinition:467):INFO :DefaultListableBeanFactory:Overriding bean definition for bean 'pager.execContext': replacing [Generic bean: class [org.xmlactions.pager.context.PersistenceExecContext]; scope=singleton; abstract=false; lazyInit=false; autowireMode=0; dependencyCheck=0; autowireCandidate=true; primary=false; factoryBeanName=null; factoryMethodName=null; initMethodName=null; destroyMethodName=null; defined in class path resource [config/spring/spring-pager-startup.xml]] with [Generic bean: class [org.xmlactions.pager.context.PersistenceExecContext]; scope=prototype; abstract=false; lazyInit=false; autowireMode=0; dependencyCheck=0; autowireCandidate=true; primary=false; factoryBeanName=null; factoryMethodName=null; initMethodName=null; destroyMethodName=null; defined in URL [file:/C:/Users/mikem/git/Axel-Framework/axel-web/build/resources/test/config/spring/test-spring-pager-web-startup.xml]]
Jan:10:14:07:37,571:[Test worker]:(DefaultListableBeanFactory.registerBeanDefinition:467):INFO :DefaultListableBeanFactory:Overriding bean definition for bean 'application.xml': replacing [Generic bean: class [org.apache.commons.configuration.XMLConfiguration]; scope=singleton; abstract=false; lazyInit=false; autowireMode=0; dependencyCheck=0; autowireCandidate=true; primary=false; factoryBeanName=null; factoryMethodName=null; initMethodName=null; destroyMethodName=null; defined in class path resource [config/spring/spring-pager-startup.xml]] with [Generic bean: class [org.apache.commons.configuration.XMLConfiguration]; scope=singleton; abstract=false; lazyInit=false; autowireMode=0; dependencyCheck=0; autowireCandidate=true; primary=false; factoryBeanName=null; factoryMethodName=null; initMethodName=null; destroyMethodName=null; defined in URL [file:/C:/Users/mikem/git/Axel-Framework/axel-web/build/resources/test/config/spring/test-spring-pager-web-startup.xml]]
Jan:10:14:07:37,571:[Test worker]:(AbstractApplicationContext.obtainFreshBeanFactory:426):INFO :ClassPathXmlApplicationContext:Bean factory for application context [org.springframework.context.support.ClassPathXmlApplicationContext@73468900]: org.springframework.beans.factory.support.DefaultListableBeanFactory@1624ec7
Jan:10:14:07:37,572:[Test worker]:(DefaultListableBeanFactory.preInstantiateSingletons:414):INFO :DefaultListableBeanFactory:Pre-instantiating singletons in org.springframework.beans.factory.support.DefaultListableBeanFactory@1624ec7: defining beans [pager.execContext,application.xml,riostlTheme,blackTheme,blueTheme,iceTheme,grayTheme,email_client_config]; root of factory hierarchy
Jan:10:14:07:37,574:[Test worker]:(PropertiesLoaderSupport.loadProperties:178):INFO :PropertiesFactoryBean:Loading properties file from class path resource [themes/riostl.properties]
Jan:10:14:07:37,575:[Test worker]:(PropertiesLoaderSupport.loadProperties:178):INFO :PropertiesFactoryBean:Loading properties file from class path resource [themes/black.properties]
Jan:10:14:07:37,576:[Test worker]:(PropertiesLoaderSupport.loadProperties:178):INFO :PropertiesFactoryBean:Loading properties file from class path resource [themes/blue.properties]
Jan:10:14:07:37,577:[Test worker]:(PropertiesLoaderSupport.loadProperties:178):INFO :PropertiesFactoryBean:Loading properties file from class path resource [themes/ice.properties]
Jan:10:14:07:37,578:[Test worker]:(PropertiesLoaderSupport.loadProperties:178):INFO :PropertiesFactoryBean:Loading properties file from class path resource [themes/gray.properties]
Jan:10:14:07:37,579:[Test worker]:(PropertiesLoaderSupport.loadProperties:178):INFO :PropertiesFactoryBean:Loading properties file from class path resource [config/pager/actions.properties]
Jan:10:14:07:37,580:[Test worker]:(PropertiesLoaderSupport.loadProperties:178):INFO :PropertiesFactoryBean:Loading properties file from class path resource [config/project/web.properties]
Jan:10:14:07:37,581:[Test worker]:(PropertiesLoaderSupport.loadProperties:178):INFO :PropertiesFactoryBean:Loading properties file from class path resource [themes/snippets/html_snippets.properties]
Jan:10:14:07:37,582:[Test worker]:(Theme.appendTheme:75):DEBUG:Theme:2
Jan:10:14:07:37,582:[Test worker]:(Theme.appendTheme:75):DEBUG:Theme:3
Jan:10:14:07:37,582:[Test worker]:(Theme.appendTheme:75):DEBUG:Theme:4
Jan:10:14:07:37,583:[Test worker]:(Theme.appendTheme:75):DEBUG:Theme:5
Jan:10:14:07:37,585:[Test worker]:(AbstractApplicationContext.prepareRefresh:411):INFO :ClassPathXmlApplicationContext:Refreshing org.springframework.context.support.ClassPathXmlApplicationContext@5a075a11: display name [org.springframework.context.support.ClassPathXmlApplicationContext@5a075a11]; startup date [Thu Jan 10 14:07:37 GMT 2019]; root of context hierarchy
Jan:10:14:07:37,585:[Test worker]:(XmlBeanDefinitionReader.loadBeanDefinitions:323):INFO :XmlBeanDefinitionReader:Loading XML bean definitions from class path resource [config/spring/spring-pager-startup.xml]
Jan:10:14:07:37,592:[Test worker]:(XmlBeanDefinitionReader.loadBeanDefinitions:323):INFO :XmlBeanDefinitionReader:Loading XML bean definitions from URL [file:/C:/Users/mikem/git/Axel-Framework/axel-web/build/resources/test/config/spring/test-spring-pager-web-startup.xml]
Jan:10:14:07:37,599:[Test worker]:(DefaultListableBeanFactory.registerBeanDefinition:467):INFO :DefaultListableBeanFactory:Overriding bean definition for bean 'pager.execContext': replacing [Generic bean: class [org.xmlactions.pager.context.PersistenceExecContext]; scope=singleton; abstract=false; lazyInit=false; autowireMode=0; dependencyCheck=0; autowireCandidate=true; primary=false; factoryBeanName=null; factoryMethodName=null; initMethodName=null; destroyMethodName=null; defined in class path resource [config/spring/spring-pager-startup.xml]] with [Generic bean: class [org.xmlactions.pager.context.PersistenceExecContext]; scope=prototype; abstract=false; lazyInit=false; autowireMode=0; dependencyCheck=0; autowireCandidate=true; primary=false; factoryBeanName=null; factoryMethodName=null; initMethodName=null; destroyMethodName=null; defined in URL [file:/C:/Users/mikem/git/Axel-Framework/axel-web/build/resources/test/config/spring/test-spring-pager-web-startup.xml]]
Jan:10:14:07:37,600:[Test worker]:(DefaultListableBeanFactory.registerBeanDefinition:467):INFO :DefaultListableBeanFactory:Overriding bean definition for bean 'application.xml': replacing [Generic bean: class [org.apache.commons.configuration.XMLConfiguration]; scope=singleton; abstract=false; lazyInit=false; autowireMode=0; dependencyCheck=0; autowireCandidate=true; primary=false; factoryBeanName=null; factoryMethodName=null; initMethodName=null; destroyMethodName=null; defined in class path resource [config/spring/spring-pager-startup.xml]] with [Generic bean: class [org.apache.commons.configuration.XMLConfiguration]; scope=singleton; abstract=false; lazyInit=false; autowireMode=0; dependencyCheck=0; autowireCandidate=true; primary=false; factoryBeanName=null; factoryMethodName=null; initMethodName=null; destroyMethodName=null; defined in URL [file:/C:/Users/mikem/git/Axel-Framework/axel-web/build/resources/test/config/spring/test-spring-pager-web-startup.xml]]
Jan:10:14:07:37,601:[Test worker]:(AbstractApplicationContext.obtainFreshBeanFactory:426):INFO :ClassPathXmlApplicationContext:Bean factory for application context [org.springframework.context.support.ClassPathXmlApplicationContext@5a075a11]: org.springframework.beans.factory.support.DefaultListableBeanFactory@7965614f
Jan:10:14:07:37,601:[Test worker]:(DefaultListableBeanFactory.preInstantiateSingletons:414):INFO :DefaultListableBeanFactory:Pre-instantiating singletons in org.springframework.beans.factory.support.DefaultListableBeanFactory@7965614f: defining beans [pager.execContext,application.xml,riostlTheme,blackTheme,blueTheme,iceTheme,grayTheme,email_client_config]; root of factory hierarchy
Jan:10:14:07:37,603:[Test worker]:(PropertiesLoaderSupport.loadProperties:178):INFO :PropertiesFactoryBean:Loading properties file from class path resource [themes/riostl.properties]
Jan:10:14:07:37,605:[Test worker]:(PropertiesLoaderSupport.loadProperties:178):INFO :PropertiesFactoryBean:Loading properties file from class path resource [themes/black.properties]
Jan:10:14:07:37,606:[Test worker]:(PropertiesLoaderSupport.loadProperties:178):INFO :PropertiesFactoryBean:Loading properties file from class path resource [themes/blue.properties]
Jan:10:14:07:37,607:[Test worker]:(PropertiesLoaderSupport.loadProperties:178):INFO :PropertiesFactoryBean:Loading properties file from class path resource [themes/ice.properties]
Jan:10:14:07:37,608:[Test worker]:(PropertiesLoaderSupport.loadProperties:178):INFO :PropertiesFactoryBean:Loading properties file from class path resource [themes/gray.properties]
Jan:10:14:07:37,609:[Test worker]:(PropertiesLoaderSupport.loadProperties:178):INFO :PropertiesFactoryBean:Loading properties file from class path resource [config/pager/actions.properties]
Jan:10:14:07:37,610:[Test worker]:(PropertiesLoaderSupport.loadProperties:178):INFO :PropertiesFactoryBean:Loading properties file from class path resource [config/project/web.properties]
Jan:10:14:07:37,612:[Test worker]:(PropertiesLoaderSupport.loadProperties:178):INFO :PropertiesFactoryBean:Loading properties file from class path resource [themes/snippets/html_snippets.properties]
Jan:10:14:07:37,613:[Test worker]:(Theme.appendTheme:75):DEBUG:Theme:2
Jan:10:14:07:37,613:[Test worker]:(Theme.appendTheme:75):DEBUG:Theme:3
Jan:10:14:07:37,614:[Test worker]:(Theme.appendTheme:75):DEBUG:Theme:4
Jan:10:14:07:37,614:[Test worker]:(Theme.appendTheme:75):DEBUG:Theme:5
Jan:10:14:07:37,614:[Test worker]:(BaseAction.getFirstValueFound:268):DEBUG:BaseAction:inCount:1 propertyName:theme_name class:FileViewerAction
Jan:10:14:07:37,614:[Test worker]:(ExecContext.get:308):INFO :ExecContext:No bean named 'selected_theme_name' is defined
Jan:10:14:07:37,615:[Test worker]:(FileViewerAction.buildPresentation:77):DEBUG:FileViewerAction:formatting xml object:<?xml version="1.0" encoding="UTF-8"?><addresses>    <address>         <street>main street</street>        <city>baltinglass</city>        <county>wicklow</county>        <country>ireland</country>    </address></addresses>
Jan:10:14:07:37,616:[Test worker]:(FileViewerActionTest.testXmlFormatFile:111):DEBUG:FileViewerActionTest:page:<table class="border" ><tr ><td colspan="2" ><table width="100%" class="table legendtext" ><tr class="legendtext" ><td width="5px" /><td >xml_content</td><td width="10px" align="center" >|</td><td >size:250</td><td width="10px" align="center" >|</td><td >lines:9</td><td width="5px" /></tr></table></td></tr><tr valign="top" ><td align="right" class="legendtext" >1<br/>2<br/>3<br/>4<br/>5<br/>6<br/>7<br/>8<br/>9<br/></td><td align="left" class="content" ><pre class="content" ><br/>&lt;addresses &gt;<br/>  &lt;address &gt;<br/>    &lt;street &gt;main street&lt;/street&gt;<br/>    &lt;city &gt;baltinglass&lt;/city&gt;<br/>    &lt;county &gt;wicklow&lt;/county&gt;<br/>    &lt;country &gt;ireland&lt;/country&gt;<br/>  &lt;/address&gt;<br/>&lt;/addresses&gt;<br/></pre></td></tr></table>
Jan:10:14:07:37,616:[Test worker]:(AbstractApplicationContext.prepareRefresh:411):INFO :ClassPathXmlApplicationContext:Refreshing org.springframework.context.support.ClassPathXmlApplicationContext@3c0d32e: display name [org.springframework.context.support.ClassPathXmlApplicationContext@3c0d32e]; startup date [Thu Jan 10 14:07:37 GMT 2019]; root of context hierarchy
Jan:10:14:07:37,617:[Test worker]:(XmlBeanDefinitionReader.loadBeanDefinitions:323):INFO :XmlBeanDefinitionReader:Loading XML bean definitions from class path resource [config/spring/spring-pager-startup.xml]
Jan:10:14:07:37,627:[Test worker]:(XmlBeanDefinitionReader.loadBeanDefinitions:323):INFO :XmlBeanDefinitionReader:Loading XML bean definitions from URL [file:/C:/Users/mikem/git/Axel-Framework/axel-web/build/resources/test/config/spring/test-spring-pager-web-startup.xml]
Jan:10:14:07:37,633:[Test worker]:(DefaultListableBeanFactory.registerBeanDefinition:467):INFO :DefaultListableBeanFactory:Overriding bean definition for bean 'pager.execContext': replacing [Generic bean: class [org.xmlactions.pager.context.PersistenceExecContext]; scope=singleton; abstract=false; lazyInit=false; autowireMode=0; dependencyCheck=0; autowireCandidate=true; primary=false; factoryBeanName=null; factoryMethodName=null; initMethodName=null; destroyMethodName=null; defined in class path resource [config/spring/spring-pager-startup.xml]] with [Generic bean: class [org.xmlactions.pager.context.PersistenceExecContext]; scope=prototype; abstract=false; lazyInit=false; autowireMode=0; dependencyCheck=0; autowireCandidate=true; primary=false; factoryBeanName=null; factoryMethodName=null; initMethodName=null; destroyMethodName=null; defined in URL [file:/C:/Users/mikem/git/Axel-Framework/axel-web/build/resources/test/config/spring/test-spring-pager-web-startup.xml]]
Jan:10:14:07:37,633:[Test worker]:(DefaultListableBeanFactory.registerBeanDefinition:467):INFO :DefaultListableBeanFactory:Overriding bean definition for bean 'application.xml': replacing [Generic bean: class [org.apache.commons.configuration.XMLConfiguration]; scope=singleton; abstract=false; lazyInit=false; autowireMode=0; dependencyCheck=0; autowireCandidate=true; primary=false; factoryBeanName=null; factoryMethodName=null; initMethodName=null; destroyMethodName=null; defined in class path resource [config/spring/spring-pager-startup.xml]] with [Generic bean: class [org.apache.commons.configuration.XMLConfiguration]; scope=singleton; abstract=false; lazyInit=false; autowireMode=0; dependencyCheck=0; autowireCandidate=true; primary=false; factoryBeanName=null; factoryMethodName=null; initMethodName=null; destroyMethodName=null; defined in URL [file:/C:/Users/mikem/git/Axel-Framework/axel-web/build/resources/test/config/spring/test-spring-pager-web-startup.xml]]
Jan:10:14:07:37,634:[Test worker]:(AbstractApplicationContext.obtainFreshBeanFactory:426):INFO :ClassPathXmlApplicationContext:Bean factory for application context [org.springframework.context.support.ClassPathXmlApplicationContext@3c0d32e]: org.springframework.beans.factory.support.DefaultListableBeanFactory@633ffd3a
Jan:10:14:07:37,635:[Test worker]:(DefaultListableBeanFactory.preInstantiateSingletons:414):INFO :DefaultListableBeanFactory:Pre-instantiating singletons in org.springframework.beans.factory.support.DefaultListableBeanFactory@633ffd3a: defining beans [pager.execContext,application.xml,riostlTheme,blackTheme,blueTheme,iceTheme,grayTheme,email_client_config]; root of factory hierarchy
Jan:10:14:07:37,636:[Test worker]:(PropertiesLoaderSupport.loadProperties:178):INFO :PropertiesFactoryBean:Loading properties file from class path resource [themes/riostl.properties]
Jan:10:14:07:37,637:[Test worker]:(PropertiesLoaderSupport.loadProperties:178):INFO :PropertiesFactoryBean:Loading properties file from class path resource [themes/black.properties]
Jan:10:14:07:37,638:[Test worker]:(PropertiesLoaderSupport.loadProperties:178):INFO :PropertiesFactoryBean:Loading properties file from class path resource [themes/blue.properties]
Jan:10:14:07:37,640:[Test worker]:(PropertiesLoaderSupport.loadProperties:178):INFO :PropertiesFactoryBean:Loading properties file from class path resource [themes/ice.properties]
Jan:10:14:07:37,641:[Test worker]:(PropertiesLoaderSupport.loadProperties:178):INFO :PropertiesFactoryBean:Loading properties file from class path resource [themes/gray.properties]
Jan:10:14:07:37,642:[Test worker]:(PropertiesLoaderSupport.loadProperties:178):INFO :PropertiesFactoryBean:Loading properties file from class path resource [config/pager/actions.properties]
Jan:10:14:07:37,642:[Test worker]:(PropertiesLoaderSupport.loadProperties:178):INFO :PropertiesFactoryBean:Loading properties file from class path resource [config/project/web.properties]
Jan:10:14:07:37,643:[Test worker]:(PropertiesLoaderSupport.loadProperties:178):INFO :PropertiesFactoryBean:Loading properties file from class path resource [themes/snippets/html_snippets.properties]
Jan:10:14:07:37,644:[Test worker]:(Theme.appendTheme:75):DEBUG:Theme:2
Jan:10:14:07:37,644:[Test worker]:(Theme.appendTheme:75):DEBUG:Theme:3
Jan:10:14:07:37,644:[Test worker]:(Theme.appendTheme:75):DEBUG:Theme:4
Jan:10:14:07:37,645:[Test worker]:(Theme.appendTheme:75):DEBUG:Theme:5
Jan:10:14:07:37,646:[Test worker]:(AbstractApplicationContext.prepareRefresh:411):INFO :ClassPathXmlApplicationContext:Refreshing org.springframework.context.support.ClassPathXmlApplicationContext@3e3ae09a: display name [org.springframework.context.support.ClassPathXmlApplicationContext@3e3ae09a]; startup date [Thu Jan 10 14:07:37 GMT 2019]; root of context hierarchy
Jan:10:14:07:37,646:[Test worker]:(XmlBeanDefinitionReader.loadBeanDefinitions:323):INFO :XmlBeanDefinitionReader:Loading XML bean definitions from class path resource [config/spring/spring-pager-startup.xml]
Jan:10:14:07:37,653:[Test worker]:(XmlBeanDefinitionReader.loadBeanDefinitions:323):INFO :XmlBeanDefinitionReader:Loading XML bean definitions from URL [file:/C:/Users/mikem/git/Axel-Framework/axel-web/build/resources/test/config/spring/test-spring-pager-web-startup.xml]
Jan:10:14:07:37,659:[Test worker]:(DefaultListableBeanFactory.registerBeanDefinition:467):INFO :DefaultListableBeanFactory:Overriding bean definition for bean 'pager.execContext': replacing [Generic bean: class [org.xmlactions.pager.context.PersistenceExecContext]; scope=singleton; abstract=false; lazyInit=false; autowireMode=0; dependencyCheck=0; autowireCandidate=true; primary=false; factoryBeanName=null; factoryMethodName=null; initMethodName=null; destroyMethodName=null; defined in class path resource [config/spring/spring-pager-startup.xml]] with [Generic bean: class [org.xmlactions.pager.context.PersistenceExecContext]; scope=prototype; abstract=false; lazyInit=false; autowireMode=0; dependencyCheck=0; autowireCandidate=true; primary=false; factoryBeanName=null; factoryMethodName=null; initMethodName=null; destroyMethodName=null; defined in URL [file:/C:/Users/mikem/git/Axel-Framework/axel-web/build/resources/test/config/spring/test-spring-pager-web-startup.xml]]
Jan:10:14:07:37,659:[Test worker]:(DefaultListableBeanFactory.registerBeanDefinition:467):INFO :DefaultListableBeanFactory:Overriding bean definition for bean 'application.xml': replacing [Generic bean: class [org.apache.commons.configuration.XMLConfiguration]; scope=singleton; abstract=false; lazyInit=false; autowireMode=0; dependencyCheck=0; autowireCandidate=true; primary=false; factoryBeanName=null; factoryMethodName=null; initMethodName=null; destroyMethodName=null; defined in class path resource [config/spring/spring-pager-startup.xml]] with [Generic bean: class [org.apache.commons.configuration.XMLConfiguration]; scope=singleton; abstract=false; lazyInit=false; autowireMode=0; dependencyCheck=0; autowireCandidate=true; primary=false; factoryBeanName=null; factoryMethodName=null; initMethodName=null; destroyMethodName=null; defined in URL [file:/C:/Users/mikem/git/Axel-Framework/axel-web/build/resources/test/config/spring/test-spring-pager-web-startup.xml]]
Jan:10:14:07:37,660:[Test worker]:(AbstractApplicationContext.obtainFreshBeanFactory:426):INFO :ClassPathXmlApplicationContext:Bean factory for application context [org.springframework.context.support.ClassPathXmlApplicationContext@3e3ae09a]: org.springframework.beans.factory.support.DefaultListableBeanFactory@5b2a216
Jan:10:14:07:37,661:[Test worker]:(DefaultListableBeanFactory.preInstantiateSingletons:414):INFO :DefaultListableBeanFactory:Pre-instantiating singletons in org.springframework.beans.factory.support.DefaultListableBeanFactory@5b2a216: defining beans [pager.execContext,application.xml,riostlTheme,blackTheme,blueTheme,iceTheme,grayTheme,email_client_config]; root of factory hierarchy
Jan:10:14:07:37,662:[Test worker]:(PropertiesLoaderSupport.loadProperties:178):INFO :PropertiesFactoryBean:Loading properties file from class path resource [themes/riostl.properties]
Jan:10:14:07:37,663:[Test worker]:(PropertiesLoaderSupport.loadProperties:178):INFO :PropertiesFactoryBean:Loading properties file from class path resource [themes/black.properties]
Jan:10:14:07:37,664:[Test worker]:(PropertiesLoaderSupport.loadProperties:178):INFO :PropertiesFactoryBean:Loading properties file from class path resource [themes/blue.properties]
Jan:10:14:07:37,665:[Test worker]:(PropertiesLoaderSupport.loadProperties:178):INFO :PropertiesFactoryBean:Loading properties file from class path resource [themes/ice.properties]
Jan:10:14:07:37,666:[Test worker]:(PropertiesLoaderSupport.loadProperties:178):INFO :PropertiesFactoryBean:Loading properties file from class path resource [themes/gray.properties]
Jan:10:14:07:37,667:[Test worker]:(PropertiesLoaderSupport.loadProperties:178):INFO :PropertiesFactoryBean:Loading properties file from class path resource [config/pager/actions.properties]
Jan:10:14:07:37,668:[Test worker]:(PropertiesLoaderSupport.loadProperties:178):INFO :PropertiesFactoryBean:Loading properties file from class path resource [config/project/web.properties]
Jan:10:14:07:37,668:[Test worker]:(PropertiesLoaderSupport.loadProperties:178):INFO :PropertiesFactoryBean:Loading properties file from class path resource [themes/snippets/html_snippets.properties]
Jan:10:14:07:37,669:[Test worker]:(Theme.appendTheme:75):DEBUG:Theme:2
Jan:10:14:07:37,670:[Test worker]:(Theme.appendTheme:75):DEBUG:Theme:3
Jan:10:14:07:37,670:[Test worker]:(Theme.appendTheme:75):DEBUG:Theme:4
Jan:10:14:07:37,670:[Test worker]:(Theme.appendTheme:75):DEBUG:Theme:5
]]></system-out>
  <system-err><![CDATA[]]></system-err>
</testsuite>
