<?xml version="1.0" encoding="UTF-8"?>
<testsuite name="org.xmlactions.pager.actions.LogActionTest" tests="2" skipped="0" failures="0" errors="0" timestamp="2019-01-10T14:07:38" hostname="7SV0SQ2-NB" time="0.012">
  <properties/>
  <testcase name="testLogMap" classname="org.xmlactions.pager.actions.LogActionTest" time="0.012"/>
  <testcase name="testLogExecContext" classname="org.xmlactions.pager.actions.LogActionTest" time="0.0"/>
  <system-out><![CDATA[Jan:10:14:07:38,100:[Test worker]:(AbstractApplicationContext.prepareRefresh:411):INFO :ClassPathXmlApplicationContext:Refreshing org.springframework.context.support.ClassPathXmlApplicationContext@125c60a4: display name [org.springframework.context.support.ClassPathXmlApplicationContext@125c60a4]; startup date [Thu Jan 10 14:07:38 GMT 2019]; root of context hierarchy
Jan:10:14:07:38,100:[Test worker]:(XmlBeanDefinitionReader.loadBeanDefinitions:323):INFO :XmlBeanDefinitionReader:Loading XML bean definitions from class path resource [config/spring/spring-pager-startup.xml]
Jan:10:14:07:38,106:[Test worker]:(AbstractApplicationContext.obtainFreshBeanFactory:426):INFO :ClassPathXmlApplicationContext:Bean factory for application context [org.springframework.context.support.ClassPathXmlApplicationContext@125c60a4]: org.springframework.beans.factory.support.DefaultListableBeanFactory@292f89ae
Jan:10:14:07:38,106:[Test worker]:(DefaultListableBeanFactory.preInstantiateSingletons:414):INFO :DefaultListableBeanFactory:Pre-instantiating singletons in org.springframework.beans.factory.support.DefaultListableBeanFactory@292f89ae: defining beans [pager.execContext,application.xml]; root of factory hierarchy
Jan:10:14:07:38,107:[Test worker]:(PropertiesLoaderSupport.loadProperties:178):INFO :PropertiesFactoryBean:Loading properties file from class path resource [config/pager/actions.properties]
Jan:10:14:07:38,111:[Test worker]:(LogAction.execute:35):DEBUG:LogAction:map1:k1 = Value k1
map1:k2 = Value k2

Jan:10:14:07:38,111:[Test worker]:(LogActionTest.testLogMap:65):DEBUG:LogActionTest:map1:k1 = Value k1
map1:k2 = Value k2

Jan:10:14:07:38,111:[Test worker]:(LogAction.execute:35):DEBUG:LogAction:execContext:application.version = 1.2.0
execContext:default_locale_file = config/lang/pager.properties
execContext:map1 = {k1=Value k1, k2=Value k2}
execContext:application.title = ${application.name} - ${application.version}
execContext:application.date = 1st Jan 2009
execContext:application.name = Pager

Jan:10:14:07:38,112:[Test worker]:(LogActionTest.testLogExecContext:50):DEBUG:LogActionTest:execContext:application.version = 1.2.0
execContext:default_locale_file = config/lang/pager.properties
execContext:map1 = {k1=Value k1, k2=Value k2}
execContext:application.title = ${application.name} - ${application.version}
execContext:application.date = 1st Jan 2009
execContext:application.name = Pager

]]></system-out>
  <system-err><![CDATA[]]></system-err>
</testsuite>
