<?xml version="1.0" encoding="UTF-8"?>
<testsuite name="org.xmlactions.pager.StrSubstitutorTest" tests="1" skipped="0" failures="0" errors="0" timestamp="2019-01-10T14:07:38" hostname="7SV0SQ2-NB" time="0.0">
  <properties/>
  <testcase name="testSimple" classname="org.xmlactions.pager.StrSubstitutorTest" time="0.0"/>
  <system-out><![CDATA[Jan:10:14:07:38,813:[Test worker]:(StrSubstitutorTest.testSimple:19):DEBUG:StrSubstitutorTest:result:b
]]></system-out>
  <system-err><![CDATA[]]></system-err>
</testsuite>
