<?xml version="1.0" encoding="UTF-8"?>
<testsuite name="org.xmlactions.pager.actions.mapping.TestXmlToBeanAction" tests="3" skipped="0" failures="0" errors="0" timestamp="2019-01-10T14:07:38" hostname="7SV0SQ2-NB" time="0.044">
  <properties/>
  <testcase name="testXmlToBeanPageXmlFile" classname="org.xmlactions.pager.actions.mapping.TestXmlToBeanAction" time="0.038"/>
  <testcase name="testXmlToBeanActionXmlKey" classname="org.xmlactions.pager.actions.mapping.TestXmlToBeanAction" time="0.003"/>
  <testcase name="testXmlToBeanXmlKey" classname="org.xmlactions.pager.actions.mapping.TestXmlToBeanAction" time="0.003"/>
  <system-out><![CDATA[Jan:10:14:07:38,234:[Test worker]:(AbstractApplicationContext.prepareRefresh:411):INFO :ClassPathXmlApplicationContext:Refreshing org.springframework.context.support.ClassPathXmlApplicationContext@fdaca8a: display name [org.springframework.context.support.ClassPathXmlApplicationContext@fdaca8a]; startup date [Thu Jan 10 14:07:38 GMT 2019]; root of context hierarchy
Jan:10:14:07:38,234:[Test worker]:(XmlBeanDefinitionReader.loadBeanDefinitions:323):INFO :XmlBeanDefinitionReader:Loading XML bean definitions from class path resource [config/spring/spring-pager-startup.xml]
Jan:10:14:07:38,240:[Test worker]:(XmlBeanDefinitionReader.loadBeanDefinitions:323):INFO :XmlBeanDefinitionReader:Loading XML bean definitions from class path resource [config/spring/test-spring-pager-web-startup.xml]
Jan:10:14:07:38,245:[Test worker]:(DefaultListableBeanFactory.registerBeanDefinition:467):INFO :DefaultListableBeanFactory:Overriding bean definition for bean 'pager.execContext': replacing [Generic bean: class [org.xmlactions.pager.context.PersistenceExecContext]; scope=singleton; abstract=false; lazyInit=false; autowireMode=0; dependencyCheck=0; autowireCandidate=true; primary=false; factoryBeanName=null; factoryMethodName=null; initMethodName=null; destroyMethodName=null; defined in class path resource [config/spring/spring-pager-startup.xml]] with [Generic bean: class [org.xmlactions.pager.context.PersistenceExecContext]; scope=prototype; abstract=false; lazyInit=false; autowireMode=0; dependencyCheck=0; autowireCandidate=true; primary=false; factoryBeanName=null; factoryMethodName=null; initMethodName=null; destroyMethodName=null; defined in class path resource [config/spring/test-spring-pager-web-startup.xml]]
Jan:10:14:07:38,246:[Test worker]:(DefaultListableBeanFactory.registerBeanDefinition:467):INFO :DefaultListableBeanFactory:Overriding bean definition for bean 'application.xml': replacing [Generic bean: class [org.apache.commons.configuration.XMLConfiguration]; scope=singleton; abstract=false; lazyInit=false; autowireMode=0; dependencyCheck=0; autowireCandidate=true; primary=false; factoryBeanName=null; factoryMethodName=null; initMethodName=null; destroyMethodName=null; defined in class path resource [config/spring/spring-pager-startup.xml]] with [Generic bean: class [org.apache.commons.configuration.XMLConfiguration]; scope=singleton; abstract=false; lazyInit=false; autowireMode=0; dependencyCheck=0; autowireCandidate=true; primary=false; factoryBeanName=null; factoryMethodName=null; initMethodName=null; destroyMethodName=null; defined in class path resource [config/spring/test-spring-pager-web-startup.xml]]
Jan:10:14:07:38,246:[Test worker]:(AbstractApplicationContext.obtainFreshBeanFactory:426):INFO :ClassPathXmlApplicationContext:Bean factory for application context [org.springframework.context.support.ClassPathXmlApplicationContext@fdaca8a]: org.springframework.beans.factory.support.DefaultListableBeanFactory@1048588f
Jan:10:14:07:38,246:[Test worker]:(DefaultListableBeanFactory.preInstantiateSingletons:414):INFO :DefaultListableBeanFactory:Pre-instantiating singletons in org.springframework.beans.factory.support.DefaultListableBeanFactory@1048588f: defining beans [pager.execContext,application.xml,riostlTheme,blackTheme,blueTheme,iceTheme,grayTheme,email_client_config]; root of factory hierarchy
Jan:10:14:07:38,248:[Test worker]:(PropertiesLoaderSupport.loadProperties:178):INFO :PropertiesFactoryBean:Loading properties file from class path resource [themes/riostl.properties]
Jan:10:14:07:38,249:[Test worker]:(PropertiesLoaderSupport.loadProperties:178):INFO :PropertiesFactoryBean:Loading properties file from class path resource [themes/black.properties]
Jan:10:14:07:38,250:[Test worker]:(PropertiesLoaderSupport.loadProperties:178):INFO :PropertiesFactoryBean:Loading properties file from class path resource [themes/blue.properties]
Jan:10:14:07:38,251:[Test worker]:(PropertiesLoaderSupport.loadProperties:178):INFO :PropertiesFactoryBean:Loading properties file from class path resource [themes/ice.properties]
Jan:10:14:07:38,252:[Test worker]:(PropertiesLoaderSupport.loadProperties:178):INFO :PropertiesFactoryBean:Loading properties file from class path resource [themes/gray.properties]
Jan:10:14:07:38,253:[Test worker]:(PropertiesLoaderSupport.loadProperties:178):INFO :PropertiesFactoryBean:Loading properties file from class path resource [config/pager/actions.properties]
Jan:10:14:07:38,254:[Test worker]:(PropertiesLoaderSupport.loadProperties:178):INFO :PropertiesFactoryBean:Loading properties file from class path resource [config/project/web.properties]
Jan:10:14:07:38,255:[Test worker]:(PropertiesLoaderSupport.loadProperties:178):INFO :PropertiesFactoryBean:Loading properties file from class path resource [themes/snippets/html_snippets.properties]
Jan:10:14:07:38,256:[Test worker]:(Theme.appendTheme:75):DEBUG:Theme:2
Jan:10:14:07:38,256:[Test worker]:(Theme.appendTheme:75):DEBUG:Theme:3
Jan:10:14:07:38,256:[Test worker]:(Theme.appendTheme:75):DEBUG:Theme:4
Jan:10:14:07:38,257:[Test worker]:(Theme.appendTheme:75):DEBUG:Theme:5
Jan:10:14:07:38,266:[Test worker]:(SetupBeanFromXML.setProperty:67):WARN :SetupBeanFromXML:Unable to set property [xmlns] on bean [org.xmlactions.mapping.xml_to_bean.XmlToBean] with value of [http://www.xmlactions.org/xml_to_bean] error:Unknown property 'xmlns' on class 'class org.xmlactions.mapping.xml_to_bean.XmlToBean'
Jan:10:14:07:38,266:[Test worker]:(SetupBeanFromXML.setProperty:67):WARN :SetupBeanFromXML:Unable to set property [xmlns:xsi] on bean [org.xmlactions.mapping.xml_to_bean.XmlToBean] with value of [http://www.w3.org/2001/XMLSchema-instance] error:Unknown property 'xmlns:xsi' on class 'class org.xmlactions.mapping.xml_to_bean.XmlToBean'
Jan:10:14:07:38,267:[Test worker]:(SetupBeanFromXML.setProperty:67):WARN :SetupBeanFromXML:Unable to set property [xsi:schemaLocation] on bean [org.xmlactions.mapping.xml_to_bean.XmlToBean] with value of [http://www.xmlactions.org/xml_to_bean http://www.xmlactions.org/schema/xml_to_bean.xsd] error:Unknown property 'xsi:schemaLocation' on class 'class org.xmlactions.mapping.xml_to_bean.XmlToBean'
Jan:10:14:07:38,270:[Test worker]:(PopulateClassFromXml.mapXmlToBean:81):WARN :PopulateClassFromXml:xo.getContent():null
Jan:10:14:07:38,272:[Test worker]:(SetupBeanFromXML.setProperty:67):WARN :SetupBeanFromXML:Unable to set property [xmlns] on bean [org.xmlactions.mapping.xml_to_bean.XmlToBean] with value of [http://www.xmlactions.org/xml_to_bean] error:Unknown property 'xmlns' on class 'class org.xmlactions.mapping.xml_to_bean.XmlToBean'
Jan:10:14:07:38,273:[Test worker]:(SetupBeanFromXML.setProperty:67):WARN :SetupBeanFromXML:Unable to set property [xmlns:xsi] on bean [org.xmlactions.mapping.xml_to_bean.XmlToBean] with value of [http://www.w3.org/2001/XMLSchema-instance] error:Unknown property 'xmlns:xsi' on class 'class org.xmlactions.mapping.xml_to_bean.XmlToBean'
Jan:10:14:07:38,274:[Test worker]:(SetupBeanFromXML.setProperty:67):WARN :SetupBeanFromXML:Unable to set property [xsi:schemaLocation] on bean [org.xmlactions.mapping.xml_to_bean.XmlToBean] with value of [http://www.xmlactions.org/xml_to_bean http://www.xmlactions.org/schema/xml_to_bean.xsd] error:Unknown property 'xsi:schemaLocation' on class 'class org.xmlactions.mapping.xml_to_bean.XmlToBean'
Jan:10:14:07:38,274:[Test worker]:(PopulateClassFromXml.mapXmlToBean:81):WARN :PopulateClassFromXml:xo.getContent():null
Jan:10:14:07:38,276:[Test worker]:(SetupBeanFromXML.setProperty:67):WARN :SetupBeanFromXML:Unable to set property [xmlns] on bean [org.xmlactions.mapping.xml_to_bean.XmlToBean] with value of [http://www.xmlactions.org/xml_to_bean] error:Unknown property 'xmlns' on class 'class org.xmlactions.mapping.xml_to_bean.XmlToBean'
Jan:10:14:07:38,277:[Test worker]:(SetupBeanFromXML.setProperty:67):WARN :SetupBeanFromXML:Unable to set property [xmlns:xsi] on bean [org.xmlactions.mapping.xml_to_bean.XmlToBean] with value of [http://www.w3.org/2001/XMLSchema-instance] error:Unknown property 'xmlns:xsi' on class 'class org.xmlactions.mapping.xml_to_bean.XmlToBean'
Jan:10:14:07:38,277:[Test worker]:(SetupBeanFromXML.setProperty:67):WARN :SetupBeanFromXML:Unable to set property [xsi:schemaLocation] on bean [org.xmlactions.mapping.xml_to_bean.XmlToBean] with value of [http://www.xmlactions.org/xml_to_bean http://www.xmlactions.org/schema/xml_to_bean.xsd] error:Unknown property 'xsi:schemaLocation' on class 'class org.xmlactions.mapping.xml_to_bean.XmlToBean'
Jan:10:14:07:38,277:[Test worker]:(PopulateClassFromXml.mapXmlToBean:81):WARN :PopulateClassFromXml:xo.getContent():null
]]></system-out>
  <system-err><![CDATA[]]></system-err>
</testsuite>
