<?xml version="1.0" encoding="UTF-8"?>
<testsuite name="org.xmlactions.pager.actions.MixedHtmlTest" tests="1" skipped="0" failures="0" errors="0" timestamp="2019-01-10T14:07:38" hostname="7SV0SQ2-NB" time="0.009">
  <properties/>
  <testcase name="testNestedPageLoad" classname="org.xmlactions.pager.actions.MixedHtmlTest" time="0.009"/>
  <system-out><![CDATA[Jan:10:14:07:38,340:[Test worker]:(AbstractApplicationContext.prepareRefresh:411):INFO :ClassPathXmlApplicationContext:Refreshing org.springframework.context.support.ClassPathXmlApplicationContext@37915c58: display name [org.springframework.context.support.ClassPathXmlApplicationContext@37915c58]; startup date [Thu Jan 10 14:07:38 GMT 2019]; root of context hierarchy
Jan:10:14:07:38,340:[Test worker]:(XmlBeanDefinitionReader.loadBeanDefinitions:323):INFO :XmlBeanDefinitionReader:Loading XML bean definitions from class path resource [config/spring/spring-pager-startup.xml]
Jan:10:14:07:38,345:[Test worker]:(AbstractApplicationContext.obtainFreshBeanFactory:426):INFO :ClassPathXmlApplicationContext:Bean factory for application context [org.springframework.context.support.ClassPathXmlApplicationContext@37915c58]: org.springframework.beans.factory.support.DefaultListableBeanFactory@2185044a
Jan:10:14:07:38,345:[Test worker]:(DefaultListableBeanFactory.preInstantiateSingletons:414):INFO :DefaultListableBeanFactory:Pre-instantiating singletons in org.springframework.beans.factory.support.DefaultListableBeanFactory@2185044a: defining beans [pager.execContext,application.xml]; root of factory hierarchy
Jan:10:14:07:38,346:[Test worker]:(PropertiesLoaderSupport.loadProperties:178):INFO :PropertiesFactoryBean:Loading properties file from class path resource [config/pager/actions.properties]
Jan:10:14:07:38,348:[Test worker]:(MixedHtmlTest.testNestedPageLoad:39):DEBUG:MixedHtmlTest:page:<html xmlns="http://www.w3.org/1999/xhtml" 
	xmlns:pager="http://www.riostl.com/schema/pager" 
	xmlns:xsi="http://www.w3.org/2001/XMLSchema-instance"
	xsi:schemaLocation="http://www.riostl.com/schema/pager http://www.riostl.com/schema/pager.xsd">

	<head>
	</head>
	<body>
		<p class="small">this is a paragraph</p>
		this is the middle paragraph
		<p class="small"><b>t</b>his is a paragraph</p>
	</body>
</html>
]]></system-out>
  <system-err><![CDATA[]]></system-err>
</testsuite>
