<?xml version="1.0" encoding="UTF-8"?>
<testsuite name="org.xmlactions.pager.spring.WebConfigurationTest" tests="2" skipped="0" failures="0" errors="0" timestamp="2019-01-10T14:07:38" hostname="7SV0SQ2-NB" time="0.003">
  <properties/>
  <testcase name="testCompositeConfiguration" classname="org.xmlactions.pager.spring.WebConfigurationTest" time="0.002"/>
  <testcase name="testConfigurationFactory" classname="org.xmlactions.pager.spring.WebConfigurationTest" time="0.001"/>
  <system-out><![CDATA[]]></system-out>
  <system-err><![CDATA[]]></system-err>
</testsuite>
