<?xml version="1.0" encoding="UTF-8"?>
<testsuite name="org.xmlactions.pager.PagerMarkersTest" tests="3" skipped="0" failures="0" errors="0" timestamp="2019-01-10T14:07:38" hostname="7SV0SQ2-NB" time="0.01">
  <properties/>
  <testcase name="testFindEchos" classname="org.xmlactions.pager.PagerMarkersTest" time="0.008"/>
  <testcase name="testFindComplex" classname="org.xmlactions.pager.PagerMarkersTest" time="0.0"/>
  <testcase name="testFindIf" classname="org.xmlactions.pager.PagerMarkersTest" time="0.002"/>
  <system-out><![CDATA[Jan:10:14:07:38,692:[Test worker]:(AbstractApplicationContext.prepareRefresh:411):INFO :ClassPathXmlApplicationContext:Refreshing org.springframework.context.support.ClassPathXmlApplicationContext@7a0472ec: display name [org.springframework.context.support.ClassPathXmlApplicationContext@7a0472ec]; startup date [Thu Jan 10 14:07:38 GMT 2019]; root of context hierarchy
Jan:10:14:07:38,692:[Test worker]:(XmlBeanDefinitionReader.loadBeanDefinitions:323):INFO :XmlBeanDefinitionReader:Loading XML bean definitions from class path resource [config/spring/spring-pager-startup.xml]
Jan:10:14:07:38,696:[Test worker]:(AbstractApplicationContext.obtainFreshBeanFactory:426):INFO :ClassPathXmlApplicationContext:Bean factory for application context [org.springframework.context.support.ClassPathXmlApplicationContext@7a0472ec]: org.springframework.beans.factory.support.DefaultListableBeanFactory@13d1d5e6
Jan:10:14:07:38,697:[Test worker]:(DefaultListableBeanFactory.preInstantiateSingletons:414):INFO :DefaultListableBeanFactory:Pre-instantiating singletons in org.springframework.beans.factory.support.DefaultListableBeanFactory@13d1d5e6: defining beans [pager.execContext,application.xml]; root of factory hierarchy
Jan:10:14:07:38,697:[Test worker]:(PropertiesLoaderSupport.loadProperties:178):INFO :PropertiesFactoryBean:Loading properties file from class path resource [config/pager/actions.properties]
]]></system-out>
  <system-err><![CDATA[]]></system-err>
</testsuite>
