<?xml version="1.0" encoding="UTF-8"?>
<testsuite name="org.xmlactions.pager.spring.ClassPathXmlApplicationContextTest" tests="1" skipped="0" failures="0" errors="0" timestamp="2019-01-10T14:07:38" hostname="7SV0SQ2-NB" time="0.021">
  <properties/>
  <testcase name="testLoad1" classname="org.xmlactions.pager.spring.ClassPathXmlApplicationContextTest" time="0.021"/>
  <system-out><![CDATA[Jan:10:14:07:38,739:[Test worker]:(AbstractApplicationContext.prepareRefresh:411):INFO :ClassPathXmlApplicationContext:Refreshing org.springframework.context.support.ClassPathXmlApplicationContext@137495a1: display name [org.springframework.context.support.ClassPathXmlApplicationContext@137495a1]; startup date [Thu Jan 10 14:07:38 GMT 2019]; root of context hierarchy
Jan:10:14:07:38,739:[Test worker]:(XmlBeanDefinitionReader.loadBeanDefinitions:323):INFO :XmlBeanDefinitionReader:Loading XML bean definitions from class path resource [config/spring/spring-pager-startup.xml]
Jan:10:14:07:38,744:[Test worker]:(XmlBeanDefinitionReader.loadBeanDefinitions:323):INFO :XmlBeanDefinitionReader:Loading XML bean definitions from class path resource [config/spring/test-spring-pager-web-startup.xml]
Jan:10:14:07:38,747:[Test worker]:(DefaultListableBeanFactory.registerBeanDefinition:467):INFO :DefaultListableBeanFactory:Overriding bean definition for bean 'pager.execContext': replacing [Generic bean: class [org.xmlactions.pager.context.PersistenceExecContext]; scope=singleton; abstract=false; lazyInit=false; autowireMode=0; dependencyCheck=0; autowireCandidate=true; primary=false; factoryBeanName=null; factoryMethodName=null; initMethodName=null; destroyMethodName=null; defined in class path resource [config/spring/spring-pager-startup.xml]] with [Generic bean: class [org.xmlactions.pager.context.PersistenceExecContext]; scope=prototype; abstract=false; lazyInit=false; autowireMode=0; dependencyCheck=0; autowireCandidate=true; primary=false; factoryBeanName=null; factoryMethodName=null; initMethodName=null; destroyMethodName=null; defined in class path resource [config/spring/test-spring-pager-web-startup.xml]]
Jan:10:14:07:38,748:[Test worker]:(DefaultListableBeanFactory.registerBeanDefinition:467):INFO :DefaultListableBeanFactory:Overriding bean definition for bean 'application.xml': replacing [Generic bean: class [org.apache.commons.configuration.XMLConfiguration]; scope=singleton; abstract=false; lazyInit=false; autowireMode=0; dependencyCheck=0; autowireCandidate=true; primary=false; factoryBeanName=null; factoryMethodName=null; initMethodName=null; destroyMethodName=null; defined in class path resource [config/spring/spring-pager-startup.xml]] with [Generic bean: class [org.apache.commons.configuration.XMLConfiguration]; scope=singleton; abstract=false; lazyInit=false; autowireMode=0; dependencyCheck=0; autowireCandidate=true; primary=false; factoryBeanName=null; factoryMethodName=null; initMethodName=null; destroyMethodName=null; defined in class path resource [config/spring/test-spring-pager-web-startup.xml]]
Jan:10:14:07:38,748:[Test worker]:(AbstractApplicationContext.obtainFreshBeanFactory:426):INFO :ClassPathXmlApplicationContext:Bean factory for application context [org.springframework.context.support.ClassPathXmlApplicationContext@137495a1]: org.springframework.beans.factory.support.DefaultListableBeanFactory@183a1e6d
Jan:10:14:07:38,749:[Test worker]:(DefaultListableBeanFactory.preInstantiateSingletons:414):INFO :DefaultListableBeanFactory:Pre-instantiating singletons in org.springframework.beans.factory.support.DefaultListableBeanFactory@183a1e6d: defining beans [pager.execContext,application.xml,riostlTheme,blackTheme,blueTheme,iceTheme,grayTheme,email_client_config]; root of factory hierarchy
Jan:10:14:07:38,751:[Test worker]:(PropertiesLoaderSupport.loadProperties:178):INFO :PropertiesFactoryBean:Loading properties file from class path resource [themes/riostl.properties]
Jan:10:14:07:38,751:[Test worker]:(PropertiesLoaderSupport.loadProperties:178):INFO :PropertiesFactoryBean:Loading properties file from class path resource [themes/black.properties]
Jan:10:14:07:38,752:[Test worker]:(PropertiesLoaderSupport.loadProperties:178):INFO :PropertiesFactoryBean:Loading properties file from class path resource [themes/blue.properties]
Jan:10:14:07:38,753:[Test worker]:(PropertiesLoaderSupport.loadProperties:178):INFO :PropertiesFactoryBean:Loading properties file from class path resource [themes/ice.properties]
Jan:10:14:07:38,754:[Test worker]:(PropertiesLoaderSupport.loadProperties:178):INFO :PropertiesFactoryBean:Loading properties file from class path resource [themes/gray.properties]
Jan:10:14:07:38,755:[Test worker]:(ClassPathXmlApplicationContextTest.testLoad1:28):DEBUG:ClassPathXmlApplicationContextTest:count:8
Jan:10:14:07:38,755:[Test worker]:(PropertiesLoaderSupport.loadProperties:178):INFO :PropertiesFactoryBean:Loading properties file from class path resource [config/pager/actions.properties]
Jan:10:14:07:38,756:[Test worker]:(PropertiesLoaderSupport.loadProperties:178):INFO :PropertiesFactoryBean:Loading properties file from class path resource [config/project/web.properties]
Jan:10:14:07:38,756:[Test worker]:(PropertiesLoaderSupport.loadProperties:178):INFO :PropertiesFactoryBean:Loading properties file from class path resource [themes/snippets/html_snippets.properties]
Jan:10:14:07:38,757:[Test worker]:(Theme.appendTheme:75):DEBUG:Theme:2
Jan:10:14:07:38,757:[Test worker]:(Theme.appendTheme:75):DEBUG:Theme:3
Jan:10:14:07:38,757:[Test worker]:(Theme.appendTheme:75):DEBUG:Theme:4
Jan:10:14:07:38,757:[Test worker]:(Theme.appendTheme:75):DEBUG:Theme:5
Jan:10:14:07:38,757:[Test worker]:(ClassPathXmlApplicationContextTest.testLoad1:32):DEBUG:ClassPathXmlApplicationContextTest:beanName:pager.execContext
Jan:10:14:07:38,757:[Test worker]:(ClassPathXmlApplicationContextTest.testLoad1:32):DEBUG:ClassPathXmlApplicationContextTest:beanName:application.xml
Jan:10:14:07:38,757:[Test worker]:(ClassPathXmlApplicationContextTest.testLoad1:32):DEBUG:ClassPathXmlApplicationContextTest:beanName:riostlTheme
Jan:10:14:07:38,757:[Test worker]:(ClassPathXmlApplicationContextTest.testLoad1:32):DEBUG:ClassPathXmlApplicationContextTest:beanName:blackTheme
Jan:10:14:07:38,757:[Test worker]:(ClassPathXmlApplicationContextTest.testLoad1:32):DEBUG:ClassPathXmlApplicationContextTest:beanName:blueTheme
Jan:10:14:07:38,758:[Test worker]:(ClassPathXmlApplicationContextTest.testLoad1:32):DEBUG:ClassPathXmlApplicationContextTest:beanName:iceTheme
Jan:10:14:07:38,758:[Test worker]:(ClassPathXmlApplicationContextTest.testLoad1:32):DEBUG:ClassPathXmlApplicationContextTest:beanName:grayTheme
Jan:10:14:07:38,758:[Test worker]:(ClassPathXmlApplicationContextTest.testLoad1:32):DEBUG:ClassPathXmlApplicationContextTest:beanName:email_client_config
Jan:10:14:07:38,758:[Test worker]:(ClassPathXmlApplicationContextTest.testLoad1:37):DEBUG:ClassPathXmlApplicationContextTest:Object://=options for dojo.theme are claro, nihilo, soria, tundra
Jan:10:14:07:38,758:[Test worker]:(ClassPathXmlApplicationContextTest.testLoad1:37):DEBUG:ClassPathXmlApplicationContextTest:Object:default_theme_name=riostl
Jan:10:14:07:38,758:[Test worker]:(ClassPathXmlApplicationContextTest.testLoad1:37):DEBUG:ClassPathXmlApplicationContextTest:Object:textarea_with_label=<tr class = "row" title="${tooltip}"><td class = "header">${label}</td><td align = "left" class = "editbox"><textarea cols = "${width}" name = "${name}" class = "editbox" readonly = "true" rows = "${height}">${value}</textarea></td></tr>
Jan:10:14:07:38,758:[Test worker]:(ClassPathXmlApplicationContextTest.testLoad1:37):DEBUG:ClassPathXmlApplicationContextTest:Object:project.date=5th April 2009
Jan:10:14:07:38,758:[Test worker]:(ClassPathXmlApplicationContextTest.testLoad1:37):DEBUG:ClassPathXmlApplicationContextTest:Object:application.version=1.2.0
Jan:10:14:07:38,758:[Test worker]:(ClassPathXmlApplicationContextTest.testLoad1:37):DEBUG:ClassPathXmlApplicationContextTest:Object:default_theme_map=org.xmlactions.common.theme.Theme@6ae0cb86
Jan:10:14:07:38,758:[Test worker]:(ClassPathXmlApplicationContextTest.testLoad1:37):DEBUG:ClassPathXmlApplicationContextTest:Object:application.title=${application.name} - ${application.version}
Jan:10:14:07:38,758:[Test worker]:(ClassPathXmlApplicationContextTest.testLoad1:37):DEBUG:ClassPathXmlApplicationContextTest:Object:project.name=rio web test pager
Jan:10:14:07:38,758:[Test worker]:(ClassPathXmlApplicationContextTest.testLoad1:37):DEBUG:ClassPathXmlApplicationContextTest:Object:project.version=1.0.0
Jan:10:14:07:38,758:[Test worker]:(ClassPathXmlApplicationContextTest.testLoad1:37):DEBUG:ClassPathXmlApplicationContextTest:Object:rows=10
Jan:10:14:07:38,759:[Test worker]:(ClassPathXmlApplicationContextTest.testLoad1:37):DEBUG:ClassPathXmlApplicationContextTest:Object:debug_level=debug
Jan:10:14:07:38,759:[Test worker]:(ClassPathXmlApplicationContextTest.testLoad1:37):DEBUG:ClassPathXmlApplicationContextTest:Object:dojo.theme=soria
Jan:10:14:07:38,759:[Test worker]:(ClassPathXmlApplicationContextTest.testLoad1:37):DEBUG:ClassPathXmlApplicationContextTest:Object:default_locale_file=config/lang/pager
Jan:10:14:07:38,759:[Test worker]:(ClassPathXmlApplicationContextTest.testLoad1:37):DEBUG:ClassPathXmlApplicationContextTest:Object:project.title=${project.name} - ${project.version}
Jan:10:14:07:38,759:[Test worker]:(ClassPathXmlApplicationContextTest.testLoad1:37):DEBUG:ClassPathXmlApplicationContextTest:Object:email_client_config=org.xmlactions.email.EMailClientConfig@7c7fb2af
Jan:10:14:07:38,759:[Test worker]:(ClassPathXmlApplicationContextTest.testLoad1:37):DEBUG:ClassPathXmlApplicationContextTest:Object:text_with_label=<tr class = "row" title="${tooltip}"><td class = "header" height="${height}">${label}</td><td align = "left" class = "editbox">${value}</td></tr>
Jan:10:14:07:38,759:[Test worker]:(ClassPathXmlApplicationContextTest.testLoad1:37):DEBUG:ClassPathXmlApplicationContextTest:Object:application.date=1st Jan 2009
Jan:10:14:07:38,759:[Test worker]:(ClassPathXmlApplicationContextTest.testLoad1:37):DEBUG:ClassPathXmlApplicationContextTest:Object:application.name=Pager
Jan:10:14:07:38,759:[Test worker]:(ClassPathXmlApplicationContextTest.testLoad1:39):DEBUG:ClassPathXmlApplicationContextTest:project.title:rio web test pager - 1.0.0
Jan:10:14:07:38,759:[Test worker]:(ClassPathXmlApplicationContextTest.testLoad1:40):DEBUG:ClassPathXmlApplicationContextTest:project.title:rio web test pager - 1.0.0
Jan:10:14:07:38,759:[Test worker]:(ClassPathXmlApplicationContextTest.testLoad1:41):DEBUG:ClassPathXmlApplicationContextTest:project.name:rio web test pager
]]></system-out>
  <system-err><![CDATA[]]></system-err>
</testsuite>
