<?xml version="1.0" encoding="UTF-8"?>
<testsuite name="org.xmlactions.test.dom4j.Dom4JTest" tests="2" skipped="0" failures="0" errors="0" timestamp="2019-01-10T14:07:38" hostname="7SV0SQ2-NB" time="0.01">
  <properties/>
  <testcase name="testParserWithNS" classname="org.xmlactions.test.dom4j.Dom4JTest" time="0.009"/>
  <testcase name="testParser" classname="org.xmlactions.test.dom4j.Dom4JTest" time="0.001"/>
  <system-out><![CDATA[]]></system-out>
  <system-err><![CDATA[]]></system-err>
</testsuite>
