<?xml version="1.0" encoding="UTF-8"?>
<testsuite name="org.xmlactions.pager.actions.form.templates.HtmlFormTest" tests="2" skipped="0" failures="0" errors="0" timestamp="2019-01-10T14:07:37" hostname="7SV0SQ2-NB" time="0.0">
  <properties/>
  <testcase name="testForm" classname="org.xmlactions.pager.actions.form.templates.HtmlFormTest" time="0.0"/>
  <testcase name="testFormWithInput" classname="org.xmlactions.pager.actions.form.templates.HtmlFormTest" time="0.0"/>
  <system-out><![CDATA[]]></system-out>
  <system-err><![CDATA[]]></system-err>
</testsuite>
