<?xml version="1.0" encoding="UTF-8"?>
<testsuite name="org.xmlactions.db.sql.common.TestBuildInserts" tests="3" skipped="0" failures="0" errors="0" timestamp="2019-01-10T14:07:07" hostname="7SV0SQ2-NB" time="0.058">
  <properties/>
  <testcase name="testBuildInsertMultipleTablesWithTablePath" classname="org.xmlactions.db.sql.common.TestBuildInserts" time="0.02"/>
  <testcase name="testBuildInsert1Table" classname="org.xmlactions.db.sql.common.TestBuildInserts" time="0.017"/>
  <testcase name="testBuildInsertMultipleTables" classname="org.xmlactions.db.sql.common.TestBuildInserts" time="0.02"/>
  <system-out><![CDATA[[Test worker] [] Unable to set property [xmlns] on bean [org.xmlactions.db.actions.Storage] with value of [http://www.xmlactions.org/storage] error:Unknown property 'xmlns' on class 'class org.xmlactions.db.actions.Storage' - (org.xmlactions.action.actions.SetupBeanFromXML:67)
 [Test worker] [] Unable to set property [xmlns:xsi] on bean [org.xmlactions.db.actions.Storage] with value of [http://www.w3.org/2001/XMLSchema-instance] error:Unknown property 'xmlns:xsi' on class 'class org.xmlactions.db.actions.Storage' - (org.xmlactions.action.actions.SetupBeanFromXML:67)
 [Test worker] [] Unable to set property [xsi:schemaLocation] on bean [org.xmlactions.db.actions.Storage] with value of [http://www.xmlactions.org/storage http://www.xmlactions.org/schema/storage.xsd] error:Unknown property 'xsi:schemaLocation' on class 'class org.xmlactions.db.actions.Storage' - (org.xmlactions.action.actions.SetupBeanFromXML:67)
 [Test worker] [] Unable to set property [select] on bean [org.xmlactions.db.actions.Select] with value of [single] error:Unknown property 'select' on class 'class org.xmlactions.db.actions.Select' - (org.xmlactions.action.actions.SetupBeanFromXML:67)
 [Test worker] [] Unable to set property [select] on bean [org.xmlactions.db.actions.Select] with value of [single] error:Unknown property 'select' on class 'class org.xmlactions.db.actions.Select' - (org.xmlactions.action.actions.SetupBeanFromXML:67)
 [Test worker] [] Unable to set property [select] on bean [org.xmlactions.db.actions.Select] with value of [multiple] error:Unknown property 'select' on class 'class org.xmlactions.db.actions.Select' - (org.xmlactions.action.actions.SetupBeanFromXML:67)
 [Test worker] []    path:tb_address-tb_name - (org.xmlactions.db.sql.BuildSelect:224)
 [Test worker] []    tp:tb_name_address - (org.xmlactions.db.sql.BuildSelect:227)
 [Test worker] [] join not added [tb_name_address.name_id = tb_name.id] - (org.xmlactions.db.sql.BuildSelect:397)
 [Test worker] []    join:tb_name on tb_name_address.name_id = tb_name.id - (org.xmlactions.db.sql.BuildSelect:239)
 [Test worker] [] join not added [tb_name_address.address_id = address.id] - (org.xmlactions.db.sql.BuildSelect:397)
 [Test worker] []    join:address on tb_name_address.address_id = address.id - (org.xmlactions.db.sql.BuildSelect:235)
 [Test worker] []    path:tb_address-tb_name_address - (org.xmlactions.db.sql.BuildSelect:224)
 [Test worker] []    path:tb_name-tb_name_address - (org.xmlactions.db.sql.BuildSelect:224)
 [Test worker] [] resolve:tb_address - (org.xmlactions.db.sql.BuildSelect:259)
 [Test worker] [] resolve:tb_name - (org.xmlactions.db.sql.BuildSelect:259)
 [Test worker] [] resolve:tb_name_address - (org.xmlactions.db.sql.BuildSelect:259)
 [Test worker] [] join added [tb_name_address.address_id = address.id] - (org.xmlactions.db.sql.BuildSelect:395)
 [Test worker] []    join:tb_address on tb_name_address.address_id = address.id - (org.xmlactions.db.sql.BuildSelect:358)
 [Test worker] [] join added [tb_name_address.name_id = tb_name.id] - (org.xmlactions.db.sql.BuildSelect:395)
 [Test worker] []    join:tb_name on tb_name_address.name_id = tb_name.id - (org.xmlactions.db.sql.BuildSelect:358)
 [Test worker] []    sort:tb_name_address on tb_name - (org.xmlactions.db.sql.BuildSelect:430)
 [Test worker] []    sort:tb_name_address on tb_address - (org.xmlactions.db.sql.BuildSelect:430)
 [Test worker] [] ordered:tb_name_address - (org.xmlactions.db.sql.BuildSelect:437)
 [Test worker] [] ordered:tb_address - (org.xmlactions.db.sql.BuildSelect:437)
 [Test worker] [] ordered:tb_name - (org.xmlactions.db.sql.BuildSelect:437)
 [Test worker] [] DONT SWOP JOIN TABLE ORDER because we have a firstTableName[tb_address] firstTableAlias[address] - (org.xmlactions.db.sql.BuildSelect:306)
 [Test worker] [] sort sqlTable [tb_name_address] - (org.xmlactions.db.sql.common.BuildInsertSql:241)
 [Test worker] []      fieldCount [3] - (org.xmlactions.db.sql.common.BuildInsertSql:242)
 [Test worker] []      fk table [tb_name] fk.field [id] - (org.xmlactions.db.sql.common.BuildInsertSql:248)
 [Test worker] []      found matching sqlTable [tb_name_address] for FK [tb_name] - (org.xmlactions.db.sql.common.BuildInsertSql:260)
 [Test worker] []      fk table [tb_address] fk.field [id] - (org.xmlactions.db.sql.common.BuildInsertSql:248)
 [Test worker] []      found matching sqlTable [tb_name_address] for FK [tb_address] - (org.xmlactions.db.sql.common.BuildInsertSql:260)
 [Test worker] [] sort sqlTable [tb_address] - (org.xmlactions.db.sql.common.BuildInsertSql:241)
 [Test worker] []      fieldCount [7] - (org.xmlactions.db.sql.common.BuildInsertSql:242)
 [Test worker] [] sort sqlTable [tb_name] - (org.xmlactions.db.sql.common.BuildInsertSql:241)
 [Test worker] []      fieldCount [2] - (org.xmlactions.db.sql.common.BuildInsertSql:242)
 [Test worker] [] sqlTable:insert into tb_name_address
(tb_name_address.name_id, tb_name_address.address_id)
 values (?, ?) - (org.xmlactions.db.sql.common.TestBuildInserts:133)
 [Test worker] [] sqlTable:insert into tb_name
(tb_name.name)
 values (?) - (org.xmlactions.db.sql.common.TestBuildInserts:133)
 [Test worker] [] sqlTable:insert into tb_address
(tb_address.street1, tb_address.street2, tb_address.city)
 values (?, ?, ?) - (org.xmlactions.db.sql.common.TestBuildInserts:133)
 [Test worker] [] Unable to set property [xmlns] on bean [org.xmlactions.db.actions.Storage] with value of [http://www.xmlactions.org/storage] error:Unknown property 'xmlns' on class 'class org.xmlactions.db.actions.Storage' - (org.xmlactions.action.actions.SetupBeanFromXML:67)
 [Test worker] [] Unable to set property [xmlns:xsi] on bean [org.xmlactions.db.actions.Storage] with value of [http://www.w3.org/2001/XMLSchema-instance] error:Unknown property 'xmlns:xsi' on class 'class org.xmlactions.db.actions.Storage' - (org.xmlactions.action.actions.SetupBeanFromXML:67)
 [Test worker] [] Unable to set property [xsi:schemaLocation] on bean [org.xmlactions.db.actions.Storage] with value of [http://www.xmlactions.org/storage http://www.xmlactions.org/schema/storage.xsd] error:Unknown property 'xsi:schemaLocation' on class 'class org.xmlactions.db.actions.Storage' - (org.xmlactions.action.actions.SetupBeanFromXML:67)
 [Test worker] [] Unable to set property [select] on bean [org.xmlactions.db.actions.Select] with value of [single] error:Unknown property 'select' on class 'class org.xmlactions.db.actions.Select' - (org.xmlactions.action.actions.SetupBeanFromXML:67)
 [Test worker] [] Unable to set property [select] on bean [org.xmlactions.db.actions.Select] with value of [single] error:Unknown property 'select' on class 'class org.xmlactions.db.actions.Select' - (org.xmlactions.action.actions.SetupBeanFromXML:67)
 [Test worker] [] Unable to set property [select] on bean [org.xmlactions.db.actions.Select] with value of [multiple] error:Unknown property 'select' on class 'class org.xmlactions.db.actions.Select' - (org.xmlactions.action.actions.SetupBeanFromXML:67)
 [Test worker] [] resolve:tb_address - (org.xmlactions.db.sql.BuildSelect:259)
 [Test worker] [] ordered:tb_address - (org.xmlactions.db.sql.BuildSelect:437)
 [Test worker] [] sort sqlTable [tb_address] - (org.xmlactions.db.sql.common.BuildInsertSql:241)
 [Test worker] []      fieldCount [7] - (org.xmlactions.db.sql.common.BuildInsertSql:242)
 [Test worker] [] selectSql:insert into tb_address
(tb_address.street1, tb_address.street2, tb_address.city)
 values (?, ?, ?) - (org.xmlactions.db.sql.common.TestBuildInserts:55)
 [Test worker] [] Unable to set property [xmlns] on bean [org.xmlactions.db.actions.Storage] with value of [http://www.xmlactions.org/storage] error:Unknown property 'xmlns' on class 'class org.xmlactions.db.actions.Storage' - (org.xmlactions.action.actions.SetupBeanFromXML:67)
 [Test worker] [] Unable to set property [xmlns:xsi] on bean [org.xmlactions.db.actions.Storage] with value of [http://www.w3.org/2001/XMLSchema-instance] error:Unknown property 'xmlns:xsi' on class 'class org.xmlactions.db.actions.Storage' - (org.xmlactions.action.actions.SetupBeanFromXML:67)
 [Test worker] [] Unable to set property [xsi:schemaLocation] on bean [org.xmlactions.db.actions.Storage] with value of [http://www.xmlactions.org/storage http://www.xmlactions.org/schema/storage.xsd] error:Unknown property 'xsi:schemaLocation' on class 'class org.xmlactions.db.actions.Storage' - (org.xmlactions.action.actions.SetupBeanFromXML:67)
 [Test worker] [] Unable to set property [select] on bean [org.xmlactions.db.actions.Select] with value of [single] error:Unknown property 'select' on class 'class org.xmlactions.db.actions.Select' - (org.xmlactions.action.actions.SetupBeanFromXML:67)
 [Test worker] [] Unable to set property [select] on bean [org.xmlactions.db.actions.Select] with value of [single] error:Unknown property 'select' on class 'class org.xmlactions.db.actions.Select' - (org.xmlactions.action.actions.SetupBeanFromXML:67)
 [Test worker] [] Unable to set property [select] on bean [org.xmlactions.db.actions.Select] with value of [multiple] error:Unknown property 'select' on class 'class org.xmlactions.db.actions.Select' - (org.xmlactions.action.actions.SetupBeanFromXML:67)
 [Test worker] []    path:tb_address-tb_name_list - (org.xmlactions.db.sql.BuildSelect:224)
 [Test worker] [] resolve:tb_address - (org.xmlactions.db.sql.BuildSelect:259)
 [Test worker] [] resolve:tb_name_list - (org.xmlactions.db.sql.BuildSelect:259)
 [Test worker] [] join not added [tb_name_list.address_id = address.id] - (org.xmlactions.db.sql.BuildSelect:397)
 [Test worker] []    join:tb_address on tb_name_list.address_id = address.id - (org.xmlactions.db.sql.BuildSelect:358)
 [Test worker] []    sort:tb_name_list on tb_address - (org.xmlactions.db.sql.BuildSelect:430)
 [Test worker] [] ordered:tb_name_list - (org.xmlactions.db.sql.BuildSelect:437)
 [Test worker] [] ordered:tb_address - (org.xmlactions.db.sql.BuildSelect:437)
 [Test worker] [] sort sqlTable [tb_name_list] - (org.xmlactions.db.sql.common.BuildInsertSql:241)
 [Test worker] []      fieldCount [3] - (org.xmlactions.db.sql.common.BuildInsertSql:242)
 [Test worker] []      fk table [tb_address] fk.field [id] - (org.xmlactions.db.sql.common.BuildInsertSql:248)
 [Test worker] []      found matching sqlTable [tb_name_list] for FK [tb_address] - (org.xmlactions.db.sql.common.BuildInsertSql:260)
 [Test worker] [] sort sqlTable [tb_address] - (org.xmlactions.db.sql.common.BuildInsertSql:241)
 [Test worker] []      fieldCount [7] - (org.xmlactions.db.sql.common.BuildInsertSql:242)
 ]]></system-out>
  <system-err><![CDATA[]]></system-err>
</testsuite>
