<?xml version="1.0" encoding="UTF-8"?>
<testsuite name="org.xmlactions.db.sql.TestBuildSelect_Rights" tests="1" skipped="0" failures="0" errors="0" timestamp="2019-01-10T14:07:08" hostname="7SV0SQ2-NB" time="0.015">
  <properties/>
  <testcase name="testMultipleTableBuildSelectMySql" classname="org.xmlactions.db.sql.TestBuildSelect_Rights" time="0.015"/>
  <system-out><![CDATA[[Test worker] [] Unable to set property [xmlns] on bean [org.xmlactions.db.actions.Storage] with value of [http://www.xmlactions.org/storage] error:Unknown property 'xmlns' on class 'class org.xmlactions.db.actions.Storage' - (org.xmlactions.action.actions.SetupBeanFromXML:67)
 [Test worker] [] Unable to set property [xmlns:xsi] on bean [org.xmlactions.db.actions.Storage] with value of [http://www.w3.org/2001/XMLSchema-instance] error:Unknown property 'xmlns:xsi' on class 'class org.xmlactions.db.actions.Storage' - (org.xmlactions.action.actions.SetupBeanFromXML:67)
 [Test worker] [] Unable to set property [xsi:schemaLocation] on bean [org.xmlactions.db.actions.Storage] with value of [http://www.xmlactions.org/storage http://www.xmlactions.org/schema/storage.xsd] error:Unknown property 'xsi:schemaLocation' on class 'class org.xmlactions.db.actions.Storage' - (org.xmlactions.action.actions.SetupBeanFromXML:67)
 [Test worker] [] Unable to set property [select] on bean [org.xmlactions.db.actions.Select] with value of [single] error:Unknown property 'select' on class 'class org.xmlactions.db.actions.Select' - (org.xmlactions.action.actions.SetupBeanFromXML:67)
 [Test worker] [] Unable to set property [select] on bean [org.xmlactions.db.actions.Select] with value of [single] error:Unknown property 'select' on class 'class org.xmlactions.db.actions.Select' - (org.xmlactions.action.actions.SetupBeanFromXML:67)
 [Test worker] [] Unable to set property [select] on bean [org.xmlactions.db.actions.Select] with value of [multiple] error:Unknown property 'select' on class 'class org.xmlactions.db.actions.Select' - (org.xmlactions.action.actions.SetupBeanFromXML:67)
 [Test worker] []    path:tb_rights-tb_projects - (org.xmlactions.db.sql.BuildSelect:224)
 [Test worker] [] resolve:tb_rights - (org.xmlactions.db.sql.BuildSelect:259)
 [Test worker] [] join not added [tb_rights.projectid = tb_projects.id] - (org.xmlactions.db.sql.BuildSelect:397)
 [Test worker] []    join:tb_projects on tb_rights.projectid = tb_projects.id - (org.xmlactions.db.sql.BuildSelect:358)
 [Test worker] [] resolve:tb_projects - (org.xmlactions.db.sql.BuildSelect:259)
 [Test worker] []    sort:tb_rights on tb_projects - (org.xmlactions.db.sql.BuildSelect:430)
 [Test worker] [] ordered:tb_rights - (org.xmlactions.db.sql.BuildSelect:437)
 [Test worker] [] ordered:tb_projects - (org.xmlactions.db.sql.BuildSelect:437)
 [Test worker] [] 
  select
 tb_rights.id as "tb_rights.id",
 tb_rights.permission as "tb_rights.permission",
 tb_projects.name as "tb_projects.name"
 from tb_rights tb_rights
  left join (tb_projects tb_projects)
   on tb_rights.projectid = tb_projects.id - (org.xmlactions.db.sql.TestBuildSelect_Rights:55)
 ]]></system-out>
  <system-err><![CDATA[]]></system-err>
</testsuite>
