<?xml version="1.0" encoding="UTF-8"?>
<testsuite name="org.xmlactions.db.sql.common.TestBuildUpdates" tests="3" skipped="0" failures="0" errors="0" timestamp="2019-01-10T14:07:07" hostname="7SV0SQ2-NB" time="0.06">
  <properties/>
  <testcase name="testBuildUpdateMultipleTables" classname="org.xmlactions.db.sql.common.TestBuildUpdates" time="0.022"/>
  <testcase name="testBuildUpdate1Table" classname="org.xmlactions.db.sql.common.TestBuildUpdates" time="0.019"/>
  <testcase name="testBuildUpdateMultipleTablesWithTablePath" classname="org.xmlactions.db.sql.common.TestBuildUpdates" time="0.019"/>
  <system-out><![CDATA[[Test worker] [] Unable to set property [xmlns] on bean [org.xmlactions.db.actions.Storage] with value of [http://www.xmlactions.org/storage] error:Unknown property 'xmlns' on class 'class org.xmlactions.db.actions.Storage' - (org.xmlactions.action.actions.SetupBeanFromXML:67)
 [Test worker] [] Unable to set property [xmlns:xsi] on bean [org.xmlactions.db.actions.Storage] with value of [http://www.w3.org/2001/XMLSchema-instance] error:Unknown property 'xmlns:xsi' on class 'class org.xmlactions.db.actions.Storage' - (org.xmlactions.action.actions.SetupBeanFromXML:67)
 [Test worker] [] Unable to set property [xsi:schemaLocation] on bean [org.xmlactions.db.actions.Storage] with value of [http://www.xmlactions.org/storage http://www.xmlactions.org/schema/storage.xsd] error:Unknown property 'xsi:schemaLocation' on class 'class org.xmlactions.db.actions.Storage' - (org.xmlactions.action.actions.SetupBeanFromXML:67)
 [Test worker] [] Unable to set property [select] on bean [org.xmlactions.db.actions.Select] with value of [single] error:Unknown property 'select' on class 'class org.xmlactions.db.actions.Select' - (org.xmlactions.action.actions.SetupBeanFromXML:67)
 [Test worker] [] Unable to set property [select] on bean [org.xmlactions.db.actions.Select] with value of [single] error:Unknown property 'select' on class 'class org.xmlactions.db.actions.Select' - (org.xmlactions.action.actions.SetupBeanFromXML:67)
 [Test worker] [] Unable to set property [select] on bean [org.xmlactions.db.actions.Select] with value of [multiple] error:Unknown property 'select' on class 'class org.xmlactions.db.actions.Select' - (org.xmlactions.action.actions.SetupBeanFromXML:67)
 [Test worker] []    path:tb_address-tb_name_list - (org.xmlactions.db.sql.BuildSelect:224)
 [Test worker] [] resolve:tb_address - (org.xmlactions.db.sql.BuildSelect:259)
 [Test worker] [] resolve:tb_name_list - (org.xmlactions.db.sql.BuildSelect:259)
 [Test worker] [] join not added [tb_name_list.address_id = address.id] - (org.xmlactions.db.sql.BuildSelect:397)
 [Test worker] []    join:tb_address on tb_name_list.address_id = address.id - (org.xmlactions.db.sql.BuildSelect:358)
 [Test worker] []    sort:tb_name_list on tb_address - (org.xmlactions.db.sql.BuildSelect:430)
 [Test worker] [] ordered:tb_name_list - (org.xmlactions.db.sql.BuildSelect:437)
 [Test worker] [] ordered:tb_address - (org.xmlactions.db.sql.BuildSelect:437)
 [Test worker] [] Don't update a PK field. - (org.xmlactions.db.sql.common.BuildUpdateSql:102)
 [Test worker] [] Don't update a PK field. - (org.xmlactions.db.sql.common.BuildUpdateSql:102)
 [Test worker] [] selectSqls:[Lorg.xmlactions.db.sql.select.ISqlTable;@787111d9 - (org.xmlactions.db.sql.common.TestBuildUpdates:106)
 [Test worker] [] update tb_name_list tb_name_list
set 
 tb_name_list.name=?
 where id = 2 - (org.xmlactions.db.sql.common.TestBuildUpdates:109)
 [Test worker] [] update tb_address address
set 
 address.street1=?,
 address.street2=?,
 address.city=?
 where id = 1 - (org.xmlactions.db.sql.common.TestBuildUpdates:109)
 [Test worker] [] sql:update tb_name_list tb_name_list
set 
 tb_name_list.name=?
 where id = 2 - (org.xmlactions.db.sql.common.TestBuildUpdates:112)
 [Test worker] [] Unable to set property [xmlns] on bean [org.xmlactions.db.actions.Storage] with value of [http://www.xmlactions.org/storage] error:Unknown property 'xmlns' on class 'class org.xmlactions.db.actions.Storage' - (org.xmlactions.action.actions.SetupBeanFromXML:67)
 [Test worker] [] Unable to set property [xmlns:xsi] on bean [org.xmlactions.db.actions.Storage] with value of [http://www.w3.org/2001/XMLSchema-instance] error:Unknown property 'xmlns:xsi' on class 'class org.xmlactions.db.actions.Storage' - (org.xmlactions.action.actions.SetupBeanFromXML:67)
 [Test worker] [] Unable to set property [xsi:schemaLocation] on bean [org.xmlactions.db.actions.Storage] with value of [http://www.xmlactions.org/storage http://www.xmlactions.org/schema/storage.xsd] error:Unknown property 'xsi:schemaLocation' on class 'class org.xmlactions.db.actions.Storage' - (org.xmlactions.action.actions.SetupBeanFromXML:67)
 [Test worker] [] Unable to set property [select] on bean [org.xmlactions.db.actions.Select] with value of [single] error:Unknown property 'select' on class 'class org.xmlactions.db.actions.Select' - (org.xmlactions.action.actions.SetupBeanFromXML:67)
 [Test worker] [] Unable to set property [select] on bean [org.xmlactions.db.actions.Select] with value of [single] error:Unknown property 'select' on class 'class org.xmlactions.db.actions.Select' - (org.xmlactions.action.actions.SetupBeanFromXML:67)
 [Test worker] [] Unable to set property [select] on bean [org.xmlactions.db.actions.Select] with value of [multiple] error:Unknown property 'select' on class 'class org.xmlactions.db.actions.Select' - (org.xmlactions.action.actions.SetupBeanFromXML:67)
 [Test worker] [] resolve:tb_address - (org.xmlactions.db.sql.BuildSelect:259)
 [Test worker] [] ordered:tb_address - (org.xmlactions.db.sql.BuildSelect:437)
 [Test worker] [] Don't update a PK field. - (org.xmlactions.db.sql.common.BuildUpdateSql:102)
 [Test worker] [] sql:update tb_address address
set 
 address.street1=?,
 address.street2=?,
 address.city=?
 where id = 1 - (org.xmlactions.db.sql.common.TestBuildUpdates:59)
 [Test worker] [] Unable to set property [xmlns] on bean [org.xmlactions.db.actions.Storage] with value of [http://www.xmlactions.org/storage] error:Unknown property 'xmlns' on class 'class org.xmlactions.db.actions.Storage' - (org.xmlactions.action.actions.SetupBeanFromXML:67)
 [Test worker] [] Unable to set property [xmlns:xsi] on bean [org.xmlactions.db.actions.Storage] with value of [http://www.w3.org/2001/XMLSchema-instance] error:Unknown property 'xmlns:xsi' on class 'class org.xmlactions.db.actions.Storage' - (org.xmlactions.action.actions.SetupBeanFromXML:67)
 [Test worker] [] Unable to set property [xsi:schemaLocation] on bean [org.xmlactions.db.actions.Storage] with value of [http://www.xmlactions.org/storage http://www.xmlactions.org/schema/storage.xsd] error:Unknown property 'xsi:schemaLocation' on class 'class org.xmlactions.db.actions.Storage' - (org.xmlactions.action.actions.SetupBeanFromXML:67)
 [Test worker] [] Unable to set property [select] on bean [org.xmlactions.db.actions.Select] with value of [single] error:Unknown property 'select' on class 'class org.xmlactions.db.actions.Select' - (org.xmlactions.action.actions.SetupBeanFromXML:67)
 [Test worker] [] Unable to set property [select] on bean [org.xmlactions.db.actions.Select] with value of [single] error:Unknown property 'select' on class 'class org.xmlactions.db.actions.Select' - (org.xmlactions.action.actions.SetupBeanFromXML:67)
 [Test worker] [] Unable to set property [select] on bean [org.xmlactions.db.actions.Select] with value of [multiple] error:Unknown property 'select' on class 'class org.xmlactions.db.actions.Select' - (org.xmlactions.action.actions.SetupBeanFromXML:67)
 [Test worker] []    path:tb_address-tb_name - (org.xmlactions.db.sql.BuildSelect:224)
 [Test worker] []    tp:tb_name_address - (org.xmlactions.db.sql.BuildSelect:227)
 [Test worker] [] join not added [tb_name_address.name_id = tb_name.id] - (org.xmlactions.db.sql.BuildSelect:397)
 [Test worker] []    join:tb_name on tb_name_address.name_id = tb_name.id - (org.xmlactions.db.sql.BuildSelect:239)
 [Test worker] [] join not added [tb_name_address.address_id = address.id] - (org.xmlactions.db.sql.BuildSelect:397)
 [Test worker] []    join:address on tb_name_address.address_id = address.id - (org.xmlactions.db.sql.BuildSelect:235)
 [Test worker] []    path:tb_address-tb_name_address - (org.xmlactions.db.sql.BuildSelect:224)
 [Test worker] []    path:tb_name-tb_name_address - (org.xmlactions.db.sql.BuildSelect:224)
 [Test worker] [] resolve:tb_address - (org.xmlactions.db.sql.BuildSelect:259)
 [Test worker] [] resolve:tb_name - (org.xmlactions.db.sql.BuildSelect:259)
 [Test worker] [] resolve:tb_name_address - (org.xmlactions.db.sql.BuildSelect:259)
 [Test worker] [] join added [tb_name_address.address_id = address.id] - (org.xmlactions.db.sql.BuildSelect:395)
 [Test worker] []    join:tb_address on tb_name_address.address_id = address.id - (org.xmlactions.db.sql.BuildSelect:358)
 [Test worker] [] join added [tb_name_address.name_id = tb_name.id] - (org.xmlactions.db.sql.BuildSelect:395)
 [Test worker] []    join:tb_name on tb_name_address.name_id = tb_name.id - (org.xmlactions.db.sql.BuildSelect:358)
 [Test worker] []    sort:tb_name_address on tb_name - (org.xmlactions.db.sql.BuildSelect:430)
 [Test worker] []    sort:tb_name_address on tb_address - (org.xmlactions.db.sql.BuildSelect:430)
 [Test worker] [] ordered:tb_name_address - (org.xmlactions.db.sql.BuildSelect:437)
 [Test worker] [] ordered:tb_address - (org.xmlactions.db.sql.BuildSelect:437)
 [Test worker] [] ordered:tb_name - (org.xmlactions.db.sql.BuildSelect:437)
 [Test worker] [] DONT SWOP JOIN TABLE ORDER because we have a firstTableName[tb_address] firstTableAlias[address] - (org.xmlactions.db.sql.BuildSelect:306)
 [Test worker] [] Don't update a PK field. - (org.xmlactions.db.sql.common.BuildUpdateSql:102)
 [Test worker] [] Don't update a PK field. - (org.xmlactions.db.sql.common.BuildUpdateSql:102)
 [Test worker] [] sqlTable:null - (org.xmlactions.db.sql.common.TestBuildUpdates:159)
 [Test worker] [] sqlTable:null - (org.xmlactions.db.sql.common.TestBuildUpdates:159)
 [Test worker] [] sqlTable:null - (org.xmlactions.db.sql.common.TestBuildUpdates:159)
 [Test worker] [] sql:update tb_address address
set 
 address.street1=?,
 address.street2=?,
 address.city=?
 where id = 1 - (org.xmlactions.db.sql.common.TestBuildUpdates:163)
 ]]></system-out>
  <system-err><![CDATA[]]></system-err>
</testsuite>
