<?xml version="1.0" encoding="UTF-8"?>
<testsuite name="org.xmlactions.db.sql.TestBuildSelect_Jobber" tests="1" skipped="0" failures="0" errors="0" timestamp="2019-01-10T14:07:08" hostname="7SV0SQ2-NB" time="0.016">
  <properties/>
  <testcase name="testMultipleTableBuildSelectMySql" classname="org.xmlactions.db.sql.TestBuildSelect_Jobber" time="0.016"/>
  <system-out><![CDATA[[Test worker] [] Unable to set property [xmlns] on bean [org.xmlactions.db.actions.Storage] with value of [http://www.xmlactions.org/storage] error:Unknown property 'xmlns' on class 'class org.xmlactions.db.actions.Storage' - (org.xmlactions.action.actions.SetupBeanFromXML:67)
 [Test worker] [] Unable to set property [xmlns:xsi] on bean [org.xmlactions.db.actions.Storage] with value of [http://www.w3.org/2001/XMLSchema-instance] error:Unknown property 'xmlns:xsi' on class 'class org.xmlactions.db.actions.Storage' - (org.xmlactions.action.actions.SetupBeanFromXML:67)
 [Test worker] [] Unable to set property [xsi:schemaLocation] on bean [org.xmlactions.db.actions.Storage] with value of [http://www.xmlactions.org/storage http://www.xmlactions.org/schema/storage.xsd] error:Unknown property 'xsi:schemaLocation' on class 'class org.xmlactions.db.actions.Storage' - (org.xmlactions.action.actions.SetupBeanFromXML:67)
 [Test worker] [] Unable to set property [select] on bean [org.xmlactions.db.actions.Select] with value of [single] error:Unknown property 'select' on class 'class org.xmlactions.db.actions.Select' - (org.xmlactions.action.actions.SetupBeanFromXML:67)
 [Test worker] [] Unable to set property [select] on bean [org.xmlactions.db.actions.Select] with value of [single] error:Unknown property 'select' on class 'class org.xmlactions.db.actions.Select' - (org.xmlactions.action.actions.SetupBeanFromXML:67)
 [Test worker] [] Unable to set property [select] on bean [org.xmlactions.db.actions.Select] with value of [multiple] error:Unknown property 'select' on class 'class org.xmlactions.db.actions.Select' - (org.xmlactions.action.actions.SetupBeanFromXML:67)
 [Test worker] []    path:tb_job-tb_job_group - (org.xmlactions.db.sql.BuildSelect:224)
 [Test worker] []    path:tb_job-tb_job_category - (org.xmlactions.db.sql.BuildSelect:224)
 [Test worker] []    tp:tb_job_links - (org.xmlactions.db.sql.BuildSelect:227)
 [Test worker] [] join not added [tb_job_links.id_job = tb_job.id] - (org.xmlactions.db.sql.BuildSelect:397)
 [Test worker] []    join:tb_job on tb_job_links.id_job = tb_job.id - (org.xmlactions.db.sql.BuildSelect:235)
 [Test worker] [] join not added [tb_job_links.id_job_category = tb_job_category.id] - (org.xmlactions.db.sql.BuildSelect:397)
 [Test worker] []    join:tb_job_category on tb_job_links.id_job_category = tb_job_category.id - (org.xmlactions.db.sql.BuildSelect:239)
 [Test worker] []    path:tb_job-tb_job_links - (org.xmlactions.db.sql.BuildSelect:224)
 [Test worker] []    path:tb_job_group-tb_job_category - (org.xmlactions.db.sql.BuildSelect:224)
 [Test worker] []    path:tb_job_group-tb_job_links - (org.xmlactions.db.sql.BuildSelect:224)
 [Test worker] []    path:tb_job_category-tb_job_links - (org.xmlactions.db.sql.BuildSelect:224)
 [Test worker] [] resolve:tb_job - (org.xmlactions.db.sql.BuildSelect:259)
 [Test worker] [] resolve:tb_job_group - (org.xmlactions.db.sql.BuildSelect:259)
 [Test worker] [] resolve:tb_job_category - (org.xmlactions.db.sql.BuildSelect:259)
 [Test worker] [] join not added [tb_job_category.id_group = tb_job_group.id] - (org.xmlactions.db.sql.BuildSelect:397)
 [Test worker] []    join:tb_job_group on tb_job_category.id_group = tb_job_group.id - (org.xmlactions.db.sql.BuildSelect:358)
 [Test worker] [] resolve:tb_job_links - (org.xmlactions.db.sql.BuildSelect:259)
 [Test worker] [] join added [tb_job_links.id_job = tb_job.id] - (org.xmlactions.db.sql.BuildSelect:395)
 [Test worker] []    join:tb_job on tb_job_links.id_job = tb_job.id - (org.xmlactions.db.sql.BuildSelect:358)
 [Test worker] [] join added [tb_job_links.id_job_category = tb_job_category.id] - (org.xmlactions.db.sql.BuildSelect:395)
 [Test worker] []    join:tb_job_category on tb_job_links.id_job_category = tb_job_category.id - (org.xmlactions.db.sql.BuildSelect:358)
 [Test worker] []    sort:tb_job_category on tb_job_group - (org.xmlactions.db.sql.BuildSelect:430)
 [Test worker] []    sort:tb_job_links on tb_job - (org.xmlactions.db.sql.BuildSelect:430)
 [Test worker] []    sort:tb_job_links on tb_job_category - (org.xmlactions.db.sql.BuildSelect:430)
 [Test worker] [] replace:tb_job_links[1] with tb_job_category[0] - (org.xmlactions.db.sql.BuildSelect:467)
 [Test worker] [] ordered:tb_job_links - (org.xmlactions.db.sql.BuildSelect:437)
 [Test worker] [] ordered:tb_job_category - (org.xmlactions.db.sql.BuildSelect:437)
 [Test worker] [] ordered:tb_job - (org.xmlactions.db.sql.BuildSelect:437)
 [Test worker] [] ordered:tb_job_group - (org.xmlactions.db.sql.BuildSelect:437)
 [Test worker] [] 
  select
 tb_job_category.description as "tb_job_category.description",
 tb_job.brief_description as "tb_job.brief_description",
 tb_job.create_date as "tb_job.create_date",
 tb_job_group.description as "tb_job_group.description"
 from tb_job_links tb_job_links
  join (tb_job tb_job)
   on tb_job_links.id_job = tb_job.id
  join (tb_job_category tb_job_category)
   on tb_job_links.id_job_category = tb_job_category.id
  left join (tb_job_group tb_job_group)
   on tb_job_category.id_group = tb_job_group.id - (org.xmlactions.db.sql.TestBuildSelect_Jobber:56)
 ]]></system-out>
  <system-err><![CDATA[]]></system-err>
</testsuite>
