<?xml version="1.0" encoding="UTF-8"?>
<testsuite name="org.xmlactions.db.actions.FieldsTest" tests="2" skipped="2" failures="0" errors="0" timestamp="2019-01-10T14:07:06" hostname="7SV0SQ2-NB" time="0.004">
  <properties/>
  <testcase name="testLoadFields" classname="org.xmlactions.db.actions.FieldsTest" time="0.004">
    <skipped/>
  </testcase>
  <testcase name="testLoadAllTypes" classname="org.xmlactions.db.actions.FieldsTest" time="0.0">
    <skipped/>
  </testcase>
  <system-out><![CDATA[]]></system-out>
  <system-err><![CDATA[]]></system-err>
</testsuite>
