<?xml version="1.0" encoding="UTF-8"?>
<testsuite name="org.xmlactions.db.sql.TestBuildSelectFKAs" tests="2" skipped="0" failures="0" errors="0" timestamp="2019-01-10T14:07:08" hostname="7SV0SQ2-NB" time="0.032">
  <properties/>
  <testcase name="testLookupTableBuildSelectOracle" classname="org.xmlactions.db.sql.TestBuildSelectFKAs" time="0.016"/>
  <testcase name="testLookupTableBuildSelectMySql" classname="org.xmlactions.db.sql.TestBuildSelectFKAs" time="0.016"/>
  <system-out><![CDATA[[Test worker] [] Unable to set property [xmlns] on bean [org.xmlactions.db.actions.Storage] with value of [http://www.xmlactions.org/storage] error:Unknown property 'xmlns' on class 'class org.xmlactions.db.actions.Storage' - (org.xmlactions.action.actions.SetupBeanFromXML:67)
 [Test worker] [] Unable to set property [xmlns:xsi] on bean [org.xmlactions.db.actions.Storage] with value of [http://www.w3.org/2001/XMLSchema-instance] error:Unknown property 'xmlns:xsi' on class 'class org.xmlactions.db.actions.Storage' - (org.xmlactions.action.actions.SetupBeanFromXML:67)
 [Test worker] [] Unable to set property [xsi:schemaLocation] on bean [org.xmlactions.db.actions.Storage] with value of [http://www.xmlactions.org/storage http://www.xmlactions.org/schema/storage.xsd] error:Unknown property 'xsi:schemaLocation' on class 'class org.xmlactions.db.actions.Storage' - (org.xmlactions.action.actions.SetupBeanFromXML:67)
 [Test worker] [] Unable to set property [select] on bean [org.xmlactions.db.actions.Select] with value of [single] error:Unknown property 'select' on class 'class org.xmlactions.db.actions.Select' - (org.xmlactions.action.actions.SetupBeanFromXML:67)
 [Test worker] [] Unable to set property [select] on bean [org.xmlactions.db.actions.Select] with value of [single] error:Unknown property 'select' on class 'class org.xmlactions.db.actions.Select' - (org.xmlactions.action.actions.SetupBeanFromXML:67)
 [Test worker] [] Unable to set property [select] on bean [org.xmlactions.db.actions.Select] with value of [multiple] error:Unknown property 'select' on class 'class org.xmlactions.db.actions.Select' - (org.xmlactions.action.actions.SetupBeanFromXML:67)
 [Test worker] []    path:tb_associate-tb_lookups - (org.xmlactions.db.sql.BuildSelect:224)
 [Test worker] [] resolve:tb_associate - (org.xmlactions.db.sql.BuildSelect:259)
 [Test worker] [] join not added [associate.associateid = id1.fk_id_1 and id1.fk_id_2=1] - (org.xmlactions.db.sql.BuildSelect:397)
 [Test worker] []    join:tb_lookups on associate.associateid = id1.fk_id_1 and id1.fk_id_2=1 - (org.xmlactions.db.sql.BuildSelect:358)
 [Test worker] [] join not added [associate.associateid = id2.fk_id_1 and id2.fk_id_2=2] - (org.xmlactions.db.sql.BuildSelect:397)
 [Test worker] []    join:tb_lookups on associate.associateid = id2.fk_id_1 and id2.fk_id_2=2 - (org.xmlactions.db.sql.BuildSelect:358)
 [Test worker] [] join not added [associate.associateid = id3.fk_id_1 and id3.fk_id_2=3] - (org.xmlactions.db.sql.BuildSelect:397)
 [Test worker] []    join:tb_lookups on associate.associateid = id3.fk_id_1 and id3.fk_id_2=3 - (org.xmlactions.db.sql.BuildSelect:358)
 [Test worker] [] resolve:tb_lookups - (org.xmlactions.db.sql.BuildSelect:259)
 [Test worker] []    sort:tb_associate on tb_lookups - (org.xmlactions.db.sql.BuildSelect:430)
 [Test worker] []    sort:tb_associate on tb_lookups - (org.xmlactions.db.sql.BuildSelect:430)
 [Test worker] []    sort:tb_associate on tb_lookups - (org.xmlactions.db.sql.BuildSelect:430)
 [Test worker] [] ordered:tb_associate - (org.xmlactions.db.sql.BuildSelect:437)
 [Test worker] [] ordered:tb_lookups - (org.xmlactions.db.sql.BuildSelect:437)
 [Test worker] [] DONT SWOP JOIN TABLE ORDER because we have a firstTableName[tb_lookups] firstTableAlias[id2] - (org.xmlactions.db.sql.BuildSelect:306)
 [Test worker] [] DONT SWOP JOIN TABLE ORDER because we have a firstTableName[tb_lookups] firstTableAlias[id3] - (org.xmlactions.db.sql.BuildSelect:306)
 [Test worker] [] selectSql:select * from ( select 
 rownum as rnum,
 associate_associateid as "associate.associateid",
 associate_name as "associate.name",
 id1_fk_id_1 as "id1.fk_id_1",
 id1_value as "id1.value",
 id2_fk_id_2 as "id2.fk_id_2",
 id2_value as "id2.value",
 id3_fk_id_2 as "id3.fk_id_2",
 id3_value as "id3.value" from (
  select
 associate.associateid as associate_associateid,
 associate.name as associate_name,
 id1.fk_id_1 as id1_fk_id_1,
 id1.value as id1_value,
 id2.fk_id_2 as id2_fk_id_2,
 id2.value as id2_value,
 id3.fk_id_2 as id3_fk_id_2,
 id3.value as id3_value
 from tb_associate associate
  left join (tb_lookups id1)
   on associate.associateid = id1.fk_id_1 and id1.fk_id_2=1
  left join (tb_lookups id2)
   on associate.associateid = id2.fk_id_1 and id2.fk_id_2=2
  left join (tb_lookups id3)
   on associate.associateid = id3.fk_id_1 and id3.fk_id_2=3 )
)
where rnum between 1 and 20 - (org.xmlactions.db.sql.TestBuildSelectFKAs:96)
 [Test worker] [] Unable to set property [xmlns] on bean [org.xmlactions.db.actions.Storage] with value of [http://www.xmlactions.org/storage] error:Unknown property 'xmlns' on class 'class org.xmlactions.db.actions.Storage' - (org.xmlactions.action.actions.SetupBeanFromXML:67)
 [Test worker] [] Unable to set property [xmlns:xsi] on bean [org.xmlactions.db.actions.Storage] with value of [http://www.w3.org/2001/XMLSchema-instance] error:Unknown property 'xmlns:xsi' on class 'class org.xmlactions.db.actions.Storage' - (org.xmlactions.action.actions.SetupBeanFromXML:67)
 [Test worker] [] Unable to set property [xsi:schemaLocation] on bean [org.xmlactions.db.actions.Storage] with value of [http://www.xmlactions.org/storage http://www.xmlactions.org/schema/storage.xsd] error:Unknown property 'xsi:schemaLocation' on class 'class org.xmlactions.db.actions.Storage' - (org.xmlactions.action.actions.SetupBeanFromXML:67)
 [Test worker] [] Unable to set property [select] on bean [org.xmlactions.db.actions.Select] with value of [single] error:Unknown property 'select' on class 'class org.xmlactions.db.actions.Select' - (org.xmlactions.action.actions.SetupBeanFromXML:67)
 [Test worker] [] Unable to set property [select] on bean [org.xmlactions.db.actions.Select] with value of [single] error:Unknown property 'select' on class 'class org.xmlactions.db.actions.Select' - (org.xmlactions.action.actions.SetupBeanFromXML:67)
 [Test worker] [] Unable to set property [select] on bean [org.xmlactions.db.actions.Select] with value of [multiple] error:Unknown property 'select' on class 'class org.xmlactions.db.actions.Select' - (org.xmlactions.action.actions.SetupBeanFromXML:67)
 [Test worker] []    path:tb_associate-tb_lookups - (org.xmlactions.db.sql.BuildSelect:224)
 [Test worker] [] resolve:tb_associate - (org.xmlactions.db.sql.BuildSelect:259)
 [Test worker] [] join not added [associate.associateid = id1.fk_id_1 and id1.fk_id_2=1] - (org.xmlactions.db.sql.BuildSelect:397)
 [Test worker] []    join:tb_lookups on associate.associateid = id1.fk_id_1 and id1.fk_id_2=1 - (org.xmlactions.db.sql.BuildSelect:358)
 [Test worker] [] join not added [associate.associateid = id2.fk_id_1 and id2.fk_id_2=2] - (org.xmlactions.db.sql.BuildSelect:397)
 [Test worker] []    join:tb_lookups on associate.associateid = id2.fk_id_1 and id2.fk_id_2=2 - (org.xmlactions.db.sql.BuildSelect:358)
 [Test worker] [] join not added [associate.associateid = id3.fk_id_1 and id3.fk_id_2=3] - (org.xmlactions.db.sql.BuildSelect:397)
 [Test worker] []    join:tb_lookups on associate.associateid = id3.fk_id_1 and id3.fk_id_2=3 - (org.xmlactions.db.sql.BuildSelect:358)
 [Test worker] [] resolve:tb_lookups - (org.xmlactions.db.sql.BuildSelect:259)
 [Test worker] []    sort:tb_associate on tb_lookups - (org.xmlactions.db.sql.BuildSelect:430)
 [Test worker] []    sort:tb_associate on tb_lookups - (org.xmlactions.db.sql.BuildSelect:430)
 [Test worker] []    sort:tb_associate on tb_lookups - (org.xmlactions.db.sql.BuildSelect:430)
 [Test worker] [] ordered:tb_associate - (org.xmlactions.db.sql.BuildSelect:437)
 [Test worker] [] ordered:tb_lookups - (org.xmlactions.db.sql.BuildSelect:437)
 [Test worker] [] DONT SWOP JOIN TABLE ORDER because we have a firstTableName[tb_lookups] firstTableAlias[id2] - (org.xmlactions.db.sql.BuildSelect:306)
 [Test worker] [] DONT SWOP JOIN TABLE ORDER because we have a firstTableName[tb_lookups] firstTableAlias[id3] - (org.xmlactions.db.sql.BuildSelect:306)
 [Test worker] [] selectSql:select 
 associate_associateid as "associate.associateid",
 associate_name as "associate.name",
 id1_fk_id_1 as "id1.fk_id_1",
 id1_value as "id1.value",
 id2_fk_id_2 as "id2.fk_id_2",
 id2_value as "id2.value",
 id3_fk_id_2 as "id3.fk_id_2",
 id3_value as "id3.value"
 from (
  select
 associate.associateid as associate_associateid,
 associate.name as associate_name,
 id1.fk_id_1 as id1_fk_id_1,
 id1.value as id1_value,
 id2.fk_id_2 as id2_fk_id_2,
 id2.value as id2_value,
 id3.fk_id_2 as id3_fk_id_2,
 id3.value as id3_value
 from tb_associate associate
  left join (tb_lookups id1)
   on associate.associateid = id1.fk_id_1 and id1.fk_id_2=1
  left join (tb_lookups id2)
   on associate.associateid = id2.fk_id_1 and id2.fk_id_2=2
  left join (tb_lookups id3)
   on associate.associateid = id3.fk_id_1 and id3.fk_id_2=3
) t limit 20 offset 0 - (org.xmlactions.db.sql.TestBuildSelectFKAs:61)
 ]]></system-out>
  <system-err><![CDATA[]]></system-err>
</testsuite>
