<?xml version="1.0" encoding="UTF-8"?>
<testsuite name="org.xmlactions.db.DBQueryTest" tests="1" skipped="1" failures="0" errors="0" timestamp="2019-01-10T14:07:06" hostname="7SV0SQ2-NB" time="0.0">
  <properties/>
  <testcase name="testCreate" classname="org.xmlactions.db.DBQueryTest" time="0.0">
    <skipped/>
  </testcase>
  <system-out><![CDATA[]]></system-out>
  <system-err><![CDATA[]]></system-err>
</testsuite>
