<?xml version="1.0" encoding="UTF-8"?>
<testsuite name="org.xmlactions.db.DBWriteUtilsTest" tests="2" skipped="0" failures="0" errors="0" timestamp="2019-01-10T14:07:06" hostname="7SV0SQ2-NB" time="0.003">
  <properties/>
  <testcase name="testBuildUpdateTableRow" classname="org.xmlactions.db.DBWriteUtilsTest" time="0.002"/>
  <testcase name="testBuildAddTableRow" classname="org.xmlactions.db.DBWriteUtilsTest" time="0.0"/>
  <system-out><![CDATA[]]></system-out>
  <system-err><![CDATA[]]></system-err>
</testsuite>
