<?xml version="1.0" encoding="UTF-8"?>
<testsuite name="org.xmlactions.db.DBUtilsTest" tests="1" skipped="0" failures="0" errors="0" timestamp="2019-01-10T14:07:06" hostname="7SV0SQ2-NB" time="0.01">
  <properties/>
  <testcase name="testDateTimeBuilder" classname="org.xmlactions.db.DBUtilsTest" time="0.01"/>
  <system-out><![CDATA[[Test worker] [] systime:-376579800000 time:1958-01-25 - (org.xmlactions.db.DBUtilsTest:36)
 [Test worker] [] systime:-376617600000 time:1958-01-25 - (org.xmlactions.db.DBUtilsTest:42)
 [Test worker] [] systime:33600000 offset:0 time:1970-01-01 - (org.xmlactions.db.DBUtilsTest:48)
 [Test worker] [] systime:33660000 time:1970-01-01 - (org.xmlactions.db.DBUtilsTest:54)
 [Test worker] [] systime:1327501830300 time:2012-01-25 - (org.xmlactions.db.DBUtilsTest:60)
 [Test worker] [] systime:1327501830301 time:2012-01-25 - (org.xmlactions.db.DBUtilsTest:66)
 ]]></system-out>
  <system-err><![CDATA[]]></system-err>
</testsuite>
