<?xml version="1.0" encoding="UTF-8"?>
<testsuite name="org.xmlactions.db.insert.BuildInsertSqlTest" tests="2" skipped="2" failures="0" errors="0" timestamp="2019-01-10T14:07:07" hostname="7SV0SQ2-NB" time="0.0">
  <properties/>
  <testcase name="testCreatePKTableBuildSelectMySql" classname="org.xmlactions.db.insert.BuildInsertSqlTest" time="0.0">
    <skipped/>
  </testcase>
  <testcase name="testCreatePKTableBuildSelectOracle" classname="org.xmlactions.db.insert.BuildInsertSqlTest" time="0.0">
    <skipped/>
  </testcase>
  <system-out><![CDATA[]]></system-out>
  <system-err><![CDATA[]]></system-err>
</testsuite>
