<?xml version="1.0" encoding="UTF-8"?>
<testsuite name="org.xmlactions.db.derby.DerbyDBTest" tests="1" skipped="0" failures="0" errors="0" timestamp="2019-01-10T14:07:06" hostname="7SV0SQ2-NB" time="0.709">
  <properties/>
  <testcase name="testServerDB" classname="org.xmlactions.db.derby.DerbyDBTest" time="0.709"/>
  <system-out><![CDATA[[Test worker] [] executing [drop table tb_one] - (org.xmlactions.db.ServerDB:115)
 [Test worker] [] executing [drop table tb_two] - (org.xmlactions.db.ServerDB:115)
 [Test worker] [] executing [create table tb_one ( id INTEGER NOT NULL GENERATED ALWAYS AS IDENTITY (START WITH 1, INCREMENT BY 1), Name varchar(32), Address varchar(32) )] - (org.xmlactions.db.ServerDB:115)
 [Test worker] [] executing [create table tb_two ( id INTEGER NOT NULL GENERATED ALWAYS AS IDENTITY (START WITH 1, INCREMENT BY 1), Name varchar(32), Address varchar(32) )] - (org.xmlactions.db.ServerDB:115)
 [Test worker] [] executing [insert into tb_one( Name) VALUES ( 'fred')] - (org.xmlactions.db.ServerDB:115)
 [Test worker] [] productName:Apache Derby - (org.xmlactions.db.ServerDB:178)
 [Test worker] [] Batches key:1 - (org.xmlactions.db.ServerDB:185)
 [Test worker] [] executing [update tb_one set Name='fred flinstone' where id = 1] - (org.xmlactions.db.ServerDB:115)
 [Test worker] [] executing [update tb_one set Name = 'wilma flinstone', Address= 'bedrock' where id = 1] - (org.xmlactions.db.ServerDB:115)
 [Test worker] [] executing [select * from tb_one] - (org.xmlactions.db.ServerDB:115)
 [Test worker] [] |ID:1|NAME:wilma flinstone|ADDRESS:bedrock| - (org.xmlactions.db.ServerDB:202)
 [Test worker] [] executing [select * from tb_two] - (org.xmlactions.db.ServerDB:115)
 ]]></system-out>
  <system-err><![CDATA[]]></system-err>
</testsuite>
