<?xml version="1.0" encoding="UTF-8"?>
<testsuite name="org.xmlactions.db.h2.H2QueryDataTest" tests="1" skipped="0" failures="0" errors="0" timestamp="2019-01-10T14:07:07" hostname="7SV0SQ2-NB" time="0.026">
  <properties/>
  <testcase name="testQueryData" classname="org.xmlactions.db.h2.H2QueryDataTest" time="0.026"/>
  <system-out><![CDATA[[Test worker] [] resolve:tb_one - (org.xmlactions.db.sql.BuildSelect:259)
 [Test worker] [] ordered:tb_one - (org.xmlactions.db.sql.BuildSelect:437)
 [Test worker] [] totalRows:3 - (org.xmlactions.db.h2.H2QueryDataTest:84)
 [Test worker] [] sqlQuery:select 
 tb_1_name as "tb_1.name",
 tb_1_address as "tb_1.address"
 from (
  select
 tb_1.name as tb_1_name,
 tb_1.address as tb_1_address
 from tb_one tb_1
) t limit 10 offset 0 - (org.xmlactions.db.h2.H2QueryDataTest:90)
 [Test worker] [] columnLabel:tb_1.name columnType:VARCHAR - (org.xmlactions.db.DBSQL:1110)
 [Test worker] [] columnLabel:tb_1.address columnType:VARCHAR - (org.xmlactions.db.DBSQL:1110)
 [Test worker] [] sql result:
<root num_rows="3" >
  <row index="1" tb_1.name="wilma flinstone" tb_1.address="bedrock" />
  <row index="2" tb_1.name="fred flinstone" tb_1.address="bedrock" />
  <row index="3" tb_1.name="bambam flinstone" tb_1.address="bedrock" />
</root> - (org.xmlactions.db.h2.H2QueryDataTest:94)
 ]]></system-out>
  <system-err><![CDATA[]]></system-err>
</testsuite>
