<?xml version="1.0" encoding="UTF-8"?>
<testsuite name="org.xmlactions.db.actions.TableTest" tests="6" skipped="0" failures="0" errors="0" timestamp="2019-01-10T14:07:06" hostname="7SV0SQ2-NB" time="0.025">
  <properties/>
  <testcase name="testLoadTables" classname="org.xmlactions.db.actions.TableTest" time="0.022"/>
  <testcase name="testGetBean" classname="org.xmlactions.db.actions.TableTest" time="0.0"/>
  <testcase name="testQuery1" classname="org.xmlactions.db.actions.TableTest" time="0.0"/>
  <testcase name="testQuery2" classname="org.xmlactions.db.actions.TableTest" time="0.001"/>
  <testcase name="testQuery3" classname="org.xmlactions.db.actions.TableTest" time="0.0"/>
  <testcase name="testQuery4" classname="org.xmlactions.db.actions.TableTest" time="0.001"/>
  <system-out><![CDATA[[Test worker] [] Unable to set property [xmlns] on bean [org.xmlactions.db.actions.Storage] with value of [http://www.xmlactions.org/storage] error:Unknown property 'xmlns' on class 'class org.xmlactions.db.actions.Storage' - (org.xmlactions.action.actions.SetupBeanFromXML:67)
 [Test worker] [] Unable to set property [xmlns:xsi] on bean [org.xmlactions.db.actions.Storage] with value of [http://www.w3.org/2001/XMLSchema-instance] error:Unknown property 'xmlns:xsi' on class 'class org.xmlactions.db.actions.Storage' - (org.xmlactions.action.actions.SetupBeanFromXML:67)
 [Test worker] [] Unable to set property [xsi:schemaLocation] on bean [org.xmlactions.db.actions.Storage] with value of [http://www.xmlactions.org/storage http://www.xmlactions.org/schema/storage.xsd] error:Unknown property 'xsi:schemaLocation' on class 'class org.xmlactions.db.actions.Storage' - (org.xmlactions.action.actions.SetupBeanFromXML:67)
 [Test worker] [] Unable to set property [select] on bean [org.xmlactions.db.actions.Select] with value of [single] error:Unknown property 'select' on class 'class org.xmlactions.db.actions.Select' - (org.xmlactions.action.actions.SetupBeanFromXML:67)
 [Test worker] [] Unable to set property [select] on bean [org.xmlactions.db.actions.Select] with value of [single] error:Unknown property 'select' on class 'class org.xmlactions.db.actions.Select' - (org.xmlactions.action.actions.SetupBeanFromXML:67)
 [Test worker] [] Unable to set property [select] on bean [org.xmlactions.db.actions.Select] with value of [multiple] error:Unknown property 'select' on class 'class org.xmlactions.db.actions.Select' - (org.xmlactions.action.actions.SetupBeanFromXML:67)
 [Test worker] [] query:select tb_project.id as "tb_project_id",tb_project.description as "tb_project_description"
 from 
 tracker.tb_project tb_project
 where 1 = 1  - (org.xmlactions.db.actions.Database:600)
 [Test worker] [] query:select tb_tracker.id as "tb_tracker_id",tb_tracker.timestamp as "tb_tracker_timestamp",tb_tracker.description as "tb_tracker_description",tb_tracker.fulldescription as "tb_tracker_fulldescription",tb_tracker.severityid as "tb_tracker_severityid",tb_severity.id as "tb_severity_id",tb_severity.description as "tb_severity_description",tb_tracker.statusid as "tb_tracker_statusid",tb_status.id as "tb_status_id",tb_status.description as "tb_status_description",tb_status.tooltip as "tb_status_tooltip",tb_tracker.projectid as "tb_tracker_projectid",tb_project.id as "tb_project_id",tb_project.description as "tb_project_description",tb_tracker.userid as "tb_tracker_userid",tb_user.id as "tb_user_id",tb_user.name as "tb_user_name",tb_user.firstname as "tb_user_firstname",tb_user.lastname as "tb_user_lastname",tb_user.email as "tb_user_email",tb_user.home_phone as "tb_user_home_phone",tb_user.cell_phone as "tb_user_cell_phone",tb_user.business_phone as "tb_user_business_phone",tb_user.password as "tb_user_password"
 from 
 tracker.tb_tracker tb_tracker,
 tracker.tb_severity tb_severity,
 tracker.tb_status tb_status,
 tracker.tb_project tb_project,
 tracker.tb_user tb_user
 where 1 = 1 
 and tb_tracker.severityid = tb_severity.id
 and tb_tracker.statusid = tb_status.id
 and tb_tracker.projectid = tb_project.id
 and tb_tracker.userid = tb_user.id - (org.xmlactions.db.actions.Database:600)
 [Test worker] [] query:select tb_project_id as "tb_project.id",tb_project_description as "tb_project.description" from ( select tb_project.id as "tb_project_id",tb_project.description as "tb_project_description"
 from 
 tracker.tb_project tb_project
 where 1 = 1  ) tb - (org.xmlactions.db.actions.Database:600)
 [Test worker] [] query:select tb_tracker_id as "tb_tracker.id",tb_tracker_description as "tb_tracker.description",tb_user_name as "tb_user.name",tb_status_description as "tb_status.description" from ( select tb_tracker.id as "tb_tracker_id",tb_tracker.timestamp as "tb_tracker_timestamp",tb_tracker.description as "tb_tracker_description",tb_tracker.fulldescription as "tb_tracker_fulldescription",tb_tracker.severityid as "tb_tracker_severityid",tb_severity.id as "tb_severity_id",tb_severity.description as "tb_severity_description",tb_tracker.statusid as "tb_tracker_statusid",tb_status.id as "tb_status_id",tb_status.description as "tb_status_description",tb_status.tooltip as "tb_status_tooltip",tb_tracker.projectid as "tb_tracker_projectid",tb_project.id as "tb_project_id",tb_project.description as "tb_project_description",tb_tracker.userid as "tb_tracker_userid",tb_user.id as "tb_user_id",tb_user.name as "tb_user_name",tb_user.firstname as "tb_user_firstname",tb_user.lastname as "tb_user_lastname",tb_user.email as "tb_user_email",tb_user.home_phone as "tb_user_home_phone",tb_user.cell_phone as "tb_user_cell_phone",tb_user.business_phone as "tb_user_business_phone",tb_user.password as "tb_user_password"
 from 
 tracker.tb_tracker tb_tracker,
 tracker.tb_severity tb_severity,
 tracker.tb_status tb_status,
 tracker.tb_project tb_project,
 tracker.tb_user tb_user
 where 1 = 1 
 and tb_tracker.severityid = tb_severity.id
 and tb_tracker.statusid = tb_status.id
 and tb_tracker.projectid = tb_project.id
 and tb_tracker.userid = tb_user.id ) tb - (org.xmlactions.db.actions.Database:600)
 ]]></system-out>
  <system-err><![CDATA[]]></system-err>
</testsuite>
